
Due to MODULEPATH changes, the following have been reloaded:
  1) openmpi/2.1.1

[33mWARNING:[0m underlay of /usr/bin/nvidia-smi required more than 50 (668) bind mounts
COMET WARNING: Failing to collect the installed os packages
COMET WARNING: Failed to log ip
COMET ERROR: Failed to log git patch
Traceback (most recent call last):
  File "train.py", line 152, in <module>
    experiment, encode, cluster, train_subset, path_to_model)
  File "train.py", line 54, in main
    lr=lr, device=device, experiment=experiment)
ValueError: too many values to unpack (expected 2)
COMET INFO: Uploading stats to Comet before program termination (may take several seconds)
COMET INFO: Starting saving the offline archive
COMET INFO: To upload this offline experiment, run:
    /miniconda/bin/python -m comet_ml.scripts.comet_upload experiments/182f4b057f9e43a9b6821d3b794e6368.zip

==============NVSMI LOG==============

Timestamp                           : Fri Mar 29 13:10:26 2019
Driver Version                      : 410.73
CUDA Version                        : 10.0

Attached GPUs                       : 16
GPU 00000000:07:00.0
    Accounting Mode                 : Enabled
    Accounting Mode Buffer Size     : 4000
    Accounted Processes
        Process ID                  : 6838
            GPU Utilization         : 0 %
            Memory Utilization      : 0 %
            Max memory usage        : 0 MiB
            Time                    : 1953110 ms
            Is Running              : 0

