2019-03-14 18:47:20,552 - ClusterTrainer - INFO - |  Hyperparameter  |         Value         |
| :--------------- | :-------------------- |
| lr               | 4.300087156547741e-05 |
| code_size        | 51                    |
| lin2_in_channels | 58                    |
| dropout          | 0.13603599027163318   |

2019-03-14 18:47:20,554 - ClusterTrainer - INFO - Train Epoch: 0
2019-03-14 18:47:20,636 - ClusterTrainer - INFO -    > [128/517313 (0%), 38.73s] Loss: 0.072398 
2019-03-14 18:47:23,684 - ClusterTrainer - INFO -    > [8192/517313 (2%), 38.99s] Loss: 0.034562 
2019-03-14 18:47:26,737 - ClusterTrainer - INFO -    > [16256/517313 (3%), 38.11s] Loss: 0.026919 
2019-03-14 18:47:29,782 - ClusterTrainer - INFO -    > [24320/517313 (5%), 37.32s] Loss: 0.022495 
2019-03-14 18:47:32,835 - ClusterTrainer - INFO -    > [32384/517313 (6%), 38.05s] Loss: 0.018392 
2019-03-14 18:47:35,878 - ClusterTrainer - INFO -    > [40448/517313 (8%), 36.84s] Loss: 0.011684 
2019-03-14 18:47:38,918 - ClusterTrainer - INFO -    > [48512/517313 (9%), 36.51s] Loss: 0.010617 
2019-03-14 18:47:41,963 - ClusterTrainer - INFO -    > [56576/517313 (11%), 35.77s] Loss: 0.010634 
2019-03-14 18:47:45,009 - ClusterTrainer - INFO -    > [64640/517313 (12%), 34.76s] Loss: 0.010145 
2019-03-14 18:47:48,049 - ClusterTrainer - INFO -    > [72704/517313 (14%), 34.49s] Loss: 0.009281 
2019-03-14 18:47:51,099 - ClusterTrainer - INFO -    > [80768/517313 (16%), 33.05s] Loss: 0.010684 
2019-03-14 18:47:54,142 - ClusterTrainer - INFO -    > [88832/517313 (17%), 32.73s] Loss: 0.009992 
2019-03-14 18:47:57,182 - ClusterTrainer - INFO -    > [96896/517313 (19%), 32.26s] Loss: 0.010122 
2019-03-14 18:48:00,231 - ClusterTrainer - INFO -    > [104960/517313 (20%), 32.23s] Loss: 0.009239 
2019-03-14 18:48:03,278 - ClusterTrainer - INFO -    > [113024/517313 (22%), 30.92s] Loss: 0.009250 
2019-03-14 18:48:06,322 - ClusterTrainer - INFO -    > [121088/517313 (23%), 30.32s] Loss: 0.008527 
2019-03-14 18:48:09,368 - ClusterTrainer - INFO -    > [129152/517313 (25%), 29.50s] Loss: 0.009288 
2019-03-14 18:48:12,415 - ClusterTrainer - INFO -    > [137216/517313 (26%), 29.40s] Loss: 0.008046 
2019-03-14 18:48:15,459 - ClusterTrainer - INFO -    > [145280/517313 (28%), 29.49s] Loss: 0.007341 
2019-03-14 18:48:18,503 - ClusterTrainer - INFO -    > [153344/517313 (30%), 28.67s] Loss: 0.007999 
2019-03-14 18:48:21,553 - ClusterTrainer - INFO -    > [161408/517313 (31%), 27.59s] Loss: 0.006979 
2019-03-14 18:48:24,595 - ClusterTrainer - INFO -    > [169472/517313 (33%), 26.39s] Loss: 0.007991 
2019-03-14 18:48:27,638 - ClusterTrainer - INFO -    > [177536/517313 (34%), 26.22s] Loss: 0.007658 
2019-03-14 18:48:30,685 - ClusterTrainer - INFO -    > [185600/517313 (36%), 25.40s] Loss: 0.007353 
2019-03-14 18:48:33,728 - ClusterTrainer - INFO -    > [193664/517313 (37%), 24.90s] Loss: 0.006913 
2019-03-14 18:48:36,773 - ClusterTrainer - INFO -    > [201728/517313 (39%), 24.33s] Loss: 0.007141 
2019-03-14 18:48:39,821 - ClusterTrainer - INFO -    > [209792/517313 (41%), 23.59s] Loss: 0.007189 
2019-03-14 18:48:42,864 - ClusterTrainer - INFO -    > [217856/517313 (42%), 23.47s] Loss: 0.006749 
2019-03-14 18:48:45,911 - ClusterTrainer - INFO -    > [225920/517313 (44%), 22.47s] Loss: 0.006423 
2019-03-14 18:48:48,930 - ClusterTrainer - INFO -    > [233984/517313 (45%), 21.32s] Loss: 0.006725 
2019-03-14 18:48:51,954 - ClusterTrainer - INFO -    > [242048/517313 (47%), 20.70s] Loss: 0.006765 
2019-03-14 18:48:54,980 - ClusterTrainer - INFO -    > [250112/517313 (48%), 20.15s] Loss: 0.006741 
2019-03-14 18:48:57,994 - ClusterTrainer - INFO -    > [258176/517313 (50%), 18.96s] Loss: 0.006679 
2019-03-14 18:49:01,004 - ClusterTrainer - INFO -    > [266240/517313 (51%), 18.63s] Loss: 0.006699 
2019-03-14 18:49:04,014 - ClusterTrainer - INFO -    > [274304/517313 (53%), 18.55s] Loss: 0.006459 
2019-03-14 18:49:07,027 - ClusterTrainer - INFO -    > [282368/517313 (55%), 17.92s] Loss: 0.007250 
2019-03-14 18:49:10,041 - ClusterTrainer - INFO -    > [290432/517313 (56%), 16.89s] Loss: 0.006637 
2019-03-14 18:49:13,053 - ClusterTrainer - INFO -    > [298496/517313 (58%), 16.07s] Loss: 0.005848 
2019-03-14 18:49:16,059 - ClusterTrainer - INFO -    > [306560/517313 (59%), 15.73s] Loss: 0.006206 
2019-03-14 18:49:19,070 - ClusterTrainer - INFO -    > [314624/517313 (61%), 15.56s] Loss: 0.006224 
2019-03-14 18:49:22,081 - ClusterTrainer - INFO -    > [322688/517313 (62%), 14.86s] Loss: 0.006329 
2019-03-14 18:49:25,087 - ClusterTrainer - INFO -    > [330752/517313 (64%), 13.68s] Loss: 0.005715 
2019-03-14 18:49:28,105 - ClusterTrainer - INFO -    > [338816/517313 (65%), 14.10s] Loss: 0.005554 
2019-03-14 18:49:31,119 - ClusterTrainer - INFO -    > [346880/517313 (67%), 13.04s] Loss: 0.005538 
2019-03-14 18:49:34,129 - ClusterTrainer - INFO -    > [354944/517313 (69%), 12.57s] Loss: 0.005858 
2019-03-14 18:49:37,143 - ClusterTrainer - INFO -    > [363008/517313 (70%), 11.53s] Loss: 0.006091 
2019-03-14 18:49:40,153 - ClusterTrainer - INFO -    > [371072/517313 (72%), 10.85s] Loss: 0.005742 
2019-03-14 18:49:43,163 - ClusterTrainer - INFO -    > [379136/517313 (73%), 10.20s] Loss: 0.005683 
2019-03-14 18:49:46,173 - ClusterTrainer - INFO -    > [387200/517313 (75%), 10.00s] Loss: 0.006304 
2019-03-14 18:49:49,180 - ClusterTrainer - INFO -    > [395264/517313 (76%), 9.42s] Loss: 0.005931 
2019-03-14 18:49:52,188 - ClusterTrainer - INFO -    > [403328/517313 (78%), 8.52s] Loss: 0.005806 
2019-03-14 18:49:55,194 - ClusterTrainer - INFO -    > [411392/517313 (79%), 7.85s] Loss: 0.006004 
2019-03-14 18:49:58,202 - ClusterTrainer - INFO -    > [419456/517313 (81%), 7.27s] Loss: 0.005347 
2019-03-14 18:50:01,212 - ClusterTrainer - INFO -    > [427520/517313 (83%), 6.60s] Loss: 0.005511 
2019-03-14 18:50:04,220 - ClusterTrainer - INFO -    > [435584/517313 (84%), 6.08s] Loss: 0.005487 
2019-03-14 18:50:07,230 - ClusterTrainer - INFO -    > [443648/517313 (86%), 5.69s] Loss: 0.005167 
2019-03-14 18:50:10,241 - ClusterTrainer - INFO -    > [451712/517313 (87%), 5.12s] Loss: 0.005352 
2019-03-14 18:50:13,253 - ClusterTrainer - INFO -    > [459776/517313 (89%), 4.46s] Loss: 0.005044 
2019-03-14 18:50:16,260 - ClusterTrainer - INFO -    > [467840/517313 (90%), 3.67s] Loss: 0.005312 
2019-03-14 18:50:19,267 - ClusterTrainer - INFO -    > [475904/517313 (92%), 3.05s] Loss: 0.005933 
2019-03-14 18:50:22,275 - ClusterTrainer - INFO -    > [483968/517313 (94%), 2.54s] Loss: 0.005410 
2019-03-14 18:50:25,280 - ClusterTrainer - INFO -    > [492032/517313 (95%), 1.88s] Loss: 0.005177 
2019-03-14 18:50:28,291 - ClusterTrainer - INFO -    > [500096/517313 (97%), 1.29s] Loss: 0.004809 
2019-03-14 18:50:31,301 - ClusterTrainer - INFO -    > [508160/517313 (98%), 0.69s] Loss: 0.005192 
2019-03-14 18:50:34,308 - ClusterTrainer - INFO -    > [516224/517313 (100%), 0.10s] Loss: 0.004647 
2019-03-14 18:50:34,723 - ClusterTrainer - INFO -    > Total loss: 0.008786
2019-03-14 18:50:34,725 - ClusterTrainer - INFO - Valid Epoch: 0
2019-03-14 18:50:34,766 - ClusterTrainer - INFO -    > [128/27436 (0%), 0.67s] Loss: 0.006784 
2019-03-14 18:50:37,367 - ClusterTrainer - INFO -    > [8192/27436 (29%), 0.52s] Loss: 0.006602 
2019-03-14 18:50:39,969 - ClusterTrainer - INFO -    > [16256/27436 (59%), 0.28s] Loss: 0.004273 
2019-03-14 18:50:42,573 - ClusterTrainer - INFO -    > [24320/27436 (88%), 0.08s] Loss: 0.004426 
2019-03-14 18:50:43,579 - ClusterTrainer - INFO -    > Total loss: 0.004832
2019-03-14 18:55:02,758 - ClusterTrainer - INFO - Saving checkpoint: logs/conv_ae_horoma/0314_172853/8/last_checkpoint.pth ...
2019-03-14 18:55:44,764 - ClusterTrainer - INFO - Saving best checkpoint: logs/conv_ae_horoma/0314_172853/8/best_checkpoint.pth ...
2019-03-14 18:56:22,268 - ClusterTrainer - INFO - Saving best checkpoint: logs/conv_ae_horoma/0314_172853/8/best_checkpoint_kmeans100-F1.pth ...
2019-03-14 18:56:59,909 - ClusterTrainer - INFO - Saving best checkpoint: logs/conv_ae_horoma/0314_172853/8/best_checkpoint_kmeans100-accuracy.pth ...
2019-03-14 18:57:00,965 - ClusterTrainer - INFO - |  Hyperparameter  |         Value         |
| :--------------- | :-------------------- |
| lr               | 5.505897262917097e-05 |
| code_size        | 46                    |
| lin2_in_channels | 68                    |
| dropout          | 0.27960144652887575   |

2019-03-14 18:57:00,968 - ClusterTrainer - INFO - Train Epoch: 0
2019-03-14 18:57:01,049 - ClusterTrainer - INFO -    > [128/517313 (0%), 38.42s] Loss: 0.070955 
2019-03-14 18:57:04,046 - ClusterTrainer - INFO -    > [8192/517313 (2%), 38.08s] Loss: 0.030019 
2019-03-14 18:57:07,046 - ClusterTrainer - INFO -    > [16256/517313 (3%), 37.21s] Loss: 0.026436 
2019-03-14 18:57:10,044 - ClusterTrainer - INFO -    > [24320/517313 (5%), 36.67s] Loss: 0.014592 
2019-03-14 18:57:13,056 - ClusterTrainer - INFO -    > [32384/517313 (6%), 37.28s] Loss: 0.011990 
2019-03-14 18:57:16,048 - ClusterTrainer - INFO -    > [40448/517313 (8%), 35.76s] Loss: 0.011027 
2019-03-14 18:57:19,041 - ClusterTrainer - INFO -    > [48512/517313 (9%), 34.65s] Loss: 0.009510 
2019-03-14 18:57:22,021 - ClusterTrainer - INFO -    > [56576/517313 (11%), 33.92s] Loss: 0.010150 
2019-03-14 18:57:24,998 - ClusterTrainer - INFO -    > [64640/517313 (12%), 33.81s] Loss: 0.012620 
2019-03-14 18:57:27,979 - ClusterTrainer - INFO -    > [72704/517313 (14%), 33.59s] Loss: 0.010283 
2019-03-14 18:57:30,962 - ClusterTrainer - INFO -    > [80768/517313 (16%), 33.42s] Loss: 0.009490 
2019-03-14 18:57:33,945 - ClusterTrainer - INFO -    > [88832/517313 (17%), 32.02s] Loss: 0.011306 
2019-03-14 18:57:36,921 - ClusterTrainer - INFO -    > [96896/517313 (19%), 31.40s] Loss: 0.009098 
2019-03-14 18:57:39,899 - ClusterTrainer - INFO -    > [104960/517313 (20%), 30.49s] Loss: 0.010160 
2019-03-14 18:57:42,876 - ClusterTrainer - INFO -    > [113024/517313 (22%), 31.28s] Loss: 0.011656 
2019-03-14 18:57:45,856 - ClusterTrainer - INFO -    > [121088/517313 (23%), 29.35s] Loss: 0.009987 
2019-03-14 18:57:48,839 - ClusterTrainer - INFO -    > [129152/517313 (25%), 29.26s] Loss: 0.009100 
2019-03-14 18:57:51,830 - ClusterTrainer - INFO -    > [137216/517313 (26%), 29.20s] Loss: 0.008867 
2019-03-14 18:57:54,823 - ClusterTrainer - INFO -    > [145280/517313 (28%), 27.92s] Loss: 0.008616 
2019-03-14 18:57:57,808 - ClusterTrainer - INFO -    > [153344/517313 (30%), 26.95s] Loss: 0.009601 
2019-03-14 18:58:00,802 - ClusterTrainer - INFO -    > [161408/517313 (31%), 26.90s] Loss: 0.009113 
2019-03-14 18:58:03,802 - ClusterTrainer - INFO -    > [169472/517313 (33%), 25.61s] Loss: 0.009006 
2019-03-14 18:58:06,796 - ClusterTrainer - INFO -    > [177536/517313 (34%), 25.42s] Loss: 0.008243 
2019-03-14 18:58:09,791 - ClusterTrainer - INFO -    > [185600/517313 (36%), 24.32s] Loss: 0.008485 
2019-03-14 18:58:12,791 - ClusterTrainer - INFO -    > [193664/517313 (37%), 23.81s] Loss: 0.008761 
2019-03-14 18:58:15,791 - ClusterTrainer - INFO -    > [201728/517313 (39%), 23.41s] Loss: 0.008880 
2019-03-14 18:58:18,791 - ClusterTrainer - INFO -    > [209792/517313 (41%), 23.11s] Loss: 0.008319 
2019-03-14 18:58:21,788 - ClusterTrainer - INFO -    > [217856/517313 (42%), 22.67s] Loss: 0.008390 
2019-03-14 18:58:24,784 - ClusterTrainer - INFO -    > [225920/517313 (44%), 22.49s] Loss: 0.008302 
2019-03-14 18:58:27,781 - ClusterTrainer - INFO -    > [233984/517313 (45%), 21.17s] Loss: 0.008157 
2019-03-14 18:58:30,783 - ClusterTrainer - INFO -    > [242048/517313 (47%), 21.76s] Loss: 0.008599 
2019-03-14 18:58:33,790 - ClusterTrainer - INFO -    > [250112/517313 (48%), 19.84s] Loss: 0.008226 
2019-03-14 18:58:36,769 - ClusterTrainer - INFO -    > [258176/517313 (50%), 19.28s] Loss: 0.006975 
2019-03-14 18:58:39,746 - ClusterTrainer - INFO -    > [266240/517313 (51%), 18.56s] Loss: 0.006887 
2019-03-14 18:58:42,722 - ClusterTrainer - INFO -    > [274304/517313 (53%), 18.26s] Loss: 0.007681 
2019-03-14 18:58:45,743 - ClusterTrainer - INFO -    > [282368/517313 (55%), 17.78s] Loss: 0.007047 
2019-03-14 18:58:48,756 - ClusterTrainer - INFO -    > [290432/517313 (56%), 17.31s] Loss: 0.007299 
2019-03-14 18:58:51,750 - ClusterTrainer - INFO -    > [298496/517313 (58%), 16.10s] Loss: 0.006883 
2019-03-14 18:58:54,730 - ClusterTrainer - INFO -    > [306560/517313 (59%), 15.63s] Loss: 0.006632 
2019-03-14 18:58:57,715 - ClusterTrainer - INFO -    > [314624/517313 (61%), 15.69s] Loss: 0.006616 
2019-03-14 18:59:00,714 - ClusterTrainer - INFO -    > [322688/517313 (62%), 15.33s] Loss: 0.006971 
2019-03-14 18:59:03,710 - ClusterTrainer - INFO -    > [330752/517313 (64%), 13.90s] Loss: 0.006387 
2019-03-14 18:59:06,708 - ClusterTrainer - INFO -    > [338816/517313 (65%), 13.71s] Loss: 0.006327 
2019-03-14 18:59:09,708 - ClusterTrainer - INFO -    > [346880/517313 (67%), 13.18s] Loss: 0.005932 
2019-03-14 18:59:12,706 - ClusterTrainer - INFO -    > [354944/517313 (69%), 12.02s] Loss: 0.006270 
2019-03-14 18:59:15,706 - ClusterTrainer - INFO -    > [363008/517313 (70%), 11.62s] Loss: 0.006502 
2019-03-14 18:59:18,702 - ClusterTrainer - INFO -    > [371072/517313 (72%), 10.98s] Loss: 0.006479 
2019-03-14 18:59:21,702 - ClusterTrainer - INFO -    > [379136/517313 (73%), 10.49s] Loss: 0.006330 
2019-03-14 18:59:24,700 - ClusterTrainer - INFO -    > [387200/517313 (75%), 9.51s] Loss: 0.005970 
2019-03-14 18:59:27,698 - ClusterTrainer - INFO -    > [395264/517313 (76%), 8.98s] Loss: 0.006253 
2019-03-14 18:59:30,697 - ClusterTrainer - INFO -    > [403328/517313 (78%), 8.46s] Loss: 0.006253 
2019-03-14 18:59:33,694 - ClusterTrainer - INFO -    > [411392/517313 (79%), 7.90s] Loss: 0.006025 
2019-03-14 18:59:36,694 - ClusterTrainer - INFO -    > [419456/517313 (81%), 7.27s] Loss: 0.005830 
2019-03-14 18:59:39,690 - ClusterTrainer - INFO -    > [427520/517313 (83%), 6.97s] Loss: 0.005875 
2019-03-14 18:59:42,692 - ClusterTrainer - INFO -    > [435584/517313 (84%), 6.31s] Loss: 0.006238 
2019-03-14 18:59:45,692 - ClusterTrainer - INFO -    > [443648/517313 (86%), 5.42s] Loss: 0.005474 
2019-03-14 18:59:48,689 - ClusterTrainer - INFO -    > [451712/517313 (87%), 4.82s] Loss: 0.005929 
2019-03-14 18:59:51,689 - ClusterTrainer - INFO -    > [459776/517313 (89%), 4.42s] Loss: 0.006230 
2019-03-14 18:59:54,690 - ClusterTrainer - INFO -    > [467840/517313 (90%), 3.80s] Loss: 0.005466 
2019-03-14 18:59:57,722 - ClusterTrainer - INFO -    > [475904/517313 (92%), 3.09s] Loss: 0.005666 
2019-03-14 19:00:00,725 - ClusterTrainer - INFO -    > [483968/517313 (94%), 2.55s] Loss: 0.005229 
2019-03-14 19:00:03,723 - ClusterTrainer - INFO -    > [492032/517313 (95%), 1.94s] Loss: 0.005289 
2019-03-14 19:00:06,719 - ClusterTrainer - INFO -    > [500096/517313 (97%), 1.28s] Loss: 0.005399 
2019-03-14 19:00:09,716 - ClusterTrainer - INFO -    > [508160/517313 (98%), 0.69s] Loss: 0.005592 
2019-03-14 19:00:12,714 - ClusterTrainer - INFO -    > [516224/517313 (100%), 0.09s] Loss: 0.005709 
2019-03-14 19:00:13,130 - ClusterTrainer - INFO -    > Total loss: 0.009141
2019-03-14 19:00:13,131 - ClusterTrainer - INFO - Valid Epoch: 0
2019-03-14 19:00:13,173 - ClusterTrainer - INFO -    > [128/27436 (0%), 0.68s] Loss: 0.011467 
2019-03-14 19:00:15,759 - ClusterTrainer - INFO -    > [8192/27436 (29%), 0.49s] Loss: 0.008306 
2019-03-14 19:00:18,346 - ClusterTrainer - INFO -    > [16256/27436 (59%), 0.28s] Loss: 0.010051 
2019-03-14 19:00:20,936 - ClusterTrainer - INFO -    > [24320/27436 (88%), 0.09s] Loss: 0.005758 
2019-03-14 19:00:21,939 - ClusterTrainer - INFO -    > Total loss: 0.008936
2019-03-14 19:04:22,297 - ClusterTrainer - INFO - Saving checkpoint: logs/conv_ae_horoma/0314_172853/9/last_checkpoint.pth ...
2019-03-14 19:05:04,258 - ClusterTrainer - INFO - Saving best checkpoint: logs/conv_ae_horoma/0314_172853/9/best_checkpoint.pth ...
2019-03-14 19:05:46,824 - ClusterTrainer - INFO - Saving best checkpoint: logs/conv_ae_horoma/0314_172853/9/best_checkpoint_kmeans100-F1.pth ...
2019-03-14 19:06:35,550 - ClusterTrainer - INFO - Saving best checkpoint: logs/conv_ae_horoma/0314_172853/9/best_checkpoint_kmeans100-accuracy.pth ...
2019-03-14 19:06:38,449 - ClusterTrainer - INFO - |  Hyperparameter  |         Value         |
| :--------------- | :-------------------- |
| lr               | 0.0009386512481163713 |
| code_size        | 34                    |
| lin2_in_channels | 115                   |
| dropout          | 0.4747823220627163    |

2019-03-14 19:06:38,451 - ClusterTrainer - INFO - Train Epoch: 0
2019-03-14 19:06:38,534 - ClusterTrainer - INFO -    > [128/517313 (0%), 38.37s] Loss: 0.077676 
2019-03-14 19:06:41,537 - ClusterTrainer - INFO -    > [8192/517313 (2%), 39.24s] Loss: 0.009085 
2019-03-14 19:06:44,542 - ClusterTrainer - INFO -    > [16256/517313 (3%), 37.43s] Loss: 0.007033 
2019-03-14 19:06:47,549 - ClusterTrainer - INFO -    > [24320/517313 (5%), 36.95s] Loss: 0.006155 
2019-03-14 19:06:50,554 - ClusterTrainer - INFO -    > [32384/517313 (6%), 35.85s] Loss: 0.005912 
2019-03-14 19:06:53,554 - ClusterTrainer - INFO -    > [40448/517313 (8%), 35.08s] Loss: 0.005558 
2019-03-14 19:06:56,567 - ClusterTrainer - INFO -    > [48512/517313 (9%), 35.72s] Loss: 0.004560 
2019-03-14 19:06:59,575 - ClusterTrainer - INFO -    > [56576/517313 (11%), 34.69s] Loss: 0.004220 
2019-03-14 19:07:02,580 - ClusterTrainer - INFO -    > [64640/517313 (12%), 34.40s] Loss: 0.004409 
2019-03-14 19:07:05,586 - ClusterTrainer - INFO -    > [72704/517313 (14%), 33.85s] Loss: 0.004437 
2019-03-14 19:07:08,588 - ClusterTrainer - INFO -    > [80768/517313 (16%), 32.56s] Loss: 0.004065 
2019-03-14 19:07:11,591 - ClusterTrainer - INFO -    > [88832/517313 (17%), 32.23s] Loss: 0.004153 
2019-03-14 19:07:14,605 - ClusterTrainer - INFO -    > [96896/517313 (19%), 32.14s] Loss: 0.003647 
2019-03-14 19:07:17,612 - ClusterTrainer - INFO -    > [104960/517313 (20%), 31.99s] Loss: 0.003608 
2019-03-14 19:07:20,615 - ClusterTrainer - INFO -    > [113024/517313 (22%), 29.97s] Loss: 0.003906 
2019-03-14 19:07:23,628 - ClusterTrainer - INFO -    > [121088/517313 (23%), 29.63s] Loss: 0.003398 
2019-03-14 19:07:26,641 - ClusterTrainer - INFO -    > [129152/517313 (25%), 29.58s] Loss: 0.003460 
2019-03-14 19:07:29,648 - ClusterTrainer - INFO -    > [137216/517313 (26%), 28.53s] Loss: 0.003285 
2019-03-14 19:07:32,657 - ClusterTrainer - INFO -    > [145280/517313 (28%), 28.14s] Loss: 0.003347 
2019-03-14 19:07:35,663 - ClusterTrainer - INFO -    > [153344/517313 (30%), 26.74s] Loss: 0.003470 
2019-03-14 19:07:38,670 - ClusterTrainer - INFO -    > [161408/517313 (31%), 26.30s] Loss: 0.003236 
2019-03-14 19:07:41,679 - ClusterTrainer - INFO -    > [169472/517313 (33%), 26.17s] Loss: 0.003045 
2019-03-14 19:07:44,684 - ClusterTrainer - INFO -    > [177536/517313 (34%), 26.06s] Loss: 0.003367 
2019-03-14 19:07:47,690 - ClusterTrainer - INFO -    > [185600/517313 (36%), 25.78s] Loss: 0.003340 
2019-03-14 19:07:50,700 - ClusterTrainer - INFO -    > [193664/517313 (37%), 24.49s] Loss: 0.003375 
2019-03-14 19:07:53,710 - ClusterTrainer - INFO -    > [201728/517313 (39%), 24.04s] Loss: 0.003247 
2019-03-14 19:07:56,721 - ClusterTrainer - INFO -    > [209792/517313 (41%), 23.54s] Loss: 0.002925 
2019-03-14 19:07:59,728 - ClusterTrainer - INFO -    > [217856/517313 (42%), 22.30s] Loss: 0.003121 
2019-03-14 19:08:02,734 - ClusterTrainer - INFO -    > [225920/517313 (44%), 22.62s] Loss: 0.002980 
2019-03-14 19:08:05,737 - ClusterTrainer - INFO -    > [233984/517313 (45%), 20.92s] Loss: 0.003248 
2019-03-14 19:08:08,744 - ClusterTrainer - INFO -    > [242048/517313 (47%), 20.51s] Loss: 0.002970 
2019-03-14 19:08:11,747 - ClusterTrainer - INFO -    > [250112/517313 (48%), 19.72s] Loss: 0.002797 
2019-03-14 19:08:14,756 - ClusterTrainer - INFO -    > [258176/517313 (50%), 19.95s] Loss: 0.003160 
2019-03-14 19:08:17,766 - ClusterTrainer - INFO -    > [266240/517313 (51%), 19.52s] Loss: 0.002837 
2019-03-14 19:08:20,772 - ClusterTrainer - INFO -    > [274304/517313 (53%), 18.26s] Loss: 0.002889 
2019-03-14 19:08:23,778 - ClusterTrainer - INFO -    > [282368/517313 (55%), 17.94s] Loss: 0.002960 
2019-03-14 19:08:26,790 - ClusterTrainer - INFO -    > [290432/517313 (56%), 17.41s] Loss: 0.003108 
2019-03-14 19:08:29,799 - ClusterTrainer - INFO -    > [298496/517313 (58%), 16.13s] Loss: 0.002900 
2019-03-14 19:08:32,808 - ClusterTrainer - INFO -    > [306560/517313 (59%), 16.06s] Loss: 0.002874 
2019-03-14 19:08:35,820 - ClusterTrainer - INFO -    > [314624/517313 (61%), 15.44s] Loss: 0.002862 
2019-03-14 19:08:38,827 - ClusterTrainer - INFO -    > [322688/517313 (62%), 14.51s] Loss: 0.002754 
2019-03-14 19:08:41,831 - ClusterTrainer - INFO -    > [330752/517313 (64%), 13.80s] Loss: 0.002831 
2019-03-14 19:08:44,835 - ClusterTrainer - INFO -    > [338816/517313 (65%), 13.40s] Loss: 0.002813 
2019-03-14 19:08:47,844 - ClusterTrainer - INFO -    > [346880/517313 (67%), 12.56s] Loss: 0.002659 
2019-03-14 19:08:50,846 - ClusterTrainer - INFO -    > [354944/517313 (69%), 12.50s] Loss: 0.002603 
2019-03-14 19:08:53,855 - ClusterTrainer - INFO -    > [363008/517313 (70%), 11.89s] Loss: 0.002737 
2019-03-14 19:08:56,860 - ClusterTrainer - INFO -    > [371072/517313 (72%), 10.81s] Loss: 0.002846 
2019-03-14 19:08:59,870 - ClusterTrainer - INFO -    > [379136/517313 (73%), 10.60s] Loss: 0.003033 
2019-03-14 19:09:02,876 - ClusterTrainer - INFO -    > [387200/517313 (75%), 9.92s] Loss: 0.002672 
2019-03-14 19:09:05,880 - ClusterTrainer - INFO -    > [395264/517313 (76%), 9.43s] Loss: 0.002838 
2019-03-14 19:09:08,878 - ClusterTrainer - INFO -    > [403328/517313 (78%), 8.51s] Loss: 0.003035 
2019-03-14 19:09:11,881 - ClusterTrainer - INFO -    > [411392/517313 (79%), 7.93s] Loss: 0.002826 
2019-03-14 19:09:14,888 - ClusterTrainer - INFO -    > [419456/517313 (81%), 7.43s] Loss: 0.002987 
2019-03-14 19:09:17,904 - ClusterTrainer - INFO -    > [427520/517313 (83%), 6.69s] Loss: 0.002961 
2019-03-14 19:09:20,916 - ClusterTrainer - INFO -    > [435584/517313 (84%), 6.13s] Loss: 0.002928 
2019-03-14 19:09:23,922 - ClusterTrainer - INFO -    > [443648/517313 (86%), 5.68s] Loss: 0.002762 
2019-03-14 19:09:26,930 - ClusterTrainer - INFO -    > [451712/517313 (87%), 4.98s] Loss: 0.002726 
2019-03-14 19:09:29,940 - ClusterTrainer - INFO -    > [459776/517313 (89%), 4.38s] Loss: 0.002580 
2019-03-14 19:09:32,947 - ClusterTrainer - INFO -    > [467840/517313 (90%), 3.84s] Loss: 0.002918 
2019-03-14 19:09:35,956 - ClusterTrainer - INFO -    > [475904/517313 (92%), 3.11s] Loss: 0.002709 
2019-03-14 19:09:38,963 - ClusterTrainer - INFO -    > [483968/517313 (94%), 2.50s] Loss: 0.002800 
2019-03-14 19:09:41,969 - ClusterTrainer - INFO -    > [492032/517313 (95%), 1.89s] Loss: 0.002860 
2019-03-14 19:09:44,974 - ClusterTrainer - INFO -    > [500096/517313 (97%), 1.29s] Loss: 0.002969 
2019-03-14 19:09:47,983 - ClusterTrainer - INFO -    > [508160/517313 (98%), 0.71s] Loss: 0.002984 
2019-03-14 19:09:50,990 - ClusterTrainer - INFO -    > [516224/517313 (100%), 0.10s] Loss: 0.002837 
2019-03-14 19:09:51,408 - ClusterTrainer - INFO -    > Total loss: 0.003646
2019-03-14 19:09:51,409 - ClusterTrainer - INFO - Valid Epoch: 0
2019-03-14 19:09:51,452 - ClusterTrainer - INFO -    > [128/27436 (0%), 0.75s] Loss: 0.002891 
2019-03-14 19:09:54,049 - ClusterTrainer - INFO -    > [8192/27436 (29%), 0.58s] Loss: 0.002502 
2019-03-14 19:09:56,648 - ClusterTrainer - INFO -    > [16256/27436 (59%), 0.28s] Loss: 0.001625 
2019-03-14 19:09:59,249 - ClusterTrainer - INFO -    > [24320/27436 (88%), 0.08s] Loss: 0.003190 
2019-03-14 19:10:00,253 - ClusterTrainer - INFO -    > Total loss: 0.002300
2019-03-14 19:13:25,324 - ClusterTrainer - INFO - Saving checkpoint: logs/conv_ae_horoma/0314_172853/10/last_checkpoint.pth ...
2019-03-14 19:14:10,278 - ClusterTrainer - INFO - Saving best checkpoint: logs/conv_ae_horoma/0314_172853/10/best_checkpoint.pth ...
2019-03-14 19:15:04,089 - ClusterTrainer - INFO - Saving best checkpoint: logs/conv_ae_horoma/0314_172853/10/best_checkpoint_kmeans100-F1.pth ...
2019-03-14 19:15:51,499 - ClusterTrainer - INFO - Saving best checkpoint: logs/conv_ae_horoma/0314_172853/10/best_checkpoint_kmeans100-accuracy.pth ...
2019-03-14 19:15:54,405 - ClusterTrainer - INFO - |  Hyperparameter  |         Value         |
| :--------------- | :-------------------- |
| lr               | 0.0009547550419828466 |
| code_size        | 30                    |
| lin2_in_channels | 109                   |
| dropout          | 0.12688148681886469   |

2019-03-14 19:15:54,408 - ClusterTrainer - INFO - Train Epoch: 0
2019-03-14 19:15:54,490 - ClusterTrainer - INFO -    > [128/517313 (0%), 38.40s] Loss: 0.077176 
2019-03-14 19:15:57,505 - ClusterTrainer - INFO -    > [8192/517313 (2%), 38.15s] Loss: 0.008586 
2019-03-14 19:16:00,514 - ClusterTrainer - INFO -    > [16256/517313 (3%), 38.58s] Loss: 0.006947 
2019-03-14 19:16:03,527 - ClusterTrainer - INFO -    > [24320/517313 (5%), 37.05s] Loss: 0.005204 
2019-03-14 19:16:06,532 - ClusterTrainer - INFO -    > [32384/517313 (6%), 37.12s] Loss: 0.005694 
2019-03-14 19:16:09,534 - ClusterTrainer - INFO -    > [40448/517313 (8%), 37.08s] Loss: 0.004263 
2019-03-14 19:16:12,542 - ClusterTrainer - INFO -    > [48512/517313 (9%), 34.68s] Loss: 0.003493 
2019-03-14 19:16:15,544 - ClusterTrainer - INFO -    > [56576/517313 (11%), 35.63s] Loss: 0.003456 
2019-03-14 19:16:18,550 - ClusterTrainer - INFO -    > [64640/517313 (12%), 34.60s] Loss: 0.003438 
2019-03-14 19:16:21,556 - ClusterTrainer - INFO -    > [72704/517313 (14%), 32.61s] Loss: 0.003037 
2019-03-14 19:16:24,561 - ClusterTrainer - INFO -    > [80768/517313 (16%), 33.56s] Loss: 0.003028 
2019-03-14 19:16:27,566 - ClusterTrainer - INFO -    > [88832/517313 (17%), 32.48s] Loss: 0.003114 
2019-03-14 19:16:30,570 - ClusterTrainer - INFO -    > [96896/517313 (19%), 31.58s] Loss: 0.002934 
2019-03-14 19:16:33,573 - ClusterTrainer - INFO -    > [104960/517313 (20%), 30.57s] Loss: 0.002726 
2019-03-14 19:16:36,575 - ClusterTrainer - INFO -    > [113024/517313 (22%), 30.32s] Loss: 0.002773 
2019-03-14 19:16:39,579 - ClusterTrainer - INFO -    > [121088/517313 (23%), 29.50s] Loss: 0.002637 
2019-03-14 19:16:42,583 - ClusterTrainer - INFO -    > [129152/517313 (25%), 29.63s] Loss: 0.002536 
2019-03-14 19:16:45,584 - ClusterTrainer - INFO -    > [137216/517313 (26%), 29.67s] Loss: 0.002648 
2019-03-14 19:16:48,589 - ClusterTrainer - INFO -    > [145280/517313 (28%), 27.86s] Loss: 0.002462 
2019-03-14 19:16:51,597 - ClusterTrainer - INFO -    > [153344/517313 (30%), 27.76s] Loss: 0.002612 
2019-03-14 19:16:54,604 - ClusterTrainer - INFO -    > [161408/517313 (31%), 27.94s] Loss: 0.002477 
2019-03-14 19:16:57,606 - ClusterTrainer - INFO -    > [169472/517313 (33%), 25.82s] Loss: 0.002346 
2019-03-14 19:17:00,608 - ClusterTrainer - INFO -    > [177536/517313 (34%), 26.10s] Loss: 0.002477 
2019-03-14 19:17:03,613 - ClusterTrainer - INFO -    > [185600/517313 (36%), 24.97s] Loss: 0.002381 
2019-03-14 19:17:06,617 - ClusterTrainer - INFO -    > [193664/517313 (37%), 24.33s] Loss: 0.002362 
2019-03-14 19:17:09,617 - ClusterTrainer - INFO -    > [201728/517313 (39%), 23.23s] Loss: 0.002427 
2019-03-14 19:17:12,613 - ClusterTrainer - INFO -    > [209792/517313 (41%), 22.76s] Loss: 0.002321 
2019-03-14 19:17:15,614 - ClusterTrainer - INFO -    > [217856/517313 (42%), 22.89s] Loss: 0.002401 
2019-03-14 19:17:18,614 - ClusterTrainer - INFO -    > [225920/517313 (44%), 22.52s] Loss: 0.002310 
2019-03-14 19:17:21,614 - ClusterTrainer - INFO -    > [233984/517313 (45%), 21.67s] Loss: 0.002404 
2019-03-14 19:17:24,615 - ClusterTrainer - INFO -    > [242048/517313 (47%), 21.14s] Loss: 0.002468 
2019-03-14 19:17:27,629 - ClusterTrainer - INFO -    > [250112/517313 (48%), 20.39s] Loss: 0.002208 
2019-03-14 19:17:30,636 - ClusterTrainer - INFO -    > [258176/517313 (50%), 19.90s] Loss: 0.002147 
2019-03-14 19:17:33,642 - ClusterTrainer - INFO -    > [266240/517313 (51%), 18.68s] Loss: 0.002276 
2019-03-14 19:17:36,642 - ClusterTrainer - INFO -    > [274304/517313 (53%), 18.58s] Loss: 0.002244 
2019-03-14 19:17:39,650 - ClusterTrainer - INFO -    > [282368/517313 (55%), 17.48s] Loss: 0.002245 
2019-03-14 19:17:42,655 - ClusterTrainer - INFO -    > [290432/517313 (56%), 17.00s] Loss: 0.002399 
2019-03-14 19:17:45,654 - ClusterTrainer - INFO -    > [298496/517313 (58%), 17.23s] Loss: 0.002451 
2019-03-14 19:17:48,660 - ClusterTrainer - INFO -    > [306560/517313 (59%), 16.06s] Loss: 0.002398 
2019-03-14 19:17:51,661 - ClusterTrainer - INFO -    > [314624/517313 (61%), 15.16s] Loss: 0.002146 
2019-03-14 19:17:54,664 - ClusterTrainer - INFO -    > [322688/517313 (62%), 14.78s] Loss: 0.002328 
2019-03-14 19:17:57,666 - ClusterTrainer - INFO -    > [330752/517313 (64%), 14.26s] Loss: 0.002288 
2019-03-14 19:18:00,667 - ClusterTrainer - INFO -    > [338816/517313 (65%), 13.48s] Loss: 0.002271 
2019-03-14 19:18:03,672 - ClusterTrainer - INFO -    > [346880/517313 (67%), 12.85s] Loss: 0.002295 
2019-03-14 19:18:06,674 - ClusterTrainer - INFO -    > [354944/517313 (69%), 12.44s] Loss: 0.002317 
2019-03-14 19:18:09,678 - ClusterTrainer - INFO -    > [363008/517313 (70%), 11.41s] Loss: 0.002259 
2019-03-14 19:18:12,686 - ClusterTrainer - INFO -    > [371072/517313 (72%), 10.92s] Loss: 0.002281 
2019-03-14 19:18:15,685 - ClusterTrainer - INFO -    > [379136/517313 (73%), 10.18s] Loss: 0.002239 
2019-03-14 19:18:18,689 - ClusterTrainer - INFO -    > [387200/517313 (75%), 9.95s] Loss: 0.002229 
2019-03-14 19:18:21,693 - ClusterTrainer - INFO -    > [395264/517313 (76%), 9.28s] Loss: 0.002286 
2019-03-14 19:18:24,695 - ClusterTrainer - INFO -    > [403328/517313 (78%), 8.53s] Loss: 0.002118 
2019-03-14 19:18:27,695 - ClusterTrainer - INFO -    > [411392/517313 (79%), 8.03s] Loss: 0.002233 
2019-03-14 19:18:30,695 - ClusterTrainer - INFO -    > [419456/517313 (81%), 7.56s] Loss: 0.002293 
2019-03-14 19:18:33,701 - ClusterTrainer - INFO -    > [427520/517313 (83%), 6.79s] Loss: 0.002304 
2019-03-14 19:18:36,705 - ClusterTrainer - INFO -    > [435584/517313 (84%), 6.18s] Loss: 0.002269 
2019-03-14 19:18:39,709 - ClusterTrainer - INFO -    > [443648/517313 (86%), 5.53s] Loss: 0.002077 
2019-03-14 19:18:42,709 - ClusterTrainer - INFO -    > [451712/517313 (87%), 4.92s] Loss: 0.002300 
2019-03-14 19:18:45,710 - ClusterTrainer - INFO -    > [459776/517313 (89%), 4.34s] Loss: 0.002311 
2019-03-14 19:18:48,713 - ClusterTrainer - INFO -    > [467840/517313 (90%), 3.68s] Loss: 0.002386 
2019-03-14 19:18:51,716 - ClusterTrainer - INFO -    > [475904/517313 (92%), 3.09s] Loss: 0.002166 
2019-03-14 19:18:54,722 - ClusterTrainer - INFO -    > [483968/517313 (94%), 2.59s] Loss: 0.002163 
2019-03-14 19:18:57,728 - ClusterTrainer - INFO -    > [492032/517313 (95%), 1.99s] Loss: 0.002306 
2019-03-14 19:19:00,730 - ClusterTrainer - INFO -    > [500096/517313 (97%), 1.30s] Loss: 0.002349 
2019-03-14 19:19:03,734 - ClusterTrainer - INFO -    > [508160/517313 (98%), 0.72s] Loss: 0.002278 
2019-03-14 19:19:06,737 - ClusterTrainer - INFO -    > [516224/517313 (100%), 0.10s] Loss: 0.002162 
2019-03-14 19:19:07,152 - ClusterTrainer - INFO -    > Total loss: 0.002972
2019-03-14 19:19:07,153 - ClusterTrainer - INFO - Valid Epoch: 0
2019-03-14 19:19:07,195 - ClusterTrainer - INFO -    > [128/27436 (0%), 0.67s] Loss: 0.002238 
2019-03-14 19:19:09,805 - ClusterTrainer - INFO -    > [8192/27436 (29%), 0.52s] Loss: 0.003314 
2019-03-14 19:19:12,400 - ClusterTrainer - INFO -    > [16256/27436 (59%), 0.31s] Loss: 0.001996 
2019-03-14 19:19:14,991 - ClusterTrainer - INFO -    > [24320/27436 (88%), 0.08s] Loss: 0.001129 
2019-03-14 19:19:15,993 - ClusterTrainer - INFO -    > Total loss: 0.001938
2019-03-14 19:23:33,102 - ClusterTrainer - INFO - Saving checkpoint: logs/conv_ae_horoma/0314_172853/11/last_checkpoint.pth ...
2019-03-14 19:24:59,959 - ClusterTrainer - INFO - Saving best checkpoint: logs/conv_ae_horoma/0314_172853/11/best_checkpoint.pth ...
2019-03-14 19:26:45,070 - ClusterTrainer - INFO - Saving best checkpoint: logs/conv_ae_horoma/0314_172853/11/best_checkpoint_kmeans100-F1.pth ...
2019-03-14 19:28:12,776 - ClusterTrainer - INFO - Saving best checkpoint: logs/conv_ae_horoma/0314_172853/11/best_checkpoint_kmeans100-accuracy.pth ...
2019-03-14 19:28:15,761 - ClusterTrainer - INFO - |  Hyperparameter  | Value |
| :--------------- | :---- |
| lr               | 0.001 |
| code_size        | 75    |
| lin2_in_channels | 120   |
| dropout          | 0.1   |

2019-03-14 19:28:15,763 - ClusterTrainer - INFO - Train Epoch: 0
2019-03-14 19:28:15,846 - ClusterTrainer - INFO -    > [128/517313 (0%), 38.61s] Loss: 0.077591 
2019-03-14 19:28:18,871 - ClusterTrainer - INFO -    > [8192/517313 (2%), 38.00s] Loss: 0.009039 
2019-03-14 19:28:21,894 - ClusterTrainer - INFO -    > [16256/517313 (3%), 37.37s] Loss: 0.007148 
2019-03-14 19:28:24,920 - ClusterTrainer - INFO -    > [24320/517313 (5%), 39.00s] Loss: 0.006489 
2019-03-14 19:28:27,947 - ClusterTrainer - INFO -    > [32384/517313 (6%), 37.46s] Loss: 0.005110 
2019-03-14 19:28:30,964 - ClusterTrainer - INFO -    > [40448/517313 (8%), 36.49s] Loss: 0.004785 
2019-03-14 19:28:33,977 - ClusterTrainer - INFO -    > [48512/517313 (9%), 34.99s] Loss: 0.003982 
2019-03-14 19:28:36,988 - ClusterTrainer - INFO -    > [56576/517313 (11%), 34.72s] Loss: 0.004163 
2019-03-14 19:28:39,997 - ClusterTrainer - INFO -    > [64640/517313 (12%), 33.72s] Loss: 0.003476 
2019-03-14 19:28:43,014 - ClusterTrainer - INFO -    > [72704/517313 (14%), 33.10s] Loss: 0.003229 
2019-03-14 19:28:46,042 - ClusterTrainer - INFO -    > [80768/517313 (16%), 32.32s] Loss: 0.003164 
2019-03-14 19:28:49,061 - ClusterTrainer - INFO -    > [88832/517313 (17%), 33.01s] Loss: 0.002881 
2019-03-14 19:28:52,076 - ClusterTrainer - INFO -    > [96896/517313 (19%), 32.43s] Loss: 0.003022 
2019-03-14 19:28:55,093 - ClusterTrainer - INFO -    > [104960/517313 (20%), 30.45s] Loss: 0.002820 
2019-03-14 19:28:58,110 - ClusterTrainer - INFO -    > [113024/517313 (22%), 30.73s] Loss: 0.002593 
2019-03-14 19:29:01,127 - ClusterTrainer - INFO -    > [121088/517313 (23%), 30.92s] Loss: 0.002474 
2019-03-14 19:29:04,145 - ClusterTrainer - INFO -    > [129152/517313 (25%), 28.81s] Loss: 0.002446 
2019-03-14 19:29:07,161 - ClusterTrainer - INFO -    > [137216/517313 (26%), 28.94s] Loss: 0.002325 
2019-03-14 19:29:10,182 - ClusterTrainer - INFO -    > [145280/517313 (28%), 27.98s] Loss: 0.002014 
2019-03-14 19:29:13,194 - ClusterTrainer - INFO -    > [153344/517313 (30%), 26.98s] Loss: 0.002180 
2019-03-14 19:29:16,209 - ClusterTrainer - INFO -    > [161408/517313 (31%), 27.19s] Loss: 0.002177 
2019-03-14 19:29:19,229 - ClusterTrainer - INFO -    > [169472/517313 (33%), 27.36s] Loss: 0.002359 
2019-03-14 19:29:22,245 - ClusterTrainer - INFO -    > [177536/517313 (34%), 25.41s] Loss: 0.002195 
2019-03-14 19:29:25,261 - ClusterTrainer - INFO -    > [185600/517313 (36%), 25.36s] Loss: 0.002171 
2019-03-14 19:29:28,280 - ClusterTrainer - INFO -    > [193664/517313 (37%), 25.18s] Loss: 0.002196 
2019-03-14 19:29:31,296 - ClusterTrainer - INFO -    > [201728/517313 (39%), 23.41s] Loss: 0.002036 
2019-03-14 19:29:34,310 - ClusterTrainer - INFO -    > [209792/517313 (41%), 23.45s] Loss: 0.001949 
2019-03-14 19:29:37,325 - ClusterTrainer - INFO -    > [217856/517313 (42%), 23.08s] Loss: 0.002085 
2019-03-14 19:29:40,339 - ClusterTrainer - INFO -    > [225920/517313 (44%), 21.81s] Loss: 0.002037 
2019-03-14 19:29:43,351 - ClusterTrainer - INFO -    > [233984/517313 (45%), 21.08s] Loss: 0.001983 
2019-03-14 19:29:46,382 - ClusterTrainer - INFO -    > [242048/517313 (47%), 20.87s] Loss: 0.002030 
2019-03-14 19:29:49,499 - ClusterTrainer - INFO -    > [250112/517313 (48%), 20.17s] Loss: 0.001944 
2019-03-14 19:29:52,541 - ClusterTrainer - INFO -    > [258176/517313 (50%), 19.44s] Loss: 0.001885 
2019-03-14 19:29:55,579 - ClusterTrainer - INFO -    > [266240/517313 (51%), 19.18s] Loss: 0.001896 
2019-03-14 19:29:58,626 - ClusterTrainer - INFO -    > [274304/517313 (53%), 18.46s] Loss: 0.001803 
2019-03-14 19:30:01,657 - ClusterTrainer - INFO -    > [282368/517313 (55%), 17.75s] Loss: 0.001912 
2019-03-14 19:30:04,689 - ClusterTrainer - INFO -    > [290432/517313 (56%), 17.53s] Loss: 0.001767 
2019-03-14 19:30:07,759 - ClusterTrainer - INFO -    > [298496/517313 (58%), 16.80s] Loss: 0.001829 
2019-03-14 19:30:10,792 - ClusterTrainer - INFO -    > [306560/517313 (59%), 15.98s] Loss: 0.001740 
2019-03-14 19:30:13,826 - ClusterTrainer - INFO -    > [314624/517313 (61%), 15.40s] Loss: 0.001800 
2019-03-14 19:30:16,861 - ClusterTrainer - INFO -    > [322688/517313 (62%), 14.99s] Loss: 0.001783 
2019-03-14 19:30:19,892 - ClusterTrainer - INFO -    > [330752/517313 (64%), 14.50s] Loss: 0.001695 
2019-03-14 19:30:22,920 - ClusterTrainer - INFO -    > [338816/517313 (65%), 13.43s] Loss: 0.001704 
2019-03-14 19:30:25,950 - ClusterTrainer - INFO -    > [346880/517313 (67%), 13.18s] Loss: 0.001693 
2019-03-14 19:30:28,978 - ClusterTrainer - INFO -    > [354944/517313 (69%), 12.60s] Loss: 0.001800 
2019-03-14 19:30:32,010 - ClusterTrainer - INFO -    > [363008/517313 (70%), 11.64s] Loss: 0.001740 
2019-03-14 19:30:35,035 - ClusterTrainer - INFO -    > [371072/517313 (72%), 11.02s] Loss: 0.001746 
2019-03-14 19:30:38,061 - ClusterTrainer - INFO -    > [379136/517313 (73%), 10.48s] Loss: 0.001622 
2019-03-14 19:30:41,090 - ClusterTrainer - INFO -    > [387200/517313 (75%), 10.08s] Loss: 0.001643 
2019-03-14 19:30:44,120 - ClusterTrainer - INFO -    > [395264/517313 (76%), 9.30s] Loss: 0.001676 
2019-03-14 19:30:47,149 - ClusterTrainer - INFO -    > [403328/517313 (78%), 8.71s] Loss: 0.001651 
2019-03-14 19:30:50,191 - ClusterTrainer - INFO -    > [411392/517313 (79%), 8.09s] Loss: 0.001577 
2019-03-14 19:30:53,224 - ClusterTrainer - INFO -    > [419456/517313 (81%), 7.38s] Loss: 0.001596 
2019-03-14 19:30:56,258 - ClusterTrainer - INFO -    > [427520/517313 (83%), 6.87s] Loss: 0.001519 
2019-03-14 19:30:59,289 - ClusterTrainer - INFO -    > [435584/517313 (84%), 6.20s] Loss: 0.001564 
2019-03-14 19:31:02,321 - ClusterTrainer - INFO -    > [443648/517313 (86%), 5.61s] Loss: 0.001583 
2019-03-14 19:31:05,357 - ClusterTrainer - INFO -    > [451712/517313 (87%), 4.96s] Loss: 0.001655 
2019-03-14 19:31:08,524 - ClusterTrainer - INFO -    > [459776/517313 (89%), 4.47s] Loss: 0.001650 
2019-03-14 19:31:11,549 - ClusterTrainer - INFO -    > [467840/517313 (90%), 3.86s] Loss: 0.001582 
2019-03-14 19:31:14,585 - ClusterTrainer - INFO -    > [475904/517313 (92%), 3.10s] Loss: 0.001520 
2019-03-14 19:31:17,618 - ClusterTrainer - INFO -    > [483968/517313 (94%), 2.59s] Loss: 0.001666 
2019-03-14 19:31:20,651 - ClusterTrainer - INFO -    > [492032/517313 (95%), 1.95s] Loss: 0.001481 
2019-03-14 19:31:23,681 - ClusterTrainer - INFO -    > [500096/517313 (97%), 1.30s] Loss: 0.001613 
2019-03-14 19:31:26,711 - ClusterTrainer - INFO -    > [508160/517313 (98%), 0.72s] Loss: 0.001583 
2019-03-14 19:31:29,743 - ClusterTrainer - INFO -    > [516224/517313 (100%), 0.10s] Loss: 0.001691 
2019-03-14 19:31:30,163 - ClusterTrainer - INFO -    > Total loss: 0.002675
2019-03-14 19:31:30,164 - ClusterTrainer - INFO - Valid Epoch: 0
2019-03-14 19:31:30,207 - ClusterTrainer - INFO -    > [128/27436 (0%), 0.69s] Loss: 0.001353 
2019-03-14 19:31:32,821 - ClusterTrainer - INFO -    > [8192/27436 (29%), 0.53s] Loss: 0.001807 
2019-03-14 19:31:35,439 - ClusterTrainer - INFO -    > [16256/27436 (59%), 0.31s] Loss: 0.001632 
2019-03-14 19:31:38,058 - ClusterTrainer - INFO -    > [24320/27436 (88%), 0.09s] Loss: 0.000834 
2019-03-14 19:31:39,069 - ClusterTrainer - INFO -    > Total loss: 0.001435
2019-03-14 19:36:08,346 - ClusterTrainer - INFO - Saving checkpoint: logs/conv_ae_horoma/0314_172853/12/last_checkpoint.pth ...
2019-03-14 19:37:00,579 - ClusterTrainer - INFO - Saving best checkpoint: logs/conv_ae_horoma/0314_172853/12/best_checkpoint.pth ...
2019-03-14 19:37:45,542 - ClusterTrainer - INFO - Saving best checkpoint: logs/conv_ae_horoma/0314_172853/12/best_checkpoint_kmeans100-F1.pth ...
2019-03-14 19:38:30,999 - ClusterTrainer - INFO - Saving best checkpoint: logs/conv_ae_horoma/0314_172853/12/best_checkpoint_kmeans100-accuracy.pth ...
2019-03-14 19:38:34,011 - ClusterTrainer - INFO - |  Hyperparameter  |         Value         |
| :--------------- | :-------------------- |
| lr               | 0.0009381620518219629 |
| code_size        | 31                    |
| lin2_in_channels | 53                    |
| dropout          | 0.47245545410023626   |

2019-03-14 19:38:34,013 - ClusterTrainer - INFO - Train Epoch: 0
2019-03-14 19:38:34,096 - ClusterTrainer - INFO -    > [128/517313 (0%), 38.73s] Loss: 0.081604 
2019-03-14 19:38:37,117 - ClusterTrainer - INFO -    > [8192/517313 (2%), 37.88s] Loss: 0.008979 
2019-03-14 19:38:40,139 - ClusterTrainer - INFO -    > [16256/517313 (3%), 38.06s] Loss: 0.008680 
2019-03-14 19:38:43,162 - ClusterTrainer - INFO -    > [24320/517313 (5%), 37.16s] Loss: 0.006947 
2019-03-14 19:38:46,183 - ClusterTrainer - INFO -    > [32384/517313 (6%), 36.34s] Loss: 0.005738 
2019-03-14 19:38:49,199 - ClusterTrainer - INFO -    > [40448/517313 (8%), 35.50s] Loss: 0.005190 
2019-03-14 19:38:52,213 - ClusterTrainer - INFO -    > [48512/517313 (9%), 34.98s] Loss: 0.005670 
2019-03-14 19:38:55,229 - ClusterTrainer - INFO -    > [56576/517313 (11%), 34.27s] Loss: 0.004636 
2019-03-14 19:38:58,242 - ClusterTrainer - INFO -    > [64640/517313 (12%), 34.07s] Loss: 0.004646 
2019-03-14 19:39:01,262 - ClusterTrainer - INFO -    > [72704/517313 (14%), 33.31s] Loss: 0.004152 
2019-03-14 19:39:04,280 - ClusterTrainer - INFO -    > [80768/517313 (16%), 33.29s] Loss: 0.004180 
2019-03-14 19:39:07,295 - ClusterTrainer - INFO -    > [88832/517313 (17%), 31.74s] Loss: 0.004024 
2019-03-14 19:39:10,311 - ClusterTrainer - INFO -    > [96896/517313 (19%), 32.28s] Loss: 0.003743 
2019-03-14 19:39:13,324 - ClusterTrainer - INFO -    > [104960/517313 (20%), 31.64s] Loss: 0.003800 
2019-03-14 19:39:16,337 - ClusterTrainer - INFO -    > [113024/517313 (22%), 30.33s] Loss: 0.003944 
2019-03-14 19:39:19,363 - ClusterTrainer - INFO -    > [121088/517313 (23%), 30.46s] Loss: 0.003571 
2019-03-14 19:39:22,376 - ClusterTrainer - INFO -    > [129152/517313 (25%), 29.90s] Loss: 0.003867 
2019-03-14 19:39:25,400 - ClusterTrainer - INFO -    > [137216/517313 (26%), 28.86s] Loss: 0.003546 
2019-03-14 19:39:28,419 - ClusterTrainer - INFO -    > [145280/517313 (28%), 29.54s] Loss: 0.003489 
2019-03-14 19:39:31,436 - ClusterTrainer - INFO -    > [153344/517313 (30%), 27.09s] Loss: 0.003803 
2019-03-14 19:39:34,455 - ClusterTrainer - INFO -    > [161408/517313 (31%), 26.74s] Loss: 0.003469 
2019-03-14 19:39:37,467 - ClusterTrainer - INFO -    > [169472/517313 (33%), 26.21s] Loss: 0.003384 
2019-03-14 19:39:40,480 - ClusterTrainer - INFO -    > [177536/517313 (34%), 25.19s] Loss: 0.003266 
2019-03-14 19:39:43,628 - ClusterTrainer - INFO -    > [185600/517313 (36%), 25.17s] Loss: 0.003261 
2019-03-14 19:39:46,645 - ClusterTrainer - INFO -    > [193664/517313 (37%), 24.12s] Loss: 0.003192 
2019-03-14 19:39:49,664 - ClusterTrainer - INFO -    > [201728/517313 (39%), 24.28s] Loss: 0.003233 
2019-03-14 19:39:52,684 - ClusterTrainer - INFO -    > [209792/517313 (41%), 23.30s] Loss: 0.003317 
2019-03-14 19:39:55,707 - ClusterTrainer - INFO -    > [217856/517313 (42%), 22.35s] Loss: 0.003337 
2019-03-14 19:39:58,730 - ClusterTrainer - INFO -    > [225920/517313 (44%), 21.83s] Loss: 0.003197 
2019-03-14 19:40:01,744 - ClusterTrainer - INFO -    > [233984/517313 (45%), 20.86s] Loss: 0.003214 
2019-03-14 19:40:04,777 - ClusterTrainer - INFO -    > [242048/517313 (47%), 20.54s] Loss: 0.003272 
2019-03-14 19:40:07,792 - ClusterTrainer - INFO -    > [250112/517313 (48%), 20.49s] Loss: 0.003150 
2019-03-14 19:40:10,808 - ClusterTrainer - INFO -    > [258176/517313 (50%), 19.81s] Loss: 0.003346 
2019-03-14 19:40:13,824 - ClusterTrainer - INFO -    > [266240/517313 (51%), 18.93s] Loss: 0.003039 
2019-03-14 19:40:16,841 - ClusterTrainer - INFO -    > [274304/517313 (53%), 18.32s] Loss: 0.003194 
2019-03-14 19:40:19,855 - ClusterTrainer - INFO -    > [282368/517313 (55%), 17.47s] Loss: 0.003227 
2019-03-14 19:40:22,873 - ClusterTrainer - INFO -    > [290432/517313 (56%), 17.64s] Loss: 0.002942 
2019-03-14 19:40:25,893 - ClusterTrainer - INFO -    > [298496/517313 (58%), 16.59s] Loss: 0.003195 
2019-03-14 19:40:28,910 - ClusterTrainer - INFO -    > [306560/517313 (59%), 16.02s] Loss: 0.003116 
2019-03-14 19:40:31,927 - ClusterTrainer - INFO -    > [314624/517313 (61%), 15.23s] Loss: 0.003000 
2019-03-14 19:40:34,942 - ClusterTrainer - INFO -    > [322688/517313 (62%), 14.92s] Loss: 0.003018 
2019-03-14 19:40:37,959 - ClusterTrainer - INFO -    > [330752/517313 (64%), 14.22s] Loss: 0.003254 
2019-03-14 19:40:40,972 - ClusterTrainer - INFO -    > [338816/517313 (65%), 13.24s] Loss: 0.003015 
2019-03-14 19:40:43,988 - ClusterTrainer - INFO -    > [346880/517313 (67%), 12.64s] Loss: 0.002690 
2019-03-14 19:40:47,006 - ClusterTrainer - INFO -    > [354944/517313 (69%), 12.22s] Loss: 0.003103 
2019-03-14 19:40:50,021 - ClusterTrainer - INFO -    > [363008/517313 (70%), 11.53s] Loss: 0.003205 
2019-03-14 19:40:53,040 - ClusterTrainer - INFO -    > [371072/517313 (72%), 11.05s] Loss: 0.003225 
2019-03-14 19:40:56,071 - ClusterTrainer - INFO -    > [379136/517313 (73%), 10.55s] Loss: 0.002944 
2019-03-14 19:40:59,087 - ClusterTrainer - INFO -    > [387200/517313 (75%), 9.80s] Loss: 0.002717 
2019-03-14 19:41:02,103 - ClusterTrainer - INFO -    > [395264/517313 (76%), 9.21s] Loss: 0.003179 
2019-03-14 19:41:05,120 - ClusterTrainer - INFO -    > [403328/517313 (78%), 8.58s] Loss: 0.003108 
2019-03-14 19:41:08,136 - ClusterTrainer - INFO -    > [411392/517313 (79%), 8.13s] Loss: 0.002912 
2019-03-14 19:41:11,155 - ClusterTrainer - INFO -    > [419456/517313 (81%), 7.28s] Loss: 0.002889 
2019-03-14 19:41:14,167 - ClusterTrainer - INFO -    > [427520/517313 (83%), 6.86s] Loss: 0.003136 
2019-03-14 19:41:17,181 - ClusterTrainer - INFO -    > [435584/517313 (84%), 6.04s] Loss: 0.002886 
2019-03-14 19:41:20,188 - ClusterTrainer - INFO -    > [443648/517313 (86%), 5.58s] Loss: 0.003095 
2019-03-14 19:41:23,199 - ClusterTrainer - INFO -    > [451712/517313 (87%), 4.90s] Loss: 0.002814 
2019-03-14 19:41:26,215 - ClusterTrainer - INFO -    > [459776/517313 (89%), 4.41s] Loss: 0.003046 
2019-03-14 19:41:29,233 - ClusterTrainer - INFO -    > [467840/517313 (90%), 3.71s] Loss: 0.002934 
2019-03-14 19:41:32,247 - ClusterTrainer - INFO -    > [475904/517313 (92%), 3.08s] Loss: 0.002914 
2019-03-14 19:41:35,262 - ClusterTrainer - INFO -    > [483968/517313 (94%), 2.48s] Loss: 0.003006 
2019-03-14 19:41:38,278 - ClusterTrainer - INFO -    > [492032/517313 (95%), 1.93s] Loss: 0.002966 
2019-03-14 19:41:41,296 - ClusterTrainer - INFO -    > [500096/517313 (97%), 1.33s] Loss: 0.002824 
2019-03-14 19:41:44,315 - ClusterTrainer - INFO -    > [508160/517313 (98%), 0.69s] Loss: 0.003065 
2019-03-14 19:41:47,328 - ClusterTrainer - INFO -    > [516224/517313 (100%), 0.10s] Loss: 0.002984 
2019-03-14 19:41:47,747 - ClusterTrainer - INFO -    > Total loss: 0.003844
2019-03-14 19:41:47,748 - ClusterTrainer - INFO - Valid Epoch: 0
2019-03-14 19:41:47,791 - ClusterTrainer - INFO -    > [128/27436 (0%), 0.72s] Loss: 0.003584 
2019-03-14 19:41:50,399 - ClusterTrainer - INFO -    > [8192/27436 (29%), 0.53s] Loss: 0.002482 
2019-03-14 19:41:53,022 - ClusterTrainer - INFO -    > [16256/27436 (59%), 0.30s] Loss: 0.001832 
2019-03-14 19:41:55,633 - ClusterTrainer - INFO -    > [24320/27436 (88%), 0.09s] Loss: 0.001217 
2019-03-14 19:41:56,642 - ClusterTrainer - INFO -    > Total loss: 0.002275
2019-03-14 19:45:39,786 - ClusterTrainer - INFO - Saving checkpoint: logs/conv_ae_horoma/0314_172853/13/last_checkpoint.pth ...
2019-03-14 20:18:05,650 - ClusterTrainer - INFO - Saving best checkpoint: logs/conv_ae_horoma/0314_172853/13/best_checkpoint.pth ...
2019-03-14 20:18:45,353 - ClusterTrainer - INFO - Saving best checkpoint: logs/conv_ae_horoma/0314_172853/13/best_checkpoint_kmeans100-F1.pth ...
2019-03-14 20:19:34,670 - ClusterTrainer - INFO - Saving best checkpoint: logs/conv_ae_horoma/0314_172853/13/best_checkpoint_kmeans100-accuracy.pth ...
2019-03-14 20:19:37,711 - ClusterTrainer - INFO - |  Hyperparameter  |         Value         |
| :--------------- | :-------------------- |
| lr               | 0.0009986282736502486 |
| code_size        | 66                    |
| lin2_in_channels | 54                    |
| dropout          | 0.12263153113010447   |

2019-03-14 20:19:37,714 - ClusterTrainer - INFO - Train Epoch: 0
2019-03-14 20:19:37,796 - ClusterTrainer - INFO -    > [128/517313 (0%), 38.83s] Loss: 0.076986 
2019-03-14 20:19:40,790 - ClusterTrainer - INFO -    > [8192/517313 (2%), 38.12s] Loss: 0.008930 
2019-03-14 20:19:43,782 - ClusterTrainer - INFO -    > [16256/517313 (3%), 36.89s] Loss: 0.006597 
2019-03-14 20:19:46,793 - ClusterTrainer - INFO -    > [24320/517313 (5%), 36.78s] Loss: 0.006080 
2019-03-14 20:19:49,801 - ClusterTrainer - INFO -    > [32384/517313 (6%), 36.13s] Loss: 0.005166 
2019-03-14 20:19:52,842 - ClusterTrainer - INFO -    > [40448/517313 (8%), 36.24s] Loss: 0.004727 
2019-03-14 20:19:55,854 - ClusterTrainer - INFO -    > [48512/517313 (9%), 35.58s] Loss: 0.003959 
2019-03-14 20:19:58,868 - ClusterTrainer - INFO -    > [56576/517313 (11%), 34.43s] Loss: 0.003942 
2019-03-14 20:20:01,883 - ClusterTrainer - INFO -    > [64640/517313 (12%), 35.53s] Loss: 0.003605 
2019-03-14 20:20:04,888 - ClusterTrainer - INFO -    > [72704/517313 (14%), 33.05s] Loss: 0.003459 
2019-03-14 20:20:07,883 - ClusterTrainer - INFO -    > [80768/517313 (16%), 31.88s] Loss: 0.003036 
2019-03-14 20:20:10,882 - ClusterTrainer - INFO -    > [88832/517313 (17%), 31.63s] Loss: 0.003321 
2019-03-14 20:20:13,877 - ClusterTrainer - INFO -    > [96896/517313 (19%), 31.04s] Loss: 0.002988 
2019-03-14 20:20:16,869 - ClusterTrainer - INFO -    > [104960/517313 (20%), 30.88s] Loss: 0.002709 
2019-03-14 20:20:19,863 - ClusterTrainer - INFO -    > [113024/517313 (22%), 30.20s] Loss: 0.002840 
2019-03-14 20:20:22,862 - ClusterTrainer - INFO -    > [121088/517313 (23%), 29.31s] Loss: 0.002762 
2019-03-14 20:20:25,858 - ClusterTrainer - INFO -    > [129152/517313 (25%), 28.74s] Loss: 0.002803 
2019-03-14 20:20:28,850 - ClusterTrainer - INFO -    > [137216/517313 (26%), 28.10s] Loss: 0.002759 
2019-03-14 20:20:31,840 - ClusterTrainer - INFO -    > [145280/517313 (28%), 27.94s] Loss: 0.002457 
2019-03-14 20:20:34,836 - ClusterTrainer - INFO -    > [153344/517313 (30%), 26.82s] Loss: 0.002540 
2019-03-14 20:20:37,833 - ClusterTrainer - INFO -    > [161408/517313 (31%), 26.32s] Loss: 0.002383 
2019-03-14 20:20:40,825 - ClusterTrainer - INFO -    > [169472/517313 (33%), 25.69s] Loss: 0.002558 
2019-03-14 20:20:45,056 - ClusterTrainer - INFO -    > [177536/517313 (34%), 25.46s] Loss: 0.002300 
2019-03-14 20:20:48,047 - ClusterTrainer - INFO -    > [185600/517313 (36%), 25.57s] Loss: 0.002414 
2019-03-14 20:20:51,037 - ClusterTrainer - INFO -    > [193664/517313 (37%), 24.10s] Loss: 0.002261 
2019-03-14 20:20:54,027 - ClusterTrainer - INFO -    > [201728/517313 (39%), 23.57s] Loss: 0.002236 
2019-03-14 20:20:57,014 - ClusterTrainer - INFO -    > [209792/517313 (41%), 22.85s] Loss: 0.002230 
2019-03-14 20:21:00,005 - ClusterTrainer - INFO -    > [217856/517313 (42%), 22.20s] Loss: 0.002353 
2019-03-14 20:21:02,992 - ClusterTrainer - INFO -    > [225920/517313 (44%), 21.80s] Loss: 0.002135 
2019-03-14 20:21:05,981 - ClusterTrainer - INFO -    > [233984/517313 (45%), 20.96s] Loss: 0.002187 
2019-03-14 20:21:08,968 - ClusterTrainer - INFO -    > [242048/517313 (47%), 20.49s] Loss: 0.002260 
2019-03-14 20:21:11,955 - ClusterTrainer - INFO -    > [250112/517313 (48%), 19.64s] Loss: 0.002194 
2019-03-14 20:21:14,946 - ClusterTrainer - INFO -    > [258176/517313 (50%), 19.89s] Loss: 0.002053 
2019-03-14 20:21:17,936 - ClusterTrainer - INFO -    > [266240/517313 (51%), 18.43s] Loss: 0.002050 
2019-03-14 20:21:20,923 - ClusterTrainer - INFO -    > [274304/517313 (53%), 18.03s] Loss: 0.002002 
2019-03-14 20:21:23,912 - ClusterTrainer - INFO -    > [282368/517313 (55%), 17.54s] Loss: 0.001924 
2019-03-14 20:21:26,897 - ClusterTrainer - INFO -    > [290432/517313 (56%), 16.79s] Loss: 0.001923 
2019-03-14 20:21:29,886 - ClusterTrainer - INFO -    > [298496/517313 (58%), 16.27s] Loss: 0.002059 
2019-03-14 20:21:32,877 - ClusterTrainer - INFO -    > [306560/517313 (59%), 15.75s] Loss: 0.002111 
2019-03-14 20:21:35,867 - ClusterTrainer - INFO -    > [314624/517313 (61%), 15.02s] Loss: 0.001930 
2019-03-14 20:21:38,855 - ClusterTrainer - INFO -    > [322688/517313 (62%), 14.51s] Loss: 0.002061 
2019-03-14 20:21:41,845 - ClusterTrainer - INFO -    > [330752/517313 (64%), 13.73s] Loss: 0.002036 
2019-03-14 20:21:44,849 - ClusterTrainer - INFO -    > [338816/517313 (65%), 13.35s] Loss: 0.001949 
2019-03-14 20:21:47,853 - ClusterTrainer - INFO -    > [346880/517313 (67%), 12.60s] Loss: 0.001939 
2019-03-14 20:21:50,893 - ClusterTrainer - INFO -    > [354944/517313 (69%), 12.33s] Loss: 0.002006 
2019-03-14 20:21:53,898 - ClusterTrainer - INFO -    > [363008/517313 (70%), 11.69s] Loss: 0.002020 
2019-03-14 20:21:56,908 - ClusterTrainer - INFO -    > [371072/517313 (72%), 11.00s] Loss: 0.001997 
2019-03-14 20:21:59,926 - ClusterTrainer - INFO -    > [379136/517313 (73%), 10.69s] Loss: 0.001911 
2019-03-14 20:22:02,929 - ClusterTrainer - INFO -    > [387200/517313 (75%), 9.61s] Loss: 0.001761 
2019-03-14 20:22:05,924 - ClusterTrainer - INFO -    > [395264/517313 (76%), 8.97s] Loss: 0.001721 
2019-03-14 20:22:08,919 - ClusterTrainer - INFO -    > [403328/517313 (78%), 8.48s] Loss: 0.001790 
2019-03-14 20:22:11,913 - ClusterTrainer - INFO -    > [411392/517313 (79%), 7.92s] Loss: 0.001938 
2019-03-14 20:22:14,910 - ClusterTrainer - INFO -    > [419456/517313 (81%), 7.28s] Loss: 0.001755 
2019-03-14 20:22:17,902 - ClusterTrainer - INFO -    > [427520/517313 (83%), 6.68s] Loss: 0.001837 
2019-03-14 20:22:20,897 - ClusterTrainer - INFO -    > [435584/517313 (84%), 6.06s] Loss: 0.001727 
2019-03-14 20:22:23,894 - ClusterTrainer - INFO -    > [443648/517313 (86%), 5.48s] Loss: 0.001774 
2019-03-14 20:22:26,891 - ClusterTrainer - INFO -    > [451712/517313 (87%), 4.89s] Loss: 0.001762 
2019-03-14 20:22:29,888 - ClusterTrainer - INFO -    > [459776/517313 (89%), 4.33s] Loss: 0.001785 
2019-03-14 20:22:32,888 - ClusterTrainer - INFO -    > [467840/517313 (90%), 3.72s] Loss: 0.001677 
2019-03-14 20:22:35,882 - ClusterTrainer - INFO -    > [475904/517313 (92%), 3.10s] Loss: 0.001719 
2019-03-14 20:22:38,878 - ClusterTrainer - INFO -    > [483968/517313 (94%), 2.50s] Loss: 0.001921 
2019-03-14 20:22:41,871 - ClusterTrainer - INFO -    > [492032/517313 (95%), 1.89s] Loss: 0.002009 
2019-03-14 20:22:44,865 - ClusterTrainer - INFO -    > [500096/517313 (97%), 1.29s] Loss: 0.001713 
2019-03-14 20:22:47,859 - ClusterTrainer - INFO -    > [508160/517313 (98%), 0.69s] Loss: 0.001727 
2019-03-14 20:22:50,856 - ClusterTrainer - INFO -    > [516224/517313 (100%), 0.09s] Loss: 0.001786 
2019-03-14 20:22:51,270 - ClusterTrainer - INFO -    > Total loss: 0.002822
2019-03-14 20:22:51,272 - ClusterTrainer - INFO - Valid Epoch: 0
2019-03-14 20:22:51,315 - ClusterTrainer - INFO -    > [128/27436 (0%), 0.68s] Loss: 0.002055 
2019-03-14 20:22:53,900 - ClusterTrainer - INFO -    > [8192/27436 (29%), 0.49s] Loss: 0.001146 
2019-03-14 20:22:56,485 - ClusterTrainer - INFO -    > [16256/27436 (59%), 0.28s] Loss: 0.001537 
2019-03-14 20:22:59,077 - ClusterTrainer - INFO -    > [24320/27436 (88%), 0.09s] Loss: 0.000914 
2019-03-14 20:23:00,080 - ClusterTrainer - INFO -    > Total loss: 0.001561
2019-03-14 20:26:34,931 - ClusterTrainer - INFO - Saving checkpoint: logs/conv_ae_horoma/0314_172853/14/last_checkpoint.pth ...
2019-03-14 20:27:12,981 - ClusterTrainer - INFO - Saving best checkpoint: logs/conv_ae_horoma/0314_172853/14/best_checkpoint.pth ...
2019-03-14 20:27:49,352 - ClusterTrainer - INFO - Saving best checkpoint: logs/conv_ae_horoma/0314_172853/14/best_checkpoint_kmeans100-F1.pth ...
2019-03-14 20:28:27,083 - ClusterTrainer - INFO - Saving best checkpoint: logs/conv_ae_horoma/0314_172853/14/best_checkpoint_kmeans100-accuracy.pth ...
2019-03-14 20:28:30,227 - ClusterTrainer - INFO - |  Hyperparameter  |         Value          |
| :--------------- | :--------------------- |
| lr               | 1.0407300065182424e-05 |
| code_size        | 30                     |
| lin2_in_channels | 114                    |
| dropout          | 0.10616777869523882    |

2019-03-14 20:28:30,232 - ClusterTrainer - INFO - Train Epoch: 0
2019-03-14 20:28:30,313 - ClusterTrainer - INFO -    > [128/517313 (0%), 38.75s] Loss: 0.072714 
2019-03-14 20:28:33,307 - ClusterTrainer - INFO -    > [8192/517313 (2%), 37.91s] Loss: 0.076034 
2019-03-14 20:28:36,308 - ClusterTrainer - INFO -    > [16256/517313 (3%), 37.21s] Loss: 0.061155 
2019-03-14 20:28:39,307 - ClusterTrainer - INFO -    > [24320/517313 (5%), 37.85s] Loss: 0.040967 
2019-03-14 20:28:42,300 - ClusterTrainer - INFO -    > [32384/517313 (6%), 36.17s] Loss: 0.033570 
2019-03-14 20:28:45,287 - ClusterTrainer - INFO -    > [40448/517313 (8%), 35.40s] Loss: 0.029754 
2019-03-14 20:28:48,289 - ClusterTrainer - INFO -    > [48512/517313 (9%), 35.00s] Loss: 0.027691 
2019-03-14 20:28:51,330 - ClusterTrainer - INFO -    > [56576/517313 (11%), 34.76s] Loss: 0.027826 
2019-03-14 20:28:54,340 - ClusterTrainer - INFO -    > [64640/517313 (12%), 33.97s] Loss: 0.026466 
2019-03-14 20:28:57,352 - ClusterTrainer - INFO -    > [72704/517313 (14%), 33.71s] Loss: 0.024749 
2019-03-14 20:29:00,365 - ClusterTrainer - INFO -    > [80768/517313 (16%), 32.79s] Loss: 0.022058 
2019-03-14 20:29:03,381 - ClusterTrainer - INFO -    > [88832/517313 (17%), 31.97s] Loss: 0.018731 
2019-03-14 20:29:06,373 - ClusterTrainer - INFO -    > [96896/517313 (19%), 31.49s] Loss: 0.016662 
2019-03-14 20:29:09,367 - ClusterTrainer - INFO -    > [104960/517313 (20%), 30.57s] Loss: 0.014459 
2019-03-14 20:29:12,353 - ClusterTrainer - INFO -    > [113024/517313 (22%), 30.86s] Loss: 0.014678 
2019-03-14 20:29:15,342 - ClusterTrainer - INFO -    > [121088/517313 (23%), 29.20s] Loss: 0.011883 
2019-03-14 20:29:18,331 - ClusterTrainer - INFO -    > [129152/517313 (25%), 28.70s] Loss: 0.013135 
2019-03-14 20:29:21,320 - ClusterTrainer - INFO -    > [137216/517313 (26%), 28.31s] Loss: 0.012131 
2019-03-14 20:29:24,311 - ClusterTrainer - INFO -    > [145280/517313 (28%), 27.74s] Loss: 0.009912 
2019-03-14 20:29:27,304 - ClusterTrainer - INFO -    > [153344/517313 (30%), 27.27s] Loss: 0.009717 
2019-03-14 20:29:30,295 - ClusterTrainer - INFO -    > [161408/517313 (31%), 26.20s] Loss: 0.011699 
2019-03-14 20:29:33,287 - ClusterTrainer - INFO -    > [169472/517313 (33%), 26.31s] Loss: 0.010977 
2019-03-14 20:29:36,279 - ClusterTrainer - INFO -    > [177536/517313 (34%), 25.29s] Loss: 0.009931 
2019-03-14 20:29:39,271 - ClusterTrainer - INFO -    > [185600/517313 (36%), 24.34s] Loss: 0.011050 
2019-03-14 20:29:42,430 - ClusterTrainer - INFO -    > [193664/517313 (37%), 24.15s] Loss: 0.009723 
2019-03-14 20:29:45,421 - ClusterTrainer - INFO -    > [201728/517313 (39%), 23.18s] Loss: 0.009366 
2019-03-14 20:29:48,409 - ClusterTrainer - INFO -    > [209792/517313 (41%), 22.97s] Loss: 0.010333 
2019-03-14 20:29:51,399 - ClusterTrainer - INFO -    > [217856/517313 (42%), 22.43s] Loss: 0.011313 
2019-03-14 20:29:54,390 - ClusterTrainer - INFO -    > [225920/517313 (44%), 21.42s] Loss: 0.011188 
2019-03-14 20:29:57,377 - ClusterTrainer - INFO -    > [233984/517313 (45%), 21.21s] Loss: 0.010960 
2019-03-14 20:30:00,368 - ClusterTrainer - INFO -    > [242048/517313 (47%), 20.19s] Loss: 0.010571 
2019-03-14 20:30:03,360 - ClusterTrainer - INFO -    > [250112/517313 (48%), 20.53s] Loss: 0.012029 
2019-03-14 20:30:06,348 - ClusterTrainer - INFO -    > [258176/517313 (50%), 19.23s] Loss: 0.011843 
2019-03-14 20:30:09,356 - ClusterTrainer - INFO -    > [266240/517313 (51%), 18.81s] Loss: 0.009790 
2019-03-14 20:30:12,363 - ClusterTrainer - INFO -    > [274304/517313 (53%), 18.37s] Loss: 0.010011 
2019-03-14 20:30:15,406 - ClusterTrainer - INFO -    > [282368/517313 (55%), 18.06s] Loss: 0.011115 
2019-03-14 20:30:18,417 - ClusterTrainer - INFO -    > [290432/517313 (56%), 17.35s] Loss: 0.009363 
2019-03-14 20:30:21,429 - ClusterTrainer - INFO -    > [298496/517313 (58%), 16.67s] Loss: 0.009699 
2019-03-14 20:30:24,445 - ClusterTrainer - INFO -    > [306560/517313 (59%), 16.13s] Loss: 0.009638 
2019-03-14 20:30:27,453 - ClusterTrainer - INFO -    > [314624/517313 (61%), 15.14s] Loss: 0.010909 
2019-03-14 20:30:30,455 - ClusterTrainer - INFO -    > [322688/517313 (62%), 14.38s] Loss: 0.009735 
2019-03-14 20:30:33,449 - ClusterTrainer - INFO -    > [330752/517313 (64%), 13.84s] Loss: 0.009182 
2019-03-14 20:30:36,447 - ClusterTrainer - INFO -    > [338816/517313 (65%), 13.23s] Loss: 0.008611 
2019-03-14 20:30:39,443 - ClusterTrainer - INFO -    > [346880/517313 (67%), 12.74s] Loss: 0.009119 
2019-03-14 20:30:42,444 - ClusterTrainer - INFO -    > [354944/517313 (69%), 12.12s] Loss: 0.009818 
2019-03-14 20:30:45,438 - ClusterTrainer - INFO -    > [363008/517313 (70%), 11.54s] Loss: 0.010297 
2019-03-14 20:30:48,434 - ClusterTrainer - INFO -    > [371072/517313 (72%), 11.00s] Loss: 0.009717 
2019-03-14 20:30:51,430 - ClusterTrainer - INFO -    > [379136/517313 (73%), 10.59s] Loss: 0.008830 
2019-03-14 20:30:54,424 - ClusterTrainer - INFO -    > [387200/517313 (75%), 9.71s] Loss: 0.008998 
2019-03-14 20:30:57,422 - ClusterTrainer - INFO -    > [395264/517313 (76%), 9.14s] Loss: 0.009518 
2019-03-14 20:31:00,421 - ClusterTrainer - INFO -    > [403328/517313 (78%), 8.52s] Loss: 0.009617 
2019-03-14 20:31:03,413 - ClusterTrainer - INFO -    > [411392/517313 (79%), 8.10s] Loss: 0.009149 
2019-03-14 20:31:06,408 - ClusterTrainer - INFO -    > [419456/517313 (81%), 7.43s] Loss: 0.008357 
2019-03-14 20:31:09,403 - ClusterTrainer - INFO -    > [427520/517313 (83%), 6.83s] Loss: 0.009035 
2019-03-14 20:31:12,400 - ClusterTrainer - INFO -    > [435584/517313 (84%), 6.14s] Loss: 0.008517 
2019-03-14 20:31:15,398 - ClusterTrainer - INFO -    > [443648/517313 (86%), 5.45s] Loss: 0.008784 
2019-03-14 20:31:18,392 - ClusterTrainer - INFO -    > [451712/517313 (87%), 4.92s] Loss: 0.007679 
2019-03-14 20:31:21,387 - ClusterTrainer - INFO -    > [459776/517313 (89%), 4.26s] Loss: 0.006965 
2019-03-14 20:31:24,385 - ClusterTrainer - INFO -    > [467840/517313 (90%), 3.69s] Loss: 0.007437 
2019-03-14 20:31:27,379 - ClusterTrainer - INFO -    > [475904/517313 (92%), 3.07s] Loss: 0.007071 
2019-03-14 20:31:30,378 - ClusterTrainer - INFO -    > [483968/517313 (94%), 2.46s] Loss: 0.007308 
2019-03-14 20:31:33,375 - ClusterTrainer - INFO -    > [492032/517313 (95%), 1.88s] Loss: 0.007354 
2019-03-14 20:31:36,373 - ClusterTrainer - INFO -    > [500096/517313 (97%), 1.30s] Loss: 0.007678 
2019-03-14 20:31:39,368 - ClusterTrainer - INFO -    > [508160/517313 (98%), 0.69s] Loss: 0.007054 
2019-03-14 20:31:42,362 - ClusterTrainer - INFO -    > [516224/517313 (100%), 0.10s] Loss: 0.007353 
2019-03-14 20:31:42,777 - ClusterTrainer - INFO -    > Total loss: 0.014812
2019-03-14 20:31:42,778 - ClusterTrainer - INFO - Valid Epoch: 0
2019-03-14 20:31:42,821 - ClusterTrainer - INFO -    > [128/27436 (0%), 0.67s] Loss: 0.008619 
2019-03-14 20:31:45,406 - ClusterTrainer - INFO -    > [8192/27436 (29%), 0.49s] Loss: 0.011038 
2019-03-14 20:31:47,994 - ClusterTrainer - INFO -    > [16256/27436 (59%), 0.28s] Loss: 0.007570 
2019-03-14 20:31:50,578 - ClusterTrainer - INFO -    > [24320/27436 (88%), 0.08s] Loss: 0.008713 
2019-03-14 20:31:51,581 - ClusterTrainer - INFO -    > Total loss: 0.007500
2019-03-14 20:35:47,723 - ClusterTrainer - INFO - Saving checkpoint: logs/conv_ae_horoma/0314_172853/15/last_checkpoint.pth ...
2019-03-14 20:36:31,585 - ClusterTrainer - INFO - Saving best checkpoint: logs/conv_ae_horoma/0314_172853/15/best_checkpoint.pth ...
2019-03-14 20:37:09,447 - ClusterTrainer - INFO - Saving best checkpoint: logs/conv_ae_horoma/0314_172853/15/best_checkpoint_kmeans100-F1.pth ...
2019-03-14 20:37:52,764 - ClusterTrainer - INFO - Saving best checkpoint: logs/conv_ae_horoma/0314_172853/15/best_checkpoint_kmeans100-accuracy.pth ...
2019-03-14 20:37:55,930 - ClusterTrainer - INFO - |  Hyperparameter  |        Value         |
| :--------------- | :------------------- |
| lr               | 0.000992290590222059 |
| code_size        | 34                   |
| lin2_in_channels | 51                   |
| dropout          | 0.4428684905463708   |

2019-03-14 20:37:55,933 - ClusterTrainer - INFO - Train Epoch: 0
2019-03-14 20:37:56,015 - ClusterTrainer - INFO -    > [128/517313 (0%), 38.71s] Loss: 0.074147 
2019-03-14 20:37:59,013 - ClusterTrainer - INFO -    > [8192/517313 (2%), 37.61s] Loss: 0.008839 
2019-03-14 20:38:02,009 - ClusterTrainer - INFO -    > [16256/517313 (3%), 36.98s] Loss: 0.007599 
2019-03-14 20:38:05,008 - ClusterTrainer - INFO -    > [24320/517313 (5%), 37.76s] Loss: 0.006183 
2019-03-14 20:38:08,010 - ClusterTrainer - INFO -    > [32384/517313 (6%), 35.59s] Loss: 0.005667 
2019-03-14 20:38:11,005 - ClusterTrainer - INFO -    > [40448/517313 (8%), 35.14s] Loss: 0.005411 
2019-03-14 20:38:13,998 - ClusterTrainer - INFO -    > [48512/517313 (9%), 34.57s] Loss: 0.004668 
2019-03-14 20:38:16,987 - ClusterTrainer - INFO -    > [56576/517313 (11%), 33.84s] Loss: 0.004357 
2019-03-14 20:38:19,978 - ClusterTrainer - INFO -    > [64640/517313 (12%), 33.23s] Loss: 0.004600 
2019-03-14 20:38:22,969 - ClusterTrainer - INFO -    > [72704/517313 (14%), 33.35s] Loss: 0.004120 
2019-03-14 20:38:25,961 - ClusterTrainer - INFO -    > [80768/517313 (16%), 32.09s] Loss: 0.003974 
2019-03-14 20:38:28,955 - ClusterTrainer - INFO -    > [88832/517313 (17%), 31.64s] Loss: 0.004010 
2019-03-14 20:38:31,948 - ClusterTrainer - INFO -    > [96896/517313 (19%), 31.14s] Loss: 0.004112 
2019-03-14 20:38:34,939 - ClusterTrainer - INFO -    > [104960/517313 (20%), 30.36s] Loss: 0.003833 
2019-03-14 20:38:37,928 - ClusterTrainer - INFO -    > [113024/517313 (22%), 30.89s] Loss: 0.003863 
2019-03-14 20:38:40,919 - ClusterTrainer - INFO -    > [121088/517313 (23%), 29.32s] Loss: 0.003695 
2019-03-14 20:38:43,913 - ClusterTrainer - INFO -    > [129152/517313 (25%), 28.44s] Loss: 0.003528 
2019-03-14 20:38:46,906 - ClusterTrainer - INFO -    > [137216/517313 (26%), 28.33s] Loss: 0.003602 
2019-03-14 20:38:49,896 - ClusterTrainer - INFO -    > [145280/517313 (28%), 27.68s] Loss: 0.003480 
2019-03-14 20:38:52,888 - ClusterTrainer - INFO -    > [153344/517313 (30%), 27.06s] Loss: 0.003375 
2019-03-14 20:38:55,881 - ClusterTrainer - INFO -    > [161408/517313 (31%), 26.48s] Loss: 0.003169 
2019-03-14 20:38:58,872 - ClusterTrainer - INFO -    > [169472/517313 (33%), 25.58s] Loss: 0.003186 
2019-03-14 20:39:01,863 - ClusterTrainer - INFO -    > [177536/517313 (34%), 25.46s] Loss: 0.003550 
2019-03-14 20:39:04,854 - ClusterTrainer - INFO -    > [185600/517313 (36%), 24.52s] Loss: 0.003326 
2019-03-14 20:39:07,846 - ClusterTrainer - INFO -    > [193664/517313 (37%), 23.87s] Loss: 0.003117 
2019-03-14 20:39:10,837 - ClusterTrainer - INFO -    > [201728/517313 (39%), 23.38s] Loss: 0.003003 
2019-03-14 20:39:13,826 - ClusterTrainer - INFO -    > [209792/517313 (41%), 22.58s] Loss: 0.003285 
2019-03-14 20:39:16,817 - ClusterTrainer - INFO -    > [217856/517313 (42%), 22.50s] Loss: 0.003199 
2019-03-14 20:39:19,811 - ClusterTrainer - INFO -    > [225920/517313 (44%), 21.87s] Loss: 0.003266 
2019-03-14 20:39:22,801 - ClusterTrainer - INFO -    > [233984/517313 (45%), 20.69s] Loss: 0.003074 
2019-03-14 20:39:25,796 - ClusterTrainer - INFO -    > [242048/517313 (47%), 20.43s] Loss: 0.003155 
2019-03-14 20:39:28,792 - ClusterTrainer - INFO -    > [250112/517313 (48%), 19.74s] Loss: 0.003074 
2019-03-14 20:39:31,785 - ClusterTrainer - INFO -    > [258176/517313 (50%), 19.41s] Loss: 0.003029 
2019-03-14 20:39:34,777 - ClusterTrainer - INFO -    > [266240/517313 (51%), 18.41s] Loss: 0.002914 
2019-03-14 20:39:37,780 - ClusterTrainer - INFO -    > [274304/517313 (53%), 18.49s] Loss: 0.002978 
2019-03-14 20:39:41,666 - ClusterTrainer - INFO -    > [282368/517313 (55%), 17.72s] Loss: 0.002926 
2019-03-14 20:39:44,659 - ClusterTrainer - INFO -    > [290432/517313 (56%), 16.71s] Loss: 0.002952 
2019-03-14 20:39:47,648 - ClusterTrainer - INFO -    > [298496/517313 (58%), 16.15s] Loss: 0.003032 
2019-03-14 20:39:50,643 - ClusterTrainer - INFO -    > [306560/517313 (59%), 15.61s] Loss: 0.003041 
2019-03-14 20:39:53,635 - ClusterTrainer - INFO -    > [314624/517313 (61%), 15.03s] Loss: 0.002859 
2019-03-14 20:39:56,624 - ClusterTrainer - INFO -    > [322688/517313 (62%), 14.36s] Loss: 0.002908 
2019-03-14 20:39:59,618 - ClusterTrainer - INFO -    > [330752/517313 (64%), 13.70s] Loss: 0.002875 
2019-03-14 20:40:02,608 - ClusterTrainer - INFO -    > [338816/517313 (65%), 13.26s] Loss: 0.002772 
2019-03-14 20:40:05,602 - ClusterTrainer - INFO -    > [346880/517313 (67%), 12.63s] Loss: 0.003160 
2019-03-14 20:40:08,593 - ClusterTrainer - INFO -    > [354944/517313 (69%), 11.99s] Loss: 0.003009 
2019-03-14 20:40:11,583 - ClusterTrainer - INFO -    > [363008/517313 (70%), 11.46s] Loss: 0.002917 
2019-03-14 20:40:14,575 - ClusterTrainer - INFO -    > [371072/517313 (72%), 10.76s] Loss: 0.003077 
2019-03-14 20:40:17,570 - ClusterTrainer - INFO -    > [379136/517313 (73%), 10.18s] Loss: 0.002948 
2019-03-14 20:40:20,562 - ClusterTrainer - INFO -    > [387200/517313 (75%), 9.59s] Loss: 0.002744 
2019-03-14 20:40:23,551 - ClusterTrainer - INFO -    > [395264/517313 (76%), 9.09s] Loss: 0.003115 
2019-03-14 20:40:26,542 - ClusterTrainer - INFO -    > [403328/517313 (78%), 8.50s] Loss: 0.002875 
2019-03-14 20:40:29,534 - ClusterTrainer - INFO -    > [411392/517313 (79%), 7.75s] Loss: 0.002920 
2019-03-14 20:40:32,529 - ClusterTrainer - INFO -    > [419456/517313 (81%), 7.20s] Loss: 0.002893 
2019-03-14 20:40:35,517 - ClusterTrainer - INFO -    > [427520/517313 (83%), 6.70s] Loss: 0.002786 
2019-03-14 20:40:38,513 - ClusterTrainer - INFO -    > [435584/517313 (84%), 6.17s] Loss: 0.002759 
2019-03-14 20:40:41,518 - ClusterTrainer - INFO -    > [443648/517313 (86%), 5.47s] Loss: 0.002716 
2019-03-14 20:40:44,564 - ClusterTrainer - INFO -    > [451712/517313 (87%), 4.85s] Loss: 0.003029 
2019-03-14 20:40:47,579 - ClusterTrainer - INFO -    > [459776/517313 (89%), 4.35s] Loss: 0.002654 
2019-03-14 20:40:50,586 - ClusterTrainer - INFO -    > [467840/517313 (90%), 3.73s] Loss: 0.002773 
2019-03-14 20:40:53,599 - ClusterTrainer - INFO -    > [475904/517313 (92%), 3.15s] Loss: 0.002619 
2019-03-14 20:40:56,607 - ClusterTrainer - INFO -    > [483968/517313 (94%), 2.48s] Loss: 0.002809 
2019-03-14 20:40:59,616 - ClusterTrainer - INFO -    > [492032/517313 (95%), 1.91s] Loss: 0.002774 
2019-03-14 20:41:02,627 - ClusterTrainer - INFO -    > [500096/517313 (97%), 1.29s] Loss: 0.002754 
2019-03-14 20:41:05,632 - ClusterTrainer - INFO -    > [508160/517313 (98%), 0.70s] Loss: 0.002876 
2019-03-14 20:41:08,642 - ClusterTrainer - INFO -    > [516224/517313 (100%), 0.10s] Loss: 0.002887 
2019-03-14 20:41:09,058 - ClusterTrainer - INFO -    > Total loss: 0.003705
2019-03-14 20:41:09,060 - ClusterTrainer - INFO - Valid Epoch: 0
2019-03-14 20:41:09,102 - ClusterTrainer - INFO -    > [128/27436 (0%), 0.70s] Loss: 0.003529 
2019-03-14 20:41:11,700 - ClusterTrainer - INFO -    > [8192/27436 (29%), 0.48s] Loss: 0.003202 
2019-03-14 20:41:14,293 - ClusterTrainer - INFO -    > [16256/27436 (59%), 0.28s] Loss: 0.001014 
2019-03-14 20:41:16,891 - ClusterTrainer - INFO -    > [24320/27436 (88%), 0.08s] Loss: 0.001760 
2019-03-14 20:41:17,897 - ClusterTrainer - INFO -    > Total loss: 0.002007
2019-03-14 20:45:18,467 - ClusterTrainer - INFO - Saving checkpoint: logs/conv_ae_horoma/0314_172853/16/last_checkpoint.pth ...
2019-03-14 20:45:59,372 - ClusterTrainer - INFO - Saving best checkpoint: logs/conv_ae_horoma/0314_172853/16/best_checkpoint.pth ...
2019-03-14 20:46:39,295 - ClusterTrainer - INFO - Saving best checkpoint: logs/conv_ae_horoma/0314_172853/16/best_checkpoint_kmeans100-F1.pth ...
2019-03-14 20:47:30,248 - ClusterTrainer - INFO - Saving best checkpoint: logs/conv_ae_horoma/0314_172853/16/best_checkpoint_kmeans100-accuracy.pth ...
2019-03-14 20:47:33,714 - ClusterTrainer - INFO - |  Hyperparameter  |         Value         |
| :--------------- | :-------------------- |
| lr               | 0.0009881816240096086 |
| code_size        | 74                    |
| lin2_in_channels | 117                   |
| dropout          | 0.22496288436006429   |

2019-03-14 20:47:33,718 - ClusterTrainer - INFO - Train Epoch: 0
2019-03-14 20:47:33,800 - ClusterTrainer - INFO -    > [128/517313 (0%), 39.03s] Loss: 0.076645 
2019-03-14 20:47:36,852 - ClusterTrainer - INFO -    > [8192/517313 (2%), 39.11s] Loss: 0.009435 
2019-03-14 20:47:39,917 - ClusterTrainer - INFO -    > [16256/517313 (3%), 38.83s] Loss: 0.006901 
2019-03-14 20:47:42,973 - ClusterTrainer - INFO -    > [24320/517313 (5%), 36.86s] Loss: 0.005542 
2019-03-14 20:47:46,014 - ClusterTrainer - INFO -    > [32384/517313 (6%), 36.93s] Loss: 0.005000 
2019-03-14 20:47:49,058 - ClusterTrainer - INFO -    > [40448/517313 (8%), 36.81s] Loss: 0.004704 
2019-03-14 20:47:52,104 - ClusterTrainer - INFO -    > [48512/517313 (9%), 36.10s] Loss: 0.004049 
2019-03-14 20:47:55,148 - ClusterTrainer - INFO -    > [56576/517313 (11%), 35.50s] Loss: 0.003803 
2019-03-14 20:47:58,193 - ClusterTrainer - INFO -    > [64640/517313 (12%), 34.88s] Loss: 0.003514 
2019-03-14 20:48:01,240 - ClusterTrainer - INFO -    > [72704/517313 (14%), 34.40s] Loss: 0.003474 
2019-03-14 20:48:04,287 - ClusterTrainer - INFO -    > [80768/517313 (16%), 33.53s] Loss: 0.003354 
2019-03-14 20:48:07,332 - ClusterTrainer - INFO -    > [88832/517313 (17%), 32.61s] Loss: 0.003002 
2019-03-14 20:48:10,378 - ClusterTrainer - INFO -    > [96896/517313 (19%), 32.24s] Loss: 0.003046 
2019-03-14 20:48:13,425 - ClusterTrainer - INFO -    > [104960/517313 (20%), 32.49s] Loss: 0.003396 
2019-03-14 20:48:16,472 - ClusterTrainer - INFO -    > [113024/517313 (22%), 30.74s] Loss: 0.003069 
2019-03-14 20:48:19,516 - ClusterTrainer - INFO -    > [121088/517313 (23%), 30.42s] Loss: 0.002907 
2019-03-14 20:48:22,562 - ClusterTrainer - INFO -    > [129152/517313 (25%), 29.42s] Loss: 0.002655 
2019-03-14 20:48:25,603 - ClusterTrainer - INFO -    > [137216/517313 (26%), 29.09s] Loss: 0.002773 
2019-03-14 20:48:28,647 - ClusterTrainer - INFO -    > [145280/517313 (28%), 28.90s] Loss: 0.002913 
2019-03-14 20:48:31,691 - ClusterTrainer - INFO -    > [153344/517313 (30%), 28.32s] Loss: 0.002393 
2019-03-14 20:48:34,745 - ClusterTrainer - INFO -    > [161408/517313 (31%), 27.36s] Loss: 0.002669 
2019-03-14 20:48:37,777 - ClusterTrainer - INFO -    > [169472/517313 (33%), 26.95s] Loss: 0.002385 
2019-03-14 20:48:40,822 - ClusterTrainer - INFO -    > [177536/517313 (34%), 26.40s] Loss: 0.002305 
2019-03-14 20:48:43,868 - ClusterTrainer - INFO -    > [185600/517313 (36%), 26.37s] Loss: 0.002628 
2019-03-14 20:48:46,910 - ClusterTrainer - INFO -    > [193664/517313 (37%), 25.68s] Loss: 0.002403 
2019-03-14 20:48:49,955 - ClusterTrainer - INFO -    > [201728/517313 (39%), 24.49s] Loss: 0.002571 
2019-03-14 20:48:53,002 - ClusterTrainer - INFO -    > [209792/517313 (41%), 23.44s] Loss: 0.002343 
2019-03-14 20:48:56,045 - ClusterTrainer - INFO -    > [217856/517313 (42%), 23.12s] Loss: 0.002283 
2019-03-14 20:48:59,096 - ClusterTrainer - INFO -    > [225920/517313 (44%), 22.80s] Loss: 0.002365 
2019-03-14 20:49:02,146 - ClusterTrainer - INFO -    > [233984/517313 (45%), 21.89s] Loss: 0.002322 
2019-03-14 20:49:05,195 - ClusterTrainer - INFO -    > [242048/517313 (47%), 21.31s] Loss: 0.002276 
2019-03-14 20:49:08,248 - ClusterTrainer - INFO -    > [250112/517313 (48%), 20.42s] Loss: 0.002295 
2019-03-14 20:49:11,298 - ClusterTrainer - INFO -    > [258176/517313 (50%), 20.03s] Loss: 0.002028 
2019-03-14 20:49:14,351 - ClusterTrainer - INFO -    > [266240/517313 (51%), 19.28s] Loss: 0.002141 
2019-03-14 20:49:17,400 - ClusterTrainer - INFO -    > [274304/517313 (53%), 18.81s] Loss: 0.002081 
2019-03-14 20:49:20,449 - ClusterTrainer - INFO -    > [282368/517313 (55%), 18.08s] Loss: 0.002151 
2019-03-14 20:49:23,496 - ClusterTrainer - INFO -    > [290432/517313 (56%), 17.44s] Loss: 0.002069 
2019-03-14 20:49:26,546 - ClusterTrainer - INFO -    > [298496/517313 (58%), 17.01s] Loss: 0.001998 
2019-03-14 20:49:29,617 - ClusterTrainer - INFO -    > [306560/517313 (59%), 15.80s] Loss: 0.002012 
2019-03-14 20:49:32,643 - ClusterTrainer - INFO -    > [314624/517313 (61%), 15.43s] Loss: 0.002054 
2019-03-14 20:49:35,662 - ClusterTrainer - INFO -    > [322688/517313 (62%), 15.06s] Loss: 0.001998 
2019-03-14 20:49:38,681 - ClusterTrainer - INFO -    > [330752/517313 (64%), 13.71s] Loss: 0.002129 
2019-03-14 20:49:41,698 - ClusterTrainer - INFO -    > [338816/517313 (65%), 13.32s] Loss: 0.002052 
2019-03-14 20:49:44,714 - ClusterTrainer - INFO -    > [346880/517313 (67%), 13.16s] Loss: 0.002077 
2019-03-14 20:49:47,732 - ClusterTrainer - INFO -    > [354944/517313 (69%), 12.31s] Loss: 0.002082 
2019-03-14 20:49:50,747 - ClusterTrainer - INFO -    > [363008/517313 (70%), 11.42s] Loss: 0.001944 
2019-03-14 20:49:53,769 - ClusterTrainer - INFO -    > [371072/517313 (72%), 11.16s] Loss: 0.001972 
2019-03-14 20:49:56,787 - ClusterTrainer - INFO -    > [379136/517313 (73%), 10.64s] Loss: 0.001927 
2019-03-14 20:49:59,801 - ClusterTrainer - INFO -    > [387200/517313 (75%), 9.64s] Loss: 0.001910 
2019-03-14 20:50:02,820 - ClusterTrainer - INFO -    > [395264/517313 (76%), 9.08s] Loss: 0.001963 
2019-03-14 20:50:05,837 - ClusterTrainer - INFO -    > [403328/517313 (78%), 8.75s] Loss: 0.001820 
2019-03-14 20:50:08,856 - ClusterTrainer - INFO -    > [411392/517313 (79%), 8.02s] Loss: 0.002067 
2019-03-14 20:50:11,872 - ClusterTrainer - INFO -    > [419456/517313 (81%), 7.27s] Loss: 0.002013 
2019-03-14 20:50:14,889 - ClusterTrainer - INFO -    > [427520/517313 (83%), 6.76s] Loss: 0.001894 
2019-03-14 20:50:17,902 - ClusterTrainer - INFO -    > [435584/517313 (84%), 6.26s] Loss: 0.001930 
2019-03-14 20:50:20,918 - ClusterTrainer - INFO -    > [443648/517313 (86%), 5.69s] Loss: 0.001853 
2019-03-14 20:50:23,937 - ClusterTrainer - INFO -    > [451712/517313 (87%), 4.86s] Loss: 0.001884 
2019-03-14 20:50:26,953 - ClusterTrainer - INFO -    > [459776/517313 (89%), 4.33s] Loss: 0.001953 
2019-03-14 20:50:29,977 - ClusterTrainer - INFO -    > [467840/517313 (90%), 3.81s] Loss: 0.001944 
2019-03-14 20:50:32,988 - ClusterTrainer - INFO -    > [475904/517313 (92%), 3.13s] Loss: 0.001765 
2019-03-14 20:50:36,000 - ClusterTrainer - INFO -    > [483968/517313 (94%), 2.62s] Loss: 0.001758 
2019-03-14 20:50:39,038 - ClusterTrainer - INFO -    > [492032/517313 (95%), 1.96s] Loss: 0.001972 
2019-03-14 20:50:42,075 - ClusterTrainer - INFO -    > [500096/517313 (97%), 1.31s] Loss: 0.002038 
2019-03-14 20:50:45,109 - ClusterTrainer - INFO -    > [508160/517313 (98%), 0.71s] Loss: 0.001830 
2019-03-14 20:50:48,146 - ClusterTrainer - INFO -    > [516224/517313 (100%), 0.10s] Loss: 0.001902 
2019-03-14 20:50:48,567 - ClusterTrainer - INFO -    > Total loss: 0.002858
2019-03-14 20:50:48,569 - ClusterTrainer - INFO - Valid Epoch: 0
2019-03-14 20:50:48,612 - ClusterTrainer - INFO -    > [128/27436 (0%), 0.73s] Loss: 0.002066 
2019-03-14 20:50:51,238 - ClusterTrainer - INFO -    > [8192/27436 (29%), 0.53s] Loss: 0.001821 
2019-03-14 20:50:53,865 - ClusterTrainer - INFO -    > [16256/27436 (59%), 0.31s] Loss: 0.001568 
2019-03-14 20:50:56,490 - ClusterTrainer - INFO -    > [24320/27436 (88%), 0.09s] Loss: 0.000255 
2019-03-14 20:50:57,507 - ClusterTrainer - INFO -    > Total loss: 0.001502
2019-03-14 20:54:46,630 - ClusterTrainer - INFO - Saving checkpoint: logs/conv_ae_horoma/0314_172853/17/last_checkpoint.pth ...
2019-03-14 20:55:20,260 - ClusterTrainer - INFO - Saving best checkpoint: logs/conv_ae_horoma/0314_172853/17/best_checkpoint.pth ...
2019-03-14 20:56:02,655 - ClusterTrainer - INFO - Saving best checkpoint: logs/conv_ae_horoma/0314_172853/17/best_checkpoint_kmeans100-F1.pth ...
2019-03-14 20:56:48,262 - ClusterTrainer - INFO - Saving best checkpoint: logs/conv_ae_horoma/0314_172853/17/best_checkpoint_kmeans100-accuracy.pth ...
2019-03-14 20:56:51,929 - ClusterTrainer - INFO - |  Hyperparameter  |        Value         |
| :--------------- | :------------------- |
| lr               | 0.000967528798346777 |
| code_size        | 32                   |
| lin2_in_channels | 116                  |
| dropout          | 0.11095174808637008  |

2019-03-14 20:56:51,932 - ClusterTrainer - INFO - Train Epoch: 0
2019-03-14 20:56:52,014 - ClusterTrainer - INFO -    > [128/517313 (0%), 39.52s] Loss: 0.077914 
2019-03-14 20:56:55,044 - ClusterTrainer - INFO -    > [8192/517313 (2%), 38.54s] Loss: 0.009367 
2019-03-14 20:56:58,063 - ClusterTrainer - INFO -    > [16256/517313 (3%), 37.35s] Loss: 0.006789 
2019-03-14 20:57:01,078 - ClusterTrainer - INFO -    > [24320/517313 (5%), 37.10s] Loss: 0.005311 
2019-03-14 20:57:04,100 - ClusterTrainer - INFO -    > [32384/517313 (6%), 36.77s] Loss: 0.004663 
2019-03-14 20:57:07,113 - ClusterTrainer - INFO -    > [40448/517313 (8%), 36.62s] Loss: 0.004473 
2019-03-14 20:57:10,128 - ClusterTrainer - INFO -    > [48512/517313 (9%), 34.77s] Loss: 0.003958 
2019-03-14 20:57:13,144 - ClusterTrainer - INFO -    > [56576/517313 (11%), 34.65s] Loss: 0.003545 
2019-03-14 20:57:16,157 - ClusterTrainer - INFO -    > [64640/517313 (12%), 34.34s] Loss: 0.003549 
2019-03-14 20:57:19,171 - ClusterTrainer - INFO -    > [72704/517313 (14%), 32.88s] Loss: 0.003280 
2019-03-14 20:57:22,185 - ClusterTrainer - INFO -    > [80768/517313 (16%), 32.32s] Loss: 0.002822 
2019-03-14 20:57:27,758 - ClusterTrainer - INFO -    > [88832/517313 (17%), 33.20s] Loss: 0.002999 
2019-03-14 20:57:30,774 - ClusterTrainer - INFO -    > [96896/517313 (19%), 31.88s] Loss: 0.003125 
2019-03-14 20:57:33,786 - ClusterTrainer - INFO -    > [104960/517313 (20%), 30.29s] Loss: 0.002831 
2019-03-14 20:57:36,800 - ClusterTrainer - INFO -    > [113024/517313 (22%), 29.99s] Loss: 0.002769 
2019-03-14 20:57:39,814 - ClusterTrainer - INFO -    > [121088/517313 (23%), 29.86s] Loss: 0.002628 
2019-03-14 20:57:42,829 - ClusterTrainer - INFO -    > [129152/517313 (25%), 30.03s] Loss: 0.002490 
2019-03-14 20:57:45,846 - ClusterTrainer - INFO -    > [137216/517313 (26%), 28.65s] Loss: 0.002666 
2019-03-14 20:57:48,858 - ClusterTrainer - INFO -    > [145280/517313 (28%), 27.69s] Loss: 0.002502 
2019-03-14 20:57:51,873 - ClusterTrainer - INFO -    > [153344/517313 (30%), 26.99s] Loss: 0.002725 
2019-03-14 20:57:54,887 - ClusterTrainer - INFO -    > [161408/517313 (31%), 26.74s] Loss: 0.002470 
2019-03-14 20:57:57,888 - ClusterTrainer - INFO -    > [169472/517313 (33%), 25.99s] Loss: 0.002325 
2019-03-14 20:58:00,930 - ClusterTrainer - INFO -    > [177536/517313 (34%), 26.15s] Loss: 0.002425 
2019-03-14 20:58:03,967 - ClusterTrainer - INFO -    > [185600/517313 (36%), 25.31s] Loss: 0.002347 
2019-03-14 20:58:07,002 - ClusterTrainer - INFO -    > [193664/517313 (37%), 24.54s] Loss: 0.002508 
2019-03-14 20:58:10,042 - ClusterTrainer - INFO -    > [201728/517313 (39%), 24.15s] Loss: 0.002302 
2019-03-14 20:58:13,076 - ClusterTrainer - INFO -    > [209792/517313 (41%), 23.73s] Loss: 0.002212 
2019-03-14 20:58:16,109 - ClusterTrainer - INFO -    > [217856/517313 (42%), 22.22s] Loss: 0.002197 
2019-03-14 20:58:19,140 - ClusterTrainer - INFO -    > [225920/517313 (44%), 22.13s] Loss: 0.002301 
2019-03-14 20:58:22,181 - ClusterTrainer - INFO -    > [233984/517313 (45%), 21.69s] Loss: 0.002228 
2019-03-14 20:58:25,217 - ClusterTrainer - INFO -    > [242048/517313 (47%), 21.35s] Loss: 0.002107 
2019-03-14 20:58:28,280 - ClusterTrainer - INFO -    > [250112/517313 (48%), 20.31s] Loss: 0.002038 
2019-03-14 20:58:31,309 - ClusterTrainer - INFO -    > [258176/517313 (50%), 19.74s] Loss: 0.002436 
2019-03-14 20:58:34,344 - ClusterTrainer - INFO -    > [266240/517313 (51%), 19.20s] Loss: 0.002045 
2019-03-14 20:58:37,386 - ClusterTrainer - INFO -    > [274304/517313 (53%), 18.66s] Loss: 0.002294 
2019-03-14 20:58:40,430 - ClusterTrainer - INFO -    > [282368/517313 (55%), 18.09s] Loss: 0.002113 
2019-03-14 20:58:43,470 - ClusterTrainer - INFO -    > [290432/517313 (56%), 17.32s] Loss: 0.002323 
2019-03-14 20:58:46,514 - ClusterTrainer - INFO -    > [298496/517313 (58%), 16.77s] Loss: 0.002192 
2019-03-14 20:58:49,557 - ClusterTrainer - INFO -    > [306560/517313 (59%), 16.45s] Loss: 0.002279 
2019-03-14 20:58:52,599 - ClusterTrainer - INFO -    > [314624/517313 (61%), 15.49s] Loss: 0.002061 
2019-03-14 20:58:55,643 - ClusterTrainer - INFO -    > [322688/517313 (62%), 15.16s] Loss: 0.002198 
2019-03-14 20:58:58,695 - ClusterTrainer - INFO -    > [330752/517313 (64%), 14.24s] Loss: 0.002129 
2019-03-14 20:59:01,741 - ClusterTrainer - INFO -    > [338816/517313 (65%), 13.62s] Loss: 0.002052 
2019-03-14 20:59:04,786 - ClusterTrainer - INFO -    > [346880/517313 (67%), 12.84s] Loss: 0.002288 
2019-03-14 20:59:07,841 - ClusterTrainer - INFO -    > [354944/517313 (69%), 12.47s] Loss: 0.002183 
2019-03-14 20:59:10,877 - ClusterTrainer - INFO -    > [363008/517313 (70%), 11.76s] Loss: 0.002150 
2019-03-14 20:59:13,908 - ClusterTrainer - INFO -    > [371072/517313 (72%), 11.38s] Loss: 0.002084 
2019-03-14 20:59:16,944 - ClusterTrainer - INFO -    > [379136/517313 (73%), 10.61s] Loss: 0.002230 
2019-03-14 20:59:19,988 - ClusterTrainer - INFO -    > [387200/517313 (75%), 10.02s] Loss: 0.002328 
2019-03-14 20:59:23,029 - ClusterTrainer - INFO -    > [395264/517313 (76%), 9.39s] Loss: 0.002156 
2019-03-14 20:59:26,073 - ClusterTrainer - INFO -    > [403328/517313 (78%), 8.72s] Loss: 0.002161 
2019-03-14 20:59:29,115 - ClusterTrainer - INFO -    > [411392/517313 (79%), 8.08s] Loss: 0.002368 
2019-03-14 20:59:32,159 - ClusterTrainer - INFO -    > [419456/517313 (81%), 7.44s] Loss: 0.001999 
2019-03-14 20:59:35,208 - ClusterTrainer - INFO -    > [427520/517313 (83%), 6.97s] Loss: 0.002281 
2019-03-14 20:59:38,254 - ClusterTrainer - INFO -    > [435584/517313 (84%), 6.40s] Loss: 0.002168 
2019-03-14 20:59:41,300 - ClusterTrainer - INFO -    > [443648/517313 (86%), 5.69s] Loss: 0.001981 
2019-03-14 20:59:44,352 - ClusterTrainer - INFO -    > [451712/517313 (87%), 5.05s] Loss: 0.002167 
2019-03-14 20:59:47,402 - ClusterTrainer - INFO -    > [459776/517313 (89%), 4.46s] Loss: 0.002276 
2019-03-14 20:59:50,447 - ClusterTrainer - INFO -    > [467840/517313 (90%), 3.83s] Loss: 0.001875 
2019-03-14 20:59:53,494 - ClusterTrainer - INFO -    > [475904/517313 (92%), 3.16s] Loss: 0.002168 
2019-03-14 20:59:56,543 - ClusterTrainer - INFO -    > [483968/517313 (94%), 2.58s] Loss: 0.002078 
2019-03-14 20:59:59,592 - ClusterTrainer - INFO -    > [492032/517313 (95%), 1.97s] Loss: 0.002124 
2019-03-14 21:00:02,642 - ClusterTrainer - INFO -    > [500096/517313 (97%), 1.32s] Loss: 0.001949 
2019-03-14 21:00:05,687 - ClusterTrainer - INFO -    > [508160/517313 (98%), 0.72s] Loss: 0.002123 
2019-03-14 21:00:08,736 - ClusterTrainer - INFO -    > [516224/517313 (100%), 0.10s] Loss: 0.002225 
2019-03-14 21:00:09,156 - ClusterTrainer - INFO -    > Total loss: 0.002876
2019-03-14 21:00:09,158 - ClusterTrainer - INFO - Valid Epoch: 0
2019-03-14 21:00:09,202 - ClusterTrainer - INFO -    > [128/27436 (0%), 0.75s] Loss: 0.001906 
2019-03-14 21:00:11,834 - ClusterTrainer - INFO -    > [8192/27436 (29%), 0.53s] Loss: 0.003114 
2019-03-14 21:00:14,454 - ClusterTrainer - INFO -    > [16256/27436 (59%), 0.31s] Loss: 0.002639 
2019-03-14 21:00:17,099 - ClusterTrainer - INFO -    > [24320/27436 (88%), 0.09s] Loss: 0.000868 
2019-03-14 21:00:18,123 - ClusterTrainer - INFO -    > Total loss: 0.002018
2019-03-14 21:03:53,211 - ClusterTrainer - INFO - Saving checkpoint: logs/conv_ae_horoma/0314_172853/18/last_checkpoint.pth ...
2019-03-14 21:07:16,297 - ClusterTrainer - INFO - Saving best checkpoint: logs/conv_ae_horoma/0314_172853/18/best_checkpoint.pth ...
2019-03-14 21:07:59,150 - ClusterTrainer - INFO - Saving best checkpoint: logs/conv_ae_horoma/0314_172853/18/best_checkpoint_kmeans100-F1.pth ...
2019-03-14 21:08:42,863 - ClusterTrainer - INFO - Saving best checkpoint: logs/conv_ae_horoma/0314_172853/18/best_checkpoint_kmeans100-accuracy.pth ...
2019-03-14 21:08:46,863 - ClusterTrainer - INFO - |  Hyperparameter  | Value |
| :--------------- | :---- |
| lr               | 0.001 |
| code_size        | 75    |
| lin2_in_channels | 120   |
| dropout          | 0.1   |

2019-03-14 21:08:46,866 - ClusterTrainer - INFO - Train Epoch: 0
2019-03-14 21:08:46,949 - ClusterTrainer - INFO -    > [128/517313 (0%), 39.33s] Loss: 0.074586 
2019-03-14 21:08:50,006 - ClusterTrainer - INFO -    > [8192/517313 (2%), 39.56s] Loss: 0.008464 
2019-03-14 21:08:53,066 - ClusterTrainer - INFO -    > [16256/517313 (3%), 38.69s] Loss: 0.007256 
2019-03-14 21:08:56,122 - ClusterTrainer - INFO -    > [24320/517313 (5%), 38.20s] Loss: 0.006162 
2019-03-14 21:08:59,161 - ClusterTrainer - INFO -    > [32384/517313 (6%), 37.16s] Loss: 0.005367 
2019-03-14 21:09:02,185 - ClusterTrainer - INFO -    > [40448/517313 (8%), 35.88s] Loss: 0.004448 
2019-03-14 21:09:05,203 - ClusterTrainer - INFO -    > [48512/517313 (9%), 35.91s] Loss: 0.003794 
2019-03-14 21:09:08,217 - ClusterTrainer - INFO -    > [56576/517313 (11%), 34.49s] Loss: 0.003512 
2019-03-14 21:09:11,237 - ClusterTrainer - INFO -    > [64640/517313 (12%), 34.15s] Loss: 0.003453 
2019-03-14 21:09:14,254 - ClusterTrainer - INFO -    > [72704/517313 (14%), 33.38s] Loss: 0.003325 
2019-03-14 21:09:17,273 - ClusterTrainer - INFO -    > [80768/517313 (16%), 33.71s] Loss: 0.002910 
2019-03-14 21:09:20,291 - ClusterTrainer - INFO -    > [88832/517313 (17%), 32.07s] Loss: 0.002943 
2019-03-14 21:09:23,314 - ClusterTrainer - INFO -    > [96896/517313 (19%), 31.74s] Loss: 0.002457 
2019-03-14 21:09:26,333 - ClusterTrainer - INFO -    > [104960/517313 (20%), 31.53s] Loss: 0.002887 
2019-03-14 21:09:29,354 - ClusterTrainer - INFO -    > [113024/517313 (22%), 31.12s] Loss: 0.002310 
2019-03-14 21:09:32,371 - ClusterTrainer - INFO -    > [121088/517313 (23%), 29.44s] Loss: 0.002528 
2019-03-14 21:09:35,389 - ClusterTrainer - INFO -    > [129152/517313 (25%), 29.79s] Loss: 0.002507 
2019-03-14 21:09:38,405 - ClusterTrainer - INFO -    > [137216/517313 (26%), 28.58s] Loss: 0.002350 
2019-03-14 21:09:41,431 - ClusterTrainer - INFO -    > [145280/517313 (28%), 27.55s] Loss: 0.002332 
2019-03-14 21:09:44,448 - ClusterTrainer - INFO -    > [153344/517313 (30%), 27.95s] Loss: 0.002336 
2019-03-14 21:09:47,465 - ClusterTrainer - INFO -    > [161408/517313 (31%), 27.60s] Loss: 0.002421 
2019-03-14 21:09:50,480 - ClusterTrainer - INFO -    > [169472/517313 (33%), 27.26s] Loss: 0.002210 
2019-03-14 21:09:53,499 - ClusterTrainer - INFO -    > [177536/517313 (34%), 25.33s] Loss: 0.002235 
2019-03-14 21:09:56,515 - ClusterTrainer - INFO -    > [185600/517313 (36%), 24.94s] Loss: 0.002120 
2019-03-14 21:09:59,536 - ClusterTrainer - INFO -    > [193664/517313 (37%), 25.00s] Loss: 0.002048 
2019-03-14 21:10:02,555 - ClusterTrainer - INFO -    > [201728/517313 (39%), 23.36s] Loss: 0.002171 
2019-03-14 21:10:05,566 - ClusterTrainer - INFO -    > [209792/517313 (41%), 23.75s] Loss: 0.002005 
2019-03-14 21:10:08,605 - ClusterTrainer - INFO -    > [217856/517313 (42%), 23.01s] Loss: 0.002021 
2019-03-14 21:10:11,641 - ClusterTrainer - INFO -    > [225920/517313 (44%), 22.33s] Loss: 0.001992 
2019-03-14 21:10:14,678 - ClusterTrainer - INFO -    > [233984/517313 (45%), 21.25s] Loss: 0.002167 
2019-03-14 21:10:17,717 - ClusterTrainer - INFO -    > [242048/517313 (47%), 21.03s] Loss: 0.001929 
2019-03-14 21:10:20,752 - ClusterTrainer - INFO -    > [250112/517313 (48%), 20.18s] Loss: 0.001799 
2019-03-14 21:10:23,791 - ClusterTrainer - INFO -    > [258176/517313 (50%), 19.72s] Loss: 0.001941 
2019-03-14 21:10:26,832 - ClusterTrainer - INFO -    > [266240/517313 (51%), 18.94s] Loss: 0.001810 
2019-03-14 21:10:31,106 - ClusterTrainer - INFO -    > [274304/517313 (53%), 18.68s] Loss: 0.001803 
2019-03-14 21:10:34,163 - ClusterTrainer - INFO -    > [282368/517313 (55%), 18.18s] Loss: 0.001684 
2019-03-14 21:10:37,213 - ClusterTrainer - INFO -    > [290432/517313 (56%), 17.51s] Loss: 0.001753 
2019-03-14 21:10:40,243 - ClusterTrainer - INFO -    > [298496/517313 (58%), 17.20s] Loss: 0.001649 
2019-03-14 21:10:43,291 - ClusterTrainer - INFO -    > [306560/517313 (59%), 16.03s] Loss: 0.001755 
2019-03-14 21:10:46,335 - ClusterTrainer - INFO -    > [314624/517313 (61%), 15.77s] Loss: 0.001728 
2019-03-14 21:10:49,381 - ClusterTrainer - INFO -    > [322688/517313 (62%), 14.96s] Loss: 0.001817 
2019-03-14 21:10:52,429 - ClusterTrainer - INFO -    > [330752/517313 (64%), 14.61s] Loss: 0.001816 
2019-03-14 21:10:55,481 - ClusterTrainer - INFO -    > [338816/517313 (65%), 13.87s] Loss: 0.001788 
2019-03-14 21:10:58,530 - ClusterTrainer - INFO -    > [346880/517313 (67%), 13.08s] Loss: 0.001677 
2019-03-14 21:11:01,588 - ClusterTrainer - INFO -    > [354944/517313 (69%), 12.53s] Loss: 0.001664 
2019-03-14 21:11:05,104 - ClusterTrainer - INFO -    > [363008/517313 (70%), 12.22s] Loss: 0.001817 
2019-03-14 21:11:08,159 - ClusterTrainer - INFO -    > [371072/517313 (72%), 11.33s] Loss: 0.001737 
2019-03-14 21:11:11,214 - ClusterTrainer - INFO -    > [379136/517313 (73%), 10.65s] Loss: 0.001667 
2019-03-14 21:11:14,269 - ClusterTrainer - INFO -    > [387200/517313 (75%), 10.08s] Loss: 0.001672 
2019-03-14 21:11:17,319 - ClusterTrainer - INFO -    > [395264/517313 (76%), 9.44s] Loss: 0.001748 
2019-03-14 21:11:20,375 - ClusterTrainer - INFO -    > [403328/517313 (78%), 8.85s] Loss: 0.001707 
2019-03-14 21:11:23,426 - ClusterTrainer - INFO -    > [411392/517313 (79%), 8.21s] Loss: 0.001651 
2019-03-14 21:11:26,479 - ClusterTrainer - INFO -    > [419456/517313 (81%), 7.62s] Loss: 0.001636 
2019-03-14 21:11:29,532 - ClusterTrainer - INFO -    > [427520/517313 (83%), 6.99s] Loss: 0.001703 
2019-03-14 21:11:32,587 - ClusterTrainer - INFO -    > [435584/517313 (84%), 6.50s] Loss: 0.001612 
2019-03-14 21:11:35,631 - ClusterTrainer - INFO -    > [443648/517313 (86%), 5.76s] Loss: 0.001740 
2019-03-14 21:11:38,685 - ClusterTrainer - INFO -    > [451712/517313 (87%), 4.92s] Loss: 0.001632 
2019-03-14 21:11:41,715 - ClusterTrainer - INFO -    > [459776/517313 (89%), 4.44s] Loss: 0.001656 
2019-03-14 21:11:44,760 - ClusterTrainer - INFO -    > [467840/517313 (90%), 3.84s] Loss: 0.001623 
2019-03-14 21:11:47,805 - ClusterTrainer - INFO -    > [475904/517313 (92%), 3.21s] Loss: 0.001691 
2019-03-14 21:11:50,854 - ClusterTrainer - INFO -    > [483968/517313 (94%), 2.58s] Loss: 0.001584 
2019-03-14 21:11:53,903 - ClusterTrainer - INFO -    > [492032/517313 (95%), 1.98s] Loss: 0.001536 
2019-03-14 21:11:56,954 - ClusterTrainer - INFO -    > [500096/517313 (97%), 1.39s] Loss: 0.001634 
2019-03-14 21:12:00,006 - ClusterTrainer - INFO -    > [508160/517313 (98%), 0.73s] Loss: 0.001635 
2019-03-14 21:12:03,060 - ClusterTrainer - INFO -    > [516224/517313 (100%), 0.10s] Loss: 0.001628 
2019-03-14 21:12:03,483 - ClusterTrainer - INFO -    > Total loss: 0.002630
2019-03-14 21:12:03,485 - ClusterTrainer - INFO - Valid Epoch: 0
2019-03-14 21:12:03,529 - ClusterTrainer - INFO -    > [128/27436 (0%), 0.76s] Loss: 0.001868 
2019-03-14 21:12:06,174 - ClusterTrainer - INFO -    > [8192/27436 (29%), 0.53s] Loss: 0.001880 
2019-03-14 21:12:08,819 - ClusterTrainer - INFO -    > [16256/27436 (59%), 0.32s] Loss: 0.001474 
2019-03-14 21:12:11,462 - ClusterTrainer - INFO -    > [24320/27436 (88%), 0.09s] Loss: 0.001022 
2019-03-14 21:12:12,486 - ClusterTrainer - INFO -    > Total loss: 0.001399
2019-03-14 21:16:07,235 - ClusterTrainer - INFO - Saving checkpoint: logs/conv_ae_horoma/0314_172853/19/last_checkpoint.pth ...
2019-03-14 21:16:46,798 - ClusterTrainer - INFO - Saving best checkpoint: logs/conv_ae_horoma/0314_172853/19/best_checkpoint.pth ...
2019-03-14 21:17:38,589 - ClusterTrainer - INFO - Saving best checkpoint: logs/conv_ae_horoma/0314_172853/19/best_checkpoint_kmeans100-F1.pth ...
2019-03-14 21:18:21,899 - ClusterTrainer - INFO - Saving best checkpoint: logs/conv_ae_horoma/0314_172853/19/best_checkpoint_kmeans100-accuracy.pth ...
