2019-03-13 02:08:49,270 - ClusterTrainer - INFO - |  Hyperparameter  | Value |
| :--------------- | :---- |
| lr               | 0.001 |
| latent_dimension | 50    |
| linear_size      | 722   |
| dropout          | 0.1   |

2019-03-13 02:08:49,275 - ClusterTrainer - INFO - Train Epoch: 0
2019-03-13 02:08:49,890 - ClusterTrainer - INFO -    > [200/143300 (0%), 391.48s] Loss: 4.278145 
2019-03-13 02:09:02,444 - ClusterTrainer - INFO -    > [5400/143300 (4%), 297.96s] Loss: 0.076212 
2019-03-13 02:09:14,924 - ClusterTrainer - INFO -    > [10600/143300 (7%), 282.78s] Loss: 0.048946 
2019-03-13 02:09:27,380 - ClusterTrainer - INFO -    > [15800/143300 (11%), 268.96s] Loss: 0.040932 
2019-03-13 02:09:39,899 - ClusterTrainer - INFO -    > [21000/143300 (15%), 263.64s] Loss: 0.038577 
2019-03-13 02:09:52,428 - ClusterTrainer - INFO -    > [26200/143300 (18%), 245.88s] Loss: 0.037714 
2019-03-13 02:10:04,962 - ClusterTrainer - INFO -    > [31400/143300 (22%), 238.68s] Loss: 0.038810 
2019-03-13 02:10:17,495 - ClusterTrainer - INFO -    > [36600/143300 (25%), 229.05s] Loss: 0.035930 
2019-03-13 02:10:30,036 - ClusterTrainer - INFO -    > [41800/143300 (29%), 219.09s] Loss: 0.030837 
2019-03-13 02:10:42,538 - ClusterTrainer - INFO -    > [47000/143300 (33%), 202.07s] Loss: 0.033406 
2019-03-13 02:10:55,076 - ClusterTrainer - INFO -    > [52200/143300 (36%), 193.82s] Loss: 0.033741 
2019-03-13 02:11:07,604 - ClusterTrainer - INFO -    > [57400/143300 (40%), 184.78s] Loss: 0.030536 
2019-03-13 02:11:20,111 - ClusterTrainer - INFO -    > [62600/143300 (44%), 173.85s] Loss: 0.028673 
2019-03-13 02:11:32,650 - ClusterTrainer - INFO -    > [67800/143300 (47%), 160.07s] Loss: 0.031050 
2019-03-13 02:11:45,157 - ClusterTrainer - INFO -    > [73000/143300 (51%), 153.25s] Loss: 0.034223 
2019-03-13 02:11:57,675 - ClusterTrainer - INFO -    > [78200/143300 (54%), 136.79s] Loss: 0.027350 
2019-03-13 02:12:10,180 - ClusterTrainer - INFO -    > [83400/143300 (58%), 129.12s] Loss: 0.026590 
2019-03-13 02:12:22,678 - ClusterTrainer - INFO -    > [88600/143300 (62%), 115.72s] Loss: 0.031541 
2019-03-13 02:12:35,181 - ClusterTrainer - INFO -    > [93800/143300 (65%), 106.76s] Loss: 0.031702 
2019-03-13 02:12:47,659 - ClusterTrainer - INFO -    > [99000/143300 (69%), 94.16s] Loss: 0.028968 
2019-03-13 02:13:00,172 - ClusterTrainer - INFO -    > [104200/143300 (73%), 83.65s] Loss: 0.031584 
2019-03-13 02:13:12,667 - ClusterTrainer - INFO -    > [109400/143300 (76%), 72.24s] Loss: 0.027808 
2019-03-13 02:13:25,176 - ClusterTrainer - INFO -    > [114600/143300 (80%), 61.62s] Loss: 0.026626 
2019-03-13 02:13:37,885 - ClusterTrainer - INFO -    > [119800/143300 (83%), 50.01s] Loss: 0.026888 
2019-03-13 02:13:50,394 - ClusterTrainer - INFO -    > [125000/143300 (87%), 39.44s] Loss: 0.032203 
2019-03-13 02:14:02,884 - ClusterTrainer - INFO -    > [130200/143300 (91%), 28.32s] Loss: 0.030721 
2019-03-13 02:14:15,396 - ClusterTrainer - INFO -    > [135400/143300 (94%), 17.39s] Loss: 0.026746 
2019-03-13 02:14:27,878 - ClusterTrainer - INFO -    > [140600/143300 (98%), 6.33s] Loss: 0.029560 
2019-03-13 02:14:34,385 - ClusterTrainer - INFO -    > Total loss: 0.102317
2019-03-13 02:14:34,390 - ClusterTrainer - INFO - Valid Epoch: 0
2019-03-13 02:14:34,584 - ClusterTrainer - INFO -    > [200/7600 (0%), 5.11s] Loss: 0.051808 
2019-03-13 02:14:39,536 - ClusterTrainer - INFO -    > [5400/7600 (68%), 1.60s] Loss: 0.020272 
2019-03-13 02:14:41,634 - ClusterTrainer - INFO -    > Total loss: 0.024605
2019-03-13 02:22:30,388 - ClusterTrainer - INFO - Saving checkpoint: logs/variational_horoma_non_overlapped/0312_205116/19/last_checkpoint.pth ...
2019-03-13 02:22:45,620 - ClusterTrainer - INFO - Saving best checkpoint: logs/variational_horoma_non_overlapped/0312_205116/19/best_checkpoint.pth ...
2019-03-13 02:22:58,322 - ClusterTrainer - INFO - Saving best checkpoint: logs/variational_horoma_non_overlapped/0312_205116/19/best_checkpoint_kmeans20-F1.pth ...
2019-03-13 02:23:09,113 - ClusterTrainer - INFO - Saving best checkpoint: logs/variational_horoma_non_overlapped/0312_205116/19/best_checkpoint_kmeans20-accuracy.pth ...
2019-03-13 02:23:23,092 - ClusterTrainer - INFO - Saving best checkpoint: logs/variational_horoma_non_overlapped/0312_205116/19/best_checkpoint_kmeans100-F1.pth ...
2019-03-13 02:23:35,611 - ClusterTrainer - INFO - Saving best checkpoint: logs/variational_horoma_non_overlapped/0312_205116/19/best_checkpoint_kmeans100-accuracy.pth ...
2019-03-13 02:23:47,761 - ClusterTrainer - INFO - Saving best checkpoint: logs/variational_horoma_non_overlapped/0312_205116/19/best_checkpoint_kmeans300-F1.pth ...
2019-03-13 02:24:00,289 - ClusterTrainer - INFO - Saving best checkpoint: logs/variational_horoma_non_overlapped/0312_205116/19/best_checkpoint_kmeans300-accuracy.pth ...
2019-03-13 02:24:13,876 - ClusterTrainer - INFO - Saving best checkpoint: logs/variational_horoma_non_overlapped/0312_205116/19/best_checkpoint_gmm20-F1.pth ...
2019-03-13 02:24:27,616 - ClusterTrainer - INFO - Saving best checkpoint: logs/variational_horoma_non_overlapped/0312_205116/19/best_checkpoint_gmm20-accuracy.pth ...
2019-03-13 02:24:38,171 - ClusterTrainer - INFO - Saving best checkpoint: logs/variational_horoma_non_overlapped/0312_205116/19/best_checkpoint_gmm100-F1.pth ...
2019-03-13 02:24:53,107 - ClusterTrainer - INFO - Saving best checkpoint: logs/variational_horoma_non_overlapped/0312_205116/19/best_checkpoint_gmm100-accuracy.pth ...
2019-03-13 02:25:05,210 - ClusterTrainer - INFO - Saving best checkpoint: logs/variational_horoma_non_overlapped/0312_205116/19/best_checkpoint_gmm300-F1.pth ...
2019-03-13 02:25:20,804 - ClusterTrainer - INFO - Saving best checkpoint: logs/variational_horoma_non_overlapped/0312_205116/19/best_checkpoint_gmm300-accuracy.pth ...
