2019-03-12 20:45:51,881 - ClusterTrainer - INFO - |  Hyperparameter  |         Value          |
| :--------------- | :--------------------- |
| lr               | 0.00012958617643094288 |
| code_size        | 38                     |
| lin2_in_channels | 101                    |
| dropout          | 0.41860569041194695    |

2019-03-12 20:45:51,883 - ClusterTrainer - INFO - Train Epoch: 0
2019-03-12 20:45:51,968 - ClusterTrainer - INFO -    > [128/517313 (0%), 39.10s] Loss: 0.077587 
2019-03-12 20:45:55,001 - ClusterTrainer - INFO -    > [8192/517313 (2%), 38.87s] Loss: 0.027514 
2019-03-12 20:45:58,034 - ClusterTrainer - INFO -    > [16256/517313 (3%), 38.25s] Loss: 0.011663 
2019-03-12 20:46:01,069 - ClusterTrainer - INFO -    > [24320/517313 (5%), 38.14s] Loss: 0.010356 
2019-03-12 20:46:04,104 - ClusterTrainer - INFO -    > [32384/517313 (6%), 37.05s] Loss: 0.008959 
2019-03-12 20:46:07,135 - ClusterTrainer - INFO -    > [40448/517313 (8%), 36.33s] Loss: 0.009000 
2019-03-12 20:46:10,164 - ClusterTrainer - INFO -    > [48512/517313 (9%), 35.77s] Loss: 0.008667 
2019-03-12 20:46:13,197 - ClusterTrainer - INFO -    > [56576/517313 (11%), 34.89s] Loss: 0.008466 
2019-03-12 20:46:16,229 - ClusterTrainer - INFO -    > [64640/517313 (12%), 34.31s] Loss: 0.008449 
2019-03-12 20:46:19,256 - ClusterTrainer - INFO -    > [72704/517313 (14%), 33.93s] Loss: 0.008192 
2019-03-12 20:46:22,319 - ClusterTrainer - INFO -    > [80768/517313 (16%), 34.25s] Loss: 0.007640 
2019-03-12 20:46:25,378 - ClusterTrainer - INFO -    > [88832/517313 (17%), 32.68s] Loss: 0.007036 
2019-03-12 20:46:28,424 - ClusterTrainer - INFO -    > [96896/517313 (19%), 32.40s] Loss: 0.007108 
2019-03-12 20:46:31,460 - ClusterTrainer - INFO -    > [104960/517313 (20%), 31.18s] Loss: 0.006588 
2019-03-12 20:46:34,493 - ClusterTrainer - INFO -    > [113024/517313 (22%), 31.09s] Loss: 0.006220 
2019-03-12 20:46:37,526 - ClusterTrainer - INFO -    > [121088/517313 (23%), 30.33s] Loss: 0.006634 
2019-03-12 20:46:40,550 - ClusterTrainer - INFO -    > [129152/517313 (25%), 29.48s] Loss: 0.006169 
2019-03-12 20:46:43,585 - ClusterTrainer - INFO -    > [137216/517313 (26%), 29.22s] Loss: 0.006347 
2019-03-12 20:46:46,617 - ClusterTrainer - INFO -    > [145280/517313 (28%), 28.47s] Loss: 0.005509 
2019-03-12 20:46:49,644 - ClusterTrainer - INFO -    > [153344/517313 (30%), 27.72s] Loss: 0.005533 
2019-03-12 20:46:52,674 - ClusterTrainer - INFO -    > [161408/517313 (31%), 27.42s] Loss: 0.005107 
2019-03-12 20:46:55,703 - ClusterTrainer - INFO -    > [169472/517313 (33%), 26.49s] Loss: 0.005435 
2019-03-12 20:46:58,738 - ClusterTrainer - INFO -    > [177536/517313 (34%), 25.79s] Loss: 0.005200 
2019-03-12 20:47:01,817 - ClusterTrainer - INFO -    > [185600/517313 (36%), 25.43s] Loss: 0.005369 
2019-03-12 20:47:04,845 - ClusterTrainer - INFO -    > [193664/517313 (37%), 24.79s] Loss: 0.005309 
2019-03-12 20:47:07,873 - ClusterTrainer - INFO -    > [201728/517313 (39%), 24.37s] Loss: 0.004910 
2019-03-12 20:47:10,902 - ClusterTrainer - INFO -    > [209792/517313 (41%), 23.33s] Loss: 0.005039 
2019-03-12 20:47:13,935 - ClusterTrainer - INFO -    > [217856/517313 (42%), 22.95s] Loss: 0.005236 
2019-03-12 20:47:16,961 - ClusterTrainer - INFO -    > [225920/517313 (44%), 22.04s] Loss: 0.004474 
2019-03-12 20:47:19,997 - ClusterTrainer - INFO -    > [233984/517313 (45%), 21.50s] Loss: 0.004971 
2019-03-12 20:47:23,025 - ClusterTrainer - INFO -    > [242048/517313 (47%), 20.96s] Loss: 0.004472 
2019-03-12 20:47:26,054 - ClusterTrainer - INFO -    > [250112/517313 (48%), 20.19s] Loss: 0.004325 
2019-03-12 20:47:29,051 - ClusterTrainer - INFO -    > [258176/517313 (50%), 19.66s] Loss: 0.004317 
2019-03-12 20:47:32,048 - ClusterTrainer - INFO -    > [266240/517313 (51%), 19.03s] Loss: 0.004505 
2019-03-12 20:47:35,058 - ClusterTrainer - INFO -    > [274304/517313 (53%), 18.60s] Loss: 0.004264 
2019-03-12 20:47:38,088 - ClusterTrainer - INFO -    > [282368/517313 (55%), 18.00s] Loss: 0.004127 
2019-03-12 20:47:41,122 - ClusterTrainer - INFO -    > [290432/517313 (56%), 17.38s] Loss: 0.004323 
2019-03-12 20:47:44,152 - ClusterTrainer - INFO -    > [298496/517313 (58%), 16.79s] Loss: 0.003788 
2019-03-12 20:47:47,183 - ClusterTrainer - INFO -    > [306560/517313 (59%), 16.11s] Loss: 0.003856 
2019-03-12 20:47:50,215 - ClusterTrainer - INFO -    > [314624/517313 (61%), 15.52s] Loss: 0.003949 
2019-03-12 20:47:53,249 - ClusterTrainer - INFO -    > [322688/517313 (62%), 14.80s] Loss: 0.003947 
2019-03-12 20:47:56,275 - ClusterTrainer - INFO -    > [330752/517313 (64%), 14.32s] Loss: 0.003889 
2019-03-12 20:47:59,304 - ClusterTrainer - INFO -    > [338816/517313 (65%), 13.66s] Loss: 0.003788 
2019-03-12 20:48:02,334 - ClusterTrainer - INFO -    > [346880/517313 (67%), 12.84s] Loss: 0.003868 
2019-03-12 20:48:05,364 - ClusterTrainer - INFO -    > [354944/517313 (69%), 12.47s] Loss: 0.004142 
2019-03-12 20:48:08,395 - ClusterTrainer - INFO -    > [363008/517313 (70%), 11.65s] Loss: 0.003670 
2019-03-12 20:48:19,817 - ClusterTrainer - INFO -    > [371072/517313 (72%), 11.13s] Loss: 0.003708 
2019-03-12 20:48:22,846 - ClusterTrainer - INFO -    > [379136/517313 (73%), 10.61s] Loss: 0.003513 
2019-03-12 20:48:25,869 - ClusterTrainer - INFO -    > [387200/517313 (75%), 10.06s] Loss: 0.003478 
2019-03-12 20:48:28,897 - ClusterTrainer - INFO -    > [395264/517313 (76%), 9.26s] Loss: 0.003678 
2019-03-12 20:48:31,927 - ClusterTrainer - INFO -    > [403328/517313 (78%), 8.72s] Loss: 0.003867 
2019-03-12 20:48:34,955 - ClusterTrainer - INFO -    > [411392/517313 (79%), 8.08s] Loss: 0.003500 
2019-03-12 20:48:37,984 - ClusterTrainer - INFO -    > [419456/517313 (81%), 7.45s] Loss: 0.003841 
2019-03-12 20:48:41,011 - ClusterTrainer - INFO -    > [427520/517313 (83%), 6.82s] Loss: 0.003413 
2019-03-12 20:48:44,038 - ClusterTrainer - INFO -    > [435584/517313 (84%), 6.26s] Loss: 0.003526 
2019-03-12 20:48:47,061 - ClusterTrainer - INFO -    > [443648/517313 (86%), 5.62s] Loss: 0.003167 
2019-03-12 20:48:50,085 - ClusterTrainer - INFO -    > [451712/517313 (87%), 4.95s] Loss: 0.003539 
2019-03-12 20:48:53,110 - ClusterTrainer - INFO -    > [459776/517313 (89%), 4.39s] Loss: 0.003363 
2019-03-12 20:48:56,137 - ClusterTrainer - INFO -    > [467840/517313 (90%), 3.81s] Loss: 0.003577 
2019-03-12 20:48:59,159 - ClusterTrainer - INFO -    > [475904/517313 (92%), 3.17s] Loss: 0.003413 
2019-03-12 20:49:02,185 - ClusterTrainer - INFO -    > [483968/517313 (94%), 2.53s] Loss: 0.003524 
2019-03-12 20:49:05,207 - ClusterTrainer - INFO -    > [492032/517313 (95%), 1.95s] Loss: 0.003231 
2019-03-12 20:49:08,221 - ClusterTrainer - INFO -    > [500096/517313 (97%), 1.33s] Loss: 0.003346 
2019-03-12 20:49:11,248 - ClusterTrainer - INFO -    > [508160/517313 (98%), 0.71s] Loss: 0.003296 
2019-03-12 20:49:14,274 - ClusterTrainer - INFO -    > [516224/517313 (100%), 0.10s] Loss: 0.003085 
2019-03-12 20:49:14,693 - ClusterTrainer - INFO -    > Total loss: 0.005857
2019-03-12 20:49:14,693 - ClusterTrainer - INFO - Valid Epoch: 0
2019-03-12 20:49:14,735 - ClusterTrainer - INFO -    > [128/27436 (1%), 0.00s] Loss: 0.003300 
2019-03-12 20:49:17,341 - ClusterTrainer - INFO -    > [8192/27436 (0%), 29.30s] Loss: 0.003163 
2019-03-12 20:49:19,944 - ClusterTrainer - INFO -    > [16256/27436 (0%), 58.60s] Loss: 0.002815 
2019-03-12 20:49:22,550 - ClusterTrainer - INFO -    > [24320/27436 (0%), 87.91s] Loss: 0.002439 
2019-03-12 20:49:23,557 - ClusterTrainer - INFO -    > Total loss: 0.003057
2019-03-12 22:41:47,423 - ClusterTrainer - INFO - Saving checkpoint: logs/conv_ae_horoma/0312_153221/1/last_checkpoint.pth ...
2019-03-12 22:42:34,534 - ClusterTrainer - INFO - Saving best checkpoint: logs/conv_ae_horoma/0312_153221/1/best_checkpoint.pth ...
2019-03-12 22:43:15,138 - ClusterTrainer - INFO - Saving best checkpoint: logs/conv_ae_horoma/0312_153221/1/best_checkpoint_kmeans20-F1.pth ...
2019-03-12 22:43:54,235 - ClusterTrainer - INFO - Saving best checkpoint: logs/conv_ae_horoma/0312_153221/1/best_checkpoint_kmeans20-accuracy.pth ...
2019-03-12 22:44:42,945 - ClusterTrainer - INFO - Saving best checkpoint: logs/conv_ae_horoma/0312_153221/1/best_checkpoint_kmeans100-F1.pth ...
2019-03-12 22:45:26,761 - ClusterTrainer - INFO - Saving best checkpoint: logs/conv_ae_horoma/0312_153221/1/best_checkpoint_kmeans100-accuracy.pth ...
2019-03-12 22:47:23,203 - ClusterTrainer - INFO - Saving best checkpoint: logs/conv_ae_horoma/0312_153221/1/best_checkpoint_kmeans300-F1.pth ...
2019-03-12 22:48:14,001 - ClusterTrainer - INFO - Saving best checkpoint: logs/conv_ae_horoma/0312_153221/1/best_checkpoint_kmeans300-accuracy.pth ...
2019-03-12 22:49:04,704 - ClusterTrainer - INFO - Saving best checkpoint: logs/conv_ae_horoma/0312_153221/1/best_checkpoint_gmm20-F1.pth ...
2019-03-12 22:49:43,689 - ClusterTrainer - INFO - Saving best checkpoint: logs/conv_ae_horoma/0312_153221/1/best_checkpoint_gmm20-accuracy.pth ...
2019-03-12 22:50:27,952 - ClusterTrainer - INFO - Saving best checkpoint: logs/conv_ae_horoma/0312_153221/1/best_checkpoint_gmm100-F1.pth ...
2019-03-12 22:51:09,396 - ClusterTrainer - INFO - Saving best checkpoint: logs/conv_ae_horoma/0312_153221/1/best_checkpoint_gmm100-accuracy.pth ...
2019-03-12 22:51:44,168 - ClusterTrainer - INFO - Saving best checkpoint: logs/conv_ae_horoma/0312_153221/1/best_checkpoint_gmm300-F1.pth ...
2019-03-12 22:52:25,953 - ClusterTrainer - INFO - Saving best checkpoint: logs/conv_ae_horoma/0312_153221/1/best_checkpoint_gmm300-accuracy.pth ...
2019-03-12 22:52:25,953 - ClusterTrainer - INFO - Train Epoch: 1
2019-03-12 22:52:26,039 - ClusterTrainer - INFO -    > [128/517313 (0%), 40.04s] Loss: 0.003241 
2019-03-12 22:52:29,043 - ClusterTrainer - INFO -    > [8192/517313 (2%), 39.09s] Loss: 0.003357 
2019-03-12 22:52:32,053 - ClusterTrainer - INFO -    > [16256/517313 (3%), 38.33s] Loss: 0.003379 
2019-03-12 22:52:35,062 - ClusterTrainer - INFO -    > [24320/517313 (5%), 37.84s] Loss: 0.003040 
2019-03-12 22:52:38,073 - ClusterTrainer - INFO -    > [32384/517313 (6%), 37.03s] Loss: 0.003388 
2019-03-12 22:52:41,084 - ClusterTrainer - INFO -    > [40448/517313 (8%), 36.42s] Loss: 0.003484 
2019-03-12 22:52:44,095 - ClusterTrainer - INFO -    > [48512/517313 (9%), 35.99s] Loss: 0.003294 
2019-03-12 22:52:47,110 - ClusterTrainer - INFO -    > [56576/517313 (11%), 35.16s] Loss: 0.003191 
2019-03-12 22:52:50,124 - ClusterTrainer - INFO -    > [64640/517313 (12%), 34.82s] Loss: 0.003053 
2019-03-12 22:52:53,141 - ClusterTrainer - INFO -    > [72704/517313 (14%), 34.16s] Loss: 0.003090 
2019-03-12 22:52:56,156 - ClusterTrainer - INFO -    > [80768/517313 (16%), 33.57s] Loss: 0.003205 
2019-03-12 22:52:59,171 - ClusterTrainer - INFO -    > [88832/517313 (17%), 32.75s] Loss: 0.003125 
2019-03-12 22:53:02,186 - ClusterTrainer - INFO -    > [96896/517313 (19%), 31.95s] Loss: 0.003258 
2019-03-12 22:53:05,199 - ClusterTrainer - INFO -    > [104960/517313 (20%), 31.46s] Loss: 0.003034 
2019-03-12 22:53:08,207 - ClusterTrainer - INFO -    > [113024/517313 (22%), 30.75s] Loss: 0.003157 
2019-03-12 22:53:11,221 - ClusterTrainer - INFO -    > [121088/517313 (23%), 30.18s] Loss: 0.003119 
2019-03-12 22:53:14,236 - ClusterTrainer - INFO -    > [129152/517313 (25%), 29.50s] Loss: 0.002911 
2019-03-12 22:53:17,249 - ClusterTrainer - INFO -    > [137216/517313 (26%), 29.08s] Loss: 0.003074 
2019-03-12 22:53:20,264 - ClusterTrainer - INFO -    > [145280/517313 (28%), 28.73s] Loss: 0.002759 
2019-03-12 22:53:23,277 - ClusterTrainer - INFO -    > [153344/517313 (30%), 27.83s] Loss: 0.002941 
2019-03-12 22:53:26,291 - ClusterTrainer - INFO -    > [161408/517313 (31%), 27.16s] Loss: 0.003120 
2019-03-12 22:53:29,304 - ClusterTrainer - INFO -    > [169472/517313 (33%), 26.43s] Loss: 0.003119 
2019-03-12 22:53:32,317 - ClusterTrainer - INFO -    > [177536/517313 (34%), 25.94s] Loss: 0.003032 
2019-03-12 22:53:35,330 - ClusterTrainer - INFO -    > [185600/517313 (36%), 25.52s] Loss: 0.003098 
2019-03-12 22:53:38,343 - ClusterTrainer - INFO -    > [193664/517313 (37%), 24.89s] Loss: 0.002837 
2019-03-12 22:53:41,361 - ClusterTrainer - INFO -    > [201728/517313 (39%), 24.04s] Loss: 0.002862 
2019-03-12 22:53:44,373 - ClusterTrainer - INFO -    > [209792/517313 (41%), 23.32s] Loss: 0.003022 
2019-03-12 22:53:47,383 - ClusterTrainer - INFO -    > [217856/517313 (42%), 23.18s] Loss: 0.003072 
2019-03-12 22:53:50,397 - ClusterTrainer - INFO -    > [225920/517313 (44%), 22.38s] Loss: 0.003053 
2019-03-12 22:53:53,406 - ClusterTrainer - INFO -    > [233984/517313 (45%), 21.70s] Loss: 0.002764 
2019-03-12 22:53:56,419 - ClusterTrainer - INFO -    > [242048/517313 (47%), 20.84s] Loss: 0.002891 
2019-03-12 22:53:59,433 - ClusterTrainer - INFO -    > [250112/517313 (48%), 20.52s] Loss: 0.002913 
2019-03-12 22:54:02,448 - ClusterTrainer - INFO -    > [258176/517313 (50%), 19.97s] Loss: 0.002823 
2019-03-12 22:54:05,454 - ClusterTrainer - INFO -    > [266240/517313 (51%), 19.20s] Loss: 0.003038 
2019-03-12 22:54:08,465 - ClusterTrainer - INFO -    > [274304/517313 (53%), 18.51s] Loss: 0.002865 
2019-03-12 22:54:11,474 - ClusterTrainer - INFO -    > [282368/517313 (55%), 18.00s] Loss: 0.003063 
2019-03-12 22:54:14,485 - ClusterTrainer - INFO -    > [290432/517313 (56%), 17.20s] Loss: 0.002815 
2019-03-12 22:54:17,493 - ClusterTrainer - INFO -    > [298496/517313 (58%), 16.65s] Loss: 0.002953 
2019-03-12 22:54:20,503 - ClusterTrainer - INFO -    > [306560/517313 (59%), 16.07s] Loss: 0.002840 
2019-03-12 22:54:23,512 - ClusterTrainer - INFO -    > [314624/517313 (61%), 16.01s] Loss: 0.002972 
2019-03-12 22:54:26,522 - ClusterTrainer - INFO -    > [322688/517313 (62%), 14.84s] Loss: 0.002972 
2019-03-12 22:54:29,533 - ClusterTrainer - INFO -    > [330752/517313 (64%), 14.19s] Loss: 0.002993 
2019-03-12 22:54:32,542 - ClusterTrainer - INFO -    > [338816/517313 (65%), 13.71s] Loss: 0.003033 
2019-03-12 22:54:35,548 - ClusterTrainer - INFO -    > [346880/517313 (67%), 13.11s] Loss: 0.002963 
2019-03-12 22:54:38,559 - ClusterTrainer - INFO -    > [354944/517313 (69%), 12.53s] Loss: 0.002944 
2019-03-12 22:54:41,570 - ClusterTrainer - INFO -    > [363008/517313 (70%), 11.75s] Loss: 0.002820 
2019-03-12 22:54:44,584 - ClusterTrainer - INFO -    > [371072/517313 (72%), 11.23s] Loss: 0.002806 
2019-03-12 22:54:47,598 - ClusterTrainer - INFO -    > [379136/517313 (73%), 10.70s] Loss: 0.003056 
2019-03-12 22:54:50,610 - ClusterTrainer - INFO -    > [387200/517313 (75%), 9.98s] Loss: 0.002728 
2019-03-12 22:54:53,624 - ClusterTrainer - INFO -    > [395264/517313 (76%), 9.41s] Loss: 0.002925 
2019-03-12 22:54:56,639 - ClusterTrainer - INFO -    > [403328/517313 (78%), 8.86s] Loss: 0.002644 
2019-03-12 22:54:59,656 - ClusterTrainer - INFO -    > [411392/517313 (79%), 8.11s] Loss: 0.002826 
2019-03-12 22:55:02,676 - ClusterTrainer - INFO -    > [419456/517313 (81%), 7.45s] Loss: 0.002994 
2019-03-12 22:55:05,691 - ClusterTrainer - INFO -    > [427520/517313 (83%), 6.86s] Loss: 0.002735 
2019-03-12 22:55:08,703 - ClusterTrainer - INFO -    > [435584/517313 (84%), 6.28s] Loss: 0.002854 
2019-03-12 22:55:11,720 - ClusterTrainer - INFO -    > [443648/517313 (86%), 5.65s] Loss: 0.002916 
2019-03-12 22:55:14,732 - ClusterTrainer - INFO -    > [451712/517313 (87%), 4.98s] Loss: 0.002803 
2019-03-12 22:55:17,743 - ClusterTrainer - INFO -    > [459776/517313 (89%), 4.44s] Loss: 0.002750 
2019-03-12 22:55:20,754 - ClusterTrainer - INFO -    > [467840/517313 (90%), 3.77s] Loss: 0.002741 
2019-03-12 22:55:23,762 - ClusterTrainer - INFO -    > [475904/517313 (92%), 3.20s] Loss: 0.002865 
2019-03-12 22:55:26,776 - ClusterTrainer - INFO -    > [483968/517313 (94%), 2.59s] Loss: 0.002556 
2019-03-12 22:55:29,791 - ClusterTrainer - INFO -    > [492032/517313 (95%), 1.96s] Loss: 0.002825 
2019-03-12 22:55:32,808 - ClusterTrainer - INFO -    > [500096/517313 (97%), 1.33s] Loss: 0.002736 
2019-03-12 22:55:35,823 - ClusterTrainer - INFO -    > [508160/517313 (98%), 0.72s] Loss: 0.002812 
2019-03-12 22:55:38,839 - ClusterTrainer - INFO -    > [516224/517313 (100%), 0.10s] Loss: 0.002990 
2019-03-12 22:55:39,256 - ClusterTrainer - INFO -    > Total loss: 0.002965
2019-03-12 22:55:39,257 - ClusterTrainer - INFO - Valid Epoch: 1
2019-03-12 22:55:39,299 - ClusterTrainer - INFO -    > [128/27436 (1%), 0.00s] Loss: 0.002674 
2019-03-12 22:55:41,883 - ClusterTrainer - INFO -    > [8192/27436 (0%), 29.30s] Loss: 0.002508 
2019-03-12 22:55:44,466 - ClusterTrainer - INFO -    > [16256/27436 (0%), 58.60s] Loss: 0.001977 
2019-03-12 22:55:47,048 - ClusterTrainer - INFO -    > [24320/27436 (0%), 87.91s] Loss: 0.001683 
2019-03-12 22:55:48,046 - ClusterTrainer - INFO -    > Total loss: 0.002320
