2019-03-13 05:07:53,415 - ClusterTrainer - INFO - |  Hyperparameter  |         Value         |
| :--------------- | :-------------------- |
| lr               | 0.0004826734982436017 |
| latent_dimension | 43                    |
| linear_size      | 205                   |
| dropout          | 0.45375000571536206   |

2019-03-13 05:07:53,419 - ClusterTrainer - INFO - Train Epoch: 0
2019-03-13 05:07:54,018 - ClusterTrainer - INFO -    > [200/517313 (0%), 1319.92s] Loss: 17.930670 
2019-03-13 05:08:17,350 - ClusterTrainer - INFO -    > [10200/517313 (2%), 1037.85s] Loss: 0.554747 
2019-03-13 05:08:40,674 - ClusterTrainer - INFO -    > [20200/517313 (4%), 1017.34s] Loss: 0.278946 
2019-03-13 05:09:04,010 - ClusterTrainer - INFO -    > [30200/517313 (6%), 998.24s] Loss: 0.178994 
2019-03-13 05:09:27,363 - ClusterTrainer - INFO -    > [40200/517313 (8%), 976.11s] Loss: 0.124520 
2019-03-13 05:09:50,728 - ClusterTrainer - INFO -    > [50200/517313 (10%), 955.81s] Loss: 0.092987 
2019-03-13 05:10:14,107 - ClusterTrainer - INFO -    > [60200/517313 (12%), 934.41s] Loss: 0.072511 
2019-03-13 05:10:37,482 - ClusterTrainer - INFO -    > [70200/517313 (14%), 915.13s] Loss: 0.063792 
2019-03-13 05:11:00,842 - ClusterTrainer - INFO -    > [80200/517313 (15%), 896.59s] Loss: 0.047114 
2019-03-13 05:11:24,209 - ClusterTrainer - INFO -    > [90200/517313 (17%), 871.87s] Loss: 0.042136 
2019-03-13 05:11:47,580 - ClusterTrainer - INFO -    > [100200/517313 (19%), 854.37s] Loss: 0.038064 
2019-03-13 05:12:10,964 - ClusterTrainer - INFO -    > [110200/517313 (21%), 832.80s] Loss: 0.035231 
2019-03-13 05:12:34,342 - ClusterTrainer - INFO -    > [120200/517313 (23%), 816.59s] Loss: 0.029123 
2019-03-13 05:12:57,720 - ClusterTrainer - INFO -    > [130200/517313 (25%), 792.10s] Loss: 0.026294 
2019-03-13 05:13:21,089 - ClusterTrainer - INFO -    > [140200/517313 (27%), 774.58s] Loss: 0.028812 
2019-03-13 05:13:44,463 - ClusterTrainer - INFO -    > [150200/517313 (29%), 752.04s] Loss: 0.027379 
2019-03-13 05:14:07,850 - ClusterTrainer - INFO -    > [160200/517313 (31%), 732.33s] Loss: 0.028349 
2019-03-13 05:14:31,235 - ClusterTrainer - INFO -    > [170200/517313 (33%), 710.34s] Loss: 0.027845 
2019-03-13 05:14:54,609 - ClusterTrainer - INFO -    > [180200/517313 (35%), 693.28s] Loss: 0.026786 
2019-03-13 05:15:17,992 - ClusterTrainer - INFO -    > [190200/517313 (37%), 669.27s] Loss: 0.028701 
2019-03-13 05:15:41,368 - ClusterTrainer - INFO -    > [200200/517313 (39%), 651.69s] Loss: 0.027944 
2019-03-13 05:16:04,756 - ClusterTrainer - INFO -    > [210200/517313 (41%), 630.36s] Loss: 0.025983 
2019-03-13 05:16:28,130 - ClusterTrainer - INFO -    > [220200/517313 (43%), 608.77s] Loss: 0.023755 
2019-03-13 05:16:51,492 - ClusterTrainer - INFO -    > [230200/517313 (44%), 587.44s] Loss: 0.028579 
2019-03-13 05:17:14,866 - ClusterTrainer - INFO -    > [240200/517313 (46%), 567.50s] Loss: 0.027033 
2019-03-13 05:17:38,227 - ClusterTrainer - INFO -    > [250200/517313 (48%), 548.20s] Loss: 0.021463 
2019-03-13 05:18:01,576 - ClusterTrainer - INFO -    > [260200/517313 (50%), 525.96s] Loss: 0.026721 
2019-03-13 05:18:24,947 - ClusterTrainer - INFO -    > [270200/517313 (52%), 506.38s] Loss: 0.024937 
2019-03-13 05:18:48,320 - ClusterTrainer - INFO -    > [280200/517313 (54%), 487.95s] Loss: 0.026277 
2019-03-13 05:19:11,684 - ClusterTrainer - INFO -    > [290200/517313 (56%), 466.00s] Loss: 0.026294 
2019-03-13 05:19:35,043 - ClusterTrainer - INFO -    > [300200/517313 (58%), 446.33s] Loss: 0.028392 
2019-03-13 05:19:58,410 - ClusterTrainer - INFO -    > [310200/517313 (60%), 424.52s] Loss: 0.027541 
2019-03-13 05:20:21,797 - ClusterTrainer - INFO -    > [320200/517313 (62%), 405.21s] Loss: 0.027741 
2019-03-13 05:20:45,184 - ClusterTrainer - INFO -    > [330200/517313 (64%), 384.73s] Loss: 0.026873 
2019-03-13 05:21:08,547 - ClusterTrainer - INFO -    > [340200/517313 (66%), 363.71s] Loss: 0.028161 
2019-03-13 05:21:31,910 - ClusterTrainer - INFO -    > [350200/517313 (68%), 342.45s] Loss: 0.025665 
2019-03-13 05:21:55,277 - ClusterTrainer - INFO -    > [360200/517313 (70%), 322.57s] Loss: 0.026872 
2019-03-13 05:22:18,652 - ClusterTrainer - INFO -    > [370200/517313 (72%), 301.33s] Loss: 0.026384 
2019-03-13 05:22:42,037 - ClusterTrainer - INFO -    > [380200/517313 (73%), 281.17s] Loss: 0.024321 
2019-03-13 05:23:05,423 - ClusterTrainer - INFO -    > [390200/517313 (75%), 260.35s] Loss: 0.026076 
2019-03-13 05:23:28,783 - ClusterTrainer - INFO -    > [400200/517313 (77%), 239.95s] Loss: 0.027958 
2019-03-13 05:23:52,146 - ClusterTrainer - INFO -    > [410200/517313 (79%), 220.45s] Loss: 0.023470 
2019-03-13 05:24:15,511 - ClusterTrainer - INFO -    > [420200/517313 (81%), 199.03s] Loss: 0.026922 
2019-03-13 05:24:38,883 - ClusterTrainer - INFO -    > [430200/517313 (83%), 179.50s] Loss: 0.025630 
2019-03-13 05:25:02,252 - ClusterTrainer - INFO -    > [440200/517313 (85%), 158.17s] Loss: 0.029253 
2019-03-13 05:25:25,616 - ClusterTrainer - INFO -    > [450200/517313 (87%), 138.22s] Loss: 0.027474 
2019-03-13 05:25:48,970 - ClusterTrainer - INFO -    > [460200/517313 (89%), 117.35s] Loss: 0.028521 
2019-03-13 05:26:12,336 - ClusterTrainer - INFO -    > [470200/517313 (91%), 96.80s] Loss: 0.020598 
2019-03-13 05:26:35,702 - ClusterTrainer - INFO -    > [480200/517313 (93%), 76.88s] Loss: 0.026773 
2019-03-13 05:26:59,076 - ClusterTrainer - INFO -    > [490200/517313 (95%), 56.04s] Loss: 0.026684 
2019-03-13 05:27:22,450 - ClusterTrainer - INFO -    > [500200/517313 (97%), 35.55s] Loss: 0.026928 
2019-03-13 05:27:45,813 - ClusterTrainer - INFO -    > [510200/517313 (99%), 15.11s] Loss: 0.026744 
2019-03-13 05:28:02,456 - ClusterTrainer - INFO -    > Total loss: 0.088508
2019-03-13 05:28:02,460 - ClusterTrainer - INFO - Valid Epoch: 0
2019-03-13 05:28:02,651 - ClusterTrainer - INFO -    > [200/27436 (0%), 18.18s] Loss: 0.025495 
2019-03-13 05:28:12,104 - ClusterTrainer - INFO -    > [10200/27436 (36%), 11.61s] Loss: 0.019306 
2019-03-13 05:28:21,555 - ClusterTrainer - INFO -    > [20200/27436 (72%), 5.02s] Loss: 0.026063 
2019-03-13 05:28:28,406 - ClusterTrainer - INFO -    > Total loss: 0.031628
2019-03-13 05:36:04,407 - ClusterTrainer - INFO - Saving checkpoint: logs/variational_horoma_overlapped_no_gmm/0312_205336/14/last_checkpoint.pth ...
2019-03-13 05:37:57,300 - ClusterTrainer - INFO - Saving best checkpoint: logs/variational_horoma_overlapped_no_gmm/0312_205336/14/best_checkpoint.pth ...
2019-03-13 05:38:42,511 - ClusterTrainer - INFO - Saving best checkpoint: logs/variational_horoma_overlapped_no_gmm/0312_205336/14/best_checkpoint_kmeans20-F1.pth ...
2019-03-13 05:39:33,982 - ClusterTrainer - INFO - Saving best checkpoint: logs/variational_horoma_overlapped_no_gmm/0312_205336/14/best_checkpoint_kmeans20-accuracy.pth ...
2019-03-13 05:40:10,656 - ClusterTrainer - INFO - Saving best checkpoint: logs/variational_horoma_overlapped_no_gmm/0312_205336/14/best_checkpoint_kmeans100-F1.pth ...
2019-03-13 05:40:52,237 - ClusterTrainer - INFO - Saving best checkpoint: logs/variational_horoma_overlapped_no_gmm/0312_205336/14/best_checkpoint_kmeans100-accuracy.pth ...
2019-03-13 05:41:31,443 - ClusterTrainer - INFO - Saving best checkpoint: logs/variational_horoma_overlapped_no_gmm/0312_205336/14/best_checkpoint_kmeans300-F1.pth ...
2019-03-13 06:14:13,527 - ClusterTrainer - INFO - Saving best checkpoint: logs/variational_horoma_overlapped_no_gmm/0312_205336/14/best_checkpoint_kmeans300-accuracy.pth ...
2019-03-13 06:14:19,963 - ClusterTrainer - INFO - |  Hyperparameter  |         Value         |
| :--------------- | :-------------------- |
| lr               | 0.0005179268331841258 |
| latent_dimension | 28                    |
| linear_size      | 172                   |
| dropout          | 0.31791173911144377   |

2019-03-13 06:14:19,968 - ClusterTrainer - INFO - Train Epoch: 0
2019-03-13 06:14:20,583 - ClusterTrainer - INFO -    > [200/517313 (0%), 1359.89s] Loss: 7.119282 
2019-03-13 06:14:43,949 - ClusterTrainer - INFO -    > [10200/517313 (2%), 1035.02s] Loss: 0.276552 
2019-03-13 06:15:07,245 - ClusterTrainer - INFO -    > [20200/517313 (4%), 1015.16s] Loss: 0.149700 
2019-03-13 06:15:30,553 - ClusterTrainer - INFO -    > [30200/517313 (6%), 994.64s] Loss: 0.107383 
2019-03-13 06:15:53,863 - ClusterTrainer - INFO -    > [40200/517313 (8%), 976.80s] Loss: 0.085003 
2019-03-13 06:16:17,185 - ClusterTrainer - INFO -    > [50200/517313 (10%), 954.98s] Loss: 0.061963 
2019-03-13 06:16:40,493 - ClusterTrainer - INFO -    > [60200/517313 (12%), 933.77s] Loss: 0.050987 
2019-03-13 06:17:03,798 - ClusterTrainer - INFO -    > [70200/517313 (14%), 913.65s] Loss: 0.044749 
2019-03-13 06:17:27,098 - ClusterTrainer - INFO -    > [80200/517313 (15%), 893.11s] Loss: 0.040811 
2019-03-13 06:17:50,419 - ClusterTrainer - INFO -    > [90200/517313 (17%), 872.14s] Loss: 0.033482 
2019-03-13 06:18:13,735 - ClusterTrainer - INFO -    > [100200/517313 (19%), 851.25s] Loss: 0.033649 
2019-03-13 06:18:37,049 - ClusterTrainer - INFO -    > [110200/517313 (21%), 832.28s] Loss: 0.030406 
2019-03-13 06:19:00,371 - ClusterTrainer - INFO -    > [120200/517313 (23%), 813.58s] Loss: 0.026946 
2019-03-13 06:19:23,694 - ClusterTrainer - INFO -    > [130200/517313 (25%), 793.09s] Loss: 0.028768 
2019-03-13 06:19:47,017 - ClusterTrainer - INFO -    > [140200/517313 (27%), 771.45s] Loss: 0.030080 
2019-03-13 06:20:10,354 - ClusterTrainer - INFO -    > [150200/517313 (29%), 753.13s] Loss: 0.026848 
2019-03-13 06:20:33,672 - ClusterTrainer - INFO -    > [160200/517313 (31%), 731.12s] Loss: 0.029155 
2019-03-13 06:20:56,987 - ClusterTrainer - INFO -    > [170200/517313 (33%), 708.79s] Loss: 0.026311 
2019-03-13 06:21:20,307 - ClusterTrainer - INFO -    > [180200/517313 (35%), 688.42s] Loss: 0.027849 
2019-03-13 06:21:43,614 - ClusterTrainer - INFO -    > [190200/517313 (37%), 667.07s] Loss: 0.026378 
2019-03-13 06:22:06,927 - ClusterTrainer - INFO -    > [200200/517313 (39%), 650.25s] Loss: 0.026579 
2019-03-13 06:22:30,248 - ClusterTrainer - INFO -    > [210200/517313 (41%), 628.29s] Loss: 0.025421 
2019-03-13 06:22:53,565 - ClusterTrainer - INFO -    > [220200/517313 (43%), 607.63s] Loss: 0.028259 
2019-03-13 06:23:16,880 - ClusterTrainer - INFO -    > [230200/517313 (44%), 585.60s] Loss: 0.024183 
2019-03-13 06:23:40,200 - ClusterTrainer - INFO -    > [240200/517313 (46%), 565.12s] Loss: 0.026533 
2019-03-13 06:24:03,540 - ClusterTrainer - INFO -    > [250200/517313 (48%), 546.66s] Loss: 0.024733 
2019-03-13 06:24:26,875 - ClusterTrainer - INFO -    > [260200/517313 (50%), 525.93s] Loss: 0.025494 
2019-03-13 06:24:50,205 - ClusterTrainer - INFO -    > [270200/517313 (52%), 505.04s] Loss: 0.026528 
2019-03-13 06:25:13,520 - ClusterTrainer - INFO -    > [280200/517313 (54%), 485.56s] Loss: 0.029132 
2019-03-13 06:25:36,840 - ClusterTrainer - INFO -    > [290200/517313 (56%), 464.09s] Loss: 0.029458 
2019-03-13 06:26:00,178 - ClusterTrainer - INFO -    > [300200/517313 (58%), 445.09s] Loss: 0.026452 
2019-03-13 06:26:23,478 - ClusterTrainer - INFO -    > [310200/517313 (60%), 421.76s] Loss: 0.025060 
2019-03-13 06:26:46,715 - ClusterTrainer - INFO -    > [320200/517313 (62%), 402.23s] Loss: 0.023200 
2019-03-13 06:27:09,938 - ClusterTrainer - INFO -    > [330200/517313 (64%), 380.74s] Loss: 0.023037 
2019-03-13 06:27:33,157 - ClusterTrainer - INFO -    > [340200/517313 (66%), 362.24s] Loss: 0.027457 
2019-03-13 06:27:56,385 - ClusterTrainer - INFO -    > [350200/517313 (68%), 340.81s] Loss: 0.024846 
2019-03-13 06:28:19,633 - ClusterTrainer - INFO -    > [360200/517313 (70%), 320.23s] Loss: 0.025981 
2019-03-13 06:28:42,861 - ClusterTrainer - INFO -    > [370200/517313 (72%), 299.52s] Loss: 0.027466 
2019-03-13 06:29:06,077 - ClusterTrainer - INFO -    > [380200/517313 (73%), 279.48s] Loss: 0.026844 
2019-03-13 06:29:29,302 - ClusterTrainer - INFO -    > [390200/517313 (75%), 259.72s] Loss: 0.027181 
2019-03-13 06:29:52,524 - ClusterTrainer - INFO -    > [400200/517313 (77%), 239.18s] Loss: 0.026667 
2019-03-13 06:30:15,764 - ClusterTrainer - INFO -    > [410200/517313 (79%), 218.78s] Loss: 0.025612 
2019-03-13 06:30:38,997 - ClusterTrainer - INFO -    > [420200/517313 (81%), 198.29s] Loss: 0.026913 
2019-03-13 06:31:02,221 - ClusterTrainer - INFO -    > [430200/517313 (83%), 177.68s] Loss: 0.027008 
2019-03-13 06:31:25,439 - ClusterTrainer - INFO -    > [440200/517313 (85%), 157.57s] Loss: 0.026106 
2019-03-13 06:31:48,654 - ClusterTrainer - INFO -    > [450200/517313 (87%), 137.04s] Loss: 0.025440 
2019-03-13 06:32:11,885 - ClusterTrainer - INFO -    > [460200/517313 (89%), 117.25s] Loss: 0.023820 
2019-03-13 06:32:35,118 - ClusterTrainer - INFO -    > [470200/517313 (91%), 96.47s] Loss: 0.025516 
2019-03-13 06:32:58,350 - ClusterTrainer - INFO -    > [480200/517313 (93%), 76.18s] Loss: 0.024064 
2019-03-13 06:33:21,567 - ClusterTrainer - INFO -    > [490200/517313 (95%), 55.66s] Loss: 0.025253 
2019-03-13 06:33:44,795 - ClusterTrainer - INFO -    > [500200/517313 (97%), 35.38s] Loss: 0.025725 
2019-03-13 06:34:08,018 - ClusterTrainer - INFO -    > [510200/517313 (99%), 15.10s] Loss: 0.027200 
2019-03-13 06:34:24,564 - ClusterTrainer - INFO -    > Total loss: 0.054135
2019-03-13 06:34:24,568 - ClusterTrainer - INFO - Valid Epoch: 0
2019-03-13 06:34:24,759 - ClusterTrainer - INFO -    > [200/27436 (0%), 18.15s] Loss: 0.023088 
2019-03-13 06:34:34,190 - ClusterTrainer - INFO -    > [10200/27436 (36%), 11.59s] Loss: 0.017618 
2019-03-13 06:34:43,622 - ClusterTrainer - INFO -    > [20200/27436 (72%), 5.00s] Loss: 0.015654 
2019-03-13 06:34:50,459 - ClusterTrainer - INFO -    > Total loss: 0.023963
2019-03-13 06:43:00,725 - ClusterTrainer - INFO - Saving checkpoint: logs/variational_horoma_overlapped_no_gmm/0312_205336/15/last_checkpoint.pth ...
2019-03-13 06:43:38,117 - ClusterTrainer - INFO - Saving best checkpoint: logs/variational_horoma_overlapped_no_gmm/0312_205336/15/best_checkpoint.pth ...
2019-03-13 06:44:13,856 - ClusterTrainer - INFO - Saving best checkpoint: logs/variational_horoma_overlapped_no_gmm/0312_205336/15/best_checkpoint_kmeans20-F1.pth ...
2019-03-13 06:44:56,843 - ClusterTrainer - INFO - Saving best checkpoint: logs/variational_horoma_overlapped_no_gmm/0312_205336/15/best_checkpoint_kmeans20-accuracy.pth ...
2019-03-13 06:45:42,169 - ClusterTrainer - INFO - Saving best checkpoint: logs/variational_horoma_overlapped_no_gmm/0312_205336/15/best_checkpoint_kmeans100-F1.pth ...
2019-03-13 06:46:21,924 - ClusterTrainer - INFO - Saving best checkpoint: logs/variational_horoma_overlapped_no_gmm/0312_205336/15/best_checkpoint_kmeans100-accuracy.pth ...
2019-03-13 06:47:02,690 - ClusterTrainer - INFO - Saving best checkpoint: logs/variational_horoma_overlapped_no_gmm/0312_205336/15/best_checkpoint_kmeans300-F1.pth ...
2019-03-13 06:47:42,624 - ClusterTrainer - INFO - Saving best checkpoint: logs/variational_horoma_overlapped_no_gmm/0312_205336/15/best_checkpoint_kmeans300-accuracy.pth ...
2019-03-13 06:47:50,055 - ClusterTrainer - INFO - |  Hyperparameter  |         Value          |
| :--------------- | :--------------------- |
| lr               | 4.0924775655826355e-05 |
| latent_dimension | 7                      |
| linear_size      | 89                     |
| dropout          | 0.15043100538704107    |

2019-03-13 06:47:50,062 - ClusterTrainer - INFO - Train Epoch: 0
2019-03-13 06:47:50,680 - ClusterTrainer - INFO -    > [200/517313 (0%), 1370.50s] Loss: 6.396930 
2019-03-13 06:48:14,353 - ClusterTrainer - INFO -    > [10200/517313 (2%), 1049.77s] Loss: 0.569166 
2019-03-13 06:48:38,007 - ClusterTrainer - INFO -    > [20200/517313 (4%), 1032.30s] Loss: 0.450426 
2019-03-13 06:49:01,655 - ClusterTrainer - INFO -    > [30200/517313 (6%), 1010.52s] Loss: 0.389489 
2019-03-13 06:49:25,317 - ClusterTrainer - INFO -    > [40200/517313 (8%), 994.07s] Loss: 0.349393 
2019-03-13 06:49:48,971 - ClusterTrainer - INFO -    > [50200/517313 (10%), 968.63s] Loss: 0.331738 
2019-03-13 06:50:12,623 - ClusterTrainer - INFO -    > [60200/517313 (12%), 949.25s] Loss: 0.295547 
2019-03-13 06:50:36,268 - ClusterTrainer - INFO -    > [70200/517313 (14%), 925.54s] Loss: 0.265875 
2019-03-13 06:50:59,915 - ClusterTrainer - INFO -    > [80200/517313 (15%), 906.38s] Loss: 0.250789 
2019-03-13 06:51:23,567 - ClusterTrainer - INFO -    > [90200/517313 (17%), 884.90s] Loss: 0.245562 
2019-03-13 06:51:47,224 - ClusterTrainer - INFO -    > [100200/517313 (19%), 866.02s] Loss: 0.229784 
2019-03-13 06:52:10,890 - ClusterTrainer - INFO -    > [110200/517313 (21%), 852.26s] Loss: 0.191492 
2019-03-13 06:52:34,564 - ClusterTrainer - INFO -    > [120200/517313 (23%), 822.70s] Loss: 0.192364 
2019-03-13 06:52:58,227 - ClusterTrainer - INFO -    > [130200/517313 (25%), 806.61s] Loss: 0.179824 
2019-03-13 06:53:21,911 - ClusterTrainer - INFO -    > [140200/517313 (27%), 781.10s] Loss: 0.173669 
2019-03-13 06:53:45,564 - ClusterTrainer - INFO -    > [150200/517313 (29%), 763.88s] Loss: 0.170477 
2019-03-13 06:54:09,233 - ClusterTrainer - INFO -    > [160200/517313 (31%), 740.38s] Loss: 0.154545 
2019-03-13 06:54:32,889 - ClusterTrainer - INFO -    > [170200/517313 (33%), 719.35s] Loss: 0.164782 
2019-03-13 06:54:56,547 - ClusterTrainer - INFO -    > [180200/517313 (35%), 700.70s] Loss: 0.152326 
2019-03-13 06:55:20,218 - ClusterTrainer - INFO -    > [190200/517313 (37%), 684.54s] Loss: 0.141158 
2019-03-13 06:55:43,885 - ClusterTrainer - INFO -    > [200200/517313 (39%), 657.61s] Loss: 0.142502 
2019-03-13 06:56:07,562 - ClusterTrainer - INFO -    > [210200/517313 (41%), 636.05s] Loss: 0.140357 
2019-03-13 06:56:31,219 - ClusterTrainer - INFO -    > [220200/517313 (43%), 615.88s] Loss: 0.121702 
2019-03-13 06:56:54,881 - ClusterTrainer - INFO -    > [230200/517313 (44%), 597.96s] Loss: 0.133450 
2019-03-13 06:57:18,537 - ClusterTrainer - INFO -    > [240200/517313 (46%), 580.39s] Loss: 0.121690 
2019-03-13 06:57:42,183 - ClusterTrainer - INFO -    > [250200/517313 (48%), 554.52s] Loss: 0.114806 
2019-03-13 06:58:05,840 - ClusterTrainer - INFO -    > [260200/517313 (50%), 536.13s] Loss: 0.121053 
2019-03-13 06:58:29,507 - ClusterTrainer - INFO -    > [270200/517313 (52%), 514.45s] Loss: 0.106150 
2019-03-13 06:58:53,158 - ClusterTrainer - INFO -    > [280200/517313 (54%), 495.20s] Loss: 0.104362 
2019-03-13 06:59:16,812 - ClusterTrainer - INFO -    > [290200/517313 (56%), 473.30s] Loss: 0.105291 
2019-03-13 06:59:40,466 - ClusterTrainer - INFO -    > [300200/517313 (58%), 451.09s] Loss: 0.102628 
2019-03-13 07:00:04,136 - ClusterTrainer - INFO -    > [310200/517313 (60%), 432.03s] Loss: 0.099581 
2019-03-13 07:00:27,798 - ClusterTrainer - INFO -    > [320200/517313 (62%), 410.88s] Loss: 0.096515 
2019-03-13 07:00:51,453 - ClusterTrainer - INFO -    > [330200/517313 (64%), 388.72s] Loss: 0.094395 
2019-03-13 07:01:15,109 - ClusterTrainer - INFO -    > [340200/517313 (66%), 367.40s] Loss: 0.094163 
2019-03-13 07:01:38,779 - ClusterTrainer - INFO -    > [350200/517313 (68%), 350.17s] Loss: 0.093150 
2019-03-13 07:02:02,436 - ClusterTrainer - INFO -    > [360200/517313 (70%), 327.89s] Loss: 0.084447 
2019-03-13 07:02:26,123 - ClusterTrainer - INFO -    > [370200/517313 (72%), 307.49s] Loss: 0.087918 
2019-03-13 07:02:49,769 - ClusterTrainer - INFO -    > [380200/517313 (73%), 286.12s] Loss: 0.083109 
2019-03-13 07:03:13,420 - ClusterTrainer - INFO -    > [390200/517313 (75%), 264.07s] Loss: 0.080136 
2019-03-13 07:03:37,075 - ClusterTrainer - INFO -    > [400200/517313 (77%), 244.11s] Loss: 0.089838 
2019-03-13 07:04:00,729 - ClusterTrainer - INFO -    > [410200/517313 (79%), 222.63s] Loss: 0.071503 
2019-03-13 07:04:24,374 - ClusterTrainer - INFO -    > [420200/517313 (81%), 201.77s] Loss: 0.077758 
2019-03-13 07:04:48,025 - ClusterTrainer - INFO -    > [430200/517313 (83%), 181.67s] Loss: 0.077081 
2019-03-13 07:05:11,674 - ClusterTrainer - INFO -    > [440200/517313 (85%), 160.18s] Loss: 0.073740 
2019-03-13 07:05:35,316 - ClusterTrainer - INFO -    > [450200/517313 (87%), 139.77s] Loss: 0.075557 
2019-03-13 07:05:58,976 - ClusterTrainer - INFO -    > [460200/517313 (89%), 119.39s] Loss: 0.073379 
2019-03-13 07:06:22,634 - ClusterTrainer - INFO -    > [470200/517313 (91%), 98.67s] Loss: 0.068061 
2019-03-13 07:06:46,290 - ClusterTrainer - INFO -    > [480200/517313 (93%), 77.62s] Loss: 0.072344 
2019-03-13 07:07:09,948 - ClusterTrainer - INFO -    > [490200/517313 (95%), 56.84s] Loss: 0.072328 
2019-03-13 07:07:33,623 - ClusterTrainer - INFO -    > [500200/517313 (97%), 36.20s] Loss: 0.065761 
2019-03-13 07:07:57,305 - ClusterTrainer - INFO -    > [510200/517313 (99%), 15.40s] Loss: 0.063267 
2019-03-13 07:08:14,409 - ClusterTrainer - INFO -    > Total loss: 0.180035
2019-03-13 07:08:14,413 - ClusterTrainer - INFO - Valid Epoch: 0
2019-03-13 07:08:14,604 - ClusterTrainer - INFO -    > [200/27436 (0%), 18.20s] Loss: 0.058831 
2019-03-13 07:08:24,037 - ClusterTrainer - INFO -    > [10200/27436 (36%), 11.57s] Loss: 0.059850 
2019-03-13 07:08:33,473 - ClusterTrainer - INFO -    > [20200/27436 (72%), 5.00s] Loss: 0.125432 
2019-03-13 07:08:40,449 - ClusterTrainer - INFO -    > Total loss: 0.057339
2019-03-13 07:18:47,993 - ClusterTrainer - INFO - Saving checkpoint: logs/variational_horoma_overlapped_no_gmm/0312_205336/16/last_checkpoint.pth ...
2019-03-13 07:19:34,913 - ClusterTrainer - INFO - Saving best checkpoint: logs/variational_horoma_overlapped_no_gmm/0312_205336/16/best_checkpoint.pth ...
2019-03-13 07:20:16,734 - ClusterTrainer - INFO - Saving best checkpoint: logs/variational_horoma_overlapped_no_gmm/0312_205336/16/best_checkpoint_kmeans20-F1.pth ...
2019-03-13 07:20:55,271 - ClusterTrainer - INFO - Saving best checkpoint: logs/variational_horoma_overlapped_no_gmm/0312_205336/16/best_checkpoint_kmeans20-accuracy.pth ...
2019-03-13 07:21:39,157 - ClusterTrainer - INFO - Saving best checkpoint: logs/variational_horoma_overlapped_no_gmm/0312_205336/16/best_checkpoint_kmeans100-F1.pth ...
2019-03-13 07:22:22,384 - ClusterTrainer - INFO - Saving best checkpoint: logs/variational_horoma_overlapped_no_gmm/0312_205336/16/best_checkpoint_kmeans100-accuracy.pth ...
2019-03-13 07:22:55,697 - ClusterTrainer - INFO - Saving best checkpoint: logs/variational_horoma_overlapped_no_gmm/0312_205336/16/best_checkpoint_kmeans300-F1.pth ...
2019-03-13 07:25:08,717 - ClusterTrainer - INFO - Saving best checkpoint: logs/variational_horoma_overlapped_no_gmm/0312_205336/16/best_checkpoint_kmeans300-accuracy.pth ...
2019-03-13 07:25:16,540 - ClusterTrainer - INFO - |  Hyperparameter  |         Value         |
| :--------------- | :-------------------- |
| lr               | 0.0006859640262462791 |
| latent_dimension | 20                    |
| linear_size      | 970                   |
| dropout          | 0.3723042681051053    |

2019-03-13 07:25:16,545 - ClusterTrainer - INFO - Train Epoch: 0
2019-03-13 07:25:17,180 - ClusterTrainer - INFO -    > [200/517313 (0%), 1411.97s] Loss: 2.159379 
2019-03-13 07:25:41,094 - ClusterTrainer - INFO -    > [10200/517313 (2%), 1065.95s] Loss: 0.047719 
2019-03-13 07:26:05,005 - ClusterTrainer - INFO -    > [20200/517313 (4%), 1053.36s] Loss: 0.033083 
2019-03-13 07:26:28,908 - ClusterTrainer - INFO -    > [30200/517313 (6%), 1024.12s] Loss: 0.032294 
2019-03-13 07:26:52,831 - ClusterTrainer - INFO -    > [40200/517313 (8%), 1010.44s] Loss: 0.029767 
2019-03-13 07:27:16,725 - ClusterTrainer - INFO -    > [50200/517313 (10%), 983.81s] Loss: 0.031884 
2019-03-13 07:27:40,630 - ClusterTrainer - INFO -    > [60200/517313 (12%), 972.73s] Loss: 0.028479 
2019-03-13 07:28:04,510 - ClusterTrainer - INFO -    > [70200/517313 (14%), 941.98s] Loss: 0.027387 
2019-03-13 07:28:28,425 - ClusterTrainer - INFO -    > [80200/517313 (15%), 925.81s] Loss: 0.031034 
2019-03-13 07:28:52,322 - ClusterTrainer - INFO -    > [90200/517313 (17%), 896.74s] Loss: 0.027165 
2019-03-13 07:29:16,236 - ClusterTrainer - INFO -    > [100200/517313 (19%), 883.92s] Loss: 0.026644 
2019-03-13 07:29:40,157 - ClusterTrainer - INFO -    > [110200/517313 (21%), 857.89s] Loss: 0.028315 
2019-03-13 07:30:04,073 - ClusterTrainer - INFO -    > [120200/517313 (23%), 840.44s] Loss: 0.027550 
2019-03-13 07:30:27,969 - ClusterTrainer - INFO -    > [130200/517313 (25%), 814.25s] Loss: 0.027548 
2019-03-13 07:30:51,878 - ClusterTrainer - INFO -    > [140200/517313 (27%), 799.00s] Loss: 0.026258 
2019-03-13 07:31:15,772 - ClusterTrainer - INFO -    > [150200/517313 (29%), 772.49s] Loss: 0.024036 
2019-03-13 07:31:39,687 - ClusterTrainer - INFO -    > [160200/517313 (31%), 755.02s] Loss: 0.022216 
2019-03-13 07:32:03,591 - ClusterTrainer - INFO -    > [170200/517313 (33%), 730.33s] Loss: 0.024585 
2019-03-13 07:32:27,514 - ClusterTrainer - INFO -    > [180200/517313 (35%), 713.05s] Loss: 0.025786 
2019-03-13 07:32:51,418 - ClusterTrainer - INFO -    > [190200/517313 (37%), 689.60s] Loss: 0.024357 
2019-03-13 07:33:15,321 - ClusterTrainer - INFO -    > [200200/517313 (39%), 672.06s] Loss: 0.024364 
2019-03-13 07:33:39,215 - ClusterTrainer - INFO -    > [210200/517313 (41%), 646.72s] Loss: 0.026197 
2019-03-13 07:34:03,112 - ClusterTrainer - INFO -    > [220200/517313 (43%), 629.78s] Loss: 0.025861 
2019-03-13 07:34:27,009 - ClusterTrainer - INFO -    > [230200/517313 (44%), 604.20s] Loss: 0.022869 
2019-03-13 07:34:50,924 - ClusterTrainer - INFO -    > [240200/517313 (46%), 586.23s] Loss: 0.025474 
2019-03-13 07:35:14,810 - ClusterTrainer - INFO -    > [250200/517313 (48%), 562.75s] Loss: 0.025279 
2019-03-13 07:35:38,702 - ClusterTrainer - INFO -    > [260200/517313 (50%), 544.24s] Loss: 0.028549 
2019-03-13 07:36:02,608 - ClusterTrainer - INFO -    > [270200/517313 (52%), 520.92s] Loss: 0.026080 
2019-03-13 07:36:26,519 - ClusterTrainer - INFO -    > [280200/517313 (54%), 501.81s] Loss: 0.027841 
2019-03-13 07:36:50,428 - ClusterTrainer - INFO -    > [290200/517313 (56%), 478.21s] Loss: 0.027650 
2019-03-13 07:37:14,353 - ClusterTrainer - INFO -    > [300200/517313 (58%), 460.25s] Loss: 0.026242 
2019-03-13 07:37:38,264 - ClusterTrainer - INFO -    > [310200/517313 (60%), 435.81s] Loss: 0.027128 
2019-03-13 07:38:02,176 - ClusterTrainer - INFO -    > [320200/517313 (62%), 419.30s] Loss: 0.026859 
2019-03-13 07:38:26,087 - ClusterTrainer - INFO -    > [330200/517313 (64%), 393.67s] Loss: 0.023708 
2019-03-13 07:38:50,018 - ClusterTrainer - INFO -    > [340200/517313 (66%), 375.67s] Loss: 0.023391 
2019-03-13 07:39:13,933 - ClusterTrainer - INFO -    > [350200/517313 (68%), 352.17s] Loss: 0.025425 
2019-03-13 07:39:37,847 - ClusterTrainer - INFO -    > [360200/517313 (70%), 333.15s] Loss: 0.023862 
2019-03-13 07:40:01,743 - ClusterTrainer - INFO -    > [370200/517313 (72%), 310.07s] Loss: 0.028096 
2019-03-13 07:40:25,655 - ClusterTrainer - INFO -    > [380200/517313 (73%), 291.13s] Loss: 0.025070 
2019-03-13 07:40:49,566 - ClusterTrainer - INFO -    > [390200/517313 (75%), 267.95s] Loss: 0.025751 
2019-03-13 07:41:13,485 - ClusterTrainer - INFO -    > [400200/517313 (77%), 249.42s] Loss: 0.023122 
2019-03-13 07:41:37,394 - ClusterTrainer - INFO -    > [410200/517313 (79%), 225.43s] Loss: 0.023429 
2019-03-13 07:42:01,306 - ClusterTrainer - INFO -    > [420200/517313 (81%), 206.63s] Loss: 0.024611 
2019-03-13 07:42:25,208 - ClusterTrainer - INFO -    > [430200/517313 (83%), 183.76s] Loss: 0.026195 
2019-03-13 07:42:49,120 - ClusterTrainer - INFO -    > [440200/517313 (85%), 163.96s] Loss: 0.023804 
2019-03-13 07:43:13,036 - ClusterTrainer - INFO -    > [450200/517313 (87%), 141.91s] Loss: 0.025450 
2019-03-13 07:43:36,944 - ClusterTrainer - INFO -    > [460200/517313 (89%), 121.49s] Loss: 0.025835 
2019-03-13 07:44:00,848 - ClusterTrainer - INFO -    > [470200/517313 (91%), 100.32s] Loss: 0.025654 
2019-03-13 07:44:24,768 - ClusterTrainer - INFO -    > [480200/517313 (93%), 79.12s] Loss: 0.026368 
2019-03-13 07:44:48,668 - ClusterTrainer - INFO -    > [490200/517313 (95%), 57.63s] Loss: 0.028068 
2019-03-13 07:45:12,601 - ClusterTrainer - INFO -    > [500200/517313 (97%), 37.03s] Loss: 0.024227 
2019-03-13 07:45:36,502 - ClusterTrainer - INFO -    > [510200/517313 (99%), 15.53s] Loss: 0.023692 
2019-03-13 07:45:53,529 - ClusterTrainer - INFO -    > Total loss: 0.032248
2019-03-13 07:45:53,534 - ClusterTrainer - INFO - Valid Epoch: 0
2019-03-13 07:45:53,727 - ClusterTrainer - INFO -    > [200/27436 (0%), 18.49s] Loss: 0.067714 
2019-03-13 07:46:03,261 - ClusterTrainer - INFO -    > [10200/27436 (36%), 11.76s] Loss: 0.021412 
2019-03-13 07:46:12,797 - ClusterTrainer - INFO -    > [20200/27436 (72%), 5.08s] Loss: 0.013983 
2019-03-13 07:46:19,708 - ClusterTrainer - INFO -    > Total loss: 0.024947
2019-03-13 07:54:42,024 - ClusterTrainer - INFO - Saving checkpoint: logs/variational_horoma_overlapped_no_gmm/0312_205336/17/last_checkpoint.pth ...
2019-03-13 07:55:18,336 - ClusterTrainer - INFO - Saving best checkpoint: logs/variational_horoma_overlapped_no_gmm/0312_205336/17/best_checkpoint.pth ...
2019-03-13 07:56:12,857 - ClusterTrainer - INFO - Saving best checkpoint: logs/variational_horoma_overlapped_no_gmm/0312_205336/17/best_checkpoint_kmeans20-F1.pth ...
2019-03-13 07:57:03,593 - ClusterTrainer - INFO - Saving best checkpoint: logs/variational_horoma_overlapped_no_gmm/0312_205336/17/best_checkpoint_kmeans20-accuracy.pth ...
2019-03-13 07:57:39,628 - ClusterTrainer - INFO - Saving best checkpoint: logs/variational_horoma_overlapped_no_gmm/0312_205336/17/best_checkpoint_kmeans100-F1.pth ...
2019-03-13 07:58:34,962 - ClusterTrainer - INFO - Saving best checkpoint: logs/variational_horoma_overlapped_no_gmm/0312_205336/17/best_checkpoint_kmeans100-accuracy.pth ...
2019-03-13 07:59:19,838 - ClusterTrainer - INFO - Saving best checkpoint: logs/variational_horoma_overlapped_no_gmm/0312_205336/17/best_checkpoint_kmeans300-F1.pth ...
2019-03-13 08:00:03,442 - ClusterTrainer - INFO - Saving best checkpoint: logs/variational_horoma_overlapped_no_gmm/0312_205336/17/best_checkpoint_kmeans300-accuracy.pth ...
2019-03-13 08:00:11,060 - ClusterTrainer - INFO - |  Hyperparameter  |         Value         |
| :--------------- | :-------------------- |
| lr               | 0.0005239793156422707 |
| latent_dimension | 14                    |
| linear_size      | 937                   |
| dropout          | 0.3046753826304663    |

2019-03-13 08:00:11,066 - ClusterTrainer - INFO - Train Epoch: 0
2019-03-13 08:00:11,683 - ClusterTrainer - INFO -    > [200/517313 (0%), 1363.82s] Loss: 1.212783 
2019-03-13 08:00:35,698 - ClusterTrainer - INFO -    > [10200/517313 (2%), 1071.02s] Loss: 0.042636 
2019-03-13 08:00:59,680 - ClusterTrainer - INFO -    > [20200/517313 (4%), 1045.78s] Loss: 0.032790 
2019-03-13 08:01:23,666 - ClusterTrainer - INFO -    > [30200/517313 (6%), 1031.20s] Loss: 0.032279 
2019-03-13 08:01:47,642 - ClusterTrainer - INFO -    > [40200/517313 (8%), 1006.22s] Loss: 0.030543 
2019-03-13 08:02:11,612 - ClusterTrainer - INFO -    > [50200/517313 (10%), 986.77s] Loss: 0.028235 
2019-03-13 08:02:35,589 - ClusterTrainer - INFO -    > [60200/517313 (12%), 966.14s] Loss: 0.029538 
2019-03-13 08:02:59,567 - ClusterTrainer - INFO -    > [70200/517313 (14%), 946.97s] Loss: 0.028971 
2019-03-13 08:03:23,541 - ClusterTrainer - INFO -    > [80200/517313 (15%), 921.58s] Loss: 0.028257 
2019-03-13 08:03:47,524 - ClusterTrainer - INFO -    > [90200/517313 (17%), 907.80s] Loss: 0.028624 
2019-03-13 08:04:11,502 - ClusterTrainer - INFO -    > [100200/517313 (19%), 883.10s] Loss: 0.027276 
2019-03-13 08:04:35,495 - ClusterTrainer - INFO -    > [110200/517313 (21%), 861.60s] Loss: 0.025293 
2019-03-13 08:04:59,460 - ClusterTrainer - INFO -    > [120200/517313 (23%), 840.07s] Loss: 0.023365 
2019-03-13 08:05:23,412 - ClusterTrainer - INFO -    > [130200/517313 (25%), 818.84s] Loss: 0.028436 
2019-03-13 08:05:47,358 - ClusterTrainer - INFO -    > [140200/517313 (27%), 793.85s] Loss: 0.025486 
2019-03-13 08:06:11,318 - ClusterTrainer - INFO -    > [150200/517313 (29%), 776.73s] Loss: 0.025174 
2019-03-13 08:06:35,273 - ClusterTrainer - INFO -    > [160200/517313 (31%), 753.19s] Loss: 0.026258 
2019-03-13 08:06:59,232 - ClusterTrainer - INFO -    > [170200/517313 (33%), 734.48s] Loss: 0.023860 
2019-03-13 08:07:23,179 - ClusterTrainer - INFO -    > [180200/517313 (35%), 710.64s] Loss: 0.023751 
2019-03-13 08:07:47,127 - ClusterTrainer - INFO -    > [190200/517313 (37%), 691.00s] Loss: 0.023338 
2019-03-13 08:08:11,074 - ClusterTrainer - INFO -    > [200200/517313 (39%), 668.43s] Loss: 0.028813 
2019-03-13 08:08:35,022 - ClusterTrainer - INFO -    > [210200/517313 (41%), 650.21s] Loss: 0.026358 
2019-03-13 08:08:59,000 - ClusterTrainer - INFO -    > [220200/517313 (43%), 626.82s] Loss: 0.027579 
2019-03-13 08:09:22,979 - ClusterTrainer - INFO -    > [230200/517313 (44%), 606.38s] Loss: 0.028399 
2019-03-13 08:09:46,943 - ClusterTrainer - INFO -    > [240200/517313 (46%), 590.95s] Loss: 0.026109 
2019-03-13 08:10:10,894 - ClusterTrainer - INFO -    > [250200/517313 (48%), 564.83s] Loss: 0.027135 
2019-03-13 08:10:34,848 - ClusterTrainer - INFO -    > [260200/517313 (50%), 542.96s] Loss: 0.026308 
2019-03-13 08:10:58,815 - ClusterTrainer - INFO -    > [270200/517313 (52%), 522.48s] Loss: 0.026045 
2019-03-13 08:11:22,767 - ClusterTrainer - INFO -    > [280200/517313 (54%), 501.12s] Loss: 0.026762 
2019-03-13 08:11:46,725 - ClusterTrainer - INFO -    > [290200/517313 (56%), 479.49s] Loss: 0.027942 
2019-03-13 08:12:10,683 - ClusterTrainer - INFO -    > [300200/517313 (58%), 457.83s] Loss: 0.025610 
2019-03-13 08:12:34,647 - ClusterTrainer - INFO -    > [310200/517313 (60%), 437.81s] Loss: 0.025871 
2019-03-13 08:12:58,614 - ClusterTrainer - INFO -    > [320200/517313 (62%), 416.26s] Loss: 0.029525 
2019-03-13 08:13:22,566 - ClusterTrainer - INFO -    > [330200/517313 (64%), 395.67s] Loss: 0.024316 
2019-03-13 08:13:46,530 - ClusterTrainer - INFO -    > [340200/517313 (66%), 374.95s] Loss: 0.022453 
2019-03-13 08:14:10,492 - ClusterTrainer - INFO -    > [350200/517313 (68%), 353.06s] Loss: 0.023817 
2019-03-13 08:14:34,467 - ClusterTrainer - INFO -    > [360200/517313 (70%), 332.44s] Loss: 0.024502 
2019-03-13 08:14:58,423 - ClusterTrainer - INFO -    > [370200/517313 (72%), 312.30s] Loss: 0.030883 
2019-03-13 08:15:22,367 - ClusterTrainer - INFO -    > [380200/517313 (73%), 289.22s] Loss: 0.024474 
2019-03-13 08:15:46,314 - ClusterTrainer - INFO -    > [390200/517313 (75%), 269.58s] Loss: 0.027054 
2019-03-13 08:16:10,271 - ClusterTrainer - INFO -    > [400200/517313 (77%), 246.94s] Loss: 0.026302 
2019-03-13 08:16:34,229 - ClusterTrainer - INFO -    > [410200/517313 (79%), 226.68s] Loss: 0.025719 
2019-03-13 08:16:58,197 - ClusterTrainer - INFO -    > [420200/517313 (81%), 205.31s] Loss: 0.027933 
2019-03-13 08:17:22,154 - ClusterTrainer - INFO -    > [430200/517313 (83%), 184.57s] Loss: 0.025096 
2019-03-13 08:17:46,108 - ClusterTrainer - INFO -    > [440200/517313 (85%), 163.21s] Loss: 0.028142 
2019-03-13 08:18:10,058 - ClusterTrainer - INFO -    > [450200/517313 (87%), 142.23s] Loss: 0.025992 
2019-03-13 08:18:34,022 - ClusterTrainer - INFO -    > [460200/517313 (89%), 121.09s] Loss: 0.025836 
2019-03-13 08:18:57,975 - ClusterTrainer - INFO -    > [470200/517313 (91%), 100.09s] Loss: 0.025849 
2019-03-13 08:19:21,924 - ClusterTrainer - INFO -    > [480200/517313 (93%), 78.85s] Loss: 0.025470 
2019-03-13 08:19:45,881 - ClusterTrainer - INFO -    > [490200/517313 (95%), 57.84s] Loss: 0.028030 
2019-03-13 08:20:09,822 - ClusterTrainer - INFO -    > [500200/517313 (97%), 36.69s] Loss: 0.025888 
2019-03-13 08:20:33,768 - ClusterTrainer - INFO -    > [510200/517313 (99%), 15.65s] Loss: 0.027596 
2019-03-13 08:20:50,828 - ClusterTrainer - INFO -    > Total loss: 0.032912
2019-03-13 08:20:50,833 - ClusterTrainer - INFO - Valid Epoch: 0
2019-03-13 08:20:51,025 - ClusterTrainer - INFO -    > [200/27436 (0%), 18.43s] Loss: 0.014205 
2019-03-13 08:21:00,559 - ClusterTrainer - INFO -    > [10200/27436 (36%), 11.76s] Loss: 0.019505 
2019-03-13 08:21:10,097 - ClusterTrainer - INFO -    > [20200/27436 (72%), 5.07s] Loss: 0.018153 
2019-03-13 08:21:17,010 - ClusterTrainer - INFO -    > Total loss: 0.022910
2019-03-13 08:29:33,859 - ClusterTrainer - INFO - Saving checkpoint: logs/variational_horoma_overlapped_no_gmm/0312_205336/18/last_checkpoint.pth ...
2019-03-13 08:30:18,843 - ClusterTrainer - INFO - Saving best checkpoint: logs/variational_horoma_overlapped_no_gmm/0312_205336/18/best_checkpoint.pth ...
2019-03-13 08:30:59,802 - ClusterTrainer - INFO - Saving best checkpoint: logs/variational_horoma_overlapped_no_gmm/0312_205336/18/best_checkpoint_kmeans20-F1.pth ...
2019-03-13 08:31:45,525 - ClusterTrainer - INFO - Saving best checkpoint: logs/variational_horoma_overlapped_no_gmm/0312_205336/18/best_checkpoint_kmeans20-accuracy.pth ...
2019-03-13 08:32:28,556 - ClusterTrainer - INFO - Saving best checkpoint: logs/variational_horoma_overlapped_no_gmm/0312_205336/18/best_checkpoint_kmeans100-F1.pth ...
2019-03-13 08:33:20,170 - ClusterTrainer - INFO - Saving best checkpoint: logs/variational_horoma_overlapped_no_gmm/0312_205336/18/best_checkpoint_kmeans100-accuracy.pth ...
2019-03-13 08:33:58,509 - ClusterTrainer - INFO - Saving best checkpoint: logs/variational_horoma_overlapped_no_gmm/0312_205336/18/best_checkpoint_kmeans300-F1.pth ...
2019-03-13 08:34:39,401 - ClusterTrainer - INFO - Saving best checkpoint: logs/variational_horoma_overlapped_no_gmm/0312_205336/18/best_checkpoint_kmeans300-accuracy.pth ...
2019-03-13 08:34:47,146 - ClusterTrainer - INFO - |  Hyperparameter  |         Value          |
| :--------------- | :--------------------- |
| lr               | 0.00012788753763480815 |
| latent_dimension | 32                     |
| linear_size      | 958                    |
| dropout          | 0.12410276737713752    |

2019-03-13 08:34:47,152 - ClusterTrainer - INFO - Train Epoch: 0
2019-03-13 08:34:47,793 - ClusterTrainer - INFO -    > [200/517313 (0%), 1423.69s] Loss: 2.091046 
2019-03-13 08:35:11,820 - ClusterTrainer - INFO -    > [10200/517313 (2%), 1073.83s] Loss: 0.057566 
2019-03-13 08:35:38,985 - ClusterTrainer - INFO -    > [20200/517313 (4%), 1059.28s] Loss: 0.043339 
2019-03-13 08:36:02,955 - ClusterTrainer - INFO -    > [30200/517313 (6%), 1023.59s] Loss: 0.037775 
2019-03-13 08:36:26,935 - ClusterTrainer - INFO -    > [40200/517313 (8%), 1012.36s] Loss: 0.036589 
2019-03-13 08:36:50,885 - ClusterTrainer - INFO -    > [50200/517313 (10%), 986.65s] Loss: 0.036084 
2019-03-13 08:37:14,837 - ClusterTrainer - INFO -    > [60200/517313 (12%), 969.39s] Loss: 0.034496 
2019-03-13 08:37:38,777 - ClusterTrainer - INFO -    > [70200/517313 (14%), 942.65s] Loss: 0.028439 
2019-03-13 08:38:02,752 - ClusterTrainer - INFO -    > [80200/517313 (15%), 930.26s] Loss: 0.028824 
2019-03-13 08:38:26,719 - ClusterTrainer - INFO -    > [90200/517313 (17%), 901.37s] Loss: 0.031465 
2019-03-13 08:38:50,678 - ClusterTrainer - INFO -    > [100200/517313 (19%), 885.01s] Loss: 0.028814 
2019-03-13 08:39:14,638 - ClusterTrainer - INFO -    > [110200/517313 (21%), 862.34s] Loss: 0.029880 
2019-03-13 08:39:38,582 - ClusterTrainer - INFO -    > [120200/517313 (23%), 841.85s] Loss: 0.029306 
2019-03-13 08:40:02,543 - ClusterTrainer - INFO -    > [130200/517313 (25%), 817.30s] Loss: 0.027631 
2019-03-13 08:40:26,518 - ClusterTrainer - INFO -    > [140200/517313 (27%), 798.14s] Loss: 0.029456 
2019-03-13 08:40:50,471 - ClusterTrainer - INFO -    > [150200/517313 (29%), 773.44s] Loss: 0.026469 
2019-03-13 08:41:14,442 - ClusterTrainer - INFO -    > [160200/517313 (31%), 760.30s] Loss: 0.031270 
2019-03-13 08:41:38,399 - ClusterTrainer - INFO -    > [170200/517313 (33%), 729.76s] Loss: 0.027231 
2019-03-13 08:42:02,385 - ClusterTrainer - INFO -    > [180200/517313 (35%), 717.55s] Loss: 0.027782 
2019-03-13 08:42:26,358 - ClusterTrainer - INFO -    > [190200/517313 (37%), 691.65s] Loss: 0.027450 
2019-03-13 08:42:50,336 - ClusterTrainer - INFO -    > [200200/517313 (39%), 675.51s] Loss: 0.030496 
2019-03-13 08:43:14,292 - ClusterTrainer - INFO -    > [210200/517313 (41%), 646.32s] Loss: 0.025323 
2019-03-13 08:43:38,254 - ClusterTrainer - INFO -    > [220200/517313 (43%), 631.16s] Loss: 0.024922 
2019-03-13 08:44:02,227 - ClusterTrainer - INFO -    > [230200/517313 (44%), 606.69s] Loss: 0.025648 
2019-03-13 08:44:26,209 - ClusterTrainer - INFO -    > [240200/517313 (46%), 588.54s] Loss: 0.028670 
2019-03-13 08:44:50,173 - ClusterTrainer - INFO -    > [250200/517313 (48%), 561.73s] Loss: 0.027687 
2019-03-13 08:45:14,138 - ClusterTrainer - INFO -    > [260200/517313 (50%), 544.85s] Loss: 0.023641 
2019-03-13 08:45:38,091 - ClusterTrainer - INFO -    > [270200/517313 (52%), 520.96s] Loss: 0.029011 
2019-03-13 08:46:02,080 - ClusterTrainer - INFO -    > [280200/517313 (54%), 503.99s] Loss: 0.026292 
2019-03-13 08:46:26,035 - ClusterTrainer - INFO -    > [290200/517313 (56%), 478.13s] Loss: 0.024874 
2019-03-13 08:46:50,006 - ClusterTrainer - INFO -    > [300200/517313 (58%), 462.48s] Loss: 0.026622 
2019-03-13 08:47:13,970 - ClusterTrainer - INFO -    > [310200/517313 (60%), 436.21s] Loss: 0.027456 
2019-03-13 08:47:37,948 - ClusterTrainer - INFO -    > [320200/517313 (62%), 420.60s] Loss: 0.024961 
2019-03-13 08:48:01,909 - ClusterTrainer - INFO -    > [330200/517313 (64%), 394.06s] Loss: 0.026922 
2019-03-13 08:48:25,885 - ClusterTrainer - INFO -    > [340200/517313 (66%), 376.92s] Loss: 0.026379 
2019-03-13 08:48:49,843 - ClusterTrainer - INFO -    > [350200/517313 (68%), 353.42s] Loss: 0.027283 
2019-03-13 08:49:13,818 - ClusterTrainer - INFO -    > [360200/517313 (70%), 333.55s] Loss: 0.022636 
2019-03-13 08:49:37,788 - ClusterTrainer - INFO -    > [370200/517313 (72%), 311.72s] Loss: 0.028993 
2019-03-13 08:50:01,778 - ClusterTrainer - INFO -    > [380200/517313 (73%), 291.93s] Loss: 0.026040 
2019-03-13 08:50:25,739 - ClusterTrainer - INFO -    > [390200/517313 (75%), 267.68s] Loss: 0.028648 
2019-03-13 08:50:49,721 - ClusterTrainer - INFO -    > [400200/517313 (77%), 250.22s] Loss: 0.025946 
2019-03-13 08:51:13,697 - ClusterTrainer - INFO -    > [410200/517313 (79%), 225.45s] Loss: 0.027409 
2019-03-13 08:51:37,677 - ClusterTrainer - INFO -    > [420200/517313 (81%), 207.04s] Loss: 0.023568 
2019-03-13 08:52:01,646 - ClusterTrainer - INFO -    > [430200/517313 (83%), 183.74s] Loss: 0.025292 
2019-03-13 08:52:25,623 - ClusterTrainer - INFO -    > [440200/517313 (85%), 164.21s] Loss: 0.025899 
2019-03-13 08:52:49,577 - ClusterTrainer - INFO -    > [450200/517313 (87%), 142.37s] Loss: 0.024778 
2019-03-13 08:53:13,560 - ClusterTrainer - INFO -    > [460200/517313 (89%), 122.27s] Loss: 0.025609 
2019-03-13 08:53:37,540 - ClusterTrainer - INFO -    > [470200/517313 (91%), 99.74s] Loss: 0.028158 
