2019-03-12 21:01:00,152 - ClusterTrainer - INFO - |  Hyperparameter  |        Value         |
| :--------------- | :------------------- |
| lr               | 0.000862571101762328 |
| code_size        | 59                   |
| lin2_in_channels | 54                   |
| dropout          | 0.3676896943156376   |

2019-03-12 21:01:00,154 - ClusterTrainer - INFO - Train Epoch: 0
2019-03-12 21:01:00,234 - ClusterTrainer - INFO -    > [128/517313 (0%), 38.05s] Loss: 0.074674 
2019-03-12 21:01:03,232 - ClusterTrainer - INFO -    > [8192/517313 (2%), 38.33s] Loss: 0.009345 
2019-03-12 21:01:06,226 - ClusterTrainer - INFO -    > [16256/517313 (3%), 37.13s] Loss: 0.007968 
2019-03-12 21:01:09,213 - ClusterTrainer - INFO -    > [24320/517313 (5%), 36.71s] Loss: 0.006623 
2019-03-12 21:01:12,203 - ClusterTrainer - INFO -    > [32384/517313 (6%), 36.36s] Loss: 0.005635 
2019-03-12 21:01:15,189 - ClusterTrainer - INFO -    > [40448/517313 (8%), 35.72s] Loss: 0.005530 
2019-03-12 21:01:18,172 - ClusterTrainer - INFO -    > [48512/517313 (9%), 35.11s] Loss: 0.004817 
2019-03-12 21:01:21,163 - ClusterTrainer - INFO -    > [56576/517313 (11%), 34.63s] Loss: 0.004675 
2019-03-12 21:01:24,156 - ClusterTrainer - INFO -    > [64640/517313 (12%), 33.77s] Loss: 0.004320 
2019-03-12 21:01:27,146 - ClusterTrainer - INFO -    > [72704/517313 (14%), 33.36s] Loss: 0.004014 
2019-03-12 21:01:30,134 - ClusterTrainer - INFO -    > [80768/517313 (16%), 32.35s] Loss: 0.004124 
2019-03-12 21:01:33,122 - ClusterTrainer - INFO -    > [88832/517313 (17%), 32.46s] Loss: 0.003303 
2019-03-12 21:01:36,109 - ClusterTrainer - INFO -    > [96896/517313 (19%), 31.44s] Loss: 0.003323 
2019-03-12 21:01:39,108 - ClusterTrainer - INFO -    > [104960/517313 (20%), 31.10s] Loss: 0.003550 
2019-03-12 21:01:42,119 - ClusterTrainer - INFO -    > [113024/517313 (22%), 30.52s] Loss: 0.003341 
2019-03-12 21:01:45,135 - ClusterTrainer - INFO -    > [121088/517313 (23%), 30.24s] Loss: 0.003210 
2019-03-12 21:01:48,164 - ClusterTrainer - INFO -    > [129152/517313 (25%), 29.64s] Loss: 0.003499 
2019-03-12 21:01:51,185 - ClusterTrainer - INFO -    > [137216/517313 (26%), 28.57s] Loss: 0.003090 
2019-03-12 21:01:54,204 - ClusterTrainer - INFO -    > [145280/517313 (28%), 28.39s] Loss: 0.003217 
2019-03-12 21:01:57,222 - ClusterTrainer - INFO -    > [153344/517313 (30%), 27.54s] Loss: 0.003268 
2019-03-12 21:02:00,250 - ClusterTrainer - INFO -    > [161408/517313 (31%), 27.04s] Loss: 0.003177 
2019-03-12 21:02:03,265 - ClusterTrainer - INFO -    > [169472/517313 (33%), 26.32s] Loss: 0.003119 
2019-03-12 21:02:06,282 - ClusterTrainer - INFO -    > [177536/517313 (34%), 25.79s] Loss: 0.003085 
2019-03-12 21:02:09,414 - ClusterTrainer - INFO -    > [185600/517313 (36%), 25.24s] Loss: 0.002860 
2019-03-12 21:02:12,428 - ClusterTrainer - INFO -    > [193664/517313 (37%), 24.35s] Loss: 0.003129 
2019-03-12 21:02:15,451 - ClusterTrainer - INFO -    > [201728/517313 (39%), 24.18s] Loss: 0.003005 
2019-03-12 21:02:18,475 - ClusterTrainer - INFO -    > [209792/517313 (41%), 23.20s] Loss: 0.002746 
2019-03-12 21:02:21,493 - ClusterTrainer - INFO -    > [217856/517313 (42%), 22.67s] Loss: 0.002582 
2019-03-12 21:02:24,514 - ClusterTrainer - INFO -    > [225920/517313 (44%), 22.04s] Loss: 0.002857 
2019-03-12 21:02:27,533 - ClusterTrainer - INFO -    > [233984/517313 (45%), 21.27s] Loss: 0.002847 
2019-03-12 21:02:30,555 - ClusterTrainer - INFO -    > [242048/517313 (47%), 20.72s] Loss: 0.002936 
2019-03-12 21:02:33,572 - ClusterTrainer - INFO -    > [250112/517313 (48%), 20.30s] Loss: 0.002828 
2019-03-12 21:02:36,591 - ClusterTrainer - INFO -    > [258176/517313 (50%), 19.66s] Loss: 0.002656 
2019-03-12 21:02:39,610 - ClusterTrainer - INFO -    > [266240/517313 (51%), 19.03s] Loss: 0.002731 
2019-03-12 21:02:42,623 - ClusterTrainer - INFO -    > [274304/517313 (53%), 18.34s] Loss: 0.002894 
2019-03-12 21:02:45,646 - ClusterTrainer - INFO -    > [282368/517313 (55%), 17.80s] Loss: 0.002515 
2019-03-12 21:02:48,670 - ClusterTrainer - INFO -    > [290432/517313 (56%), 17.20s] Loss: 0.002673 
2019-03-12 21:02:51,679 - ClusterTrainer - INFO -    > [298496/517313 (58%), 16.54s] Loss: 0.002604 
2019-03-12 21:02:54,689 - ClusterTrainer - INFO -    > [306560/517313 (59%), 16.05s] Loss: 0.002576 
2019-03-12 21:02:57,690 - ClusterTrainer - INFO -    > [314624/517313 (61%), 15.08s] Loss: 0.002518 
2019-03-12 21:03:00,698 - ClusterTrainer - INFO -    > [322688/517313 (62%), 14.87s] Loss: 0.002544 
2019-03-12 21:03:03,700 - ClusterTrainer - INFO -    > [330752/517313 (64%), 14.08s] Loss: 0.002687 
2019-03-12 21:03:06,702 - ClusterTrainer - INFO -    > [338816/517313 (65%), 13.59s] Loss: 0.002471 
2019-03-12 21:03:09,710 - ClusterTrainer - INFO -    > [346880/517313 (67%), 12.95s] Loss: 0.002419 
2019-03-12 21:03:12,712 - ClusterTrainer - INFO -    > [354944/517313 (69%), 12.24s] Loss: 0.002565 
2019-03-12 21:03:15,716 - ClusterTrainer - INFO -    > [363008/517313 (70%), 11.59s] Loss: 0.002589 
2019-03-12 21:03:18,722 - ClusterTrainer - INFO -    > [371072/517313 (72%), 11.07s] Loss: 0.002694 
2019-03-12 21:03:21,723 - ClusterTrainer - INFO -    > [379136/517313 (73%), 10.31s] Loss: 0.002614 
2019-03-12 21:03:24,728 - ClusterTrainer - INFO -    > [387200/517313 (75%), 9.76s] Loss: 0.002455 
2019-03-12 21:03:27,734 - ClusterTrainer - INFO -    > [395264/517313 (76%), 9.24s] Loss: 0.002603 
2019-03-12 21:03:30,735 - ClusterTrainer - INFO -    > [403328/517313 (78%), 8.61s] Loss: 0.002291 
2019-03-12 21:03:33,747 - ClusterTrainer - INFO -    > [411392/517313 (79%), 7.94s] Loss: 0.002475 
2019-03-12 21:03:36,747 - ClusterTrainer - INFO -    > [419456/517313 (81%), 7.37s] Loss: 0.002481 
2019-03-12 21:03:39,755 - ClusterTrainer - INFO -    > [427520/517313 (83%), 6.74s] Loss: 0.002602 
2019-03-12 21:03:42,770 - ClusterTrainer - INFO -    > [435584/517313 (84%), 6.18s] Loss: 0.002385 
2019-03-12 21:03:45,791 - ClusterTrainer - INFO -    > [443648/517313 (86%), 5.57s] Loss: 0.002542 
2019-03-12 21:03:48,814 - ClusterTrainer - INFO -    > [451712/517313 (87%), 4.98s] Loss: 0.002530 
2019-03-12 21:03:51,833 - ClusterTrainer - INFO -    > [459776/517313 (89%), 4.32s] Loss: 0.002449 
2019-03-12 21:03:54,853 - ClusterTrainer - INFO -    > [467840/517313 (90%), 3.73s] Loss: 0.002552 
2019-03-12 21:03:57,871 - ClusterTrainer - INFO -    > [475904/517313 (92%), 3.15s] Loss: 0.002438 
2019-03-12 21:04:00,887 - ClusterTrainer - INFO -    > [483968/517313 (94%), 2.55s] Loss: 0.002519 
2019-03-12 21:04:03,904 - ClusterTrainer - INFO -    > [492032/517313 (95%), 1.94s] Loss: 0.002352 
2019-03-12 21:04:06,922 - ClusterTrainer - INFO -    > [500096/517313 (97%), 1.33s] Loss: 0.002225 
2019-03-12 21:04:09,939 - ClusterTrainer - INFO -    > [508160/517313 (98%), 0.71s] Loss: 0.002376 
2019-03-12 21:04:12,963 - ClusterTrainer - INFO -    > [516224/517313 (100%), 0.10s] Loss: 0.002438 
2019-03-12 21:04:13,380 - ClusterTrainer - INFO -    > Total loss: 0.003441
2019-03-12 21:04:13,380 - ClusterTrainer - INFO - Valid Epoch: 0
2019-03-12 21:04:13,422 - ClusterTrainer - INFO -    > [128/27436 (0%), 0.68s] Loss: 0.002264 
2019-03-12 21:04:16,019 - ClusterTrainer - INFO -    > [8192/27436 (29%), 0.48s] Loss: 0.002783 
2019-03-12 21:04:18,623 - ClusterTrainer - INFO -    > [16256/27436 (59%), 0.28s] Loss: 0.001589 
2019-03-12 21:04:21,229 - ClusterTrainer - INFO -    > [24320/27436 (88%), 0.08s] Loss: 0.001302 
2019-03-12 21:04:22,231 - ClusterTrainer - INFO -    > Total loss: 0.001766
2019-03-12 21:12:45,274 - ClusterTrainer - INFO - Saving checkpoint: logs/conv_ae_horoma/0312_160210/2/last_checkpoint.pth ...
2019-03-12 21:13:28,315 - ClusterTrainer - INFO - Saving best checkpoint: logs/conv_ae_horoma/0312_160210/2/best_checkpoint.pth ...
2019-03-12 21:14:07,210 - ClusterTrainer - INFO - Saving best checkpoint: logs/conv_ae_horoma/0312_160210/2/best_checkpoint_kmeans20-F1.pth ...
2019-03-12 21:14:56,518 - ClusterTrainer - INFO - Saving best checkpoint: logs/conv_ae_horoma/0312_160210/2/best_checkpoint_kmeans20-accuracy.pth ...
2019-03-12 21:15:40,452 - ClusterTrainer - INFO - Saving best checkpoint: logs/conv_ae_horoma/0312_160210/2/best_checkpoint_kmeans100-F1.pth ...
2019-03-12 21:16:17,159 - ClusterTrainer - INFO - Saving best checkpoint: logs/conv_ae_horoma/0312_160210/2/best_checkpoint_kmeans100-accuracy.pth ...
2019-03-12 21:16:57,558 - ClusterTrainer - INFO - Saving best checkpoint: logs/conv_ae_horoma/0312_160210/2/best_checkpoint_kmeans300-F1.pth ...
2019-03-12 21:19:06,970 - ClusterTrainer - INFO - Saving best checkpoint: logs/conv_ae_horoma/0312_160210/2/best_checkpoint_kmeans300-accuracy.pth ...
2019-03-12 21:19:06,971 - ClusterTrainer - INFO - Train Epoch: 1
2019-03-12 21:19:07,052 - ClusterTrainer - INFO -    > [128/517313 (0%), 39.03s] Loss: 0.002476 
2019-03-12 21:19:10,046 - ClusterTrainer - INFO -    > [8192/517313 (2%), 38.10s] Loss: 0.002409 
2019-03-12 21:19:13,042 - ClusterTrainer - INFO -    > [16256/517313 (3%), 36.86s] Loss: 0.002280 
2019-03-12 21:19:16,040 - ClusterTrainer - INFO -    > [24320/517313 (5%), 37.30s] Loss: 0.002426 
2019-03-12 21:19:19,037 - ClusterTrainer - INFO -    > [32384/517313 (6%), 36.58s] Loss: 0.002515 
2019-03-12 21:19:22,039 - ClusterTrainer - INFO -    > [40448/517313 (8%), 35.47s] Loss: 0.002343 
2019-03-12 21:19:25,035 - ClusterTrainer - INFO -    > [48512/517313 (9%), 35.10s] Loss: 0.002245 
2019-03-12 21:19:28,023 - ClusterTrainer - INFO -    > [56576/517313 (11%), 34.75s] Loss: 0.002237 
2019-03-12 21:19:31,032 - ClusterTrainer - INFO -    > [64640/517313 (12%), 34.03s] Loss: 0.002297 
2019-03-12 21:19:34,054 - ClusterTrainer - INFO -    > [72704/517313 (14%), 34.00s] Loss: 0.002387 
2019-03-12 21:19:37,074 - ClusterTrainer - INFO -    > [80768/517313 (16%), 32.81s] Loss: 0.002420 
2019-03-12 21:19:40,113 - ClusterTrainer - INFO -    > [88832/517313 (17%), 32.64s] Loss: 0.002281 
2019-03-12 21:19:43,125 - ClusterTrainer - INFO -    > [96896/517313 (19%), 31.78s] Loss: 0.002330 
2019-03-12 21:19:46,145 - ClusterTrainer - INFO -    > [104960/517313 (20%), 31.70s] Loss: 0.002469 
2019-03-12 21:19:49,176 - ClusterTrainer - INFO -    > [113024/517313 (22%), 30.48s] Loss: 0.002229 
2019-03-12 21:19:52,201 - ClusterTrainer - INFO -    > [121088/517313 (23%), 29.86s] Loss: 0.002420 
2019-03-12 21:19:55,234 - ClusterTrainer - INFO -    > [129152/517313 (25%), 29.71s] Loss: 0.002368 
2019-03-12 21:19:58,259 - ClusterTrainer - INFO -    > [137216/517313 (26%), 28.81s] Loss: 0.002285 
2019-03-12 21:20:01,287 - ClusterTrainer - INFO -    > [145280/517313 (28%), 28.26s] Loss: 0.002409 
2019-03-12 21:20:04,319 - ClusterTrainer - INFO -    > [153344/517313 (30%), 27.33s] Loss: 0.002369 
2019-03-12 21:20:07,343 - ClusterTrainer - INFO -    > [161408/517313 (31%), 27.24s] Loss: 0.002250 
2019-03-12 21:20:10,376 - ClusterTrainer - INFO -    > [169472/517313 (33%), 26.53s] Loss: 0.002360 
2019-03-12 21:20:13,407 - ClusterTrainer - INFO -    > [177536/517313 (34%), 25.73s] Loss: 0.002189 
2019-03-12 21:20:16,434 - ClusterTrainer - INFO -    > [185600/517313 (36%), 25.50s] Loss: 0.002409 
2019-03-12 21:20:19,464 - ClusterTrainer - INFO -    > [193664/517313 (37%), 24.52s] Loss: 0.002319 
2019-03-12 21:20:22,494 - ClusterTrainer - INFO -    > [201728/517313 (39%), 23.66s] Loss: 0.002284 
2019-03-12 21:20:25,525 - ClusterTrainer - INFO -    > [209792/517313 (41%), 23.76s] Loss: 0.002343 
2019-03-12 21:20:28,549 - ClusterTrainer - INFO -    > [217856/517313 (42%), 22.60s] Loss: 0.002381 
2019-03-12 21:20:31,573 - ClusterTrainer - INFO -    > [225920/517313 (44%), 21.96s] Loss: 0.002335 
2019-03-12 21:20:34,607 - ClusterTrainer - INFO -    > [233984/517313 (45%), 21.67s] Loss: 0.002223 
2019-03-12 21:20:37,638 - ClusterTrainer - INFO -    > [242048/517313 (47%), 21.32s] Loss: 0.002374 
2019-03-12 21:20:40,669 - ClusterTrainer - INFO -    > [250112/517313 (48%), 20.09s] Loss: 0.002336 
2019-03-12 21:20:43,705 - ClusterTrainer - INFO -    > [258176/517313 (50%), 19.94s] Loss: 0.002325 
2019-03-12 21:20:46,735 - ClusterTrainer - INFO -    > [266240/517313 (51%), 19.04s] Loss: 0.002301 
2019-03-12 21:20:49,749 - ClusterTrainer - INFO -    > [274304/517313 (53%), 18.49s] Loss: 0.002416 
2019-03-12 21:20:52,761 - ClusterTrainer - INFO -    > [282368/517313 (55%), 17.63s] Loss: 0.002242 
2019-03-12 21:20:55,762 - ClusterTrainer - INFO -    > [290432/517313 (56%), 17.14s] Loss: 0.002242 
2019-03-12 21:20:58,776 - ClusterTrainer - INFO -    > [298496/517313 (58%), 16.51s] Loss: 0.002385 
2019-03-12 21:21:01,783 - ClusterTrainer - INFO -    > [306560/517313 (59%), 15.88s] Loss: 0.002471 
2019-03-12 21:21:04,794 - ClusterTrainer - INFO -    > [314624/517313 (61%), 15.10s] Loss: 0.002156 
2019-03-12 21:21:07,805 - ClusterTrainer - INFO -    > [322688/517313 (62%), 14.65s] Loss: 0.002337 
2019-03-12 21:21:10,805 - ClusterTrainer - INFO -    > [330752/517313 (64%), 13.84s] Loss: 0.002490 
2019-03-12 21:21:13,815 - ClusterTrainer - INFO -    > [338816/517313 (65%), 13.52s] Loss: 0.002180 
2019-03-12 21:21:16,820 - ClusterTrainer - INFO -    > [346880/517313 (67%), 12.73s] Loss: 0.002382 
2019-03-12 21:21:19,830 - ClusterTrainer - INFO -    > [354944/517313 (69%), 12.38s] Loss: 0.002299 
2019-03-12 21:21:22,846 - ClusterTrainer - INFO -    > [363008/517313 (70%), 11.22s] Loss: 0.002256 
2019-03-12 21:21:25,854 - ClusterTrainer - INFO -    > [371072/517313 (72%), 10.95s] Loss: 0.002161 
2019-03-12 21:21:28,870 - ClusterTrainer - INFO -    > [379136/517313 (73%), 10.46s] Loss: 0.002128 
2019-03-12 21:21:31,887 - ClusterTrainer - INFO -    > [387200/517313 (75%), 9.89s] Loss: 0.002330 
2019-03-12 21:21:34,898 - ClusterTrainer - INFO -    > [395264/517313 (76%), 9.23s] Loss: 0.002259 
2019-03-12 21:21:37,916 - ClusterTrainer - INFO -    > [403328/517313 (78%), 8.68s] Loss: 0.002256 
2019-03-12 21:21:40,935 - ClusterTrainer - INFO -    > [411392/517313 (79%), 8.03s] Loss: 0.002296 
2019-03-12 21:21:43,964 - ClusterTrainer - INFO -    > [419456/517313 (81%), 7.46s] Loss: 0.002206 
2019-03-12 21:21:46,996 - ClusterTrainer - INFO -    > [427520/517313 (83%), 6.90s] Loss: 0.002343 
2019-03-12 21:21:50,018 - ClusterTrainer - INFO -    > [435584/517313 (84%), 6.19s] Loss: 0.002228 
2019-03-12 21:21:53,053 - ClusterTrainer - INFO -    > [443648/517313 (86%), 5.54s] Loss: 0.002284 
2019-03-12 21:21:56,080 - ClusterTrainer - INFO -    > [451712/517313 (87%), 4.98s] Loss: 0.002377 
2019-03-12 21:21:59,109 - ClusterTrainer - INFO -    > [459776/517313 (89%), 4.35s] Loss: 0.002172 
2019-03-12 21:22:02,142 - ClusterTrainer - INFO -    > [467840/517313 (90%), 3.77s] Loss: 0.002262 
2019-03-12 21:22:05,170 - ClusterTrainer - INFO -    > [475904/517313 (92%), 3.16s] Loss: 0.002428 
2019-03-12 21:22:08,198 - ClusterTrainer - INFO -    > [483968/517313 (94%), 2.58s] Loss: 0.002253 
2019-03-12 21:22:11,226 - ClusterTrainer - INFO -    > [492032/517313 (95%), 1.92s] Loss: 0.002392 
2019-03-12 21:22:14,252 - ClusterTrainer - INFO -    > [500096/517313 (97%), 1.33s] Loss: 0.002314 
2019-03-12 21:22:17,287 - ClusterTrainer - INFO -    > [508160/517313 (98%), 0.71s] Loss: 0.002137 
2019-03-12 21:22:20,309 - ClusterTrainer - INFO -    > [516224/517313 (100%), 0.10s] Loss: 0.002210 
2019-03-12 21:22:20,728 - ClusterTrainer - INFO -    > Total loss: 0.002303
2019-03-12 21:22:20,729 - ClusterTrainer - INFO - Valid Epoch: 1
2019-03-12 21:22:20,770 - ClusterTrainer - INFO -    > [128/27436 (0%), 0.68s] Loss: 0.001999 
2019-03-12 21:22:23,379 - ClusterTrainer - INFO -    > [8192/27436 (29%), 0.49s] Loss: 0.002502 
2019-03-12 21:22:25,986 - ClusterTrainer - INFO -    > [16256/27436 (59%), 0.29s] Loss: 0.001428 
2019-03-12 21:22:28,589 - ClusterTrainer - INFO -    > [24320/27436 (88%), 0.08s] Loss: 0.001161 
2019-03-12 21:22:29,598 - ClusterTrainer - INFO -    > Total loss: 0.001579
2019-03-12 21:31:53,116 - ClusterTrainer - INFO - Saving best checkpoint: logs/conv_ae_horoma/0312_160210/2/best_checkpoint.pth ...
2019-03-12 21:32:39,698 - ClusterTrainer - INFO - Saving best checkpoint: logs/conv_ae_horoma/0312_160210/2/best_checkpoint_kmeans20-F1.pth ...
2019-03-12 21:33:19,074 - ClusterTrainer - INFO - Saving best checkpoint: logs/conv_ae_horoma/0312_160210/2/best_checkpoint_kmeans300-F1.pth ...
2019-03-12 21:35:22,799 - ClusterTrainer - INFO - Saving best checkpoint: logs/conv_ae_horoma/0312_160210/2/best_checkpoint_kmeans300-accuracy.pth ...
2019-03-12 21:35:22,800 - ClusterTrainer - INFO - Train Epoch: 2
2019-03-12 21:35:22,883 - ClusterTrainer - INFO -    > [128/517313 (0%), 39.24s] Loss: 0.002255 
2019-03-12 21:35:25,901 - ClusterTrainer - INFO -    > [8192/517313 (2%), 38.22s] Loss: 0.002205 
2019-03-12 21:35:28,925 - ClusterTrainer - INFO -    > [16256/517313 (3%), 38.00s] Loss: 0.002250 
2019-03-12 21:35:31,944 - ClusterTrainer - INFO -    > [24320/517313 (5%), 37.42s] Loss: 0.002166 
2019-03-12 21:35:34,965 - ClusterTrainer - INFO -    > [32384/517313 (6%), 36.45s] Loss: 0.002229 
2019-03-12 21:35:37,987 - ClusterTrainer - INFO -    > [40448/517313 (8%), 36.25s] Loss: 0.002308 
2019-03-12 21:35:41,041 - ClusterTrainer - INFO -    > [48512/517313 (9%), 35.79s] Loss: 0.002249 
2019-03-12 21:35:44,061 - ClusterTrainer - INFO -    > [56576/517313 (11%), 34.90s] Loss: 0.002256 
2019-03-12 21:35:47,089 - ClusterTrainer - INFO -    > [64640/517313 (12%), 34.46s] Loss: 0.002286 
2019-03-12 21:35:50,108 - ClusterTrainer - INFO -    > [72704/517313 (14%), 33.90s] Loss: 0.002155 
2019-03-12 21:35:53,135 - ClusterTrainer - INFO -    > [80768/517313 (16%), 32.84s] Loss: 0.002269 
2019-03-12 21:35:56,159 - ClusterTrainer - INFO -    > [88832/517313 (17%), 32.29s] Loss: 0.002228 
2019-03-12 21:35:59,179 - ClusterTrainer - INFO -    > [96896/517313 (19%), 31.75s] Loss: 0.002188 
2019-03-12 21:36:02,203 - ClusterTrainer - INFO -    > [104960/517313 (20%), 31.29s] Loss: 0.002111 
2019-03-12 21:36:05,224 - ClusterTrainer - INFO -    > [113024/517313 (22%), 30.11s] Loss: 0.002116 
2019-03-12 21:36:08,251 - ClusterTrainer - INFO -    > [121088/517313 (23%), 30.28s] Loss: 0.002227 
2019-03-12 21:36:11,267 - ClusterTrainer - INFO -    > [129152/517313 (25%), 29.10s] Loss: 0.002236 
2019-03-12 21:36:14,267 - ClusterTrainer - INFO -    > [137216/517313 (26%), 28.51s] Loss: 0.002276 
2019-03-12 21:36:17,281 - ClusterTrainer - INFO -    > [145280/517313 (28%), 28.06s] Loss: 0.002157 
2019-03-12 21:36:20,283 - ClusterTrainer - INFO -    > [153344/517313 (30%), 27.03s] Loss: 0.002146 
2019-03-12 21:36:23,290 - ClusterTrainer - INFO -    > [161408/517313 (31%), 26.47s] Loss: 0.002227 
2019-03-12 21:36:26,293 - ClusterTrainer - INFO -    > [169472/517313 (33%), 26.15s] Loss: 0.002294 
2019-03-12 21:36:29,289 - ClusterTrainer - INFO -    > [177536/517313 (34%), 25.41s] Loss: 0.002036 
2019-03-12 21:36:32,337 - ClusterTrainer - INFO -    > [185600/517313 (36%), 25.05s] Loss: 0.002321 
2019-03-12 21:36:35,336 - ClusterTrainer - INFO -    > [193664/517313 (37%), 24.15s] Loss: 0.002065 
2019-03-12 21:36:38,332 - ClusterTrainer - INFO -    > [201728/517313 (39%), 23.92s] Loss: 0.002153 
2019-03-12 21:36:41,338 - ClusterTrainer - INFO -    > [209792/517313 (41%), 22.91s] Loss: 0.002162 
2019-03-12 21:36:44,337 - ClusterTrainer - INFO -    > [217856/517313 (42%), 22.32s] Loss: 0.002302 
2019-03-12 21:36:47,344 - ClusterTrainer - INFO -    > [225920/517313 (44%), 21.75s] Loss: 0.002273 
2019-03-12 21:36:50,345 - ClusterTrainer - INFO -    > [233984/517313 (45%), 21.43s] Loss: 0.002181 
2019-03-12 21:36:53,344 - ClusterTrainer - INFO -    > [242048/517313 (47%), 20.79s] Loss: 0.002201 
2019-03-12 21:36:56,352 - ClusterTrainer - INFO -    > [250112/517313 (48%), 20.18s] Loss: 0.002252 
2019-03-12 21:36:59,349 - ClusterTrainer - INFO -    > [258176/517313 (50%), 19.71s] Loss: 0.002243 
2019-03-12 21:37:02,358 - ClusterTrainer - INFO -    > [266240/517313 (51%), 19.03s] Loss: 0.002311 
2019-03-12 21:37:05,378 - ClusterTrainer - INFO -    > [274304/517313 (53%), 18.48s] Loss: 0.002239 
2019-03-12 21:37:08,399 - ClusterTrainer - INFO -    > [282368/517313 (55%), 17.66s] Loss: 0.002213 
2019-03-12 21:37:11,427 - ClusterTrainer - INFO -    > [290432/517313 (56%), 17.01s] Loss: 0.002312 
2019-03-12 21:37:14,443 - ClusterTrainer - INFO -    > [298496/517313 (58%), 16.48s] Loss: 0.002189 
2019-03-12 21:37:17,464 - ClusterTrainer - INFO -    > [306560/517313 (59%), 15.99s] Loss: 0.002188 
2019-03-12 21:37:20,486 - ClusterTrainer - INFO -    > [314624/517313 (61%), 15.29s] Loss: 0.002187 
2019-03-12 21:37:23,503 - ClusterTrainer - INFO -    > [322688/517313 (62%), 14.97s] Loss: 0.002313 
2019-03-12 21:37:26,529 - ClusterTrainer - INFO -    > [330752/517313 (64%), 14.11s] Loss: 0.002308 
2019-03-12 21:37:29,544 - ClusterTrainer - INFO -    > [338816/517313 (65%), 13.43s] Loss: 0.002279 
2019-03-12 21:37:32,563 - ClusterTrainer - INFO -    > [346880/517313 (67%), 12.98s] Loss: 0.002227 
2019-03-12 21:37:35,588 - ClusterTrainer - INFO -    > [354944/517313 (69%), 12.29s] Loss: 0.002127 
2019-03-12 21:37:38,601 - ClusterTrainer - INFO -    > [363008/517313 (70%), 11.73s] Loss: 0.002326 
2019-03-12 21:37:41,625 - ClusterTrainer - INFO -    > [371072/517313 (72%), 11.19s] Loss: 0.002098 
2019-03-12 21:37:44,645 - ClusterTrainer - INFO -    > [379136/517313 (73%), 10.37s] Loss: 0.002106 
2019-03-12 21:37:47,664 - ClusterTrainer - INFO -    > [387200/517313 (75%), 9.83s] Loss: 0.002101 
2019-03-12 21:37:50,688 - ClusterTrainer - INFO -    > [395264/517313 (76%), 9.30s] Loss: 0.002295 
2019-03-12 21:37:53,707 - ClusterTrainer - INFO -    > [403328/517313 (78%), 8.70s] Loss: 0.002214 
2019-03-12 21:37:56,727 - ClusterTrainer - INFO -    > [411392/517313 (79%), 8.07s] Loss: 0.002225 
2019-03-12 21:37:59,747 - ClusterTrainer - INFO -    > [419456/517313 (81%), 7.37s] Loss: 0.002247 
2019-03-12 21:38:02,762 - ClusterTrainer - INFO -    > [427520/517313 (83%), 6.82s] Loss: 0.002189 
2019-03-12 21:38:05,771 - ClusterTrainer - INFO -    > [435584/517313 (84%), 6.24s] Loss: 0.002205 
2019-03-12 21:38:08,778 - ClusterTrainer - INFO -    > [443648/517313 (86%), 5.56s] Loss: 0.002449 
2019-03-12 21:38:11,764 - ClusterTrainer - INFO -    > [451712/517313 (87%), 4.93s] Loss: 0.002084 
2019-03-12 21:38:14,745 - ClusterTrainer - INFO -    > [459776/517313 (89%), 4.30s] Loss: 0.002087 
2019-03-12 21:38:17,731 - ClusterTrainer - INFO -    > [467840/517313 (90%), 3.74s] Loss: 0.002296 
2019-03-12 21:38:20,717 - ClusterTrainer - INFO -    > [475904/517313 (92%), 3.15s] Loss: 0.002164 
2019-03-12 21:38:23,699 - ClusterTrainer - INFO -    > [483968/517313 (94%), 2.51s] Loss: 0.001965 
2019-03-12 21:38:26,683 - ClusterTrainer - INFO -    > [492032/517313 (95%), 1.88s] Loss: 0.002111 
2019-03-12 21:38:29,668 - ClusterTrainer - INFO -    > [500096/517313 (97%), 1.30s] Loss: 0.002266 
2019-03-12 21:38:32,652 - ClusterTrainer - INFO -    > [508160/517313 (98%), 0.70s] Loss: 0.002289 
2019-03-12 21:38:35,641 - ClusterTrainer - INFO -    > [516224/517313 (100%), 0.10s] Loss: 0.002139 
2019-03-12 21:38:36,055 - ClusterTrainer - INFO -    > Total loss: 0.002209
2019-03-12 21:38:36,055 - ClusterTrainer - INFO - Valid Epoch: 2
2019-03-12 21:38:36,096 - ClusterTrainer - INFO -    > [128/27436 (0%), 0.63s] Loss: 0.001986 
2019-03-12 21:38:38,666 - ClusterTrainer - INFO -    > [8192/27436 (29%), 0.48s] Loss: 0.002454 
2019-03-12 21:38:41,239 - ClusterTrainer - INFO -    > [16256/27436 (59%), 0.29s] Loss: 0.001381 
2019-03-12 21:38:43,812 - ClusterTrainer - INFO -    > [24320/27436 (88%), 0.08s] Loss: 0.001155 
2019-03-12 21:38:44,808 - ClusterTrainer - INFO -    > Total loss: 0.001544
2019-03-12 21:47:38,799 - ClusterTrainer - INFO - Saving best checkpoint: logs/conv_ae_horoma/0312_160210/2/best_checkpoint.pth ...
2019-03-12 21:48:19,818 - ClusterTrainer - INFO - Saving best checkpoint: logs/conv_ae_horoma/0312_160210/2/best_checkpoint_kmeans100-F1.pth ...
2019-03-12 21:48:58,388 - ClusterTrainer - INFO - Saving best checkpoint: logs/conv_ae_horoma/0312_160210/2/best_checkpoint_kmeans100-accuracy.pth ...
2019-03-12 21:51:07,024 - ClusterTrainer - INFO - Saving best checkpoint: logs/conv_ae_horoma/0312_160210/2/best_checkpoint_kmeans300-accuracy.pth ...
2019-03-12 21:51:07,025 - ClusterTrainer - INFO - Train Epoch: 3
2019-03-12 21:51:07,109 - ClusterTrainer - INFO -    > [128/517313 (0%), 39.81s] Loss: 0.001947 
2019-03-12 21:51:10,132 - ClusterTrainer - INFO -    > [8192/517313 (2%), 38.80s] Loss: 0.002045 
2019-03-12 21:51:13,157 - ClusterTrainer - INFO -    > [16256/517313 (3%), 38.05s] Loss: 0.002233 
2019-03-12 21:51:16,178 - ClusterTrainer - INFO -    > [24320/517313 (5%), 37.12s] Loss: 0.002063 
2019-03-12 21:51:19,210 - ClusterTrainer - INFO -    > [32384/517313 (6%), 36.71s] Loss: 0.002182 
2019-03-12 21:51:22,231 - ClusterTrainer - INFO -    > [40448/517313 (8%), 35.98s] Loss: 0.002230 
2019-03-12 21:51:25,240 - ClusterTrainer - INFO -    > [48512/517313 (9%), 35.60s] Loss: 0.002113 
2019-03-12 21:51:28,256 - ClusterTrainer - INFO -    > [56576/517313 (11%), 34.65s] Loss: 0.002127 
2019-03-12 21:51:31,260 - ClusterTrainer - INFO -    > [64640/517313 (12%), 33.91s] Loss: 0.002268 
2019-03-12 21:51:34,275 - ClusterTrainer - INFO -    > [72704/517313 (14%), 34.21s] Loss: 0.002156 
2019-03-12 21:51:37,282 - ClusterTrainer - INFO -    > [80768/517313 (16%), 32.65s] Loss: 0.002252 
2019-03-12 21:51:40,292 - ClusterTrainer - INFO -    > [88832/517313 (17%), 32.48s] Loss: 0.002243 
2019-03-12 21:51:43,308 - ClusterTrainer - INFO -    > [96896/517313 (19%), 31.92s] Loss: 0.002251 
2019-03-12 21:51:46,310 - ClusterTrainer - INFO -    > [104960/517313 (20%), 31.06s] Loss: 0.002077 
2019-03-12 21:51:49,321 - ClusterTrainer - INFO -    > [113024/517313 (22%), 30.45s] Loss: 0.002196 
2019-03-12 21:51:52,336 - ClusterTrainer - INFO -    > [121088/517313 (23%), 29.97s] Loss: 0.002325 
2019-03-12 21:51:55,343 - ClusterTrainer - INFO -    > [129152/517313 (25%), 29.20s] Loss: 0.002042 
2019-03-12 21:51:58,360 - ClusterTrainer - INFO -    > [137216/517313 (26%), 28.43s] Loss: 0.002153 
2019-03-12 21:52:01,368 - ClusterTrainer - INFO -    > [145280/517313 (28%), 28.17s] Loss: 0.002227 
2019-03-12 21:52:04,382 - ClusterTrainer - INFO -    > [153344/517313 (30%), 27.83s] Loss: 0.001946 
2019-03-12 21:52:07,394 - ClusterTrainer - INFO -    > [161408/517313 (31%), 26.51s] Loss: 0.002137 
2019-03-12 21:52:10,399 - ClusterTrainer - INFO -    > [169472/517313 (33%), 26.54s] Loss: 0.002173 
2019-03-12 21:52:13,413 - ClusterTrainer - INFO -    > [177536/517313 (34%), 25.55s] Loss: 0.002238 
2019-03-12 21:52:16,436 - ClusterTrainer - INFO -    > [185600/517313 (36%), 25.32s] Loss: 0.002038 
2019-03-12 21:52:19,462 - ClusterTrainer - INFO -    > [193664/517313 (37%), 24.84s] Loss: 0.002083 
2019-03-12 21:52:22,490 - ClusterTrainer - INFO -    > [201728/517313 (39%), 23.98s] Loss: 0.002189 
2019-03-12 21:52:25,511 - ClusterTrainer - INFO -    > [209792/517313 (41%), 23.56s] Loss: 0.002263 
2019-03-12 21:52:28,533 - ClusterTrainer - INFO -    > [217856/517313 (42%), 22.73s] Loss: 0.002050 
2019-03-12 21:52:31,555 - ClusterTrainer - INFO -    > [225920/517313 (44%), 22.18s] Loss: 0.002269 
2019-03-12 21:52:34,575 - ClusterTrainer - INFO -    > [233984/517313 (45%), 21.52s] Loss: 0.002213 
2019-03-12 21:52:37,603 - ClusterTrainer - INFO -    > [242048/517313 (47%), 20.94s] Loss: 0.002255 
2019-03-12 21:52:40,627 - ClusterTrainer - INFO -    > [250112/517313 (48%), 20.15s] Loss: 0.002064 
2019-03-12 21:52:43,654 - ClusterTrainer - INFO -    > [258176/517313 (50%), 19.83s] Loss: 0.002188 
2019-03-12 21:52:46,682 - ClusterTrainer - INFO -    > [266240/517313 (51%), 19.00s] Loss: 0.002221 
2019-03-12 21:52:49,710 - ClusterTrainer - INFO -    > [274304/517313 (53%), 18.60s] Loss: 0.002099 
2019-03-12 21:52:52,739 - ClusterTrainer - INFO -    > [282368/517313 (55%), 17.92s] Loss: 0.002137 
2019-03-12 21:52:55,763 - ClusterTrainer - INFO -    > [290432/517313 (56%), 17.33s] Loss: 0.002328 
2019-03-12 21:52:58,788 - ClusterTrainer - INFO -    > [298496/517313 (58%), 16.80s] Loss: 0.002243 
2019-03-12 21:53:01,820 - ClusterTrainer - INFO -    > [306560/517313 (59%), 15.96s] Loss: 0.002269 
2019-03-12 21:53:04,841 - ClusterTrainer - INFO -    > [314624/517313 (61%), 15.16s] Loss: 0.002299 
2019-03-12 21:53:07,872 - ClusterTrainer - INFO -    > [322688/517313 (62%), 14.99s] Loss: 0.002212 
2019-03-12 21:53:10,898 - ClusterTrainer - INFO -    > [330752/517313 (64%), 14.42s] Loss: 0.002075 
2019-03-12 21:53:13,926 - ClusterTrainer - INFO -    > [338816/517313 (65%), 13.81s] Loss: 0.002133 
2019-03-12 21:53:16,957 - ClusterTrainer - INFO -    > [346880/517313 (67%), 13.04s] Loss: 0.002100 
2019-03-12 21:53:19,980 - ClusterTrainer - INFO -    > [354944/517313 (69%), 12.36s] Loss: 0.002049 
2019-03-12 21:53:22,996 - ClusterTrainer - INFO -    > [363008/517313 (70%), 11.71s] Loss: 0.002338 
2019-03-12 21:53:26,004 - ClusterTrainer - INFO -    > [371072/517313 (72%), 11.08s] Loss: 0.002183 
2019-03-12 21:53:29,012 - ClusterTrainer - INFO -    > [379136/517313 (73%), 10.50s] Loss: 0.002132 
2019-03-12 21:53:32,025 - ClusterTrainer - INFO -    > [387200/517313 (75%), 9.82s] Loss: 0.002122 
2019-03-12 21:53:35,029 - ClusterTrainer - INFO -    > [395264/517313 (76%), 9.11s] Loss: 0.002168 
2019-03-12 21:53:38,039 - ClusterTrainer - INFO -    > [403328/517313 (78%), 8.59s] Loss: 0.002205 
2019-03-12 21:53:41,045 - ClusterTrainer - INFO -    > [411392/517313 (79%), 7.99s] Loss: 0.002230 
2019-03-12 21:53:44,044 - ClusterTrainer - INFO -    > [419456/517313 (81%), 7.38s] Loss: 0.002078 
2019-03-12 21:53:47,058 - ClusterTrainer - INFO -    > [427520/517313 (83%), 6.67s] Loss: 0.002069 
2019-03-12 21:53:50,062 - ClusterTrainer - INFO -    > [435584/517313 (84%), 6.15s] Loss: 0.001960 
2019-03-12 21:53:53,069 - ClusterTrainer - INFO -    > [443648/517313 (86%), 5.53s] Loss: 0.002290 
2019-03-12 21:53:56,075 - ClusterTrainer - INFO -    > [451712/517313 (87%), 4.92s] Loss: 0.002117 
2019-03-12 21:53:59,079 - ClusterTrainer - INFO -    > [459776/517313 (89%), 4.38s] Loss: 0.002148 
2019-03-12 21:54:02,093 - ClusterTrainer - INFO -    > [467840/517313 (90%), 3.72s] Loss: 0.001967 
2019-03-12 21:54:05,101 - ClusterTrainer - INFO -    > [475904/517313 (92%), 3.13s] Loss: 0.002073 
2019-03-12 21:54:08,110 - ClusterTrainer - INFO -    > [483968/517313 (94%), 2.53s] Loss: 0.002176 
2019-03-12 21:54:11,123 - ClusterTrainer - INFO -    > [492032/517313 (95%), 1.90s] Loss: 0.002173 
2019-03-12 21:54:14,134 - ClusterTrainer - INFO -    > [500096/517313 (97%), 1.32s] Loss: 0.002124 
2019-03-12 21:54:17,165 - ClusterTrainer - INFO -    > [508160/517313 (98%), 0.71s] Loss: 0.002236 
2019-03-12 21:54:20,189 - ClusterTrainer - INFO -    > [516224/517313 (100%), 0.10s] Loss: 0.002005 
2019-03-12 21:54:20,607 - ClusterTrainer - INFO -    > Total loss: 0.002170
2019-03-12 21:54:20,607 - ClusterTrainer - INFO - Valid Epoch: 3
2019-03-12 21:54:20,649 - ClusterTrainer - INFO -    > [128/27436 (0%), 0.67s] Loss: 0.001896 
2019-03-12 21:54:23,247 - ClusterTrainer - INFO -    > [8192/27436 (29%), 0.48s] Loss: 0.002394 
2019-03-12 21:54:25,840 - ClusterTrainer - INFO -    > [16256/27436 (59%), 0.28s] Loss: 0.001331 
2019-03-12 21:54:28,431 - ClusterTrainer - INFO -    > [24320/27436 (88%), 0.08s] Loss: 0.001127 
2019-03-12 21:54:29,435 - ClusterTrainer - INFO -    > Total loss: 0.001497
2019-03-12 22:03:04,165 - ClusterTrainer - INFO - Saving best checkpoint: logs/conv_ae_horoma/0312_160210/2/best_checkpoint.pth ...
2019-03-12 22:03:51,749 - ClusterTrainer - INFO - Saving best checkpoint: logs/conv_ae_horoma/0312_160210/2/best_checkpoint_kmeans20-F1.pth ...
2019-03-12 22:04:41,233 - ClusterTrainer - INFO - Saving best checkpoint: logs/conv_ae_horoma/0312_160210/2/best_checkpoint_kmeans20-accuracy.pth ...
2019-03-12 22:05:19,817 - ClusterTrainer - INFO - Saving best checkpoint: logs/conv_ae_horoma/0312_160210/2/best_checkpoint_kmeans100-F1.pth ...
2019-03-12 22:06:01,027 - ClusterTrainer - INFO - Saving best checkpoint: logs/conv_ae_horoma/0312_160210/2/best_checkpoint_kmeans100-accuracy.pth ...
2019-03-12 22:06:01,028 - ClusterTrainer - INFO - Train Epoch: 4
2019-03-12 22:06:01,110 - ClusterTrainer - INFO -    > [128/517313 (0%), 39.13s] Loss: 0.002176 
2019-03-12 22:06:04,134 - ClusterTrainer - INFO -    > [8192/517313 (2%), 38.25s] Loss: 0.002249 
2019-03-12 22:06:07,161 - ClusterTrainer - INFO -    > [16256/517313 (3%), 38.01s] Loss: 0.002224 
2019-03-12 22:06:10,179 - ClusterTrainer - INFO -    > [24320/517313 (5%), 37.17s] Loss: 0.002156 
2019-03-12 22:06:13,207 - ClusterTrainer - INFO -    > [32384/517313 (6%), 36.76s] Loss: 0.002254 
2019-03-12 22:06:16,235 - ClusterTrainer - INFO -    > [40448/517313 (8%), 36.15s] Loss: 0.002246 
2019-03-12 22:06:19,258 - ClusterTrainer - INFO -    > [48512/517313 (9%), 35.93s] Loss: 0.002231 
2019-03-12 22:06:22,287 - ClusterTrainer - INFO -    > [56576/517313 (11%), 34.91s] Loss: 0.002233 
2019-03-12 22:06:25,310 - ClusterTrainer - INFO -    > [64640/517313 (12%), 34.89s] Loss: 0.002256 
2019-03-12 22:06:28,341 - ClusterTrainer - INFO -    > [72704/517313 (14%), 33.80s] Loss: 0.002162 
2019-03-12 22:06:31,366 - ClusterTrainer - INFO -    > [80768/517313 (16%), 32.99s] Loss: 0.002101 
2019-03-12 22:06:34,381 - ClusterTrainer - INFO -    > [88832/517313 (17%), 31.98s] Loss: 0.002051 
2019-03-12 22:06:37,392 - ClusterTrainer - INFO -    > [96896/517313 (19%), 31.51s] Loss: 0.002068 
2019-03-12 22:06:40,404 - ClusterTrainer - INFO -    > [104960/517313 (20%), 31.12s] Loss: 0.002261 
2019-03-12 22:06:43,419 - ClusterTrainer - INFO -    > [113024/517313 (22%), 30.45s] Loss: 0.002110 
2019-03-12 22:06:46,428 - ClusterTrainer - INFO -    > [121088/517313 (23%), 29.78s] Loss: 0.001882 
2019-03-12 22:06:49,438 - ClusterTrainer - INFO -    > [129152/517313 (25%), 29.22s] Loss: 0.002133 
2019-03-12 22:06:52,453 - ClusterTrainer - INFO -    > [137216/517313 (26%), 28.56s] Loss: 0.002136 
2019-03-12 22:06:55,464 - ClusterTrainer - INFO -    > [145280/517313 (28%), 28.01s] Loss: 0.002023 
2019-03-12 22:06:58,478 - ClusterTrainer - INFO -    > [153344/517313 (30%), 27.69s] Loss: 0.002340 
2019-03-12 22:07:01,492 - ClusterTrainer - INFO -    > [161408/517313 (31%), 26.82s] Loss: 0.002150 
2019-03-12 22:07:04,505 - ClusterTrainer - INFO -    > [169472/517313 (33%), 26.37s] Loss: 0.002184 
2019-03-12 22:07:07,517 - ClusterTrainer - INFO -    > [177536/517313 (34%), 25.30s] Loss: 0.002293 
2019-03-12 22:07:10,504 - ClusterTrainer - INFO -    > [185600/517313 (36%), 24.21s] Loss: 0.002182 
2019-03-12 22:07:13,491 - ClusterTrainer - INFO -    > [193664/517313 (37%), 24.23s] Loss: 0.002211 
2019-03-12 22:07:16,487 - ClusterTrainer - INFO -    > [201728/517313 (39%), 23.50s] Loss: 0.002367 
2019-03-12 22:07:19,476 - ClusterTrainer - INFO -    > [209792/517313 (41%), 22.94s] Loss: 0.002129 
2019-03-12 22:07:22,470 - ClusterTrainer - INFO -    > [217856/517313 (42%), 22.48s] Loss: 0.002177 
2019-03-12 22:07:25,461 - ClusterTrainer - INFO -    > [225920/517313 (44%), 21.71s] Loss: 0.002215 
2019-03-12 22:07:28,469 - ClusterTrainer - INFO -    > [233984/517313 (45%), 21.55s] Loss: 0.002181 
2019-03-12 22:07:31,480 - ClusterTrainer - INFO -    > [242048/517313 (47%), 20.66s] Loss: 0.002261 
2019-03-12 22:07:34,494 - ClusterTrainer - INFO -    > [250112/517313 (48%), 20.46s] Loss: 0.002022 
2019-03-12 22:07:37,508 - ClusterTrainer - INFO -    > [258176/517313 (50%), 19.63s] Loss: 0.002061 
2019-03-12 22:07:40,511 - ClusterTrainer - INFO -    > [266240/517313 (51%), 18.89s] Loss: 0.002106 
2019-03-12 22:07:43,524 - ClusterTrainer - INFO -    > [274304/517313 (53%), 18.30s] Loss: 0.002098 
2019-03-12 22:07:46,536 - ClusterTrainer - INFO -    > [282368/517313 (55%), 17.51s] Loss: 0.002192 
2019-03-12 22:07:49,537 - ClusterTrainer - INFO -    > [290432/517313 (56%), 16.94s] Loss: 0.002034 
2019-03-12 22:07:52,551 - ClusterTrainer - INFO -    > [298496/517313 (58%), 16.64s] Loss: 0.002053 
2019-03-12 22:07:55,557 - ClusterTrainer - INFO -    > [306560/517313 (59%), 15.73s] Loss: 0.002256 
2019-03-12 22:07:58,563 - ClusterTrainer - INFO -    > [314624/517313 (61%), 15.30s] Loss: 0.002335 
2019-03-12 22:08:01,591 - ClusterTrainer - INFO -    > [322688/517313 (62%), 15.00s] Loss: 0.002058 
2019-03-12 22:08:04,607 - ClusterTrainer - INFO -    > [330752/517313 (64%), 14.04s] Loss: 0.002320 
2019-03-12 22:08:07,632 - ClusterTrainer - INFO -    > [338816/517313 (65%), 13.59s] Loss: 0.002055 
2019-03-12 22:08:10,655 - ClusterTrainer - INFO -    > [346880/517313 (67%), 12.97s] Loss: 0.002153 
2019-03-12 22:08:13,678 - ClusterTrainer - INFO -    > [354944/517313 (69%), 12.42s] Loss: 0.002047 
2019-03-12 22:08:16,703 - ClusterTrainer - INFO -    > [363008/517313 (70%), 11.79s] Loss: 0.002261 
2019-03-12 22:08:19,724 - ClusterTrainer - INFO -    > [371072/517313 (72%), 11.17s] Loss: 0.002075 
2019-03-12 22:08:22,748 - ClusterTrainer - INFO -    > [379136/517313 (73%), 10.52s] Loss: 0.002193 
2019-03-12 22:08:25,775 - ClusterTrainer - INFO -    > [387200/517313 (75%), 9.85s] Loss: 0.002250 
2019-03-12 22:08:28,795 - ClusterTrainer - INFO -    > [395264/517313 (76%), 9.28s] Loss: 0.002134 
2019-03-12 22:08:31,823 - ClusterTrainer - INFO -    > [403328/517313 (78%), 8.67s] Loss: 0.002129 
2019-03-12 22:08:34,845 - ClusterTrainer - INFO -    > [411392/517313 (79%), 8.18s] Loss: 0.002092 
2019-03-12 22:08:37,867 - ClusterTrainer - INFO -    > [419456/517313 (81%), 7.41s] Loss: 0.002152 
2019-03-12 22:08:40,895 - ClusterTrainer - INFO -    > [427520/517313 (83%), 6.82s] Loss: 0.002074 
2019-03-12 22:08:43,916 - ClusterTrainer - INFO -    > [435584/517313 (84%), 6.15s] Loss: 0.002124 
2019-03-12 22:08:46,945 - ClusterTrainer - INFO -    > [443648/517313 (86%), 5.61s] Loss: 0.002187 
2019-03-12 22:08:49,969 - ClusterTrainer - INFO -    > [451712/517313 (87%), 4.95s] Loss: 0.002001 
2019-03-12 22:08:52,994 - ClusterTrainer - INFO -    > [459776/517313 (89%), 4.37s] Loss: 0.002162 
2019-03-12 22:08:56,025 - ClusterTrainer - INFO -    > [467840/517313 (90%), 3.77s] Loss: 0.002219 
2019-03-12 22:08:59,045 - ClusterTrainer - INFO -    > [475904/517313 (92%), 3.14s] Loss: 0.002178 
2019-03-12 22:09:02,074 - ClusterTrainer - INFO -    > [483968/517313 (94%), 2.54s] Loss: 0.002087 
2019-03-12 22:09:05,100 - ClusterTrainer - INFO -    > [492032/517313 (95%), 1.94s] Loss: 0.002049 
2019-03-12 22:09:08,122 - ClusterTrainer - INFO -    > [500096/517313 (97%), 1.32s] Loss: 0.002150 
2019-03-12 22:09:11,152 - ClusterTrainer - INFO -    > [508160/517313 (98%), 0.70s] Loss: 0.002152 
2019-03-12 22:09:14,173 - ClusterTrainer - INFO -    > [516224/517313 (100%), 0.10s] Loss: 0.002096 
2019-03-12 22:09:14,589 - ClusterTrainer - INFO -    > Total loss: 0.002143
2019-03-12 22:09:14,589 - ClusterTrainer - INFO - Valid Epoch: 4
2019-03-12 22:09:14,631 - ClusterTrainer - INFO -    > [128/27436 (0%), 0.69s] Loss: 0.001915 
2019-03-12 22:09:17,227 - ClusterTrainer - INFO -    > [8192/27436 (29%), 0.48s] Loss: 0.002404 
2019-03-12 22:09:19,821 - ClusterTrainer - INFO -    > [16256/27436 (59%), 0.28s] Loss: 0.001334 
2019-03-12 22:09:22,408 - ClusterTrainer - INFO -    > [24320/27436 (88%), 0.08s] Loss: 0.001104 
2019-03-12 22:09:23,409 - ClusterTrainer - INFO -    > Total loss: 0.001495
2019-03-12 22:18:18,227 - ClusterTrainer - INFO - Saving best checkpoint: logs/conv_ae_horoma/0312_160210/2/best_checkpoint.pth ...
2019-03-12 22:20:24,099 - ClusterTrainer - INFO - Saving best checkpoint: logs/conv_ae_horoma/0312_160210/2/best_checkpoint_kmeans300-accuracy.pth ...
2019-03-12 22:20:24,100 - ClusterTrainer - INFO - Train Epoch: 5
2019-03-12 22:20:24,184 - ClusterTrainer - INFO -    > [128/517313 (0%), 38.63s] Loss: 0.002085 
2019-03-12 22:20:27,203 - ClusterTrainer - INFO -    > [8192/517313 (2%), 38.91s] Loss: 0.002144 
2019-03-12 22:20:30,226 - ClusterTrainer - INFO -    > [16256/517313 (3%), 38.07s] Loss: 0.002203 
2019-03-12 22:20:33,246 - ClusterTrainer - INFO -    > [24320/517313 (5%), 36.79s] Loss: 0.002128 
2019-03-12 22:20:36,268 - ClusterTrainer - INFO -    > [32384/517313 (6%), 37.23s] Loss: 0.002150 
2019-03-12 22:20:39,285 - ClusterTrainer - INFO -    > [40448/517313 (8%), 36.17s] Loss: 0.002111 
2019-03-12 22:20:42,311 - ClusterTrainer - INFO -    > [48512/517313 (9%), 35.62s] Loss: 0.002088 
2019-03-12 22:20:45,340 - ClusterTrainer - INFO -    > [56576/517313 (11%), 35.00s] Loss: 0.002105 
2019-03-12 22:20:48,374 - ClusterTrainer - INFO -    > [64640/517313 (12%), 34.56s] Loss: 0.002149 
2019-03-12 22:20:51,405 - ClusterTrainer - INFO -    > [72704/517313 (14%), 33.62s] Loss: 0.002181 
2019-03-12 22:20:54,430 - ClusterTrainer - INFO -    > [80768/517313 (16%), 33.06s] Loss: 0.002128 
2019-03-12 22:20:57,458 - ClusterTrainer - INFO -    > [88832/517313 (17%), 33.01s] Loss: 0.002303 
2019-03-12 22:21:00,484 - ClusterTrainer - INFO -    > [96896/517313 (19%), 31.62s] Loss: 0.002440 
2019-03-12 22:21:03,507 - ClusterTrainer - INFO -    > [104960/517313 (20%), 31.50s] Loss: 0.002292 
2019-03-12 22:21:06,535 - ClusterTrainer - INFO -    > [113024/517313 (22%), 30.17s] Loss: 0.002048 
2019-03-12 22:21:09,541 - ClusterTrainer - INFO -    > [121088/517313 (23%), 29.93s] Loss: 0.002142 
2019-03-12 22:21:12,555 - ClusterTrainer - INFO -    > [129152/517313 (25%), 29.79s] Loss: 0.002105 
2019-03-12 22:21:15,564 - ClusterTrainer - INFO -    > [137216/517313 (26%), 28.90s] Loss: 0.002070 
2019-03-12 22:21:18,572 - ClusterTrainer - INFO -    > [145280/517313 (28%), 27.83s] Loss: 0.002079 
2019-03-12 22:21:21,587 - ClusterTrainer - INFO -    > [153344/517313 (30%), 27.66s] Loss: 0.002193 
2019-03-12 22:21:24,590 - ClusterTrainer - INFO -    > [161408/517313 (31%), 26.80s] Loss: 0.002061 
2019-03-12 22:21:27,601 - ClusterTrainer - INFO -    > [169472/517313 (33%), 26.23s] Loss: 0.002133 
2019-03-12 22:21:30,611 - ClusterTrainer - INFO -    > [177536/517313 (34%), 25.25s] Loss: 0.002170 
2019-03-12 22:21:33,620 - ClusterTrainer - INFO -    > [185600/517313 (36%), 24.90s] Loss: 0.002078 
2019-03-12 22:21:36,636 - ClusterTrainer - INFO -    > [193664/517313 (37%), 24.28s] Loss: 0.002321 
2019-03-12 22:21:39,643 - ClusterTrainer - INFO -    > [201728/517313 (39%), 23.63s] Loss: 0.002074 
2019-03-12 22:21:42,657 - ClusterTrainer - INFO -    > [209792/517313 (41%), 23.31s] Loss: 0.002274 
2019-03-12 22:21:45,673 - ClusterTrainer - INFO -    > [217856/517313 (42%), 22.47s] Loss: 0.002050 
2019-03-12 22:21:48,680 - ClusterTrainer - INFO -    > [225920/517313 (44%), 21.92s] Loss: 0.002114 
2019-03-12 22:21:51,695 - ClusterTrainer - INFO -    > [233984/517313 (45%), 21.72s] Loss: 0.002035 
2019-03-12 22:21:54,711 - ClusterTrainer - INFO -    > [242048/517313 (47%), 20.85s] Loss: 0.002174 
2019-03-12 22:21:57,725 - ClusterTrainer - INFO -    > [250112/517313 (48%), 20.35s] Loss: 0.002071 
2019-03-12 22:22:00,755 - ClusterTrainer - INFO -    > [258176/517313 (50%), 19.73s] Loss: 0.001979 
2019-03-12 22:22:03,783 - ClusterTrainer - INFO -    > [266240/517313 (51%), 18.98s] Loss: 0.002151 
2019-03-12 22:22:06,817 - ClusterTrainer - INFO -    > [274304/517313 (53%), 18.54s] Loss: 0.002006 
2019-03-12 22:22:09,845 - ClusterTrainer - INFO -    > [282368/517313 (55%), 17.81s] Loss: 0.001974 
2019-03-12 22:22:12,866 - ClusterTrainer - INFO -    > [290432/517313 (56%), 17.04s] Loss: 0.002088 
2019-03-12 22:22:15,898 - ClusterTrainer - INFO -    > [298496/517313 (58%), 16.49s] Loss: 0.002084 
2019-03-12 22:22:18,923 - ClusterTrainer - INFO -    > [306560/517313 (59%), 15.97s] Loss: 0.002200 
2019-03-12 22:22:21,948 - ClusterTrainer - INFO -    > [314624/517313 (61%), 15.30s] Loss: 0.002022 
2019-03-12 22:22:24,975 - ClusterTrainer - INFO -    > [322688/517313 (62%), 14.82s] Loss: 0.002206 
2019-03-12 22:22:27,998 - ClusterTrainer - INFO -    > [330752/517313 (64%), 14.25s] Loss: 0.002058 
2019-03-12 22:22:31,035 - ClusterTrainer - INFO -    > [338816/517313 (65%), 13.45s] Loss: 0.002050 
2019-03-12 22:22:34,067 - ClusterTrainer - INFO -    > [346880/517313 (67%), 12.89s] Loss: 0.002038 
2019-03-12 22:22:37,096 - ClusterTrainer - INFO -    > [354944/517313 (69%), 12.30s] Loss: 0.002112 
2019-03-12 22:22:40,127 - ClusterTrainer - INFO -    > [363008/517313 (70%), 11.79s] Loss: 0.002167 
2019-03-12 22:22:43,149 - ClusterTrainer - INFO -    > [371072/517313 (72%), 11.00s] Loss: 0.002260 
2019-03-12 22:22:46,177 - ClusterTrainer - INFO -    > [379136/517313 (73%), 10.41s] Loss: 0.002172 
2019-03-12 22:22:49,204 - ClusterTrainer - INFO -    > [387200/517313 (75%), 9.88s] Loss: 0.002311 
2019-03-12 22:22:52,229 - ClusterTrainer - INFO -    > [395264/517313 (76%), 9.25s] Loss: 0.002104 
2019-03-12 22:22:55,260 - ClusterTrainer - INFO -    > [403328/517313 (78%), 8.77s] Loss: 0.002143 
2019-03-12 22:22:58,289 - ClusterTrainer - INFO -    > [411392/517313 (79%), 7.99s] Loss: 0.001967 
2019-03-12 22:23:01,316 - ClusterTrainer - INFO -    > [419456/517313 (81%), 7.49s] Loss: 0.002054 
2019-03-12 22:23:04,347 - ClusterTrainer - INFO -    > [427520/517313 (83%), 6.84s] Loss: 0.002169 
2019-03-12 22:23:07,369 - ClusterTrainer - INFO -    > [435584/517313 (84%), 6.16s] Loss: 0.002038 
2019-03-12 22:23:10,403 - ClusterTrainer - INFO -    > [443648/517313 (86%), 5.58s] Loss: 0.002322 
2019-03-12 22:23:13,435 - ClusterTrainer - INFO -    > [451712/517313 (87%), 5.02s] Loss: 0.002137 
2019-03-12 22:23:16,462 - ClusterTrainer - INFO -    > [459776/517313 (89%), 4.39s] Loss: 0.002250 
2019-03-12 22:23:19,495 - ClusterTrainer - INFO -    > [467840/517313 (90%), 3.79s] Loss: 0.002170 
2019-03-12 22:23:22,519 - ClusterTrainer - INFO -    > [475904/517313 (92%), 3.11s] Loss: 0.002166 
2019-03-12 22:23:25,533 - ClusterTrainer - INFO -    > [483968/517313 (94%), 2.55s] Loss: 0.002098 
2019-03-12 22:23:28,545 - ClusterTrainer - INFO -    > [492032/517313 (95%), 1.90s] Loss: 0.002048 
2019-03-12 22:23:31,553 - ClusterTrainer - INFO -    > [500096/517313 (97%), 1.33s] Loss: 0.002146 
2019-03-12 22:23:34,569 - ClusterTrainer - INFO -    > [508160/517313 (98%), 0.71s] Loss: 0.002154 
2019-03-12 22:23:37,574 - ClusterTrainer - INFO -    > [516224/517313 (100%), 0.10s] Loss: 0.002214 
2019-03-12 22:23:37,989 - ClusterTrainer - INFO -    > Total loss: 0.002124
2019-03-12 22:23:37,989 - ClusterTrainer - INFO - Valid Epoch: 5
2019-03-12 22:23:38,031 - ClusterTrainer - INFO -    > [128/27436 (0%), 0.67s] Loss: 0.001874 
2019-03-12 22:23:40,616 - ClusterTrainer - INFO -    > [8192/27436 (29%), 0.48s] Loss: 0.002341 
2019-03-12 22:23:43,205 - ClusterTrainer - INFO -    > [16256/27436 (59%), 0.28s] Loss: 0.001382 
2019-03-12 22:23:45,787 - ClusterTrainer - INFO -    > [24320/27436 (88%), 0.08s] Loss: 0.001080 
2019-03-12 22:23:46,789 - ClusterTrainer - INFO -    > Total loss: 0.001483
2019-03-12 22:32:31,057 - ClusterTrainer - INFO - Saving best checkpoint: logs/conv_ae_horoma/0312_160210/2/best_checkpoint.pth ...
2019-03-12 22:33:17,691 - ClusterTrainer - INFO - Saving best checkpoint: logs/conv_ae_horoma/0312_160210/2/best_checkpoint_kmeans300-F1.pth ...
2019-03-12 22:35:26,451 - ClusterTrainer - INFO - Saving best checkpoint: logs/conv_ae_horoma/0312_160210/2/best_checkpoint_kmeans300-accuracy.pth ...
2019-03-12 22:35:26,451 - ClusterTrainer - INFO - Train Epoch: 6
2019-03-12 22:35:26,536 - ClusterTrainer - INFO -    > [128/517313 (0%), 39.26s] Loss: 0.002090 
2019-03-12 22:35:29,544 - ClusterTrainer - INFO -    > [8192/517313 (2%), 38.43s] Loss: 0.002193 
2019-03-12 22:35:32,546 - ClusterTrainer - INFO -    > [16256/517313 (3%), 38.07s] Loss: 0.002279 
2019-03-12 22:35:35,557 - ClusterTrainer - INFO -    > [24320/517313 (5%), 37.39s] Loss: 0.002067 
2019-03-12 22:35:38,561 - ClusterTrainer - INFO -    > [32384/517313 (6%), 36.37s] Loss: 0.002177 
2019-03-12 22:35:41,573 - ClusterTrainer - INFO -    > [40448/517313 (8%), 36.79s] Loss: 0.002061 
2019-03-12 22:35:44,596 - ClusterTrainer - INFO -    > [48512/517313 (9%), 35.52s] Loss: 0.002060 
2019-03-12 22:35:47,611 - ClusterTrainer - INFO -    > [56576/517313 (11%), 34.29s] Loss: 0.002077 
2019-03-12 22:35:50,639 - ClusterTrainer - INFO -    > [64640/517313 (12%), 34.58s] Loss: 0.002089 
2019-03-12 22:35:53,663 - ClusterTrainer - INFO -    > [72704/517313 (14%), 33.55s] Loss: 0.001984 
2019-03-12 22:35:56,687 - ClusterTrainer - INFO -    > [80768/517313 (16%), 33.08s] Loss: 0.002265 
2019-03-12 22:35:59,713 - ClusterTrainer - INFO -    > [88832/517313 (17%), 32.64s] Loss: 0.002125 
2019-03-12 22:36:02,733 - ClusterTrainer - INFO -    > [96896/517313 (19%), 31.85s] Loss: 0.002099 
2019-03-12 22:36:05,756 - ClusterTrainer - INFO -    > [104960/517313 (20%), 31.42s] Loss: 0.002135 
2019-03-12 22:36:08,780 - ClusterTrainer - INFO -    > [113024/517313 (22%), 30.30s] Loss: 0.002190 
2019-03-12 22:36:11,800 - ClusterTrainer - INFO -    > [121088/517313 (23%), 30.05s] Loss: 0.002046 
2019-03-12 22:36:14,826 - ClusterTrainer - INFO -    > [129152/517313 (25%), 29.36s] Loss: 0.002238 
2019-03-12 22:36:17,852 - ClusterTrainer - INFO -    > [137216/517313 (26%), 28.79s] Loss: 0.002213 
2019-03-12 22:36:20,871 - ClusterTrainer - INFO -    > [145280/517313 (28%), 28.43s] Loss: 0.001944 
2019-03-12 22:36:23,899 - ClusterTrainer - INFO -    > [153344/517313 (30%), 27.44s] Loss: 0.001990 
2019-03-12 22:36:26,920 - ClusterTrainer - INFO -    > [161408/517313 (31%), 27.13s] Loss: 0.001997 
2019-03-12 22:36:29,945 - ClusterTrainer - INFO -    > [169472/517313 (33%), 26.37s] Loss: 0.002033 
2019-03-12 22:36:32,973 - ClusterTrainer - INFO -    > [177536/517313 (34%), 25.55s] Loss: 0.002213 
2019-03-12 22:36:35,996 - ClusterTrainer - INFO -    > [185600/517313 (36%), 25.13s] Loss: 0.002198 
2019-03-12 22:36:39,025 - ClusterTrainer - INFO -    > [193664/517313 (37%), 24.22s] Loss: 0.001966 
2019-03-12 22:36:42,043 - ClusterTrainer - INFO -    > [201728/517313 (39%), 24.03s] Loss: 0.002078 
2019-03-12 22:36:45,065 - ClusterTrainer - INFO -    > [209792/517313 (41%), 23.39s] Loss: 0.002090 
2019-03-12 22:36:48,070 - ClusterTrainer - INFO -    > [217856/517313 (42%), 22.38s] Loss: 0.002038 
2019-03-12 22:36:51,069 - ClusterTrainer - INFO -    > [225920/517313 (44%), 22.18s] Loss: 0.002047 
2019-03-12 22:36:54,080 - ClusterTrainer - INFO -    > [233984/517313 (45%), 21.19s] Loss: 0.002236 
2019-03-12 22:36:57,081 - ClusterTrainer - INFO -    > [242048/517313 (47%), 20.60s] Loss: 0.002044 
2019-03-12 22:37:00,090 - ClusterTrainer - INFO -    > [250112/517313 (48%), 19.98s] Loss: 0.001984 
2019-03-12 22:37:03,095 - ClusterTrainer - INFO -    > [258176/517313 (50%), 19.57s] Loss: 0.002165 
2019-03-12 22:37:06,097 - ClusterTrainer - INFO -    > [266240/517313 (51%), 19.02s] Loss: 0.002189 
2019-03-12 22:37:09,106 - ClusterTrainer - INFO -    > [274304/517313 (53%), 18.25s] Loss: 0.002142 
2019-03-12 22:37:12,110 - ClusterTrainer - INFO -    > [282368/517313 (55%), 17.50s] Loss: 0.002181 
2019-03-12 22:37:15,119 - ClusterTrainer - INFO -    > [290432/517313 (56%), 17.12s] Loss: 0.002275 
2019-03-12 22:37:18,128 - ClusterTrainer - INFO -    > [298496/517313 (58%), 16.41s] Loss: 0.002052 
2019-03-12 22:37:21,133 - ClusterTrainer - INFO -    > [306560/517313 (59%), 16.00s] Loss: 0.002102 
2019-03-12 22:37:24,146 - ClusterTrainer - INFO -    > [314624/517313 (61%), 15.36s] Loss: 0.002071 
2019-03-12 22:37:27,154 - ClusterTrainer - INFO -    > [322688/517313 (62%), 14.98s] Loss: 0.002141 
2019-03-12 22:37:30,162 - ClusterTrainer - INFO -    > [330752/517313 (64%), 14.15s] Loss: 0.002138 
2019-03-12 22:37:33,175 - ClusterTrainer - INFO -    > [338816/517313 (65%), 13.61s] Loss: 0.002188 
2019-03-12 22:37:36,178 - ClusterTrainer - INFO -    > [346880/517313 (67%), 12.78s] Loss: 0.002120 
2019-03-12 22:37:39,206 - ClusterTrainer - INFO -    > [354944/517313 (69%), 12.24s] Loss: 0.002131 
2019-03-12 22:37:42,230 - ClusterTrainer - INFO -    > [363008/517313 (70%), 11.77s] Loss: 0.002055 
2019-03-12 22:37:45,247 - ClusterTrainer - INFO -    > [371072/517313 (72%), 11.17s] Loss: 0.002257 
2019-03-12 22:37:48,279 - ClusterTrainer - INFO -    > [379136/517313 (73%), 10.54s] Loss: 0.002110 
2019-03-12 22:37:51,303 - ClusterTrainer - INFO -    > [387200/517313 (75%), 9.98s] Loss: 0.002173 
2019-03-12 22:37:54,332 - ClusterTrainer - INFO -    > [395264/517313 (76%), 9.22s] Loss: 0.002262 
2019-03-12 22:37:57,352 - ClusterTrainer - INFO -    > [403328/517313 (78%), 8.66s] Loss: 0.002123 
2019-03-12 22:38:00,370 - ClusterTrainer - INFO -    > [411392/517313 (79%), 8.08s] Loss: 0.001910 
2019-03-12 22:38:03,396 - ClusterTrainer - INFO -    > [419456/517313 (81%), 7.42s] Loss: 0.002020 
2019-03-12 22:38:06,413 - ClusterTrainer - INFO -    > [427520/517313 (83%), 6.86s] Loss: 0.001993 
2019-03-12 22:38:09,434 - ClusterTrainer - INFO -    > [435584/517313 (84%), 6.24s] Loss: 0.002072 
2019-03-12 22:38:12,455 - ClusterTrainer - INFO -    > [443648/517313 (86%), 5.53s] Loss: 0.002116 
2019-03-12 22:38:15,470 - ClusterTrainer - INFO -    > [451712/517313 (87%), 4.95s] Loss: 0.002150 
2019-03-12 22:38:18,500 - ClusterTrainer - INFO -    > [459776/517313 (89%), 4.33s] Loss: 0.002148 
2019-03-12 22:38:21,521 - ClusterTrainer - INFO -    > [467840/517313 (90%), 3.78s] Loss: 0.002108 
2019-03-12 22:38:24,539 - ClusterTrainer - INFO -    > [475904/517313 (92%), 3.17s] Loss: 0.002107 
2019-03-12 22:38:27,569 - ClusterTrainer - INFO -    > [483968/517313 (94%), 2.52s] Loss: 0.002167 
2019-03-12 22:38:30,586 - ClusterTrainer - INFO -    > [492032/517313 (95%), 1.94s] Loss: 0.002089 
2019-03-12 22:38:33,598 - ClusterTrainer - INFO -    > [500096/517313 (97%), 1.31s] Loss: 0.002158 
2019-03-12 22:38:36,608 - ClusterTrainer - INFO -    > [508160/517313 (98%), 0.71s] Loss: 0.002114 
2019-03-12 22:38:39,622 - ClusterTrainer - INFO -    > [516224/517313 (100%), 0.10s] Loss: 0.002231 
2019-03-12 22:38:40,039 - ClusterTrainer - INFO -    > Total loss: 0.002107
2019-03-12 22:38:40,039 - ClusterTrainer - INFO - Valid Epoch: 6
2019-03-12 22:38:40,081 - ClusterTrainer - INFO -    > [128/27436 (0%), 0.67s] Loss: 0.001882 
2019-03-12 22:38:42,655 - ClusterTrainer - INFO -    > [8192/27436 (29%), 0.47s] Loss: 0.002363 
2019-03-12 22:38:45,226 - ClusterTrainer - INFO -    > [16256/27436 (59%), 0.28s] Loss: 0.001362 
2019-03-12 22:38:47,798 - ClusterTrainer - INFO -    > [24320/27436 (88%), 0.08s] Loss: 0.001059 
2019-03-12 22:38:48,794 - ClusterTrainer - INFO -    > Total loss: 0.001474
2019-03-12 22:47:40,631 - ClusterTrainer - INFO - Saving best checkpoint: logs/conv_ae_horoma/0312_160210/2/best_checkpoint.pth ...
2019-03-12 22:48:29,186 - ClusterTrainer - INFO - Saving best checkpoint: logs/conv_ae_horoma/0312_160210/2/best_checkpoint_kmeans100-F1.pth ...
2019-03-12 22:49:12,658 - ClusterTrainer - INFO - Saving best checkpoint: logs/conv_ae_horoma/0312_160210/2/best_checkpoint_kmeans100-accuracy.pth ...
2019-03-12 22:49:12,659 - ClusterTrainer - INFO - Train Epoch: 7
2019-03-12 22:49:12,746 - ClusterTrainer - INFO -    > [128/517313 (0%), 38.95s] Loss: 0.002104 
2019-03-12 22:49:15,775 - ClusterTrainer - INFO -    > [8192/517313 (2%), 38.44s] Loss: 0.002277 
2019-03-12 22:49:18,801 - ClusterTrainer - INFO -    > [16256/517313 (3%), 38.25s] Loss: 0.002072 
2019-03-12 22:49:21,831 - ClusterTrainer - INFO -    > [24320/517313 (5%), 37.30s] Loss: 0.002056 
2019-03-12 22:49:24,854 - ClusterTrainer - INFO -    > [32384/517313 (6%), 36.76s] Loss: 0.002108 
2019-03-12 22:49:27,876 - ClusterTrainer - INFO -    > [40448/517313 (8%), 36.16s] Loss: 0.002028 
2019-03-12 22:49:30,906 - ClusterTrainer - INFO -    > [48512/517313 (9%), 35.43s] Loss: 0.002007 
2019-03-12 22:49:33,929 - ClusterTrainer - INFO -    > [56576/517313 (11%), 34.92s] Loss: 0.002159 
2019-03-12 22:49:36,954 - ClusterTrainer - INFO -    > [64640/517313 (12%), 34.42s] Loss: 0.001957 
2019-03-12 22:49:39,975 - ClusterTrainer - INFO -    > [72704/517313 (14%), 33.47s] Loss: 0.002066 
2019-03-12 22:49:43,000 - ClusterTrainer - INFO -    > [80768/517313 (16%), 33.09s] Loss: 0.001982 
2019-03-12 22:49:46,034 - ClusterTrainer - INFO -    > [88832/517313 (17%), 32.56s] Loss: 0.002185 
2019-03-12 22:49:49,054 - ClusterTrainer - INFO -    > [96896/517313 (19%), 32.00s] Loss: 0.002103 
2019-03-12 22:49:52,079 - ClusterTrainer - INFO -    > [104960/517313 (20%), 31.41s] Loss: 0.002189 
2019-03-12 22:49:55,104 - ClusterTrainer - INFO -    > [113024/517313 (22%), 30.89s] Loss: 0.002186 
2019-03-12 22:49:58,126 - ClusterTrainer - INFO -    > [121088/517313 (23%), 29.64s] Loss: 0.002039 
2019-03-12 22:50:01,158 - ClusterTrainer - INFO -    > [129152/517313 (25%), 29.45s] Loss: 0.002025 
2019-03-12 22:50:04,176 - ClusterTrainer - INFO -    > [137216/517313 (26%), 28.70s] Loss: 0.002106 
2019-03-12 22:50:07,203 - ClusterTrainer - INFO -    > [145280/517313 (28%), 28.89s] Loss: 0.001990 
2019-03-12 22:50:10,230 - ClusterTrainer - INFO -    > [153344/517313 (30%), 27.73s] Loss: 0.002128 
2019-03-12 22:50:13,249 - ClusterTrainer - INFO -    > [161408/517313 (31%), 26.95s] Loss: 0.002105 
2019-03-12 22:50:16,281 - ClusterTrainer - INFO -    > [169472/517313 (33%), 26.83s] Loss: 0.002200 
2019-03-12 22:50:19,306 - ClusterTrainer - INFO -    > [177536/517313 (34%), 25.87s] Loss: 0.002089 
2019-03-12 22:50:22,313 - ClusterTrainer - INFO -    > [185600/517313 (36%), 24.85s] Loss: 0.001996 
2019-03-12 22:50:25,327 - ClusterTrainer - INFO -    > [193664/517313 (37%), 24.40s] Loss: 0.002203 
2019-03-12 22:50:28,331 - ClusterTrainer - INFO -    > [201728/517313 (39%), 23.90s] Loss: 0.002058 
2019-03-12 22:50:31,348 - ClusterTrainer - INFO -    > [209792/517313 (41%), 23.70s] Loss: 0.002104 
2019-03-12 22:50:34,360 - ClusterTrainer - INFO -    > [217856/517313 (42%), 22.55s] Loss: 0.001995 
2019-03-12 22:50:37,368 - ClusterTrainer - INFO -    > [225920/517313 (44%), 22.06s] Loss: 0.002058 
2019-03-12 22:50:40,382 - ClusterTrainer - INFO -    > [233984/517313 (45%), 21.34s] Loss: 0.002095 
2019-03-12 22:50:43,388 - ClusterTrainer - INFO -    > [242048/517313 (47%), 20.59s] Loss: 0.001899 
2019-03-12 22:50:46,404 - ClusterTrainer - INFO -    > [250112/517313 (48%), 20.25s] Loss: 0.002062 
2019-03-12 22:50:49,410 - ClusterTrainer - INFO -    > [258176/517313 (50%), 19.39s] Loss: 0.001989 
2019-03-12 22:50:52,410 - ClusterTrainer - INFO -    > [266240/517313 (51%), 18.82s] Loss: 0.002029 
2019-03-12 22:50:55,418 - ClusterTrainer - INFO -    > [274304/517313 (53%), 18.31s] Loss: 0.002162 
2019-03-12 22:50:58,427 - ClusterTrainer - INFO -    > [282368/517313 (55%), 17.73s] Loss: 0.002180 
2019-03-12 22:51:01,435 - ClusterTrainer - INFO -    > [290432/517313 (56%), 17.24s] Loss: 0.002121 
2019-03-12 22:51:04,451 - ClusterTrainer - INFO -    > [298496/517313 (58%), 16.31s] Loss: 0.002014 
2019-03-12 22:51:07,455 - ClusterTrainer - INFO -    > [306560/517313 (59%), 15.83s] Loss: 0.002102 
2019-03-12 22:51:10,468 - ClusterTrainer - INFO -    > [314624/517313 (61%), 15.31s] Loss: 0.002189 
2019-03-12 22:51:13,489 - ClusterTrainer - INFO -    > [322688/517313 (62%), 14.81s] Loss: 0.002131 
2019-03-12 22:51:16,513 - ClusterTrainer - INFO -    > [330752/517313 (64%), 14.16s] Loss: 0.002030 
2019-03-12 22:51:19,539 - ClusterTrainer - INFO -    > [338816/517313 (65%), 13.64s] Loss: 0.001865 
2019-03-12 22:51:22,562 - ClusterTrainer - INFO -    > [346880/517313 (67%), 12.73s] Loss: 0.002093 
2019-03-12 22:51:25,585 - ClusterTrainer - INFO -    > [354944/517313 (69%), 12.18s] Loss: 0.001959 
2019-03-12 22:51:28,610 - ClusterTrainer - INFO -    > [363008/517313 (70%), 11.63s] Loss: 0.002159 
2019-03-12 22:51:31,629 - ClusterTrainer - INFO -    > [371072/517313 (72%), 11.11s] Loss: 0.002070 
2019-03-12 22:51:34,656 - ClusterTrainer - INFO -    > [379136/517313 (73%), 10.53s] Loss: 0.002155 
2019-03-12 22:51:37,680 - ClusterTrainer - INFO -    > [387200/517313 (75%), 9.97s] Loss: 0.001989 
2019-03-12 22:51:40,707 - ClusterTrainer - INFO -    > [395264/517313 (76%), 9.20s] Loss: 0.002214 
2019-03-12 22:51:43,735 - ClusterTrainer - INFO -    > [403328/517313 (78%), 8.68s] Loss: 0.002099 
2019-03-12 22:51:46,756 - ClusterTrainer - INFO -    > [411392/517313 (79%), 8.04s] Loss: 0.002311 
2019-03-12 22:51:49,787 - ClusterTrainer - INFO -    > [419456/517313 (81%), 7.44s] Loss: 0.001935 
2019-03-12 22:51:52,814 - ClusterTrainer - INFO -    > [427520/517313 (83%), 6.91s] Loss: 0.001925 
2019-03-12 22:51:55,839 - ClusterTrainer - INFO -    > [435584/517313 (84%), 6.19s] Loss: 0.002085 
2019-03-12 22:51:58,869 - ClusterTrainer - INFO -    > [443648/517313 (86%), 5.60s] Loss: 0.001943 
2019-03-12 22:52:01,892 - ClusterTrainer - INFO -    > [451712/517313 (87%), 5.03s] Loss: 0.002076 
2019-03-12 22:52:04,919 - ClusterTrainer - INFO -    > [459776/517313 (89%), 4.35s] Loss: 0.002167 
2019-03-12 22:52:07,944 - ClusterTrainer - INFO -    > [467840/517313 (90%), 3.76s] Loss: 0.002114 
2019-03-12 22:52:10,969 - ClusterTrainer - INFO -    > [475904/517313 (92%), 3.15s] Loss: 0.001950 
2019-03-12 22:52:13,999 - ClusterTrainer - INFO -    > [483968/517313 (94%), 2.56s] Loss: 0.002110 
2019-03-12 22:52:17,023 - ClusterTrainer - INFO -    > [492032/517313 (95%), 1.94s] Loss: 0.002083 
2019-03-12 22:52:20,053 - ClusterTrainer - INFO -    > [500096/517313 (97%), 1.34s] Loss: 0.002190 
2019-03-12 22:52:23,061 - ClusterTrainer - INFO -    > [508160/517313 (98%), 0.70s] Loss: 0.002237 
2019-03-12 22:52:26,064 - ClusterTrainer - INFO -    > [516224/517313 (100%), 0.10s] Loss: 0.002125 
2019-03-12 22:52:26,479 - ClusterTrainer - INFO -    > Total loss: 0.002094
2019-03-12 22:52:26,480 - ClusterTrainer - INFO - Valid Epoch: 7
2019-03-12 22:52:26,521 - ClusterTrainer - INFO -    > [128/27436 (0%), 0.67s] Loss: 0.002013 
2019-03-12 22:52:29,119 - ClusterTrainer - INFO -    > [8192/27436 (29%), 0.48s] Loss: 0.002425 
2019-03-12 22:52:31,707 - ClusterTrainer - INFO -    > [16256/27436 (59%), 0.28s] Loss: 0.001371 
2019-03-12 22:52:34,291 - ClusterTrainer - INFO -    > [24320/27436 (88%), 0.08s] Loss: 0.001057 
2019-03-12 22:52:35,296 - ClusterTrainer - INFO -    > Total loss: 0.001533
2019-03-12 22:59:57,250 - ClusterTrainer - INFO - Train Epoch: 8
2019-03-12 22:59:57,333 - ClusterTrainer - INFO -    > [128/517313 (0%), 39.25s] Loss: 0.002192 
2019-03-12 23:00:00,352 - ClusterTrainer - INFO -    > [8192/517313 (2%), 38.94s] Loss: 0.002256 
2019-03-12 23:00:03,367 - ClusterTrainer - INFO -    > [16256/517313 (3%), 37.95s] Loss: 0.002097 
2019-03-12 23:00:06,370 - ClusterTrainer - INFO -    > [24320/517313 (5%), 36.77s] Loss: 0.002045 
2019-03-12 23:00:09,372 - ClusterTrainer - INFO -    > [32384/517313 (6%), 36.55s] Loss: 0.002106 
2019-03-12 23:00:12,384 - ClusterTrainer - INFO -    > [40448/517313 (8%), 35.96s] Loss: 0.002256 
2019-03-12 23:00:15,384 - ClusterTrainer - INFO -    > [48512/517313 (9%), 35.19s] Loss: 0.002194 
2019-03-12 23:00:18,394 - ClusterTrainer - INFO -    > [56576/517313 (11%), 34.72s] Loss: 0.002049 
2019-03-12 23:00:21,398 - ClusterTrainer - INFO -    > [64640/517313 (12%), 33.87s] Loss: 0.002201 
2019-03-12 23:00:24,403 - ClusterTrainer - INFO -    > [72704/517313 (14%), 33.64s] Loss: 0.002103 
2019-03-12 23:00:27,417 - ClusterTrainer - INFO -    > [80768/517313 (16%), 32.90s] Loss: 0.001904 
2019-03-12 23:00:30,419 - ClusterTrainer - INFO -    > [88832/517313 (17%), 32.27s] Loss: 0.002096 
2019-03-12 23:00:33,427 - ClusterTrainer - INFO -    > [96896/517313 (19%), 31.39s] Loss: 0.002062 
2019-03-12 23:00:36,429 - ClusterTrainer - INFO -    > [104960/517313 (20%), 31.02s] Loss: 0.002047 
2019-03-12 23:00:39,433 - ClusterTrainer - INFO -    > [113024/517313 (22%), 30.63s] Loss: 0.002176 
2019-03-12 23:00:42,442 - ClusterTrainer - INFO -    > [121088/517313 (23%), 30.13s] Loss: 0.002024 
2019-03-12 23:00:45,443 - ClusterTrainer - INFO -    > [129152/517313 (25%), 29.26s] Loss: 0.002033 
2019-03-12 23:00:48,445 - ClusterTrainer - INFO -    > [137216/517313 (26%), 28.88s] Loss: 0.001915 
2019-03-12 23:00:51,448 - ClusterTrainer - INFO -    > [145280/517313 (28%), 28.20s] Loss: 0.002039 
2019-03-12 23:00:54,456 - ClusterTrainer - INFO -    > [153344/517313 (30%), 27.76s] Loss: 0.002114 
2019-03-12 23:00:57,480 - ClusterTrainer - INFO -    > [161408/517313 (31%), 26.93s] Loss: 0.002115 
2019-03-12 23:01:00,495 - ClusterTrainer - INFO -    > [169472/517313 (33%), 26.58s] Loss: 0.002203 
2019-03-12 23:01:03,517 - ClusterTrainer - INFO -    > [177536/517313 (34%), 25.71s] Loss: 0.002025 
2019-03-12 23:01:06,540 - ClusterTrainer - INFO -    > [185600/517313 (36%), 25.21s] Loss: 0.002029 
2019-03-12 23:01:09,576 - ClusterTrainer - INFO -    > [193664/517313 (37%), 24.53s] Loss: 0.002173 
2019-03-12 23:01:12,594 - ClusterTrainer - INFO -    > [201728/517313 (39%), 24.36s] Loss: 0.002015 
2019-03-12 23:01:15,612 - ClusterTrainer - INFO -    > [209792/517313 (41%), 23.05s] Loss: 0.002205 
2019-03-12 23:01:18,626 - ClusterTrainer - INFO -    > [217856/517313 (42%), 22.98s] Loss: 0.001997 
2019-03-12 23:01:21,654 - ClusterTrainer - INFO -    > [225920/517313 (44%), 21.91s] Loss: 0.002189 
2019-03-12 23:01:24,666 - ClusterTrainer - INFO -    > [233984/517313 (45%), 21.54s] Loss: 0.002220 
2019-03-12 23:01:27,687 - ClusterTrainer - INFO -    > [242048/517313 (47%), 20.81s] Loss: 0.002118 
2019-03-12 23:01:30,702 - ClusterTrainer - INFO -    > [250112/517313 (48%), 20.44s] Loss: 0.001933 
2019-03-12 23:01:33,720 - ClusterTrainer - INFO -    > [258176/517313 (50%), 19.94s] Loss: 0.002073 
2019-03-12 23:01:36,745 - ClusterTrainer - INFO -    > [266240/517313 (51%), 19.40s] Loss: 0.002023 
2019-03-12 23:01:39,766 - ClusterTrainer - INFO -    > [274304/517313 (53%), 18.38s] Loss: 0.001932 
2019-03-12 23:01:42,790 - ClusterTrainer - INFO -    > [282368/517313 (55%), 17.79s] Loss: 0.001970 
2019-03-12 23:01:45,813 - ClusterTrainer - INFO -    > [290432/517313 (56%), 17.26s] Loss: 0.001932 
2019-03-12 23:01:48,837 - ClusterTrainer - INFO -    > [298496/517313 (58%), 16.52s] Loss: 0.002082 
2019-03-12 23:01:51,863 - ClusterTrainer - INFO -    > [306560/517313 (59%), 16.09s] Loss: 0.002125 
2019-03-12 23:01:54,885 - ClusterTrainer - INFO -    > [314624/517313 (61%), 15.50s] Loss: 0.002013 
2019-03-12 23:01:57,906 - ClusterTrainer - INFO -    > [322688/517313 (62%), 14.84s] Loss: 0.002104 
2019-03-12 23:02:00,930 - ClusterTrainer - INFO -    > [330752/517313 (64%), 13.96s] Loss: 0.002035 
2019-03-12 23:02:03,952 - ClusterTrainer - INFO -    > [338816/517313 (65%), 13.53s] Loss: 0.002112 
2019-03-12 23:02:06,966 - ClusterTrainer - INFO -    > [346880/517313 (67%), 12.86s] Loss: 0.002051 
2019-03-12 23:02:09,966 - ClusterTrainer - INFO -    > [354944/517313 (69%), 12.28s] Loss: 0.002109 
2019-03-12 23:02:12,970 - ClusterTrainer - INFO -    > [363008/517313 (70%), 11.76s] Loss: 0.002196 
2019-03-12 23:02:15,977 - ClusterTrainer - INFO -    > [371072/517313 (72%), 10.99s] Loss: 0.002131 
2019-03-12 23:02:18,975 - ClusterTrainer - INFO -    > [379136/517313 (73%), 10.38s] Loss: 0.002217 
2019-03-12 23:02:21,986 - ClusterTrainer - INFO -    > [387200/517313 (75%), 9.91s] Loss: 0.002089 
2019-03-12 23:02:24,987 - ClusterTrainer - INFO -    > [395264/517313 (76%), 9.20s] Loss: 0.002029 
2019-03-12 23:02:27,986 - ClusterTrainer - INFO -    > [403328/517313 (78%), 8.52s] Loss: 0.002162 
2019-03-12 23:02:30,993 - ClusterTrainer - INFO -    > [411392/517313 (79%), 7.97s] Loss: 0.002034 
2019-03-12 23:02:33,989 - ClusterTrainer - INFO -    > [419456/517313 (81%), 7.40s] Loss: 0.002132 
2019-03-12 23:02:37,000 - ClusterTrainer - INFO -    > [427520/517313 (83%), 6.81s] Loss: 0.002107 
2019-03-12 23:02:40,002 - ClusterTrainer - INFO -    > [435584/517313 (84%), 6.17s] Loss: 0.001981 
2019-03-12 23:02:43,000 - ClusterTrainer - INFO -    > [443648/517313 (86%), 5.51s] Loss: 0.002094 
2019-03-12 23:02:46,010 - ClusterTrainer - INFO -    > [451712/517313 (87%), 4.97s] Loss: 0.002118 
2019-03-12 23:02:49,011 - ClusterTrainer - INFO -    > [459776/517313 (89%), 4.36s] Loss: 0.001900 
2019-03-12 23:02:52,019 - ClusterTrainer - INFO -    > [467840/517313 (90%), 3.66s] Loss: 0.001990 
2019-03-12 23:02:55,023 - ClusterTrainer - INFO -    > [475904/517313 (92%), 3.13s] Loss: 0.002054 
2019-03-12 23:02:58,036 - ClusterTrainer - INFO -    > [483968/517313 (94%), 2.60s] Loss: 0.002153 
2019-03-12 23:03:01,061 - ClusterTrainer - INFO -    > [492032/517313 (95%), 1.95s] Loss: 0.002308 
2019-03-12 23:03:04,083 - ClusterTrainer - INFO -    > [500096/517313 (97%), 1.31s] Loss: 0.002268 
2019-03-12 23:03:07,105 - ClusterTrainer - INFO -    > [508160/517313 (98%), 0.70s] Loss: 0.002107 
2019-03-12 23:03:10,125 - ClusterTrainer - INFO -    > [516224/517313 (100%), 0.10s] Loss: 0.002073 
2019-03-12 23:03:10,543 - ClusterTrainer - INFO -    > Total loss: 0.002084
2019-03-12 23:03:10,544 - ClusterTrainer - INFO - Valid Epoch: 8
2019-03-12 23:03:10,586 - ClusterTrainer - INFO -    > [128/27436 (0%), 0.67s] Loss: 0.001877 
2019-03-12 23:03:13,221 - ClusterTrainer - INFO -    > [8192/27436 (29%), 0.48s] Loss: 0.002378 
2019-03-12 23:03:15,828 - ClusterTrainer - INFO -    > [16256/27436 (59%), 0.28s] Loss: 0.001363 
2019-03-12 23:03:18,429 - ClusterTrainer - INFO -    > [24320/27436 (88%), 0.08s] Loss: 0.001080 
2019-03-12 23:03:19,435 - ClusterTrainer - INFO -    > Total loss: 0.001483
2019-03-12 23:11:04,289 - ClusterTrainer - INFO - Train Epoch: 9
2019-03-12 23:11:04,372 - ClusterTrainer - INFO -    > [128/517313 (0%), 38.72s] Loss: 0.001928 
2019-03-12 23:11:07,401 - ClusterTrainer - INFO -    > [8192/517313 (2%), 38.30s] Loss: 0.002203 
2019-03-12 23:11:10,458 - ClusterTrainer - INFO -    > [16256/517313 (3%), 37.90s] Loss: 0.002076 
2019-03-12 23:11:13,483 - ClusterTrainer - INFO -    > [24320/517313 (5%), 37.87s] Loss: 0.002108 
2019-03-12 23:11:16,509 - ClusterTrainer - INFO -    > [32384/517313 (6%), 36.62s] Loss: 0.002007 
2019-03-12 23:11:19,527 - ClusterTrainer - INFO -    > [40448/517313 (8%), 35.98s] Loss: 0.002073 
2019-03-12 23:11:22,552 - ClusterTrainer - INFO -    > [48512/517313 (9%), 35.40s] Loss: 0.002014 
2019-03-12 23:11:25,573 - ClusterTrainer - INFO -    > [56576/517313 (11%), 34.56s] Loss: 0.001997 
2019-03-12 23:11:28,590 - ClusterTrainer - INFO -    > [64640/517313 (12%), 33.97s] Loss: 0.001986 
2019-03-12 23:11:31,596 - ClusterTrainer - INFO -    > [72704/517313 (14%), 33.32s] Loss: 0.002212 
2019-03-12 23:11:34,595 - ClusterTrainer - INFO -    > [80768/517313 (16%), 32.93s] Loss: 0.002048 
2019-03-12 23:11:37,606 - ClusterTrainer - INFO -    > [88832/517313 (17%), 32.25s] Loss: 0.002135 
2019-03-12 23:11:40,612 - ClusterTrainer - INFO -    > [96896/517313 (19%), 31.52s] Loss: 0.002221 
2019-03-12 23:11:43,619 - ClusterTrainer - INFO -    > [104960/517313 (20%), 31.13s] Loss: 0.002056 
2019-03-12 23:11:46,628 - ClusterTrainer - INFO -    > [113024/517313 (22%), 30.68s] Loss: 0.002097 
2019-03-12 23:11:49,627 - ClusterTrainer - INFO -    > [121088/517313 (23%), 30.12s] Loss: 0.002143 
2019-03-12 23:11:52,639 - ClusterTrainer - INFO -    > [129152/517313 (25%), 29.62s] Loss: 0.002193 
2019-03-12 23:11:55,645 - ClusterTrainer - INFO -    > [137216/517313 (26%), 28.56s] Loss: 0.002013 
2019-03-12 23:11:58,648 - ClusterTrainer - INFO -    > [145280/517313 (28%), 28.04s] Loss: 0.001993 
2019-03-12 23:12:01,662 - ClusterTrainer - INFO -    > [153344/517313 (30%), 27.27s] Loss: 0.002056 
2019-03-12 23:12:04,666 - ClusterTrainer - INFO -    > [161408/517313 (31%), 26.96s] Loss: 0.002113 
2019-03-12 23:12:07,676 - ClusterTrainer - INFO -    > [169472/517313 (33%), 26.59s] Loss: 0.002130 
2019-03-12 23:12:10,685 - ClusterTrainer - INFO -    > [177536/517313 (34%), 25.95s] Loss: 0.002115 
2019-03-12 23:12:13,694 - ClusterTrainer - INFO -    > [185600/517313 (36%), 24.96s] Loss: 0.002001 
2019-03-12 23:12:16,705 - ClusterTrainer - INFO -    > [193664/517313 (37%), 24.46s] Loss: 0.002117 
2019-03-12 23:12:19,713 - ClusterTrainer - INFO -    > [201728/517313 (39%), 23.81s] Loss: 0.002145 
2019-03-12 23:12:22,735 - ClusterTrainer - INFO -    > [209792/517313 (41%), 23.25s] Loss: 0.002080 
2019-03-12 23:12:25,762 - ClusterTrainer - INFO -    > [217856/517313 (42%), 22.74s] Loss: 0.002086 
2019-03-12 23:12:28,780 - ClusterTrainer - INFO -    > [225920/517313 (44%), 22.15s] Loss: 0.002134 
2019-03-12 23:12:31,806 - ClusterTrainer - INFO -    > [233984/517313 (45%), 21.47s] Loss: 0.002158 
2019-03-12 23:12:34,828 - ClusterTrainer - INFO -    > [242048/517313 (47%), 20.85s] Loss: 0.002142 
2019-03-12 23:12:37,848 - ClusterTrainer - INFO -    > [250112/517313 (48%), 20.34s] Loss: 0.001957 
2019-03-12 23:12:40,869 - ClusterTrainer - INFO -    > [258176/517313 (50%), 19.68s] Loss: 0.001956 
2019-03-12 23:12:43,883 - ClusterTrainer - INFO -    > [266240/517313 (51%), 18.93s] Loss: 0.002147 
2019-03-12 23:12:46,907 - ClusterTrainer - INFO -    > [274304/517313 (53%), 17.90s] Loss: 0.002196 
2019-03-12 23:12:50,336 - ClusterTrainer - INFO -    > [282368/517313 (55%), 17.94s] Loss: 0.002207 
2019-03-12 23:12:53,359 - ClusterTrainer - INFO -    > [290432/517313 (56%), 17.30s] Loss: 0.002231 
2019-03-12 23:12:56,378 - ClusterTrainer - INFO -    > [298496/517313 (58%), 16.54s] Loss: 0.001980 
2019-03-12 23:12:59,400 - ClusterTrainer - INFO -    > [306560/517313 (59%), 15.95s] Loss: 0.001949 
2019-03-12 23:13:02,414 - ClusterTrainer - INFO -    > [314624/517313 (61%), 15.19s] Loss: 0.001985 
2019-03-12 23:13:05,434 - ClusterTrainer - INFO -    > [322688/517313 (62%), 14.76s] Loss: 0.002102 
2019-03-12 23:13:08,447 - ClusterTrainer - INFO -    > [330752/517313 (64%), 14.16s] Loss: 0.002031 
2019-03-12 23:13:11,459 - ClusterTrainer - INFO -    > [338816/517313 (65%), 13.52s] Loss: 0.002031 
2019-03-12 23:13:14,474 - ClusterTrainer - INFO -    > [346880/517313 (67%), 12.87s] Loss: 0.002147 
2019-03-12 23:13:17,484 - ClusterTrainer - INFO -    > [354944/517313 (69%), 12.18s] Loss: 0.002164 
2019-03-12 23:13:20,497 - ClusterTrainer - INFO -    > [363008/517313 (70%), 11.59s] Loss: 0.002219 
2019-03-12 23:13:23,505 - ClusterTrainer - INFO -    > [371072/517313 (72%), 10.94s] Loss: 0.002358 
2019-03-12 23:13:26,519 - ClusterTrainer - INFO -    > [379136/517313 (73%), 10.48s] Loss: 0.001958 
2019-03-12 23:13:29,532 - ClusterTrainer - INFO -    > [387200/517313 (75%), 9.93s] Loss: 0.002031 
2019-03-12 23:13:32,542 - ClusterTrainer - INFO -    > [395264/517313 (76%), 9.24s] Loss: 0.002126 
2019-03-12 23:13:35,533 - ClusterTrainer - INFO -    > [403328/517313 (78%), 8.64s] Loss: 0.002039 
2019-03-12 23:13:38,524 - ClusterTrainer - INFO -    > [411392/517313 (79%), 7.86s] Loss: 0.002113 
2019-03-12 23:13:41,514 - ClusterTrainer - INFO -    > [419456/517313 (81%), 7.27s] Loss: 0.002016 
2019-03-12 23:13:44,496 - ClusterTrainer - INFO -    > [427520/517313 (83%), 6.66s] Loss: 0.002186 
2019-03-12 23:13:47,483 - ClusterTrainer - INFO -    > [435584/517313 (84%), 5.99s] Loss: 0.002088 
2019-03-12 23:13:50,469 - ClusterTrainer - INFO -    > [443648/517313 (86%), 5.52s] Loss: 0.002046 
2019-03-12 23:13:53,460 - ClusterTrainer - INFO -    > [451712/517313 (87%), 4.92s] Loss: 0.002173 
2019-03-12 23:13:56,471 - ClusterTrainer - INFO -    > [459776/517313 (89%), 4.37s] Loss: 0.002093 
2019-03-12 23:13:59,480 - ClusterTrainer - INFO -    > [467840/517313 (90%), 3.71s] Loss: 0.002157 
2019-03-12 23:14:02,490 - ClusterTrainer - INFO -    > [475904/517313 (92%), 3.11s] Loss: 0.002050 
2019-03-12 23:14:05,490 - ClusterTrainer - INFO -    > [483968/517313 (94%), 2.53s] Loss: 0.002215 
2019-03-12 23:14:08,496 - ClusterTrainer - INFO -    > [492032/517313 (95%), 1.92s] Loss: 0.002041 
2019-03-12 23:14:11,502 - ClusterTrainer - INFO -    > [500096/517313 (97%), 1.30s] Loss: 0.001937 
2019-03-12 23:14:14,501 - ClusterTrainer - INFO -    > [508160/517313 (98%), 0.71s] Loss: 0.002218 
2019-03-12 23:14:17,509 - ClusterTrainer - INFO -    > [516224/517313 (100%), 0.10s] Loss: 0.001860 
2019-03-12 23:14:17,924 - ClusterTrainer - INFO -    > Total loss: 0.002074
2019-03-12 23:14:17,924 - ClusterTrainer - INFO - Valid Epoch: 9
2019-03-12 23:14:17,966 - ClusterTrainer - INFO -    > [128/27436 (0%), 0.67s] Loss: 0.002011 
2019-03-12 23:14:20,548 - ClusterTrainer - INFO -    > [8192/27436 (29%), 0.47s] Loss: 0.002449 
2019-03-12 23:14:23,136 - ClusterTrainer - INFO -    > [16256/27436 (59%), 0.28s] Loss: 0.001352 
2019-03-12 23:14:25,730 - ClusterTrainer - INFO -    > [24320/27436 (88%), 0.08s] Loss: 0.001034 
2019-03-12 23:14:26,731 - ClusterTrainer - INFO -    > Total loss: 0.001504
2019-03-12 23:22:02,988 - ClusterTrainer - INFO - |  Hyperparameter  |         Value          |
| :--------------- | :--------------------- |
| lr               | 0.00023036864686002868 |
| code_size        | 66                     |
| lin2_in_channels | 66                     |
| dropout          | 0.14450710583231505    |

2019-03-12 23:22:02,989 - ClusterTrainer - INFO - Train Epoch: 0
2019-03-12 23:22:03,070 - ClusterTrainer - INFO -    > [128/517313 (0%), 38.67s] Loss: 0.072886 
2019-03-12 23:22:06,095 - ClusterTrainer - INFO -    > [8192/517313 (2%), 38.52s] Loss: 0.019066 
2019-03-12 23:22:09,121 - ClusterTrainer - INFO -    > [16256/517313 (3%), 37.84s] Loss: 0.009890 
2019-03-12 23:22:12,148 - ClusterTrainer - INFO -    > [24320/517313 (5%), 37.13s] Loss: 0.009197 
2019-03-12 23:22:15,168 - ClusterTrainer - INFO -    > [32384/517313 (6%), 36.39s] Loss: 0.007662 
2019-03-12 23:22:18,189 - ClusterTrainer - INFO -    > [40448/517313 (8%), 35.74s] Loss: 0.006891 
2019-03-12 23:22:21,207 - ClusterTrainer - INFO -    > [48512/517313 (9%), 35.57s] Loss: 0.006644 
2019-03-12 23:22:24,222 - ClusterTrainer - INFO -    > [56576/517313 (11%), 35.39s] Loss: 0.006597 
2019-03-12 23:22:27,248 - ClusterTrainer - INFO -    > [64640/517313 (12%), 34.60s] Loss: 0.006569 
2019-03-12 23:22:30,262 - ClusterTrainer - INFO -    > [72704/517313 (14%), 34.26s] Loss: 0.006144 
2019-03-12 23:22:33,283 - ClusterTrainer - INFO -    > [80768/517313 (16%), 32.78s] Loss: 0.006134 
2019-03-12 23:22:36,307 - ClusterTrainer - INFO -    > [88832/517313 (17%), 32.64s] Loss: 0.005566 
2019-03-12 23:22:39,322 - ClusterTrainer - INFO -    > [96896/517313 (19%), 32.06s] Loss: 0.005649 
2019-03-12 23:22:42,346 - ClusterTrainer - INFO -    > [104960/517313 (20%), 31.70s] Loss: 0.005601 
2019-03-12 23:22:45,364 - ClusterTrainer - INFO -    > [113024/517313 (22%), 31.01s] Loss: 0.005253 
2019-03-12 23:22:48,382 - ClusterTrainer - INFO -    > [121088/517313 (23%), 30.53s] Loss: 0.005530 
2019-03-12 23:22:51,406 - ClusterTrainer - INFO -    > [129152/517313 (25%), 29.82s] Loss: 0.004987 
2019-03-12 23:22:54,423 - ClusterTrainer - INFO -    > [137216/517313 (26%), 29.07s] Loss: 0.005396 
2019-03-12 23:22:57,434 - ClusterTrainer - INFO -    > [145280/517313 (28%), 28.07s] Loss: 0.005249 
2019-03-12 23:23:00,444 - ClusterTrainer - INFO -    > [153344/517313 (30%), 27.75s] Loss: 0.004855 
2019-03-12 23:23:03,457 - ClusterTrainer - INFO -    > [161408/517313 (31%), 26.70s] Loss: 0.004850 
2019-03-12 23:23:06,447 - ClusterTrainer - INFO -    > [169472/517313 (33%), 25.98s] Loss: 0.004900 
2019-03-12 23:23:09,436 - ClusterTrainer - INFO -    > [177536/517313 (34%), 25.81s] Loss: 0.004261 
2019-03-12 23:23:12,426 - ClusterTrainer - INFO -    > [185600/517313 (36%), 24.79s] Loss: 0.004074 
2019-03-12 23:23:15,414 - ClusterTrainer - INFO -    > [193664/517313 (37%), 24.19s] Loss: 0.004540 
2019-03-12 23:23:18,401 - ClusterTrainer - INFO -    > [201728/517313 (39%), 23.59s] Loss: 0.003979 
2019-03-12 23:23:21,391 - ClusterTrainer - INFO -    > [209792/517313 (41%), 23.12s] Loss: 0.004210 
2019-03-12 23:23:24,378 - ClusterTrainer - INFO -    > [217856/517313 (42%), 22.31s] Loss: 0.003773 
2019-03-12 23:23:27,369 - ClusterTrainer - INFO -    > [225920/517313 (44%), 21.88s] Loss: 0.003645 
2019-03-12 23:23:30,359 - ClusterTrainer - INFO -    > [233984/517313 (45%), 21.41s] Loss: 0.003283 
2019-03-12 23:23:33,349 - ClusterTrainer - INFO -    > [242048/517313 (47%), 20.60s] Loss: 0.003726 
2019-03-12 23:23:36,338 - ClusterTrainer - INFO -    > [250112/517313 (48%), 19.92s] Loss: 0.003610 
2019-03-12 23:23:39,328 - ClusterTrainer - INFO -    > [258176/517313 (50%), 19.58s] Loss: 0.003531 
2019-03-12 23:23:42,319 - ClusterTrainer - INFO -    > [266240/517313 (51%), 18.55s] Loss: 0.003534 
2019-03-12 23:23:45,304 - ClusterTrainer - INFO -    > [274304/517313 (53%), 18.29s] Loss: 0.003484 
2019-03-12 23:23:48,305 - ClusterTrainer - INFO -    > [282368/517313 (55%), 17.70s] Loss: 0.003401 
2019-03-12 23:23:51,315 - ClusterTrainer - INFO -    > [290432/517313 (56%), 17.07s] Loss: 0.003496 
2019-03-12 23:23:54,328 - ClusterTrainer - INFO -    > [298496/517313 (58%), 16.48s] Loss: 0.003260 
2019-03-12 23:23:57,349 - ClusterTrainer - INFO -    > [306560/517313 (59%), 15.98s] Loss: 0.003230 
2019-03-12 23:24:00,372 - ClusterTrainer - INFO -    > [314624/517313 (61%), 15.13s] Loss: 0.003054 
2019-03-12 23:24:03,391 - ClusterTrainer - INFO -    > [322688/517313 (62%), 14.87s] Loss: 0.003193 
2019-03-12 23:24:06,413 - ClusterTrainer - INFO -    > [330752/517313 (64%), 14.18s] Loss: 0.003050 
2019-03-12 23:24:09,430 - ClusterTrainer - INFO -    > [338816/517313 (65%), 13.38s] Loss: 0.003326 
2019-03-12 23:24:12,446 - ClusterTrainer - INFO -    > [346880/517313 (67%), 12.97s] Loss: 0.003060 
2019-03-12 23:24:15,473 - ClusterTrainer - INFO -    > [354944/517313 (69%), 12.16s] Loss: 0.003321 
2019-03-12 23:24:18,488 - ClusterTrainer - INFO -    > [363008/517313 (70%), 11.76s] Loss: 0.002877 
2019-03-12 23:24:21,512 - ClusterTrainer - INFO -    > [371072/517313 (72%), 11.26s] Loss: 0.003119 
2019-03-12 23:24:24,532 - ClusterTrainer - INFO -    > [379136/517313 (73%), 10.41s] Loss: 0.003005 
2019-03-12 23:24:27,549 - ClusterTrainer - INFO -    > [387200/517313 (75%), 9.93s] Loss: 0.002841 
2019-03-12 23:24:30,579 - ClusterTrainer - INFO -    > [395264/517313 (76%), 9.34s] Loss: 0.002725 
2019-03-12 23:24:33,596 - ClusterTrainer - INFO -    > [403328/517313 (78%), 8.65s] Loss: 0.002934 
2019-03-12 23:24:36,617 - ClusterTrainer - INFO -    > [411392/517313 (79%), 8.06s] Loss: 0.002650 
2019-03-12 23:24:39,636 - ClusterTrainer - INFO -    > [419456/517313 (81%), 7.41s] Loss: 0.002908 
2019-03-12 23:24:42,657 - ClusterTrainer - INFO -    > [427520/517313 (83%), 6.89s] Loss: 0.002843 
2019-03-12 23:24:45,681 - ClusterTrainer - INFO -    > [435584/517313 (84%), 6.30s] Loss: 0.002817 
2019-03-12 23:24:48,702 - ClusterTrainer - INFO -    > [443648/517313 (86%), 5.57s] Loss: 0.002710 
2019-03-12 23:24:51,719 - ClusterTrainer - INFO -    > [451712/517313 (87%), 4.91s] Loss: 0.002679 
2019-03-12 23:24:54,746 - ClusterTrainer - INFO -    > [459776/517313 (89%), 4.35s] Loss: 0.002539 
2019-03-12 23:24:57,750 - ClusterTrainer - INFO -    > [467840/517313 (90%), 3.70s] Loss: 0.002716 
2019-03-12 23:25:00,762 - ClusterTrainer - INFO -    > [475904/517313 (92%), 3.15s] Loss: 0.002548 
2019-03-12 23:25:03,768 - ClusterTrainer - INFO -    > [483968/517313 (94%), 2.54s] Loss: 0.002408 
2019-03-12 23:25:06,774 - ClusterTrainer - INFO -    > [492032/517313 (95%), 1.91s] Loss: 0.002666 
2019-03-12 23:25:09,783 - ClusterTrainer - INFO -    > [500096/517313 (97%), 1.31s] Loss: 0.002509 
2019-03-12 23:25:12,780 - ClusterTrainer - INFO -    > [508160/517313 (98%), 0.71s] Loss: 0.002540 
2019-03-12 23:25:15,782 - ClusterTrainer - INFO -    > [516224/517313 (100%), 0.10s] Loss: 0.002565 
2019-03-12 23:25:16,199 - ClusterTrainer - INFO -    > Total loss: 0.004687
2019-03-12 23:25:16,200 - ClusterTrainer - INFO - Valid Epoch: 0
2019-03-12 23:25:16,241 - ClusterTrainer - INFO -    > [128/27436 (0%), 0.66s] Loss: 0.001755 
2019-03-12 23:25:18,831 - ClusterTrainer - INFO -    > [8192/27436 (29%), 0.48s] Loss: 0.002302 
2019-03-12 23:25:21,416 - ClusterTrainer - INFO -    > [16256/27436 (59%), 0.28s] Loss: 0.002267 
2019-03-12 23:25:24,008 - ClusterTrainer - INFO -    > [24320/27436 (88%), 0.08s] Loss: 0.001487 
2019-03-12 23:25:25,011 - ClusterTrainer - INFO -    > Total loss: 0.002401
2019-03-12 23:34:49,901 - ClusterTrainer - INFO - Saving checkpoint: logs/conv_ae_horoma/0312_160210/3/last_checkpoint.pth ...
2019-03-12 23:35:30,218 - ClusterTrainer - INFO - Saving best checkpoint: logs/conv_ae_horoma/0312_160210/3/best_checkpoint.pth ...
2019-03-12 23:36:10,693 - ClusterTrainer - INFO - Saving best checkpoint: logs/conv_ae_horoma/0312_160210/3/best_checkpoint_kmeans20-F1.pth ...
2019-03-12 23:36:59,586 - ClusterTrainer - INFO - Saving best checkpoint: logs/conv_ae_horoma/0312_160210/3/best_checkpoint_kmeans20-accuracy.pth ...
2019-03-12 23:37:48,871 - ClusterTrainer - INFO - Saving best checkpoint: logs/conv_ae_horoma/0312_160210/3/best_checkpoint_kmeans100-F1.pth ...
2019-03-12 23:38:34,788 - ClusterTrainer - INFO - Saving best checkpoint: logs/conv_ae_horoma/0312_160210/3/best_checkpoint_kmeans100-accuracy.pth ...
2019-03-12 23:39:22,442 - ClusterTrainer - INFO - Saving best checkpoint: logs/conv_ae_horoma/0312_160210/3/best_checkpoint_kmeans300-F1.pth ...
2019-03-12 23:40:03,748 - ClusterTrainer - INFO - Saving best checkpoint: logs/conv_ae_horoma/0312_160210/3/best_checkpoint_kmeans300-accuracy.pth ...
2019-03-12 23:40:03,749 - ClusterTrainer - INFO - Train Epoch: 1
2019-03-12 23:40:03,832 - ClusterTrainer - INFO -    > [128/517313 (0%), 39.41s] Loss: 0.002525 
2019-03-12 23:40:06,856 - ClusterTrainer - INFO -    > [8192/517313 (2%), 39.03s] Loss: 0.002721 
2019-03-12 23:40:09,889 - ClusterTrainer - INFO -    > [16256/517313 (3%), 38.31s] Loss: 0.002578 
2019-03-12 23:40:12,920 - ClusterTrainer - INFO -    > [24320/517313 (5%), 37.31s] Loss: 0.002464 
2019-03-12 23:40:15,948 - ClusterTrainer - INFO -    > [32384/517313 (6%), 36.85s] Loss: 0.002559 
2019-03-12 23:40:18,979 - ClusterTrainer - INFO -    > [40448/517313 (8%), 36.31s] Loss: 0.002429 
2019-03-12 23:40:22,012 - ClusterTrainer - INFO -    > [48512/517313 (9%), 36.13s] Loss: 0.002499 
2019-03-12 23:40:25,042 - ClusterTrainer - INFO -    > [56576/517313 (11%), 35.29s] Loss: 0.002313 
2019-03-12 23:40:28,073 - ClusterTrainer - INFO -    > [64640/517313 (12%), 34.60s] Loss: 0.002363 
2019-03-12 23:40:31,104 - ClusterTrainer - INFO -    > [72704/517313 (14%), 34.27s] Loss: 0.002381 
2019-03-12 23:40:34,138 - ClusterTrainer - INFO -    > [80768/517313 (16%), 33.20s] Loss: 0.002510 
2019-03-12 23:40:37,167 - ClusterTrainer - INFO -    > [88832/517313 (17%), 32.99s] Loss: 0.002496 
2019-03-12 23:40:40,197 - ClusterTrainer - INFO -    > [96896/517313 (19%), 31.94s] Loss: 0.002292 
2019-03-12 23:40:43,230 - ClusterTrainer - INFO -    > [104960/517313 (20%), 31.14s] Loss: 0.002317 
2019-03-12 23:40:46,259 - ClusterTrainer - INFO -    > [113024/517313 (22%), 30.51s] Loss: 0.002400 
2019-03-12 23:40:49,290 - ClusterTrainer - INFO -    > [121088/517313 (23%), 30.25s] Loss: 0.002374 
2019-03-12 23:40:52,307 - ClusterTrainer - INFO -    > [129152/517313 (25%), 29.09s] Loss: 0.002312 
2019-03-12 23:40:55,316 - ClusterTrainer - INFO -    > [137216/517313 (26%), 28.73s] Loss: 0.002196 
2019-03-12 23:40:58,338 - ClusterTrainer - INFO -    > [145280/517313 (28%), 28.26s] Loss: 0.002370 
2019-03-12 23:41:01,345 - ClusterTrainer - INFO -    > [153344/517313 (30%), 27.13s] Loss: 0.002256 
2019-03-12 23:41:04,356 - ClusterTrainer - INFO -    > [161408/517313 (31%), 26.63s] Loss: 0.002380 
2019-03-12 23:41:07,372 - ClusterTrainer - INFO -    > [169472/517313 (33%), 26.12s] Loss: 0.002125 
2019-03-12 23:41:10,382 - ClusterTrainer - INFO -    > [177536/517313 (34%), 25.79s] Loss: 0.002190 
2019-03-12 23:41:13,395 - ClusterTrainer - INFO -    > [185600/517313 (36%), 25.21s] Loss: 0.002467 
2019-03-12 23:41:16,438 - ClusterTrainer - INFO -    > [193664/517313 (37%), 24.41s] Loss: 0.002310 
2019-03-12 23:41:19,448 - ClusterTrainer - INFO -    > [201728/517313 (39%), 23.68s] Loss: 0.002156 
2019-03-12 23:41:22,463 - ClusterTrainer - INFO -    > [209792/517313 (41%), 23.19s] Loss: 0.002188 
2019-03-12 23:41:25,467 - ClusterTrainer - INFO -    > [217856/517313 (42%), 22.53s] Loss: 0.002320 
2019-03-12 23:41:28,480 - ClusterTrainer - INFO -    > [225920/517313 (44%), 22.22s] Loss: 0.002234 
2019-03-12 23:41:31,490 - ClusterTrainer - INFO -    > [233984/517313 (45%), 21.19s] Loss: 0.001998 
2019-03-12 23:41:34,499 - ClusterTrainer - INFO -    > [242048/517313 (47%), 20.84s] Loss: 0.002028 
2019-03-12 23:41:37,516 - ClusterTrainer - INFO -    > [250112/517313 (48%), 20.09s] Loss: 0.002196 
2019-03-12 23:41:40,528 - ClusterTrainer - INFO -    > [258176/517313 (50%), 19.63s] Loss: 0.002084 
2019-03-12 23:41:43,554 - ClusterTrainer - INFO -    > [266240/517313 (51%), 19.06s] Loss: 0.002062 
2019-03-12 23:41:46,585 - ClusterTrainer - INFO -    > [274304/517313 (53%), 18.72s] Loss: 0.001944 
2019-03-12 23:41:49,613 - ClusterTrainer - INFO -    > [282368/517313 (55%), 18.08s] Loss: 0.002094 
2019-03-12 23:41:52,647 - ClusterTrainer - INFO -    > [290432/517313 (56%), 17.12s] Loss: 0.002123 
2019-03-12 23:41:55,671 - ClusterTrainer - INFO -    > [298496/517313 (58%), 16.71s] Loss: 0.002133 
2019-03-12 23:41:58,697 - ClusterTrainer - INFO -    > [306560/517313 (59%), 16.08s] Loss: 0.002006 
2019-03-12 23:42:01,727 - ClusterTrainer - INFO -    > [314624/517313 (61%), 15.19s] Loss: 0.002072 
2019-03-12 23:42:04,753 - ClusterTrainer - INFO -    > [322688/517313 (62%), 14.86s] Loss: 0.002151 
2019-03-12 23:42:07,790 - ClusterTrainer - INFO -    > [330752/517313 (64%), 14.19s] Loss: 0.002097 
2019-03-12 23:42:10,821 - ClusterTrainer - INFO -    > [338816/517313 (65%), 13.41s] Loss: 0.002174 
2019-03-12 23:42:13,846 - ClusterTrainer - INFO -    > [346880/517313 (67%), 12.90s] Loss: 0.001943 
2019-03-12 23:42:16,879 - ClusterTrainer - INFO -    > [354944/517313 (69%), 12.54s] Loss: 0.001927 
2019-03-12 23:42:19,905 - ClusterTrainer - INFO -    > [363008/517313 (70%), 11.73s] Loss: 0.001929 
2019-03-12 23:42:22,936 - ClusterTrainer - INFO -    > [371072/517313 (72%), 11.31s] Loss: 0.001902 
2019-03-12 23:42:25,966 - ClusterTrainer - INFO -    > [379136/517313 (73%), 10.45s] Loss: 0.001919 
2019-03-12 23:42:28,993 - ClusterTrainer - INFO -    > [387200/517313 (75%), 9.93s] Loss: 0.002153 
2019-03-12 23:42:32,027 - ClusterTrainer - INFO -    > [395264/517313 (76%), 9.18s] Loss: 0.001981 
2019-03-12 23:42:35,053 - ClusterTrainer - INFO -    > [403328/517313 (78%), 8.69s] Loss: 0.001986 
2019-03-12 23:42:38,084 - ClusterTrainer - INFO -    > [411392/517313 (79%), 7.98s] Loss: 0.001861 
2019-03-12 23:42:41,112 - ClusterTrainer - INFO -    > [419456/517313 (81%), 7.55s] Loss: 0.001997 
2019-03-12 23:42:44,137 - ClusterTrainer - INFO -    > [427520/517313 (83%), 6.83s] Loss: 0.001899 
2019-03-12 23:42:47,153 - ClusterTrainer - INFO -    > [435584/517313 (84%), 6.16s] Loss: 0.001923 
2019-03-12 23:42:50,160 - ClusterTrainer - INFO -    > [443648/517313 (86%), 5.54s] Loss: 0.001986 
2019-03-12 23:42:53,171 - ClusterTrainer - INFO -    > [451712/517313 (87%), 5.04s] Loss: 0.001916 
2019-03-12 23:42:56,188 - ClusterTrainer - INFO -    > [459776/517313 (89%), 4.30s] Loss: 0.002037 
2019-03-12 23:42:59,192 - ClusterTrainer - INFO -    > [467840/517313 (90%), 3.72s] Loss: 0.002052 
2019-03-12 23:43:02,208 - ClusterTrainer - INFO -    > [475904/517313 (92%), 3.13s] Loss: 0.001943 
2019-03-12 23:43:05,223 - ClusterTrainer - INFO -    > [483968/517313 (94%), 2.52s] Loss: 0.001898 
2019-03-12 23:43:08,231 - ClusterTrainer - INFO -    > [492032/517313 (95%), 1.93s] Loss: 0.001834 
2019-03-12 23:43:11,251 - ClusterTrainer - INFO -    > [500096/517313 (97%), 1.31s] Loss: 0.001861 
2019-03-12 23:43:14,253 - ClusterTrainer - INFO -    > [508160/517313 (98%), 0.71s] Loss: 0.001958 
2019-03-12 23:43:17,268 - ClusterTrainer - INFO -    > [516224/517313 (100%), 0.10s] Loss: 0.001816 
2019-03-12 23:43:17,685 - ClusterTrainer - INFO -    > Total loss: 0.002171
2019-03-12 23:43:17,685 - ClusterTrainer - INFO - Valid Epoch: 1
2019-03-12 23:43:17,727 - ClusterTrainer - INFO -    > [128/27436 (0%), 0.68s] Loss: 0.001279 
2019-03-12 23:43:20,318 - ClusterTrainer - INFO -    > [8192/27436 (29%), 0.48s] Loss: 0.001691 
2019-03-12 23:43:22,905 - ClusterTrainer - INFO -    > [16256/27436 (59%), 0.28s] Loss: 0.001590 
2019-03-12 23:43:25,502 - ClusterTrainer - INFO -    > [24320/27436 (88%), 0.08s] Loss: 0.001133 
2019-03-12 23:43:26,507 - ClusterTrainer - INFO -    > Total loss: 0.001703
