2019-03-13 16:48:32,578 - ClusterTrainer - INFO - Train Epoch: 0
2019-03-13 16:48:32,847 - ClusterTrainer - INFO -    > [128/517313 (0%), 274.84s] Loss: 0.070116 
2019-03-13 16:48:42,873 - ClusterTrainer - INFO -    > [8192/517313 (2%), 39.99s] Loss: 0.009528 
2019-03-13 16:48:52,919 - ClusterTrainer - INFO -    > [16256/517313 (3%), 39.25s] Loss: 0.007136 
2019-03-13 16:49:02,852 - ClusterTrainer - INFO -    > [24320/517313 (5%), 39.07s] Loss: 0.006218 
2019-03-13 16:49:12,694 - ClusterTrainer - INFO -    > [32384/517313 (6%), 37.40s] Loss: 0.005075 
2019-03-13 16:49:22,180 - ClusterTrainer - INFO -    > [40448/517313 (8%), 37.54s] Loss: 0.004303 
2019-03-13 16:49:31,457 - ClusterTrainer - INFO -    > [48512/517313 (9%), 36.93s] Loss: 0.003988 
2019-03-13 16:49:40,688 - ClusterTrainer - INFO -    > [56576/517313 (11%), 37.09s] Loss: 0.003679 
2019-03-13 16:49:49,853 - ClusterTrainer - INFO -    > [64640/517313 (12%), 35.64s] Loss: 0.003259 
2019-03-13 16:49:58,819 - ClusterTrainer - INFO -    > [72704/517313 (14%), 34.65s] Loss: 0.003000 
2019-03-13 16:50:07,929 - ClusterTrainer - INFO -    > [80768/517313 (16%), 34.19s] Loss: 0.002868 
2019-03-13 16:50:16,931 - ClusterTrainer - INFO -    > [88832/517313 (17%), 33.37s] Loss: 0.002952 
2019-03-13 16:50:25,788 - ClusterTrainer - INFO -    > [96896/517313 (19%), 32.86s] Loss: 0.002833 
2019-03-13 16:50:34,611 - ClusterTrainer - INFO -    > [104960/517313 (20%), 32.36s] Loss: 0.002675 
2019-03-13 16:50:43,267 - ClusterTrainer - INFO -    > [113024/517313 (22%), 31.69s] Loss: 0.002412 
2019-03-13 16:50:51,737 - ClusterTrainer - INFO -    > [121088/517313 (23%), 31.48s] Loss: 0.002269 
2019-03-13 16:51:00,250 - ClusterTrainer - INFO -    > [129152/517313 (25%), 30.54s] Loss: 0.002357 
2019-03-13 16:51:08,618 - ClusterTrainer - INFO -    > [137216/517313 (26%), 30.34s] Loss: 0.002221 
2019-03-13 16:51:17,187 - ClusterTrainer - INFO -    > [145280/517313 (28%), 29.46s] Loss: 0.002158 
2019-03-13 16:51:25,246 - ClusterTrainer - INFO -    > [153344/517313 (30%), 29.41s] Loss: 0.002330 
2019-03-13 16:51:33,421 - ClusterTrainer - INFO -    > [161408/517313 (31%), 27.92s] Loss: 0.002233 
2019-03-13 16:51:41,338 - ClusterTrainer - INFO -    > [169472/517313 (33%), 27.86s] Loss: 0.002174 
2019-03-13 16:51:49,222 - ClusterTrainer - INFO -    > [177536/517313 (34%), 27.02s] Loss: 0.002162 
2019-03-13 16:51:56,690 - ClusterTrainer - INFO -    > [185600/517313 (36%), 25.63s] Loss: 0.002129 
2019-03-13 16:52:04,283 - ClusterTrainer - INFO -    > [193664/517313 (37%), 25.58s] Loss: 0.002112 
2019-03-13 16:52:11,748 - ClusterTrainer - INFO -    > [201728/517313 (39%), 24.90s] Loss: 0.001913 
2019-03-13 16:52:19,453 - ClusterTrainer - INFO -    > [209792/517313 (41%), 24.54s] Loss: 0.001978 
2019-03-13 16:52:27,055 - ClusterTrainer - INFO -    > [217856/517313 (42%), 23.40s] Loss: 0.001809 
2019-03-13 16:52:34,574 - ClusterTrainer - INFO -    > [225920/517313 (44%), 23.16s] Loss: 0.001975 
2019-03-13 16:52:42,125 - ClusterTrainer - INFO -    > [233984/517313 (45%), 22.03s] Loss: 0.001718 
2019-03-13 16:52:49,621 - ClusterTrainer - INFO -    > [242048/517313 (47%), 21.43s] Loss: 0.001910 
2019-03-13 16:52:57,036 - ClusterTrainer - INFO -    > [250112/517313 (48%), 20.96s] Loss: 0.001994 
2019-03-13 16:53:04,250 - ClusterTrainer - INFO -    > [258176/517313 (50%), 20.15s] Loss: 0.001714 
2019-03-13 16:53:11,169 - ClusterTrainer - INFO -    > [266240/517313 (51%), 19.67s] Loss: 0.001961 
2019-03-13 16:53:18,077 - ClusterTrainer - INFO -    > [274304/517313 (53%), 18.96s] Loss: 0.001783 
2019-03-13 16:53:24,842 - ClusterTrainer - INFO -    > [282368/517313 (55%), 18.40s] Loss: 0.001783 
2019-03-13 16:53:31,643 - ClusterTrainer - INFO -    > [290432/517313 (56%), 17.53s] Loss: 0.001802 
2019-03-13 16:53:38,124 - ClusterTrainer - INFO -    > [298496/517313 (58%), 17.00s] Loss: 0.001576 
2019-03-13 16:53:44,664 - ClusterTrainer - INFO -    > [306560/517313 (59%), 16.90s] Loss: 0.001807 
2019-03-13 16:53:51,150 - ClusterTrainer - INFO -    > [314624/517313 (61%), 16.03s] Loss: 0.001549 
2019-03-13 16:53:57,527 - ClusterTrainer - INFO -    > [322688/517313 (62%), 15.31s] Loss: 0.001782 
2019-03-13 16:54:03,621 - ClusterTrainer - INFO -    > [330752/517313 (64%), 14.96s] Loss: 0.001721 
2019-03-13 16:54:09,781 - ClusterTrainer - INFO -    > [338816/517313 (65%), 13.98s] Loss: 0.001657 
2019-03-13 16:54:15,584 - ClusterTrainer - INFO -    > [346880/517313 (67%), 13.33s] Loss: 0.001593 
2019-03-13 16:54:21,327 - ClusterTrainer - INFO -    > [354944/517313 (69%), 12.79s] Loss: 0.001602 
2019-03-13 16:54:26,926 - ClusterTrainer - INFO -    > [363008/517313 (70%), 12.29s] Loss: 0.001530 
2019-03-13 16:54:32,555 - ClusterTrainer - INFO -    > [371072/517313 (72%), 11.44s] Loss: 0.001518 
2019-03-13 16:54:37,924 - ClusterTrainer - INFO -    > [379136/517313 (73%), 10.80s] Loss: 0.001719 
2019-03-13 16:54:43,193 - ClusterTrainer - INFO -    > [387200/517313 (75%), 10.22s] Loss: 0.001535 
2019-03-13 16:54:48,460 - ClusterTrainer - INFO -    > [395264/517313 (76%), 9.53s] Loss: 0.001653 
2019-03-13 16:54:53,554 - ClusterTrainer - INFO -    > [403328/517313 (78%), 8.87s] Loss: 0.001497 
2019-03-13 16:54:58,641 - ClusterTrainer - INFO -    > [411392/517313 (79%), 8.37s] Loss: 0.001500 
2019-03-13 16:55:03,652 - ClusterTrainer - INFO -    > [419456/517313 (81%), 7.69s] Loss: 0.001633 
2019-03-13 16:55:08,532 - ClusterTrainer - INFO -    > [427520/517313 (83%), 6.95s] Loss: 0.001613 
2019-03-13 16:55:13,339 - ClusterTrainer - INFO -    > [435584/517313 (84%), 6.71s] Loss: 0.001576 
2019-03-13 16:55:17,992 - ClusterTrainer - INFO -    > [443648/517313 (86%), 5.84s] Loss: 0.001510 
2019-03-13 16:55:22,644 - ClusterTrainer - INFO -    > [451712/517313 (87%), 5.16s] Loss: 0.001545 
2019-03-13 16:55:27,205 - ClusterTrainer - INFO -    > [459776/517313 (89%), 4.51s] Loss: 0.001625 
2019-03-13 16:55:31,567 - ClusterTrainer - INFO -    > [467840/517313 (90%), 3.88s] Loss: 0.001460 
2019-03-13 16:55:35,873 - ClusterTrainer - INFO -    > [475904/517313 (92%), 3.24s] Loss: 0.001448 
2019-03-13 16:55:39,878 - ClusterTrainer - INFO -    > [483968/517313 (94%), 2.66s] Loss: 0.001573 
2019-03-13 16:55:43,606 - ClusterTrainer - INFO -    > [492032/517313 (95%), 2.02s] Loss: 0.001520 
2019-03-13 16:55:47,211 - ClusterTrainer - INFO -    > [500096/517313 (97%), 1.42s] Loss: 0.001505 
2019-03-13 16:55:50,640 - ClusterTrainer - INFO -    > [508160/517313 (98%), 0.74s] Loss: 0.001473 
2019-03-13 16:55:53,873 - ClusterTrainer - INFO -    > [516224/517313 (100%), 0.10s] Loss: 0.001443 
2019-03-13 16:55:54,303 - ClusterTrainer - INFO -    > Total loss: 0.002528
2019-03-13 16:55:54,304 - ClusterTrainer - INFO - Valid Epoch: 0
2019-03-13 16:55:54,359 - ClusterTrainer - INFO -    > [128/27436 (0%), 0.76s] Loss: 0.001710 
2019-03-13 16:55:57,582 - ClusterTrainer - INFO -    > [8192/27436 (29%), 0.56s] Loss: 0.002145 
2019-03-13 16:56:00,802 - ClusterTrainer - INFO -    > [16256/27436 (59%), 0.31s] Loss: 0.000342 
2019-03-13 16:56:04,018 - ClusterTrainer - INFO -    > [24320/27436 (88%), 0.10s] Loss: 0.000855 
2019-03-13 16:56:05,263 - ClusterTrainer - INFO -    > Total loss: 0.001338
2019-03-13 17:00:13,933 - ClusterTrainer - INFO - Saving checkpoint: logs/conv_ae_horoma/0313_164809/last_checkpoint.pth ...
2019-03-13 17:00:51,597 - ClusterTrainer - INFO - Saving best checkpoint: logs/conv_ae_horoma/0313_164809/best_checkpoint.pth ...
2019-03-13 17:03:28,785 - ClusterTrainer - INFO - Saving best checkpoint: logs/conv_ae_horoma/0313_164809/best_checkpoint_kmeans100-F1.pth ...
2019-03-13 17:04:02,000 - ClusterTrainer - INFO - Saving best checkpoint: logs/conv_ae_horoma/0313_164809/best_checkpoint_kmeans100-accuracy.pth ...
2019-03-13 17:04:02,000 - ClusterTrainer - INFO - Train Epoch: 1
2019-03-13 17:04:02,087 - ClusterTrainer - INFO -    > [128/517313 (0%), 43.23s] Loss: 0.001513 
2019-03-13 17:04:05,176 - ClusterTrainer - INFO -    > [8192/517313 (2%), 39.80s] Loss: 0.001519 
2019-03-13 17:04:08,264 - ClusterTrainer - INFO -    > [16256/517313 (3%), 39.67s] Loss: 0.001531 
2019-03-13 17:04:11,355 - ClusterTrainer - INFO -    > [24320/517313 (5%), 38.96s] Loss: 0.001464 
2019-03-13 17:04:14,443 - ClusterTrainer - INFO -    > [32384/517313 (6%), 38.67s] Loss: 0.001507 
2019-03-13 17:04:17,531 - ClusterTrainer - INFO -    > [40448/517313 (8%), 37.44s] Loss: 0.001578 
2019-03-13 17:04:20,613 - ClusterTrainer - INFO -    > [48512/517313 (9%), 36.58s] Loss: 0.001433 
2019-03-13 17:04:23,698 - ClusterTrainer - INFO -    > [56576/517313 (11%), 35.99s] Loss: 0.001468 
2019-03-13 17:04:26,777 - ClusterTrainer - INFO -    > [64640/517313 (12%), 35.50s] Loss: 0.001476 
2019-03-13 17:04:29,849 - ClusterTrainer - INFO -    > [72704/517313 (14%), 35.17s] Loss: 0.001372 
2019-03-13 17:04:32,923 - ClusterTrainer - INFO -    > [80768/517313 (16%), 34.35s] Loss: 0.001451 
2019-03-13 17:04:36,001 - ClusterTrainer - INFO -    > [88832/517313 (17%), 34.62s] Loss: 0.001479 
2019-03-13 17:04:39,225 - ClusterTrainer - INFO -    > [96896/517313 (19%), 33.10s] Loss: 0.001597 
2019-03-13 17:04:42,295 - ClusterTrainer - INFO -    > [104960/517313 (20%), 32.65s] Loss: 0.001359 
2019-03-13 17:04:45,367 - ClusterTrainer - INFO -    > [113024/517313 (22%), 31.84s] Loss: 0.001437 
2019-03-13 17:04:48,441 - ClusterTrainer - INFO -    > [121088/517313 (23%), 30.89s] Loss: 0.001479 
2019-03-13 17:04:51,510 - ClusterTrainer - INFO -    > [129152/517313 (25%), 30.77s] Loss: 0.001371 
2019-03-13 17:04:54,585 - ClusterTrainer - INFO -    > [137216/517313 (26%), 30.41s] Loss: 0.001314 
2019-03-13 17:04:57,655 - ClusterTrainer - INFO -    > [145280/517313 (28%), 29.42s] Loss: 0.001424 
2019-03-13 17:05:00,727 - ClusterTrainer - INFO -    > [153344/517313 (30%), 28.87s] Loss: 0.001250 
2019-03-13 17:05:03,797 - ClusterTrainer - INFO -    > [161408/517313 (31%), 27.73s] Loss: 0.001411 
2019-03-13 17:05:06,871 - ClusterTrainer - INFO -    > [169472/517313 (33%), 27.06s] Loss: 0.001411 
2019-03-13 17:05:09,941 - ClusterTrainer - INFO -    > [177536/517313 (34%), 26.32s] Loss: 0.001394 
2019-03-13 17:05:13,020 - ClusterTrainer - INFO -    > [185600/517313 (36%), 26.34s] Loss: 0.001357 
2019-03-13 17:05:16,094 - ClusterTrainer - INFO -    > [193664/517313 (37%), 25.42s] Loss: 0.001471 
2019-03-13 17:05:19,167 - ClusterTrainer - INFO -    > [201728/517313 (39%), 24.76s] Loss: 0.001421 
2019-03-13 17:05:22,239 - ClusterTrainer - INFO -    > [209792/517313 (41%), 24.22s] Loss: 0.001305 
2019-03-13 17:05:25,310 - ClusterTrainer - INFO -    > [217856/517313 (42%), 23.14s] Loss: 0.001407 
2019-03-13 17:05:28,384 - ClusterTrainer - INFO -    > [225920/517313 (44%), 22.90s] Loss: 0.001361 
2019-03-13 17:05:31,458 - ClusterTrainer - INFO -    > [233984/517313 (45%), 22.11s] Loss: 0.001391 
2019-03-13 17:05:34,530 - ClusterTrainer - INFO -    > [242048/517313 (47%), 21.63s] Loss: 0.001321 
2019-03-13 17:05:37,603 - ClusterTrainer - INFO -    > [250112/517313 (48%), 20.96s] Loss: 0.001375 
2019-03-13 17:05:40,673 - ClusterTrainer - INFO -    > [258176/517313 (50%), 20.28s] Loss: 0.001285 
2019-03-13 17:05:43,742 - ClusterTrainer - INFO -    > [266240/517313 (51%), 19.51s] Loss: 0.001488 
2019-03-13 17:05:46,815 - ClusterTrainer - INFO -    > [274304/517313 (53%), 18.96s] Loss: 0.001384 
2019-03-13 17:05:49,888 - ClusterTrainer - INFO -    > [282368/517313 (55%), 18.26s] Loss: 0.001281 
2019-03-13 17:05:52,964 - ClusterTrainer - INFO -    > [290432/517313 (56%), 18.33s] Loss: 0.001316 
2019-03-13 17:05:56,037 - ClusterTrainer - INFO -    > [298496/517313 (58%), 17.42s] Loss: 0.001362 
2019-03-13 17:05:59,105 - ClusterTrainer - INFO -    > [306560/517313 (59%), 16.38s] Loss: 0.001304 
2019-03-13 17:06:02,182 - ClusterTrainer - INFO -    > [314624/517313 (61%), 16.01s] Loss: 0.001281 
2019-03-13 17:06:05,257 - ClusterTrainer - INFO -    > [322688/517313 (62%), 15.31s] Loss: 0.001306 
2019-03-13 17:06:08,327 - ClusterTrainer - INFO -    > [330752/517313 (64%), 14.53s] Loss: 0.001309 
2019-03-13 17:06:11,402 - ClusterTrainer - INFO -    > [338816/517313 (65%), 14.04s] Loss: 0.001470 
2019-03-13 17:06:14,479 - ClusterTrainer - INFO -    > [346880/517313 (67%), 13.34s] Loss: 0.001441 
2019-03-13 17:06:17,596 - ClusterTrainer - INFO -    > [354944/517313 (69%), 12.67s] Loss: 0.001293 
2019-03-13 17:06:20,671 - ClusterTrainer - INFO -    > [363008/517313 (70%), 12.03s] Loss: 0.001282 
2019-03-13 17:06:23,748 - ClusterTrainer - INFO -    > [371072/517313 (72%), 11.40s] Loss: 0.001436 
2019-03-13 17:06:26,821 - ClusterTrainer - INFO -    > [379136/517313 (73%), 10.70s] Loss: 0.001314 
2019-03-13 17:06:29,895 - ClusterTrainer - INFO -    > [387200/517313 (75%), 10.08s] Loss: 0.001381 
2019-03-13 17:06:32,981 - ClusterTrainer - INFO -    > [395264/517313 (76%), 9.61s] Loss: 0.001362 
2019-03-13 17:06:36,061 - ClusterTrainer - INFO -    > [403328/517313 (78%), 9.04s] Loss: 0.001515 
2019-03-13 17:06:39,145 - ClusterTrainer - INFO -    > [411392/517313 (79%), 8.29s] Loss: 0.001264 
2019-03-13 17:06:42,231 - ClusterTrainer - INFO -    > [419456/517313 (81%), 7.81s] Loss: 0.001398 
2019-03-13 17:06:45,311 - ClusterTrainer - INFO -    > [427520/517313 (83%), 7.01s] Loss: 0.001235 
2019-03-13 17:06:48,397 - ClusterTrainer - INFO -    > [435584/517313 (84%), 6.39s] Loss: 0.001227 
2019-03-13 17:06:51,483 - ClusterTrainer - INFO -    > [443648/517313 (86%), 5.85s] Loss: 0.001349 
2019-03-13 17:06:54,569 - ClusterTrainer - INFO -    > [451712/517313 (87%), 5.16s] Loss: 0.001177 
2019-03-13 17:06:57,650 - ClusterTrainer - INFO -    > [459776/517313 (89%), 4.53s] Loss: 0.001322 
2019-03-13 17:07:00,736 - ClusterTrainer - INFO -    > [467840/517313 (90%), 3.91s] Loss: 0.001379 
2019-03-13 17:07:03,822 - ClusterTrainer - INFO -    > [475904/517313 (92%), 3.38s] Loss: 0.001369 
2019-03-13 17:07:06,907 - ClusterTrainer - INFO -    > [483968/517313 (94%), 2.61s] Loss: 0.001411 
2019-03-13 17:07:09,991 - ClusterTrainer - INFO -    > [492032/517313 (95%), 1.99s] Loss: 0.001399 
2019-03-13 17:07:13,079 - ClusterTrainer - INFO -    > [500096/517313 (97%), 1.42s] Loss: 0.001358 
2019-03-13 17:07:16,163 - ClusterTrainer - INFO -    > [508160/517313 (98%), 0.75s] Loss: 0.001319 
2019-03-13 17:07:19,244 - ClusterTrainer - INFO -    > [516224/517313 (100%), 0.10s] Loss: 0.001299 
2019-03-13 17:07:19,671 - ClusterTrainer - INFO -    > Total loss: 0.001382
2019-03-13 17:07:19,671 - ClusterTrainer - INFO - Valid Epoch: 1
2019-03-13 17:07:19,714 - ClusterTrainer - INFO -    > [128/27436 (0%), 0.77s] Loss: 0.001425 
2019-03-13 17:07:22,377 - ClusterTrainer - INFO -    > [8192/27436 (29%), 0.54s] Loss: 0.001815 
2019-03-13 17:07:25,041 - ClusterTrainer - INFO -    > [16256/27436 (59%), 0.33s] Loss: 0.000212 
2019-03-13 17:07:27,703 - ClusterTrainer - INFO -    > [24320/27436 (88%), 0.09s] Loss: 0.000716 
2019-03-13 17:07:28,730 - ClusterTrainer - INFO -    > Total loss: 0.001145
2019-03-13 17:11:25,167 - ClusterTrainer - INFO - Saving best checkpoint: logs/conv_ae_horoma/0313_164809/best_checkpoint.pth ...
2019-03-13 17:13:20,788 - ClusterTrainer - INFO - Saving best checkpoint: logs/conv_ae_horoma/0313_164809/best_checkpoint_kmeans100-F1.pth ...
2019-03-13 17:13:20,789 - ClusterTrainer - INFO - Train Epoch: 2
2019-03-13 17:13:20,877 - ClusterTrainer - INFO -    > [128/517313 (0%), 41.72s] Loss: 0.001309 
2019-03-13 17:13:23,964 - ClusterTrainer - INFO -    > [8192/517313 (2%), 39.69s] Loss: 0.001236 
2019-03-13 17:13:27,049 - ClusterTrainer - INFO -    > [16256/517313 (3%), 39.70s] Loss: 0.001296 
2019-03-13 17:13:30,131 - ClusterTrainer - INFO -    > [24320/517313 (5%), 39.12s] Loss: 0.001280 
2019-03-13 17:13:33,213 - ClusterTrainer - INFO -    > [32384/517313 (6%), 38.85s] Loss: 0.001390 
2019-03-13 17:13:36,292 - ClusterTrainer - INFO -    > [40448/517313 (8%), 36.87s] Loss: 0.001295 
2019-03-13 17:13:39,372 - ClusterTrainer - INFO -    > [48512/517313 (9%), 36.83s] Loss: 0.001205 
2019-03-13 17:13:42,454 - ClusterTrainer - INFO -    > [56576/517313 (11%), 35.95s] Loss: 0.001225 
2019-03-13 17:13:45,532 - ClusterTrainer - INFO -    > [64640/517313 (12%), 35.27s] Loss: 0.001221 
2019-03-13 17:13:48,616 - ClusterTrainer - INFO -    > [72704/517313 (14%), 35.87s] Loss: 0.001259 
2019-03-13 17:13:51,696 - ClusterTrainer - INFO -    > [80768/517313 (16%), 34.17s] Loss: 0.001322 
2019-03-13 17:13:54,773 - ClusterTrainer - INFO -    > [88832/517313 (17%), 33.24s] Loss: 0.001298 
2019-03-13 17:13:57,851 - ClusterTrainer - INFO -    > [96896/517313 (19%), 33.57s] Loss: 0.001318 
2019-03-13 17:14:00,929 - ClusterTrainer - INFO -    > [104960/517313 (20%), 32.07s] Loss: 0.001215 
2019-03-13 17:14:04,013 - ClusterTrainer - INFO -    > [113024/517313 (22%), 32.23s] Loss: 0.001332 
2019-03-13 17:14:07,090 - ClusterTrainer - INFO -    > [121088/517313 (23%), 30.73s] Loss: 0.001254 
2019-03-13 17:14:10,169 - ClusterTrainer - INFO -    > [129152/517313 (25%), 30.37s] Loss: 0.001239 
2019-03-13 17:14:13,252 - ClusterTrainer - INFO -    > [137216/517313 (26%), 30.18s] Loss: 0.001362 
2019-03-13 17:14:16,329 - ClusterTrainer - INFO -    > [145280/517313 (28%), 28.81s] Loss: 0.001237 
2019-03-13 17:14:19,410 - ClusterTrainer - INFO -    > [153344/517313 (30%), 29.49s] Loss: 0.001168 
2019-03-13 17:14:22,492 - ClusterTrainer - INFO -    > [161408/517313 (31%), 28.09s] Loss: 0.001231 
2019-03-13 17:14:25,572 - ClusterTrainer - INFO -    > [169472/517313 (33%), 27.11s] Loss: 0.001253 
2019-03-13 17:14:28,653 - ClusterTrainer - INFO -    > [177536/517313 (34%), 26.70s] Loss: 0.001227 
2019-03-13 17:14:31,736 - ClusterTrainer - INFO -    > [185600/517313 (36%), 25.75s] Loss: 0.001367 
2019-03-13 17:14:34,825 - ClusterTrainer - INFO -    > [193664/517313 (37%), 25.25s] Loss: 0.001338 
2019-03-13 17:14:37,914 - ClusterTrainer - INFO -    > [201728/517313 (39%), 24.71s] Loss: 0.001147 
2019-03-13 17:14:41,004 - ClusterTrainer - INFO -    > [209792/517313 (41%), 23.92s] Loss: 0.001324 
2019-03-13 17:14:44,094 - ClusterTrainer - INFO -    > [217856/517313 (42%), 23.51s] Loss: 0.001275 
2019-03-13 17:14:47,185 - ClusterTrainer - INFO -    > [225920/517313 (44%), 22.72s] Loss: 0.001327 
2019-03-13 17:14:50,275 - ClusterTrainer - INFO -    > [233984/517313 (45%), 22.05s] Loss: 0.001278 
2019-03-13 17:14:53,362 - ClusterTrainer - INFO -    > [242048/517313 (47%), 21.73s] Loss: 0.001301 
2019-03-13 17:14:56,448 - ClusterTrainer - INFO -    > [250112/517313 (48%), 20.82s] Loss: 0.001266 
2019-03-13 17:14:59,536 - ClusterTrainer - INFO -    > [258176/517313 (50%), 20.16s] Loss: 0.001330 
2019-03-13 17:15:02,627 - ClusterTrainer - INFO -    > [266240/517313 (51%), 19.34s] Loss: 0.001245 
2019-03-13 17:15:05,717 - ClusterTrainer - INFO -    > [274304/517313 (53%), 19.12s] Loss: 0.001353 
2019-03-13 17:15:08,807 - ClusterTrainer - INFO -    > [282368/517313 (55%), 18.35s] Loss: 0.001269 
2019-03-13 17:15:11,893 - ClusterTrainer - INFO -    > [290432/517313 (56%), 17.80s] Loss: 0.001273 
2019-03-13 17:15:14,985 - ClusterTrainer - INFO -    > [298496/517313 (58%), 17.02s] Loss: 0.001290 
2019-03-13 17:15:18,074 - ClusterTrainer - INFO -    > [306560/517313 (59%), 16.49s] Loss: 0.001326 
2019-03-13 17:15:21,160 - ClusterTrainer - INFO -    > [314624/517313 (61%), 15.80s] Loss: 0.001225 
2019-03-13 17:15:24,247 - ClusterTrainer - INFO -    > [322688/517313 (62%), 15.46s] Loss: 0.001262 
2019-03-13 17:15:27,336 - ClusterTrainer - INFO -    > [330752/517313 (64%), 14.69s] Loss: 0.001164 
2019-03-13 17:15:30,429 - ClusterTrainer - INFO -    > [338816/517313 (65%), 14.21s] Loss: 0.001216 
2019-03-13 17:15:33,519 - ClusterTrainer - INFO -    > [346880/517313 (67%), 13.40s] Loss: 0.001244 
2019-03-13 17:15:36,610 - ClusterTrainer - INFO -    > [354944/517313 (69%), 12.73s] Loss: 0.001226 
2019-03-13 17:15:39,699 - ClusterTrainer - INFO -    > [363008/517313 (70%), 12.10s] Loss: 0.001202 
2019-03-13 17:15:42,789 - ClusterTrainer - INFO -    > [371072/517313 (72%), 11.52s] Loss: 0.001252 
2019-03-13 17:15:45,856 - ClusterTrainer - INFO -    > [379136/517313 (73%), 11.02s] Loss: 0.001375 
2019-03-13 17:15:48,946 - ClusterTrainer - INFO -    > [387200/517313 (75%), 10.20s] Loss: 0.001324 
2019-03-13 17:15:52,036 - ClusterTrainer - INFO -    > [395264/517313 (76%), 9.54s] Loss: 0.001204 
2019-03-13 17:15:55,124 - ClusterTrainer - INFO -    > [403328/517313 (78%), 9.01s] Loss: 0.001178 
2019-03-13 17:15:58,215 - ClusterTrainer - INFO -    > [411392/517313 (79%), 8.38s] Loss: 0.001357 
2019-03-13 17:16:01,307 - ClusterTrainer - INFO -    > [419456/517313 (81%), 7.68s] Loss: 0.001166 
2019-03-13 17:16:04,398 - ClusterTrainer - INFO -    > [427520/517313 (83%), 7.09s] Loss: 0.001365 
2019-03-13 17:16:07,489 - ClusterTrainer - INFO -    > [435584/517313 (84%), 6.41s] Loss: 0.001412 
2019-03-13 17:16:10,578 - ClusterTrainer - INFO -    > [443648/517313 (86%), 5.71s] Loss: 0.001311 
2019-03-13 17:16:13,673 - ClusterTrainer - INFO -    > [451712/517313 (87%), 5.13s] Loss: 0.001284 
2019-03-13 17:16:16,764 - ClusterTrainer - INFO -    > [459776/517313 (89%), 4.60s] Loss: 0.001162 
2019-03-13 17:16:19,850 - ClusterTrainer - INFO -    > [467840/517313 (90%), 3.91s] Loss: 0.001276 
2019-03-13 17:16:22,935 - ClusterTrainer - INFO -    > [475904/517313 (92%), 3.24s] Loss: 0.001179 
2019-03-13 17:16:26,022 - ClusterTrainer - INFO -    > [483968/517313 (94%), 2.62s] Loss: 0.001239 
2019-03-13 17:16:29,095 - ClusterTrainer - INFO -    > [492032/517313 (95%), 1.99s] Loss: 0.001214 
2019-03-13 17:16:32,169 - ClusterTrainer - INFO -    > [500096/517313 (97%), 1.36s] Loss: 0.001255 
2019-03-13 17:16:35,248 - ClusterTrainer - INFO -    > [508160/517313 (98%), 0.74s] Loss: 0.001352 
2019-03-13 17:16:38,321 - ClusterTrainer - INFO -    > [516224/517313 (100%), 0.10s] Loss: 0.001189 
2019-03-13 17:16:38,747 - ClusterTrainer - INFO -    > Total loss: 0.001265
2019-03-13 17:16:38,748 - ClusterTrainer - INFO - Valid Epoch: 2
2019-03-13 17:16:38,790 - ClusterTrainer - INFO -    > [128/27436 (0%), 0.78s] Loss: 0.001334 
2019-03-13 17:16:41,438 - ClusterTrainer - INFO -    > [8192/27436 (29%), 0.57s] Loss: 0.001695 
2019-03-13 17:16:44,092 - ClusterTrainer - INFO -    > [16256/27436 (59%), 0.32s] Loss: 0.000274 
2019-03-13 17:16:46,742 - ClusterTrainer - INFO -    > [24320/27436 (88%), 0.09s] Loss: 0.000671 
2019-03-13 17:16:47,768 - ClusterTrainer - INFO -    > Total loss: 0.001061
2019-03-13 17:20:38,573 - ClusterTrainer - INFO - Saving best checkpoint: logs/conv_ae_horoma/0313_164809/best_checkpoint.pth ...
2019-03-13 17:20:38,574 - ClusterTrainer - INFO - Train Epoch: 3
2019-03-13 17:20:38,661 - ClusterTrainer - INFO -    > [128/517313 (0%), 42.52s] Loss: 0.001257 
2019-03-13 17:20:41,732 - ClusterTrainer - INFO -    > [8192/517313 (2%), 39.76s] Loss: 0.001217 
2019-03-13 17:20:44,805 - ClusterTrainer - INFO -    > [16256/517313 (3%), 39.31s] Loss: 0.001235 
2019-03-13 17:20:47,880 - ClusterTrainer - INFO -    > [24320/517313 (5%), 38.59s] Loss: 0.001232 
2019-03-13 17:20:50,951 - ClusterTrainer - INFO -    > [32384/517313 (6%), 37.60s] Loss: 0.001248 
2019-03-13 17:20:54,025 - ClusterTrainer - INFO -    > [40448/517313 (8%), 38.06s] Loss: 0.001258 
2019-03-13 17:20:57,095 - ClusterTrainer - INFO -    > [48512/517313 (9%), 37.66s] Loss: 0.001142 
2019-03-13 17:21:00,165 - ClusterTrainer - INFO -    > [56576/517313 (11%), 35.98s] Loss: 0.001319 
2019-03-13 17:21:03,241 - ClusterTrainer - INFO -    > [64640/517313 (12%), 35.98s] Loss: 0.001190 
2019-03-13 17:21:06,321 - ClusterTrainer - INFO -    > [72704/517313 (14%), 34.58s] Loss: 0.001254 
2019-03-13 17:21:09,399 - ClusterTrainer - INFO -    > [80768/517313 (16%), 34.04s] Loss: 0.001205 
2019-03-13 17:21:12,479 - ClusterTrainer - INFO -    > [88832/517313 (17%), 33.89s] Loss: 0.001220 
2019-03-13 17:21:15,558 - ClusterTrainer - INFO -    > [96896/517313 (19%), 33.02s] Loss: 0.001277 
2019-03-13 17:21:18,640 - ClusterTrainer - INFO -    > [104960/517313 (20%), 32.41s] Loss: 0.001282 
2019-03-13 17:21:21,722 - ClusterTrainer - INFO -    > [113024/517313 (22%), 31.87s] Loss: 0.001211 
2019-03-13 17:21:24,802 - ClusterTrainer - INFO -    > [121088/517313 (23%), 30.57s] Loss: 0.001208 
2019-03-13 17:21:27,882 - ClusterTrainer - INFO -    > [129152/517313 (25%), 31.37s] Loss: 0.001247 
2019-03-13 17:21:30,960 - ClusterTrainer - INFO -    > [137216/517313 (26%), 29.80s] Loss: 0.001238 
2019-03-13 17:21:34,040 - ClusterTrainer - INFO -    > [145280/517313 (28%), 29.19s] Loss: 0.001178 
2019-03-13 17:21:37,106 - ClusterTrainer - INFO -    > [153344/517313 (30%), 28.89s] Loss: 0.001266 
2019-03-13 17:21:40,185 - ClusterTrainer - INFO -    > [161408/517313 (31%), 28.79s] Loss: 0.001361 
2019-03-13 17:21:43,267 - ClusterTrainer - INFO -    > [169472/517313 (33%), 27.28s] Loss: 0.001231 
2019-03-13 17:21:46,350 - ClusterTrainer - INFO -    > [177536/517313 (34%), 27.36s] Loss: 0.001218 
2019-03-13 17:21:49,429 - ClusterTrainer - INFO -    > [185600/517313 (36%), 25.92s] Loss: 0.001196 
2019-03-13 17:21:52,509 - ClusterTrainer - INFO -    > [193664/517313 (37%), 25.41s] Loss: 0.001167 
2019-03-13 17:21:55,587 - ClusterTrainer - INFO -    > [201728/517313 (39%), 24.92s] Loss: 0.001278 
2019-03-13 17:21:58,670 - ClusterTrainer - INFO -    > [209792/517313 (41%), 23.98s] Loss: 0.001199 
2019-03-13 17:22:01,752 - ClusterTrainer - INFO -    > [217856/517313 (42%), 23.81s] Loss: 0.001176 
2019-03-13 17:22:04,832 - ClusterTrainer - INFO -    > [225920/517313 (44%), 23.11s] Loss: 0.001221 
2019-03-13 17:22:07,916 - ClusterTrainer - INFO -    > [233984/517313 (45%), 22.07s] Loss: 0.001266 
2019-03-13 17:22:10,998 - ClusterTrainer - INFO -    > [242048/517313 (47%), 21.55s] Loss: 0.001222 
2019-03-13 17:22:14,079 - ClusterTrainer - INFO -    > [250112/517313 (48%), 20.90s] Loss: 0.001280 
2019-03-13 17:22:17,156 - ClusterTrainer - INFO -    > [258176/517313 (50%), 20.02s] Loss: 0.001145 
2019-03-13 17:22:20,233 - ClusterTrainer - INFO -    > [266240/517313 (51%), 20.10s] Loss: 0.001231 
2019-03-13 17:22:23,314 - ClusterTrainer - INFO -    > [274304/517313 (53%), 19.14s] Loss: 0.001233 
2019-03-13 17:22:26,393 - ClusterTrainer - INFO -    > [282368/517313 (55%), 18.34s] Loss: 0.001242 
2019-03-13 17:22:29,478 - ClusterTrainer - INFO -    > [290432/517313 (56%), 18.04s] Loss: 0.001248 
2019-03-13 17:22:32,562 - ClusterTrainer - INFO -    > [298496/517313 (58%), 17.18s] Loss: 0.001222 
2019-03-13 17:22:35,645 - ClusterTrainer - INFO -    > [306560/517313 (59%), 16.34s] Loss: 0.001240 
2019-03-13 17:22:38,726 - ClusterTrainer - INFO -    > [314624/517313 (61%), 16.09s] Loss: 0.001239 
2019-03-13 17:22:41,807 - ClusterTrainer - INFO -    > [322688/517313 (62%), 15.11s] Loss: 0.001173 
2019-03-13 17:22:44,889 - ClusterTrainer - INFO -    > [330752/517313 (64%), 14.65s] Loss: 0.001188 
2019-03-13 17:22:47,968 - ClusterTrainer - INFO -    > [338816/517313 (65%), 14.10s] Loss: 0.001188 
2019-03-13 17:22:51,049 - ClusterTrainer - INFO -    > [346880/517313 (67%), 13.36s] Loss: 0.001200 
2019-03-13 17:22:54,132 - ClusterTrainer - INFO -    > [354944/517313 (69%), 12.66s] Loss: 0.001241 
2019-03-13 17:22:57,211 - ClusterTrainer - INFO -    > [363008/517313 (70%), 12.11s] Loss: 0.001196 
2019-03-13 17:23:00,292 - ClusterTrainer - INFO -    > [371072/517313 (72%), 11.51s] Loss: 0.001163 
2019-03-13 17:23:03,375 - ClusterTrainer - INFO -    > [379136/517313 (73%), 10.78s] Loss: 0.001282 
2019-03-13 17:23:06,457 - ClusterTrainer - INFO -    > [387200/517313 (75%), 10.22s] Loss: 0.001182 
2019-03-13 17:23:09,540 - ClusterTrainer - INFO -    > [395264/517313 (76%), 9.57s] Loss: 0.001138 
2019-03-13 17:23:12,628 - ClusterTrainer - INFO -    > [403328/517313 (78%), 9.05s] Loss: 0.001246 
2019-03-13 17:23:15,708 - ClusterTrainer - INFO -    > [411392/517313 (79%), 8.33s] Loss: 0.001163 
2019-03-13 17:23:18,786 - ClusterTrainer - INFO -    > [419456/517313 (81%), 7.70s] Loss: 0.001243 
2019-03-13 17:23:21,867 - ClusterTrainer - INFO -    > [427520/517313 (83%), 7.08s] Loss: 0.001245 
2019-03-13 17:23:24,948 - ClusterTrainer - INFO -    > [435584/517313 (84%), 6.49s] Loss: 0.001184 
2019-03-13 17:23:28,028 - ClusterTrainer - INFO -    > [443648/517313 (86%), 5.83s] Loss: 0.001243 
2019-03-13 17:23:31,106 - ClusterTrainer - INFO -    > [451712/517313 (87%), 5.22s] Loss: 0.001204 
2019-03-13 17:23:34,184 - ClusterTrainer - INFO -    > [459776/517313 (89%), 4.61s] Loss: 0.001260 
2019-03-13 17:23:37,260 - ClusterTrainer - INFO -    > [467840/517313 (90%), 3.89s] Loss: 0.001182 
2019-03-13 17:23:40,337 - ClusterTrainer - INFO -    > [475904/517313 (92%), 3.25s] Loss: 0.001212 
2019-03-13 17:23:43,418 - ClusterTrainer - INFO -    > [483968/517313 (94%), 2.64s] Loss: 0.001251 
2019-03-13 17:23:46,496 - ClusterTrainer - INFO -    > [492032/517313 (95%), 2.00s] Loss: 0.001131 
2019-03-13 17:23:49,572 - ClusterTrainer - INFO -    > [500096/517313 (97%), 1.36s] Loss: 0.001314 
2019-03-13 17:23:52,651 - ClusterTrainer - INFO -    > [508160/517313 (98%), 0.73s] Loss: 0.001279 
2019-03-13 17:23:55,733 - ClusterTrainer - INFO -    > [516224/517313 (100%), 0.10s] Loss: 0.001304 
2019-03-13 17:23:56,158 - ClusterTrainer - INFO -    > Total loss: 0.001223
2019-03-13 17:23:56,159 - ClusterTrainer - INFO - Valid Epoch: 3
2019-03-13 17:23:56,201 - ClusterTrainer - INFO -    > [128/27436 (0%), 0.78s] Loss: 0.001292 
2019-03-13 17:23:58,857 - ClusterTrainer - INFO -    > [8192/27436 (29%), 0.56s] Loss: 0.001665 
2019-03-13 17:24:01,514 - ClusterTrainer - INFO -    > [16256/27436 (59%), 0.32s] Loss: 0.000316 
2019-03-13 17:24:04,165 - ClusterTrainer - INFO -    > [24320/27436 (88%), 0.09s] Loss: 0.000637 
2019-03-13 17:24:05,192 - ClusterTrainer - INFO -    > Total loss: 0.001081
2019-03-13 17:27:25,685 - ClusterTrainer - INFO - Train Epoch: 4
2019-03-13 17:27:25,767 - ClusterTrainer - INFO -    > [128/517313 (0%), 41.49s] Loss: 0.001240 
2019-03-13 17:27:28,760 - ClusterTrainer - INFO -    > [8192/517313 (2%), 39.26s] Loss: 0.001179 
2019-03-13 17:27:31,746 - ClusterTrainer - INFO -    > [16256/517313 (3%), 37.26s] Loss: 0.001213 
2019-03-13 17:27:34,731 - ClusterTrainer - INFO -    > [24320/517313 (5%), 37.40s] Loss: 0.001203 
2019-03-13 17:27:37,719 - ClusterTrainer - INFO -    > [32384/517313 (6%), 37.49s] Loss: 0.001225 
2019-03-13 17:27:40,705 - ClusterTrainer - INFO -    > [40448/517313 (8%), 35.86s] Loss: 0.001136 
2019-03-13 17:27:43,692 - ClusterTrainer - INFO -    > [48512/517313 (9%), 35.42s] Loss: 0.001176 
2019-03-13 17:27:46,680 - ClusterTrainer - INFO -    > [56576/517313 (11%), 34.87s] Loss: 0.001227 
2019-03-13 17:27:49,673 - ClusterTrainer - INFO -    > [64640/517313 (12%), 34.30s] Loss: 0.001194 
2019-03-13 17:27:52,662 - ClusterTrainer - INFO -    > [72704/517313 (14%), 33.56s] Loss: 0.001227 
2019-03-13 17:27:55,648 - ClusterTrainer - INFO -    > [80768/517313 (16%), 32.85s] Loss: 0.001218 
2019-03-13 17:27:58,636 - ClusterTrainer - INFO -    > [88832/517313 (17%), 32.51s] Loss: 0.001154 
2019-03-13 17:28:01,623 - ClusterTrainer - INFO -    > [96896/517313 (19%), 31.43s] Loss: 0.001223 
2019-03-13 17:28:04,611 - ClusterTrainer - INFO -    > [104960/517313 (20%), 31.26s] Loss: 0.001173 
2019-03-13 17:28:07,598 - ClusterTrainer - INFO -    > [113024/517313 (22%), 30.41s] Loss: 0.001194 
2019-03-13 17:28:10,585 - ClusterTrainer - INFO -    > [121088/517313 (23%), 30.04s] Loss: 0.001209 
2019-03-13 17:28:13,579 - ClusterTrainer - INFO -    > [129152/517313 (25%), 29.76s] Loss: 0.001225 
2019-03-13 17:28:16,574 - ClusterTrainer - INFO -    > [137216/517313 (26%), 28.75s] Loss: 0.001205 
2019-03-13 17:28:19,561 - ClusterTrainer - INFO -    > [145280/517313 (28%), 27.92s] Loss: 0.001132 
2019-03-13 17:28:22,549 - ClusterTrainer - INFO -    > [153344/517313 (30%), 27.60s] Loss: 0.001183 
2019-03-13 17:28:25,535 - ClusterTrainer - INFO -    > [161408/517313 (31%), 26.60s] Loss: 0.001231 
2019-03-13 17:28:28,525 - ClusterTrainer - INFO -    > [169472/517313 (33%), 26.17s] Loss: 0.001158 
2019-03-13 17:28:31,512 - ClusterTrainer - INFO -    > [177536/517313 (34%), 25.63s] Loss: 0.001238 
2019-03-13 17:28:34,506 - ClusterTrainer - INFO -    > [185600/517313 (36%), 25.71s] Loss: 0.001179 
2019-03-13 17:28:37,493 - ClusterTrainer - INFO -    > [193664/517313 (37%), 24.39s] Loss: 0.001228 
2019-03-13 17:28:40,482 - ClusterTrainer - INFO -    > [201728/517313 (39%), 23.82s] Loss: 0.001197 
2019-03-13 17:28:43,468 - ClusterTrainer - INFO -    > [209792/517313 (41%), 23.08s] Loss: 0.001255 
2019-03-13 17:28:46,470 - ClusterTrainer - INFO -    > [217856/517313 (42%), 22.62s] Loss: 0.001178 
2019-03-13 17:28:49,472 - ClusterTrainer - INFO -    > [225920/517313 (44%), 22.11s] Loss: 0.001134 
2019-03-13 17:28:52,459 - ClusterTrainer - INFO -    > [233984/517313 (45%), 21.29s] Loss: 0.001182 
2019-03-13 17:28:55,447 - ClusterTrainer - INFO -    > [242048/517313 (47%), 20.59s] Loss: 0.001255 
2019-03-13 17:28:58,434 - ClusterTrainer - INFO -    > [250112/517313 (48%), 20.57s] Loss: 0.001234 
2019-03-13 17:29:01,417 - ClusterTrainer - INFO -    > [258176/517313 (50%), 19.51s] Loss: 0.001248 
2019-03-13 17:29:04,402 - ClusterTrainer - INFO -    > [266240/517313 (51%), 19.06s] Loss: 0.001157 
2019-03-13 17:29:07,388 - ClusterTrainer - INFO -    > [274304/517313 (53%), 18.33s] Loss: 0.001216 
2019-03-13 17:29:10,374 - ClusterTrainer - INFO -    > [282368/517313 (55%), 17.62s] Loss: 0.001204 
2019-03-13 17:29:13,365 - ClusterTrainer - INFO -    > [290432/517313 (56%), 17.03s] Loss: 0.001209 
2019-03-13 17:29:16,353 - ClusterTrainer - INFO -    > [298496/517313 (58%), 17.00s] Loss: 0.001167 
2019-03-13 17:29:19,343 - ClusterTrainer - INFO -    > [306560/517313 (59%), 16.14s] Loss: 0.001144 
2019-03-13 17:29:22,350 - ClusterTrainer - INFO -    > [314624/517313 (61%), 15.61s] Loss: 0.001268 
2019-03-13 17:29:25,357 - ClusterTrainer - INFO -    > [322688/517313 (62%), 14.81s] Loss: 0.001200 
2019-03-13 17:29:28,345 - ClusterTrainer - INFO -    > [330752/517313 (64%), 14.23s] Loss: 0.001162 
2019-03-13 17:29:31,345 - ClusterTrainer - INFO -    > [338816/517313 (65%), 13.67s] Loss: 0.001163 
2019-03-13 17:29:34,338 - ClusterTrainer - INFO -    > [346880/517313 (67%), 12.71s] Loss: 0.001180 
2019-03-13 17:29:37,329 - ClusterTrainer - INFO -    > [354944/517313 (69%), 12.41s] Loss: 0.001225 
2019-03-13 17:29:40,320 - ClusterTrainer - INFO -    > [363008/517313 (70%), 11.68s] Loss: 0.001203 
2019-03-13 17:29:43,318 - ClusterTrainer - INFO -    > [371072/517313 (72%), 11.20s] Loss: 0.001130 
2019-03-13 17:29:46,325 - ClusterTrainer - INFO -    > [379136/517313 (73%), 10.64s] Loss: 0.001259 
2019-03-13 17:29:49,323 - ClusterTrainer - INFO -    > [387200/517313 (75%), 9.78s] Loss: 0.001188 
2019-03-13 17:29:52,310 - ClusterTrainer - INFO -    > [395264/517313 (76%), 9.13s] Loss: 0.001188 
2019-03-13 17:29:55,295 - ClusterTrainer - INFO -    > [403328/517313 (78%), 8.53s] Loss: 0.001268 
2019-03-13 17:29:58,285 - ClusterTrainer - INFO -    > [411392/517313 (79%), 8.11s] Loss: 0.001257 
2019-03-13 17:30:01,275 - ClusterTrainer - INFO -    > [419456/517313 (81%), 7.38s] Loss: 0.001302 
2019-03-13 17:30:04,262 - ClusterTrainer - INFO -    > [427520/517313 (83%), 6.83s] Loss: 0.001204 
2019-03-13 17:30:07,251 - ClusterTrainer - INFO -    > [435584/517313 (84%), 6.09s] Loss: 0.001270 
2019-03-13 17:30:10,238 - ClusterTrainer - INFO -    > [443648/517313 (86%), 5.60s] Loss: 0.001153 
2019-03-13 17:30:13,224 - ClusterTrainer - INFO -    > [451712/517313 (87%), 4.91s] Loss: 0.001222 
2019-03-13 17:30:16,212 - ClusterTrainer - INFO -    > [459776/517313 (89%), 4.33s] Loss: 0.001223 
2019-03-13 17:30:19,199 - ClusterTrainer - INFO -    > [467840/517313 (90%), 3.75s] Loss: 0.001196 
2019-03-13 17:30:22,185 - ClusterTrainer - INFO -    > [475904/517313 (92%), 3.13s] Loss: 0.001092 
2019-03-13 17:30:25,174 - ClusterTrainer - INFO -    > [483968/517313 (94%), 2.55s] Loss: 0.001223 
2019-03-13 17:30:28,164 - ClusterTrainer - INFO -    > [492032/517313 (95%), 1.90s] Loss: 0.001185 
2019-03-13 17:30:31,149 - ClusterTrainer - INFO -    > [500096/517313 (97%), 1.32s] Loss: 0.001217 
2019-03-13 17:30:34,137 - ClusterTrainer - INFO -    > [508160/517313 (98%), 0.70s] Loss: 0.001230 
2019-03-13 17:30:37,125 - ClusterTrainer - INFO -    > [516224/517313 (100%), 0.10s] Loss: 0.001264 
2019-03-13 17:30:37,537 - ClusterTrainer - INFO -    > Total loss: 0.001203
2019-03-13 17:30:37,538 - ClusterTrainer - INFO - Valid Epoch: 4
2019-03-13 17:30:37,579 - ClusterTrainer - INFO -    > [128/27436 (0%), 0.68s] Loss: 0.001331 
2019-03-13 17:30:40,148 - ClusterTrainer - INFO -    > [8192/27436 (29%), 0.49s] Loss: 0.001718 
2019-03-13 17:30:42,718 - ClusterTrainer - INFO -    > [16256/27436 (59%), 0.28s] Loss: 0.000180 
2019-03-13 17:30:45,289 - ClusterTrainer - INFO -    > [24320/27436 (88%), 0.08s] Loss: 0.000718 
2019-03-13 17:30:46,283 - ClusterTrainer - INFO -    > Total loss: 0.001097
2019-03-13 17:36:03,875 - ClusterTrainer - INFO - Saving best checkpoint: logs/conv_ae_horoma/0313_164809/best_checkpoint_kmeans100-F1.pth ...
2019-03-13 17:36:03,875 - ClusterTrainer - INFO - Train Epoch: 5
2019-03-13 17:36:03,958 - ClusterTrainer - INFO -    > [128/517313 (0%), 41.84s] Loss: 0.001256 
2019-03-13 17:36:06,945 - ClusterTrainer - INFO -    > [8192/517313 (2%), 37.73s] Loss: 0.001200 
2019-03-13 17:36:09,928 - ClusterTrainer - INFO -    > [16256/517313 (3%), 37.39s] Loss: 0.001217 
2019-03-13 17:36:12,908 - ClusterTrainer - INFO -    > [24320/517313 (5%), 36.52s] Loss: 0.001268 
2019-03-13 17:36:15,886 - ClusterTrainer - INFO -    > [32384/517313 (6%), 36.35s] Loss: 0.001276 
2019-03-13 17:36:18,861 - ClusterTrainer - INFO -    > [40448/517313 (8%), 36.76s] Loss: 0.001167 
2019-03-13 17:36:21,841 - ClusterTrainer - INFO -    > [48512/517313 (9%), 35.56s] Loss: 0.001160 
2019-03-13 17:36:24,822 - ClusterTrainer - INFO -    > [56576/517313 (11%), 34.83s] Loss: 0.001202 
2019-03-13 17:36:27,801 - ClusterTrainer - INFO -    > [64640/517313 (12%), 34.32s] Loss: 0.001227 
2019-03-13 17:36:30,781 - ClusterTrainer - INFO -    > [72704/517313 (14%), 33.70s] Loss: 0.001250 
2019-03-13 17:36:33,758 - ClusterTrainer - INFO -    > [80768/517313 (16%), 32.58s] Loss: 0.001264 
2019-03-13 17:36:36,735 - ClusterTrainer - INFO -    > [88832/517313 (17%), 31.85s] Loss: 0.001110 
2019-03-13 17:36:39,717 - ClusterTrainer - INFO -    > [96896/517313 (19%), 31.63s] Loss: 0.001126 
2019-03-13 17:36:42,692 - ClusterTrainer - INFO -    > [104960/517313 (20%), 31.13s] Loss: 0.001208 
2019-03-13 17:36:45,669 - ClusterTrainer - INFO -    > [113024/517313 (22%), 30.16s] Loss: 0.001140 
2019-03-13 17:36:48,649 - ClusterTrainer - INFO -    > [121088/517313 (23%), 29.69s] Loss: 0.001150 
2019-03-13 17:36:51,630 - ClusterTrainer - INFO -    > [129152/517313 (25%), 29.31s] Loss: 0.001111 
2019-03-13 17:36:54,614 - ClusterTrainer - INFO -    > [137216/517313 (26%), 28.56s] Loss: 0.001220 
2019-03-13 17:36:57,601 - ClusterTrainer - INFO -    > [145280/517313 (28%), 28.11s] Loss: 0.001254 
2019-03-13 17:37:00,593 - ClusterTrainer - INFO -    > [153344/517313 (30%), 27.51s] Loss: 0.001107 
2019-03-13 17:37:03,574 - ClusterTrainer - INFO -    > [161408/517313 (31%), 26.72s] Loss: 0.001106 
2019-03-13 17:37:06,557 - ClusterTrainer - INFO -    > [169472/517313 (33%), 26.78s] Loss: 0.001094 
2019-03-13 17:37:09,596 - ClusterTrainer - INFO -    > [177536/517313 (34%), 25.50s] Loss: 0.001228 
2019-03-13 17:37:12,605 - ClusterTrainer - INFO -    > [185600/517313 (36%), 25.49s] Loss: 0.001136 
2019-03-13 17:37:15,681 - ClusterTrainer - INFO -    > [193664/517313 (37%), 24.12s] Loss: 0.001185 
2019-03-13 17:37:18,669 - ClusterTrainer - INFO -    > [201728/517313 (39%), 23.92s] Loss: 0.001157 
2019-03-13 17:37:21,660 - ClusterTrainer - INFO -    > [209792/517313 (41%), 23.31s] Loss: 0.001268 
2019-03-13 17:37:24,655 - ClusterTrainer - INFO -    > [217856/517313 (42%), 22.42s] Loss: 0.001186 
2019-03-13 17:37:27,645 - ClusterTrainer - INFO -    > [225920/517313 (44%), 21.97s] Loss: 0.001204 
2019-03-13 17:37:30,634 - ClusterTrainer - INFO -    > [233984/517313 (45%), 21.51s] Loss: 0.001283 
2019-03-13 17:37:33,626 - ClusterTrainer - INFO -    > [242048/517313 (47%), 20.68s] Loss: 0.001280 
2019-03-13 17:37:36,615 - ClusterTrainer - INFO -    > [250112/517313 (48%), 20.13s] Loss: 0.001170 
2019-03-13 17:37:39,605 - ClusterTrainer - INFO -    > [258176/517313 (50%), 19.64s] Loss: 0.001280 
2019-03-13 17:37:42,598 - ClusterTrainer - INFO -    > [266240/517313 (51%), 19.08s] Loss: 0.001167 
2019-03-13 17:37:45,592 - ClusterTrainer - INFO -    > [274304/517313 (53%), 18.43s] Loss: 0.001183 
2019-03-13 17:37:48,583 - ClusterTrainer - INFO -    > [282368/517313 (55%), 17.54s] Loss: 0.001291 
2019-03-13 17:37:51,573 - ClusterTrainer - INFO -    > [290432/517313 (56%), 17.07s] Loss: 0.001263 
2019-03-13 17:37:54,565 - ClusterTrainer - INFO -    > [298496/517313 (58%), 16.27s] Loss: 0.001177 
2019-03-13 17:37:57,559 - ClusterTrainer - INFO -    > [306560/517313 (59%), 15.93s] Loss: 0.001105 
2019-03-13 17:38:00,553 - ClusterTrainer - INFO -    > [314624/517313 (61%), 15.44s] Loss: 0.001094 
2019-03-13 17:38:03,543 - ClusterTrainer - INFO -    > [322688/517313 (62%), 14.51s] Loss: 0.001165 
2019-03-13 17:38:06,531 - ClusterTrainer - INFO -    > [330752/517313 (64%), 14.17s] Loss: 0.001184 
2019-03-13 17:38:09,523 - ClusterTrainer - INFO -    > [338816/517313 (65%), 13.42s] Loss: 0.001170 
2019-03-13 17:38:12,512 - ClusterTrainer - INFO -    > [346880/517313 (67%), 12.83s] Loss: 0.001229 
2019-03-13 17:38:15,502 - ClusterTrainer - INFO -    > [354944/517313 (69%), 12.28s] Loss: 0.001133 
2019-03-13 17:38:18,487 - ClusterTrainer - INFO -    > [363008/517313 (70%), 11.73s] Loss: 0.001148 
2019-03-13 17:38:21,480 - ClusterTrainer - INFO -    > [371072/517313 (72%), 11.57s] Loss: 0.001190 
2019-03-13 17:38:24,473 - ClusterTrainer - INFO -    > [379136/517313 (73%), 10.46s] Loss: 0.001245 
2019-03-13 17:38:27,462 - ClusterTrainer - INFO -    > [387200/517313 (75%), 9.91s] Loss: 0.001239 
2019-03-13 17:38:30,452 - ClusterTrainer - INFO -    > [395264/517313 (76%), 9.11s] Loss: 0.001170 
2019-03-13 17:38:33,442 - ClusterTrainer - INFO -    > [403328/517313 (78%), 8.62s] Loss: 0.001159 
2019-03-13 17:38:36,431 - ClusterTrainer - INFO -    > [411392/517313 (79%), 8.21s] Loss: 0.001140 
2019-03-13 17:38:39,422 - ClusterTrainer - INFO -    > [419456/517313 (81%), 7.40s] Loss: 0.001205 
2019-03-13 17:38:42,413 - ClusterTrainer - INFO -    > [427520/517313 (83%), 6.89s] Loss: 0.001235 
2019-03-13 17:38:45,407 - ClusterTrainer - INFO -    > [435584/517313 (84%), 6.37s] Loss: 0.001143 
2019-03-13 17:38:48,400 - ClusterTrainer - INFO -    > [443648/517313 (86%), 5.56s] Loss: 0.001250 
2019-03-13 17:38:51,391 - ClusterTrainer - INFO -    > [451712/517313 (87%), 4.99s] Loss: 0.001175 
2019-03-13 17:38:54,382 - ClusterTrainer - INFO -    > [459776/517313 (89%), 4.35s] Loss: 0.001174 
2019-03-13 17:38:57,373 - ClusterTrainer - INFO -    > [467840/517313 (90%), 3.71s] Loss: 0.001253 
2019-03-13 17:39:00,367 - ClusterTrainer - INFO -    > [475904/517313 (92%), 3.17s] Loss: 0.001276 
2019-03-13 17:39:03,357 - ClusterTrainer - INFO -    > [483968/517313 (94%), 2.58s] Loss: 0.001193 
2019-03-13 17:39:06,358 - ClusterTrainer - INFO -    > [492032/517313 (95%), 1.93s] Loss: 0.001202 
2019-03-13 17:39:09,356 - ClusterTrainer - INFO -    > [500096/517313 (97%), 1.32s] Loss: 0.001122 
2019-03-13 17:39:12,344 - ClusterTrainer - INFO -    > [508160/517313 (98%), 0.71s] Loss: 0.001143 
2019-03-13 17:39:15,339 - ClusterTrainer - INFO -    > [516224/517313 (100%), 0.10s] Loss: 0.001153 
2019-03-13 17:39:15,753 - ClusterTrainer - INFO -    > Total loss: 0.001191
2019-03-13 17:39:15,753 - ClusterTrainer - INFO - Valid Epoch: 5
2019-03-13 17:39:15,794 - ClusterTrainer - INFO -    > [128/27436 (0%), 0.68s] Loss: 0.001274 
2019-03-13 17:39:18,368 - ClusterTrainer - INFO -    > [8192/27436 (29%), 0.52s] Loss: 0.001644 
2019-03-13 17:39:20,940 - ClusterTrainer - INFO -    > [16256/27436 (59%), 0.30s] Loss: 0.000207 
2019-03-13 17:39:23,514 - ClusterTrainer - INFO -    > [24320/27436 (88%), 0.08s] Loss: 0.000699 
2019-03-13 17:39:24,511 - ClusterTrainer - INFO -    > Total loss: 0.001039
2019-03-13 17:43:03,992 - ClusterTrainer - INFO - Saving best checkpoint: logs/conv_ae_horoma/0313_164809/best_checkpoint.pth ...
2019-03-13 17:43:03,993 - ClusterTrainer - INFO - Train Epoch: 6
2019-03-13 17:43:04,075 - ClusterTrainer - INFO -    > [128/517313 (0%), 41.85s] Loss: 0.001166 
2019-03-13 17:43:07,071 - ClusterTrainer - INFO -    > [8192/517313 (2%), 38.70s] Loss: 0.001241 
2019-03-13 17:43:10,065 - ClusterTrainer - INFO -    > [16256/517313 (3%), 38.13s] Loss: 0.001182 
2019-03-13 17:43:13,061 - ClusterTrainer - INFO -    > [24320/517313 (5%), 36.92s] Loss: 0.001143 
2019-03-13 17:43:16,065 - ClusterTrainer - INFO -    > [32384/517313 (6%), 37.43s] Loss: 0.001137 
2019-03-13 17:43:19,075 - ClusterTrainer - INFO -    > [40448/517313 (8%), 36.91s] Loss: 0.001107 
2019-03-13 17:43:22,078 - ClusterTrainer - INFO -    > [48512/517313 (9%), 35.92s] Loss: 0.001281 
2019-03-13 17:43:25,074 - ClusterTrainer - INFO -    > [56576/517313 (11%), 35.20s] Loss: 0.001166 
2019-03-13 17:43:28,078 - ClusterTrainer - INFO -    > [64640/517313 (12%), 34.67s] Loss: 0.001177 
2019-03-13 17:43:31,079 - ClusterTrainer - INFO -    > [72704/517313 (14%), 33.62s] Loss: 0.001322 
2019-03-13 17:43:34,073 - ClusterTrainer - INFO -    > [80768/517313 (16%), 32.55s] Loss: 0.001219 
2019-03-13 17:43:37,065 - ClusterTrainer - INFO -    > [88832/517313 (17%), 32.55s] Loss: 0.001199 
2019-03-13 17:43:40,061 - ClusterTrainer - INFO -    > [96896/517313 (19%), 31.91s] Loss: 0.001105 
2019-03-13 17:43:43,055 - ClusterTrainer - INFO -    > [104960/517313 (20%), 31.06s] Loss: 0.001192 
2019-03-13 17:43:46,049 - ClusterTrainer - INFO -    > [113024/517313 (22%), 30.42s] Loss: 0.001175 
2019-03-13 17:43:49,044 - ClusterTrainer - INFO -    > [121088/517313 (23%), 29.91s] Loss: 0.001176 
2019-03-13 17:43:52,040 - ClusterTrainer - INFO -    > [129152/517313 (25%), 29.32s] Loss: 0.001155 
2019-03-13 17:43:55,040 - ClusterTrainer - INFO -    > [137216/517313 (26%), 28.80s] Loss: 0.001185 
2019-03-13 17:43:58,031 - ClusterTrainer - INFO -    > [145280/517313 (28%), 27.85s] Loss: 0.001182 
2019-03-13 17:44:01,022 - ClusterTrainer - INFO -    > [153344/517313 (30%), 27.67s] Loss: 0.001251 
2019-03-13 17:44:04,016 - ClusterTrainer - INFO -    > [161408/517313 (31%), 27.13s] Loss: 0.001301 
2019-03-13 17:44:07,011 - ClusterTrainer - INFO -    > [169472/517313 (33%), 26.37s] Loss: 0.001181 
2019-03-13 17:44:10,004 - ClusterTrainer - INFO -    > [177536/517313 (34%), 25.52s] Loss: 0.001092 
2019-03-13 17:44:12,999 - ClusterTrainer - INFO -    > [185600/517313 (36%), 24.94s] Loss: 0.001109 
2019-03-13 17:44:15,997 - ClusterTrainer - INFO -    > [193664/517313 (37%), 25.37s] Loss: 0.001071 
2019-03-13 17:44:18,994 - ClusterTrainer - INFO -    > [201728/517313 (39%), 24.55s] Loss: 0.001177 
2019-03-13 17:44:21,988 - ClusterTrainer - INFO -    > [209792/517313 (41%), 23.38s] Loss: 0.001204 
2019-03-13 17:44:24,985 - ClusterTrainer - INFO -    > [217856/517313 (42%), 22.82s] Loss: 0.001230 
2019-03-13 17:44:27,979 - ClusterTrainer - INFO -    > [225920/517313 (44%), 22.17s] Loss: 0.001079 
2019-03-13 17:44:30,972 - ClusterTrainer - INFO -    > [233984/517313 (45%), 21.39s] Loss: 0.001263 
2019-03-13 17:44:33,969 - ClusterTrainer - INFO -    > [242048/517313 (47%), 21.08s] Loss: 0.001134 
2019-03-13 17:44:36,956 - ClusterTrainer - INFO -    > [250112/517313 (48%), 20.22s] Loss: 0.001147 
2019-03-13 17:44:39,951 - ClusterTrainer - INFO -    > [258176/517313 (50%), 19.91s] Loss: 0.001386 
2019-03-13 17:44:42,945 - ClusterTrainer - INFO -    > [266240/517313 (51%), 19.81s] Loss: 0.001178 
2019-03-13 17:44:45,940 - ClusterTrainer - INFO -    > [274304/517313 (53%), 18.57s] Loss: 0.001178 
2019-03-13 17:44:48,933 - ClusterTrainer - INFO -    > [282368/517313 (55%), 17.82s] Loss: 0.001133 
2019-03-13 17:44:51,928 - ClusterTrainer - INFO -    > [290432/517313 (56%), 17.26s] Loss: 0.001118 
2019-03-13 17:44:54,920 - ClusterTrainer - INFO -    > [298496/517313 (58%), 16.71s] Loss: 0.001164 
2019-03-13 17:44:57,911 - ClusterTrainer - INFO -    > [306560/517313 (59%), 16.18s] Loss: 0.001164 
2019-03-13 17:45:00,905 - ClusterTrainer - INFO -    > [314624/517313 (61%), 15.39s] Loss: 0.001142 
2019-03-13 17:45:03,899 - ClusterTrainer - INFO -    > [322688/517313 (62%), 14.61s] Loss: 0.001204 
2019-03-13 17:45:06,892 - ClusterTrainer - INFO -    > [330752/517313 (64%), 14.04s] Loss: 0.001200 
2019-03-13 17:45:09,888 - ClusterTrainer - INFO -    > [338816/517313 (65%), 13.67s] Loss: 0.001098 
2019-03-13 17:45:12,883 - ClusterTrainer - INFO -    > [346880/517313 (67%), 13.05s] Loss: 0.001248 
2019-03-13 17:45:15,873 - ClusterTrainer - INFO -    > [354944/517313 (69%), 12.27s] Loss: 0.001039 
2019-03-13 17:45:18,868 - ClusterTrainer - INFO -    > [363008/517313 (70%), 11.69s] Loss: 0.001197 
2019-03-13 17:45:21,863 - ClusterTrainer - INFO -    > [371072/517313 (72%), 11.12s] Loss: 0.001032 
2019-03-13 17:45:24,858 - ClusterTrainer - INFO -    > [379136/517313 (73%), 10.49s] Loss: 0.001222 
2019-03-13 17:45:27,851 - ClusterTrainer - INFO -    > [387200/517313 (75%), 9.83s] Loss: 0.001265 
2019-03-13 17:45:30,844 - ClusterTrainer - INFO -    > [395264/517313 (76%), 9.22s] Loss: 0.001199 
2019-03-13 17:45:33,838 - ClusterTrainer - INFO -    > [403328/517313 (78%), 8.51s] Loss: 0.001226 
2019-03-13 17:45:36,834 - ClusterTrainer - INFO -    > [411392/517313 (79%), 8.01s] Loss: 0.001083 
2019-03-13 17:45:39,828 - ClusterTrainer - INFO -    > [419456/517313 (81%), 7.70s] Loss: 0.001244 
2019-03-13 17:45:42,816 - ClusterTrainer - INFO -    > [427520/517313 (83%), 6.82s] Loss: 0.001212 
2019-03-13 17:45:45,809 - ClusterTrainer - INFO -    > [435584/517313 (84%), 6.26s] Loss: 0.001154 
2019-03-13 17:45:48,805 - ClusterTrainer - INFO -    > [443648/517313 (86%), 5.74s] Loss: 0.001277 
2019-03-13 17:45:51,796 - ClusterTrainer - INFO -    > [451712/517313 (87%), 5.01s] Loss: 0.001178 
2019-03-13 17:45:54,789 - ClusterTrainer - INFO -    > [459776/517313 (89%), 4.38s] Loss: 0.001270 
2019-03-13 17:45:57,788 - ClusterTrainer - INFO -    > [467840/517313 (90%), 3.65s] Loss: 0.001210 
2019-03-13 17:46:00,861 - ClusterTrainer - INFO -    > [475904/517313 (92%), 3.18s] Loss: 0.001181 
2019-03-13 17:46:03,858 - ClusterTrainer - INFO -    > [483968/517313 (94%), 2.51s] Loss: 0.001128 
2019-03-13 17:46:06,855 - ClusterTrainer - INFO -    > [492032/517313 (95%), 1.91s] Loss: 0.001193 
2019-03-13 17:46:09,851 - ClusterTrainer - INFO -    > [500096/517313 (97%), 1.30s] Loss: 0.001119 
2019-03-13 17:46:12,848 - ClusterTrainer - INFO -    > [508160/517313 (98%), 0.71s] Loss: 0.001354 
2019-03-13 17:46:15,841 - ClusterTrainer - INFO -    > [516224/517313 (100%), 0.10s] Loss: 0.001209 
2019-03-13 17:46:16,254 - ClusterTrainer - INFO -    > Total loss: 0.001182
2019-03-13 17:46:16,255 - ClusterTrainer - INFO - Valid Epoch: 6
2019-03-13 17:46:16,296 - ClusterTrainer - INFO -    > [128/27436 (0%), 0.70s] Loss: 0.001278 
2019-03-13 17:46:18,864 - ClusterTrainer - INFO -    > [8192/27436 (29%), 0.49s] Loss: 0.001637 
2019-03-13 17:46:21,438 - ClusterTrainer - INFO -    > [16256/27436 (59%), 0.30s] Loss: 0.000401 
2019-03-13 17:46:24,016 - ClusterTrainer - INFO -    > [24320/27436 (88%), 0.08s] Loss: 0.000631 
2019-03-13 17:46:25,012 - ClusterTrainer - INFO -    > Total loss: 0.001057
2019-03-13 17:49:43,112 - ClusterTrainer - INFO - Train Epoch: 7
2019-03-13 17:49:43,195 - ClusterTrainer - INFO -    > [128/517313 (0%), 42.03s] Loss: 0.001215 
2019-03-13 17:49:46,181 - ClusterTrainer - INFO -    > [8192/517313 (2%), 38.39s] Loss: 0.001134 
2019-03-13 17:49:49,166 - ClusterTrainer - INFO -    > [16256/517313 (3%), 37.80s] Loss: 0.001161 
2019-03-13 17:49:52,154 - ClusterTrainer - INFO -    > [24320/517313 (5%), 37.35s] Loss: 0.001197 
2019-03-13 17:49:55,139 - ClusterTrainer - INFO -    > [32384/517313 (6%), 37.63s] Loss: 0.001209 
2019-03-13 17:49:58,134 - ClusterTrainer - INFO -    > [40448/517313 (8%), 35.99s] Loss: 0.001188 
2019-03-13 17:50:01,122 - ClusterTrainer - INFO -    > [48512/517313 (9%), 35.43s] Loss: 0.001149 
2019-03-13 17:50:04,106 - ClusterTrainer - INFO -    > [56576/517313 (11%), 34.56s] Loss: 0.001173 
2019-03-13 17:50:07,088 - ClusterTrainer - INFO -    > [64640/517313 (12%), 33.73s] Loss: 0.001207 
2019-03-13 17:50:10,074 - ClusterTrainer - INFO -    > [72704/517313 (14%), 33.31s] Loss: 0.001186 
2019-03-13 17:50:13,056 - ClusterTrainer - INFO -    > [80768/517313 (16%), 32.87s] Loss: 0.001166 
2019-03-13 17:50:16,043 - ClusterTrainer - INFO -    > [88832/517313 (17%), 32.64s] Loss: 0.001160 
2019-03-13 17:50:19,024 - ClusterTrainer - INFO -    > [96896/517313 (19%), 31.55s] Loss: 0.001259 
2019-03-13 17:50:22,010 - ClusterTrainer - INFO -    > [104960/517313 (20%), 31.08s] Loss: 0.001105 
2019-03-13 17:50:24,997 - ClusterTrainer - INFO -    > [113024/517313 (22%), 31.26s] Loss: 0.001244 
2019-03-13 17:50:27,984 - ClusterTrainer - INFO -    > [121088/517313 (23%), 29.77s] Loss: 0.001137 
2019-03-13 17:50:30,969 - ClusterTrainer - INFO -    > [129152/517313 (25%), 29.11s] Loss: 0.001237 
2019-03-13 17:50:33,952 - ClusterTrainer - INFO -    > [137216/517313 (26%), 28.41s] Loss: 0.001204 
2019-03-13 17:50:36,932 - ClusterTrainer - INFO -    > [145280/517313 (28%), 28.58s] Loss: 0.001070 
2019-03-13 17:50:39,917 - ClusterTrainer - INFO -    > [153344/517313 (30%), 27.34s] Loss: 0.001231 
2019-03-13 17:50:42,897 - ClusterTrainer - INFO -    > [161408/517313 (31%), 26.56s] Loss: 0.001121 
2019-03-13 17:50:45,891 - ClusterTrainer - INFO -    > [169472/517313 (33%), 26.25s] Loss: 0.001222 
2019-03-13 17:50:48,902 - ClusterTrainer - INFO -    > [177536/517313 (34%), 25.62s] Loss: 0.001168 
2019-03-13 17:50:51,898 - ClusterTrainer - INFO -    > [185600/517313 (36%), 25.18s] Loss: 0.001225 
2019-03-13 17:50:54,889 - ClusterTrainer - INFO -    > [193664/517313 (37%), 24.52s] Loss: 0.001219 
2019-03-13 17:50:57,885 - ClusterTrainer - INFO -    > [201728/517313 (39%), 23.82s] Loss: 0.001144 
2019-03-13 17:51:00,880 - ClusterTrainer - INFO -    > [209792/517313 (41%), 23.92s] Loss: 0.001207 
2019-03-13 17:51:03,880 - ClusterTrainer - INFO -    > [217856/517313 (42%), 22.89s] Loss: 0.001147 
2019-03-13 17:51:06,878 - ClusterTrainer - INFO -    > [225920/517313 (44%), 22.08s] Loss: 0.001163 
2019-03-13 17:51:09,929 - ClusterTrainer - INFO -    > [233984/517313 (45%), 21.51s] Loss: 0.001169 
2019-03-13 17:51:12,947 - ClusterTrainer - INFO -    > [242048/517313 (47%), 21.05s] Loss: 0.001209 
2019-03-13 17:51:15,944 - ClusterTrainer - INFO -    > [250112/517313 (48%), 20.31s] Loss: 0.001161 
2019-03-13 17:51:18,938 - ClusterTrainer - INFO -    > [258176/517313 (50%), 19.56s] Loss: 0.001202 
2019-03-13 17:51:21,943 - ClusterTrainer - INFO -    > [266240/517313 (51%), 18.90s] Loss: 0.001156 
2019-03-13 17:51:24,951 - ClusterTrainer - INFO -    > [274304/517313 (53%), 19.16s] Loss: 0.001224 
2019-03-13 17:51:27,965 - ClusterTrainer - INFO -    > [282368/517313 (55%), 18.05s] Loss: 0.001112 
2019-03-13 17:51:30,970 - ClusterTrainer - INFO -    > [290432/517313 (56%), 17.53s] Loss: 0.001248 
2019-03-13 17:51:33,967 - ClusterTrainer - INFO -    > [298496/517313 (58%), 16.53s] Loss: 0.001180 
2019-03-13 17:51:36,960 - ClusterTrainer - INFO -    > [306560/517313 (59%), 15.86s] Loss: 0.001213 
2019-03-13 17:51:39,956 - ClusterTrainer - INFO -    > [314624/517313 (61%), 15.39s] Loss: 0.001156 
2019-03-13 17:51:42,945 - ClusterTrainer - INFO -    > [322688/517313 (62%), 14.62s] Loss: 0.001087 
2019-03-13 17:51:45,936 - ClusterTrainer - INFO -    > [330752/517313 (64%), 14.00s] Loss: 0.001144 
2019-03-13 17:51:48,930 - ClusterTrainer - INFO -    > [338816/517313 (65%), 13.57s] Loss: 0.001274 
2019-03-13 17:51:51,922 - ClusterTrainer - INFO -    > [346880/517313 (67%), 12.84s] Loss: 0.001216 
2019-03-13 17:51:54,913 - ClusterTrainer - INFO -    > [354944/517313 (69%), 12.22s] Loss: 0.001171 
2019-03-13 17:51:57,906 - ClusterTrainer - INFO -    > [363008/517313 (70%), 11.75s] Loss: 0.001147 
2019-03-13 17:52:00,895 - ClusterTrainer - INFO -    > [371072/517313 (72%), 10.88s] Loss: 0.001254 
2019-03-13 17:52:03,891 - ClusterTrainer - INFO -    > [379136/517313 (73%), 10.32s] Loss: 0.001157 
2019-03-13 17:52:06,882 - ClusterTrainer - INFO -    > [387200/517313 (75%), 10.05s] Loss: 0.001145 
2019-03-13 17:52:09,875 - ClusterTrainer - INFO -    > [395264/517313 (76%), 9.17s] Loss: 0.001191 
2019-03-13 17:52:12,867 - ClusterTrainer - INFO -    > [403328/517313 (78%), 8.50s] Loss: 0.001135 
2019-03-13 17:52:15,858 - ClusterTrainer - INFO -    > [411392/517313 (79%), 8.04s] Loss: 0.001211 
2019-03-13 17:52:18,850 - ClusterTrainer - INFO -    > [419456/517313 (81%), 7.42s] Loss: 0.001239 
2019-03-13 17:52:21,845 - ClusterTrainer - INFO -    > [427520/517313 (83%), 6.70s] Loss: 0.001296 
2019-03-13 17:52:24,835 - ClusterTrainer - INFO -    > [435584/517313 (84%), 6.22s] Loss: 0.001164 
2019-03-13 17:52:27,825 - ClusterTrainer - INFO -    > [443648/517313 (86%), 5.51s] Loss: 0.001038 
2019-03-13 17:52:30,815 - ClusterTrainer - INFO -    > [451712/517313 (87%), 4.96s] Loss: 0.001205 
2019-03-13 17:52:33,805 - ClusterTrainer - INFO -    > [459776/517313 (89%), 4.36s] Loss: 0.001134 
2019-03-13 17:52:36,799 - ClusterTrainer - INFO -    > [467840/517313 (90%), 3.76s] Loss: 0.001132 
2019-03-13 17:52:39,801 - ClusterTrainer - INFO -    > [475904/517313 (92%), 3.13s] Loss: 0.001210 
2019-03-13 17:52:42,856 - ClusterTrainer - INFO -    > [483968/517313 (94%), 2.59s] Loss: 0.001212 
2019-03-13 17:52:45,876 - ClusterTrainer - INFO -    > [492032/517313 (95%), 1.92s] Loss: 0.001093 
2019-03-13 17:52:48,880 - ClusterTrainer - INFO -    > [500096/517313 (97%), 1.32s] Loss: 0.001154 
2019-03-13 17:52:51,886 - ClusterTrainer - INFO -    > [508160/517313 (98%), 0.70s] Loss: 0.001183 
2019-03-13 17:52:54,889 - ClusterTrainer - INFO -    > [516224/517313 (100%), 0.10s] Loss: 0.001187 
2019-03-13 17:52:55,304 - ClusterTrainer - INFO -    > Total loss: 0.001173
2019-03-13 17:52:55,304 - ClusterTrainer - INFO - Valid Epoch: 7
2019-03-13 17:52:55,346 - ClusterTrainer - INFO -    > [128/27436 (0%), 0.69s] Loss: 0.001264 
2019-03-13 17:52:57,930 - ClusterTrainer - INFO -    > [8192/27436 (29%), 0.49s] Loss: 0.001634 
2019-03-13 17:53:00,514 - ClusterTrainer - INFO -    > [16256/27436 (59%), 0.29s] Loss: 0.000236 
2019-03-13 17:53:03,097 - ClusterTrainer - INFO -    > [24320/27436 (88%), 0.09s] Loss: 0.000630 
2019-03-13 17:53:04,098 - ClusterTrainer - INFO -    > Total loss: 0.001022
2019-03-13 17:57:07,882 - ClusterTrainer - INFO - Saving best checkpoint: logs/conv_ae_horoma/0313_164809/best_checkpoint.pth ...
2019-03-13 17:57:44,121 - ClusterTrainer - INFO - Saving best checkpoint: logs/conv_ae_horoma/0313_164809/best_checkpoint_kmeans100-accuracy.pth ...
2019-03-13 17:57:44,122 - ClusterTrainer - INFO - Train Epoch: 8
2019-03-13 17:57:44,206 - ClusterTrainer - INFO -    > [128/517313 (0%), 42.58s] Loss: 0.001229 
2019-03-13 17:57:47,208 - ClusterTrainer - INFO -    > [8192/517313 (2%), 38.65s] Loss: 0.001213 
2019-03-13 17:57:50,205 - ClusterTrainer - INFO -    > [16256/517313 (3%), 37.61s] Loss: 0.001252 
2019-03-13 17:57:53,198 - ClusterTrainer - INFO -    > [24320/517313 (5%), 37.12s] Loss: 0.001124 
2019-03-13 17:57:56,193 - ClusterTrainer - INFO -    > [32384/517313 (6%), 36.68s] Loss: 0.001243 
2019-03-13 17:57:59,187 - ClusterTrainer - INFO -    > [40448/517313 (8%), 36.59s] Loss: 0.001197 
2019-03-13 17:58:02,187 - ClusterTrainer - INFO -    > [48512/517313 (9%), 36.32s] Loss: 0.001197 
2019-03-13 17:58:05,179 - ClusterTrainer - INFO -    > [56576/517313 (11%), 34.94s] Loss: 0.001115 
2019-03-13 17:58:08,173 - ClusterTrainer - INFO -    > [64640/517313 (12%), 34.26s] Loss: 0.001220 
2019-03-13 17:58:11,170 - ClusterTrainer - INFO -    > [72704/517313 (14%), 33.97s] Loss: 0.001209 
2019-03-13 17:58:14,162 - ClusterTrainer - INFO -    > [80768/517313 (16%), 33.63s] Loss: 0.001122 
2019-03-13 17:58:17,158 - ClusterTrainer - INFO -    > [88832/517313 (17%), 32.61s] Loss: 0.001154 
2019-03-13 17:58:20,152 - ClusterTrainer - INFO -    > [96896/517313 (19%), 31.69s] Loss: 0.001253 
2019-03-13 17:58:23,146 - ClusterTrainer - INFO -    > [104960/517313 (20%), 31.48s] Loss: 0.001175 
2019-03-13 17:58:26,145 - ClusterTrainer - INFO -    > [113024/517313 (22%), 30.91s] Loss: 0.001102 
2019-03-13 17:58:29,137 - ClusterTrainer - INFO -    > [121088/517313 (23%), 29.94s] Loss: 0.001170 
2019-03-13 17:58:32,130 - ClusterTrainer - INFO -    > [129152/517313 (25%), 29.39s] Loss: 0.001156 
2019-03-13 17:58:35,127 - ClusterTrainer - INFO -    > [137216/517313 (26%), 28.56s] Loss: 0.001275 
2019-03-13 17:58:38,126 - ClusterTrainer - INFO -    > [145280/517313 (28%), 28.00s] Loss: 0.001159 
2019-03-13 17:58:41,121 - ClusterTrainer - INFO -    > [153344/517313 (30%), 27.81s] Loss: 0.001112 
2019-03-13 17:58:44,115 - ClusterTrainer - INFO -    > [161408/517313 (31%), 27.75s] Loss: 0.001160 
2019-03-13 17:58:47,109 - ClusterTrainer - INFO -    > [169472/517313 (33%), 26.30s] Loss: 0.001209 
2019-03-13 17:58:50,111 - ClusterTrainer - INFO -    > [177536/517313 (34%), 25.93s] Loss: 0.001182 
2019-03-13 17:58:53,107 - ClusterTrainer - INFO -    > [185600/517313 (36%), 26.39s] Loss: 0.001139 
2019-03-13 17:58:56,102 - ClusterTrainer - INFO -    > [193664/517313 (37%), 24.65s] Loss: 0.001170 
2019-03-13 17:58:59,097 - ClusterTrainer - INFO -    > [201728/517313 (39%), 23.90s] Loss: 0.001171 
2019-03-13 17:59:02,088 - ClusterTrainer - INFO -    > [209792/517313 (41%), 23.28s] Loss: 0.001227 
2019-03-13 17:59:05,083 - ClusterTrainer - INFO -    > [217856/517313 (42%), 23.00s] Loss: 0.001108 
2019-03-13 17:59:08,076 - ClusterTrainer - INFO -    > [225920/517313 (44%), 22.08s] Loss: 0.001107 
2019-03-13 17:59:11,071 - ClusterTrainer - INFO -    > [233984/517313 (45%), 21.49s] Loss: 0.001186 
2019-03-13 17:59:14,065 - ClusterTrainer - INFO -    > [242048/517313 (47%), 20.60s] Loss: 0.001306 
2019-03-13 17:59:17,060 - ClusterTrainer - INFO -    > [250112/517313 (48%), 19.94s] Loss: 0.001172 
2019-03-13 17:59:20,056 - ClusterTrainer - INFO -    > [258176/517313 (50%), 19.29s] Loss: 0.001213 
2019-03-13 17:59:23,050 - ClusterTrainer - INFO -    > [266240/517313 (51%), 18.88s] Loss: 0.001153 
2019-03-13 17:59:26,045 - ClusterTrainer - INFO -    > [274304/517313 (53%), 18.94s] Loss: 0.001188 
2019-03-13 17:59:29,039 - ClusterTrainer - INFO -    > [282368/517313 (55%), 18.05s] Loss: 0.001244 
2019-03-13 17:59:32,034 - ClusterTrainer - INFO -    > [290432/517313 (56%), 17.22s] Loss: 0.001186 
2019-03-13 17:59:35,029 - ClusterTrainer - INFO -    > [298496/517313 (58%), 16.52s] Loss: 0.001117 
2019-03-13 17:59:38,024 - ClusterTrainer - INFO -    > [306560/517313 (59%), 15.84s] Loss: 0.001262 
2019-03-13 17:59:41,023 - ClusterTrainer - INFO -    > [314624/517313 (61%), 15.22s] Loss: 0.001174 
2019-03-13 17:59:44,020 - ClusterTrainer - INFO -    > [322688/517313 (62%), 14.75s] Loss: 0.001091 
2019-03-13 17:59:50,133 - ClusterTrainer - INFO -    > [330752/517313 (64%), 14.52s] Loss: 0.001115 
2019-03-13 17:59:59,122 - ClusterTrainer - INFO -    > [338816/517313 (65%), 13.65s] Loss: 0.001136 
2019-03-13 18:00:08,290 - ClusterTrainer - INFO -    > [346880/517313 (67%), 12.99s] Loss: 0.001192 
2019-03-13 18:00:17,207 - ClusterTrainer - INFO -    > [354944/517313 (69%), 12.50s] Loss: 0.001187 
2019-03-13 18:00:25,980 - ClusterTrainer - INFO -    > [363008/517313 (70%), 11.85s] Loss: 0.001219 
2019-03-13 18:00:34,926 - ClusterTrainer - INFO -    > [371072/517313 (72%), 11.26s] Loss: 0.001185 
2019-03-13 18:00:43,875 - ClusterTrainer - INFO -    > [379136/517313 (73%), 10.57s] Loss: 0.001165 
2019-03-13 18:00:52,828 - ClusterTrainer - INFO -    > [387200/517313 (75%), 10.01s] Loss: 0.001108 
2019-03-13 18:01:01,581 - ClusterTrainer - INFO -    > [395264/517313 (76%), 9.39s] Loss: 0.001164 
2019-03-13 18:01:10,871 - ClusterTrainer - INFO -    > [403328/517313 (78%), 8.75s] Loss: 0.001215 
2019-03-13 18:01:19,928 - ClusterTrainer - INFO -    > [411392/517313 (79%), 8.08s] Loss: 0.001105 
2019-03-13 18:01:28,429 - ClusterTrainer - INFO -    > [419456/517313 (81%), 7.52s] Loss: 0.001255 
2019-03-13 18:01:37,115 - ClusterTrainer - INFO -    > [427520/517313 (83%), 6.92s] Loss: 0.001156 
2019-03-13 18:01:45,371 - ClusterTrainer - INFO -    > [435584/517313 (84%), 6.29s] Loss: 0.001161 
2019-03-13 18:01:53,660 - ClusterTrainer - INFO -    > [443648/517313 (86%), 5.64s] Loss: 0.001164 
2019-03-13 18:02:01,761 - ClusterTrainer - INFO -    > [451712/517313 (87%), 5.04s] Loss: 0.001300 
2019-03-13 18:02:09,984 - ClusterTrainer - INFO -    > [459776/517313 (89%), 4.40s] Loss: 0.001166 
2019-03-13 18:02:17,973 - ClusterTrainer - INFO -    > [467840/517313 (90%), 3.83s] Loss: 0.001096 
2019-03-13 18:02:25,963 - ClusterTrainer - INFO -    > [475904/517313 (92%), 3.09s] Loss: 0.001175 
2019-03-13 18:02:33,854 - ClusterTrainer - INFO -    > [483968/517313 (94%), 2.62s] Loss: 0.001132 
2019-03-13 18:02:41,644 - ClusterTrainer - INFO -    > [492032/517313 (95%), 1.91s] Loss: 0.001241 
2019-03-13 18:02:49,219 - ClusterTrainer - INFO -    > [500096/517313 (97%), 1.33s] Loss: 0.001212 
2019-03-13 18:02:56,856 - ClusterTrainer - INFO -    > [508160/517313 (98%), 0.71s] Loss: 0.001128 
2019-03-13 18:03:04,471 - ClusterTrainer - INFO -    > [516224/517313 (100%), 0.10s] Loss: 0.001222 
2019-03-13 18:03:05,454 - ClusterTrainer - INFO -    > Total loss: 0.001168
2019-03-13 18:03:05,454 - ClusterTrainer - INFO - Valid Epoch: 8
2019-03-13 18:03:05,506 - ClusterTrainer - INFO -    > [128/27436 (0%), 0.70s] Loss: 0.001244 
2019-03-13 18:03:08,629 - ClusterTrainer - INFO -    > [8192/27436 (29%), 0.55s] Loss: 0.001620 
2019-03-13 18:03:11,735 - ClusterTrainer - INFO -    > [16256/27436 (59%), 0.28s] Loss: 0.000424 
2019-03-13 18:03:14,843 - ClusterTrainer - INFO -    > [24320/27436 (88%), 0.08s] Loss: 0.000614 
2019-03-13 18:03:16,049 - ClusterTrainer - INFO -    > Total loss: 0.001031
2019-03-13 18:06:34,547 - ClusterTrainer - INFO - Train Epoch: 9
2019-03-13 18:06:34,675 - ClusterTrainer - INFO -    > [128/517313 (0%), 41.82s] Loss: 0.001148 
2019-03-13 18:06:40,594 - ClusterTrainer - INFO -    > [8192/517313 (2%), 38.14s] Loss: 0.001207 
2019-03-13 18:06:46,413 - ClusterTrainer - INFO -    > [16256/517313 (3%), 38.35s] Loss: 0.001205 
2019-03-13 18:06:52,271 - ClusterTrainer - INFO -    > [24320/517313 (5%), 37.29s] Loss: 0.001163 
2019-03-13 18:06:58,217 - ClusterTrainer - INFO -    > [32384/517313 (6%), 36.33s] Loss: 0.001178 
2019-03-13 18:07:04,048 - ClusterTrainer - INFO -    > [40448/517313 (8%), 36.38s] Loss: 0.001080 
2019-03-13 18:07:09,792 - ClusterTrainer - INFO -    > [48512/517313 (9%), 35.72s] Loss: 0.001134 
2019-03-13 18:07:15,556 - ClusterTrainer - INFO -    > [56576/517313 (11%), 35.85s] Loss: 0.001106 
2019-03-13 18:07:21,264 - ClusterTrainer - INFO -    > [64640/517313 (12%), 35.40s] Loss: 0.001122 
2019-03-13 18:07:27,029 - ClusterTrainer - INFO -    > [72704/517313 (14%), 34.66s] Loss: 0.001101 
2019-03-13 18:07:32,851 - ClusterTrainer - INFO -    > [80768/517313 (16%), 34.08s] Loss: 0.001216 
2019-03-13 18:07:38,528 - ClusterTrainer - INFO -    > [88832/517313 (17%), 32.85s] Loss: 0.001213 
2019-03-13 18:07:44,183 - ClusterTrainer - INFO -    > [96896/517313 (19%), 32.78s] Loss: 0.001231 
2019-03-13 18:07:49,787 - ClusterTrainer - INFO -    > [104960/517313 (20%), 32.29s] Loss: 0.001150 
2019-03-13 18:07:55,259 - ClusterTrainer - INFO -    > [113024/517313 (22%), 31.71s] Loss: 0.001192 
2019-03-13 18:08:00,784 - ClusterTrainer - INFO -    > [121088/517313 (23%), 30.94s] Loss: 0.001154 
2019-03-13 18:08:06,156 - ClusterTrainer - INFO -    > [129152/517313 (25%), 30.00s] Loss: 0.001152 
2019-03-13 18:08:11,626 - ClusterTrainer - INFO -    > [137216/517313 (26%), 29.37s] Loss: 0.001121 
2019-03-13 18:08:17,033 - ClusterTrainer - INFO -    > [145280/517313 (28%), 28.94s] Loss: 0.001117 
2019-03-13 18:08:22,435 - ClusterTrainer - INFO -    > [153344/517313 (30%), 28.58s] Loss: 0.001202 
2019-03-13 18:08:27,760 - ClusterTrainer - INFO -    > [161408/517313 (31%), 27.36s] Loss: 0.001216 
2019-03-13 18:08:33,129 - ClusterTrainer - INFO -    > [169472/517313 (33%), 27.22s] Loss: 0.001248 
2019-03-13 18:08:38,370 - ClusterTrainer - INFO -    > [177536/517313 (34%), 27.19s] Loss: 0.001249 
2019-03-13 18:08:43,587 - ClusterTrainer - INFO -    > [185600/517313 (36%), 25.55s] Loss: 0.001142 
2019-03-13 18:08:48,607 - ClusterTrainer - INFO -    > [193664/517313 (37%), 25.03s] Loss: 0.001159 
2019-03-13 18:08:53,635 - ClusterTrainer - INFO -    > [201728/517313 (39%), 24.72s] Loss: 0.001153 
2019-03-13 18:08:58,648 - ClusterTrainer - INFO -    > [209792/517313 (41%), 24.16s] Loss: 0.001197 
2019-03-13 18:09:03,652 - ClusterTrainer - INFO -    > [217856/517313 (42%), 23.19s] Loss: 0.001063 
2019-03-13 18:09:08,658 - ClusterTrainer - INFO -    > [225920/517313 (44%), 23.47s] Loss: 0.001184 
2019-03-13 18:09:13,613 - ClusterTrainer - INFO -    > [233984/517313 (45%), 22.13s] Loss: 0.001181 
2019-03-13 18:09:18,436 - ClusterTrainer - INFO -    > [242048/517313 (47%), 21.46s] Loss: 0.001138 
2019-03-13 18:09:23,207 - ClusterTrainer - INFO -    > [250112/517313 (48%), 20.72s] Loss: 0.001213 
2019-03-13 18:09:27,923 - ClusterTrainer - INFO -    > [258176/517313 (50%), 20.20s] Loss: 0.001193 
2019-03-13 18:09:32,593 - ClusterTrainer - INFO -    > [266240/517313 (51%), 19.48s] Loss: 0.001151 
2019-03-13 18:09:37,300 - ClusterTrainer - INFO -    > [274304/517313 (53%), 18.71s] Loss: 0.001085 
2019-03-13 18:09:41,932 - ClusterTrainer - INFO -    > [282368/517313 (55%), 18.28s] Loss: 0.001144 
2019-03-13 18:09:46,579 - ClusterTrainer - INFO -    > [290432/517313 (56%), 17.90s] Loss: 0.001146 
2019-03-13 18:09:51,162 - ClusterTrainer - INFO -    > [298496/517313 (58%), 17.18s] Loss: 0.001135 
2019-03-13 18:09:55,730 - ClusterTrainer - INFO -    > [306560/517313 (59%), 16.49s] Loss: 0.001214 
2019-03-13 18:10:00,243 - ClusterTrainer - INFO -    > [314624/517313 (61%), 15.84s] Loss: 0.001164 
2019-03-13 18:10:04,752 - ClusterTrainer - INFO -    > [322688/517313 (62%), 15.22s] Loss: 0.001223 
2019-03-13 18:10:09,156 - ClusterTrainer - INFO -    > [330752/517313 (64%), 14.66s] Loss: 0.001166 
2019-03-13 18:10:13,483 - ClusterTrainer - INFO -    > [338816/517313 (65%), 13.95s] Loss: 0.001165 
2019-03-13 18:10:17,825 - ClusterTrainer - INFO -    > [346880/517313 (67%), 13.61s] Loss: 0.001190 
2019-03-13 18:10:22,220 - ClusterTrainer - INFO -    > [354944/517313 (69%), 12.75s] Loss: 0.001162 
2019-03-13 18:10:26,429 - ClusterTrainer - INFO -    > [363008/517313 (70%), 12.04s] Loss: 0.001178 
2019-03-13 18:10:30,583 - ClusterTrainer - INFO -    > [371072/517313 (72%), 11.46s] Loss: 0.001145 
2019-03-13 18:10:34,690 - ClusterTrainer - INFO -    > [379136/517313 (73%), 10.78s] Loss: 0.001165 
2019-03-13 18:10:38,785 - ClusterTrainer - INFO -    > [387200/517313 (75%), 10.03s] Loss: 0.001127 
2019-03-13 18:10:42,791 - ClusterTrainer - INFO -    > [395264/517313 (76%), 9.57s] Loss: 0.001163 
2019-03-13 18:10:46,726 - ClusterTrainer - INFO -    > [403328/517313 (78%), 9.15s] Loss: 0.001039 
2019-03-13 18:10:50,627 - ClusterTrainer - INFO -    > [411392/517313 (79%), 8.25s] Loss: 0.001158 
2019-03-13 18:10:54,525 - ClusterTrainer - INFO -    > [419456/517313 (81%), 7.69s] Loss: 0.001139 
2019-03-13 18:10:58,336 - ClusterTrainer - INFO -    > [427520/517313 (83%), 7.03s] Loss: 0.001173 
2019-03-13 18:11:02,132 - ClusterTrainer - INFO -    > [435584/517313 (84%), 6.57s] Loss: 0.001220 
2019-03-13 18:11:05,816 - ClusterTrainer - INFO -    > [443648/517313 (86%), 5.72s] Loss: 0.001248 
2019-03-13 18:11:09,503 - ClusterTrainer - INFO -    > [451712/517313 (87%), 5.12s] Loss: 0.001185 
2019-03-13 18:11:13,087 - ClusterTrainer - INFO -    > [459776/517313 (89%), 4.51s] Loss: 0.001121 
2019-03-13 18:11:16,607 - ClusterTrainer - INFO -    > [467840/517313 (90%), 3.83s] Loss: 0.001146 
2019-03-13 18:11:20,055 - ClusterTrainer - INFO -    > [475904/517313 (92%), 3.26s] Loss: 0.001135 
2019-03-13 18:11:23,439 - ClusterTrainer - INFO -    > [483968/517313 (94%), 2.59s] Loss: 0.001091 
2019-03-13 18:11:26,811 - ClusterTrainer - INFO -    > [492032/517313 (95%), 1.97s] Loss: 0.001132 
2019-03-13 18:11:30,074 - ClusterTrainer - INFO -    > [500096/517313 (97%), 1.37s] Loss: 0.001176 
2019-03-13 18:11:33,309 - ClusterTrainer - INFO -    > [508160/517313 (98%), 0.72s] Loss: 0.001116 
2019-03-13 18:11:36,418 - ClusterTrainer - INFO -    > [516224/517313 (100%), 0.10s] Loss: 0.001267 
2019-03-13 18:11:36,842 - ClusterTrainer - INFO -    > Total loss: 0.001160
2019-03-13 18:11:36,842 - ClusterTrainer - INFO - Valid Epoch: 9
2019-03-13 18:11:36,884 - ClusterTrainer - INFO -    > [128/27436 (0%), 0.75s] Loss: 0.001292 
2019-03-13 18:11:39,508 - ClusterTrainer - INFO -    > [8192/27436 (29%), 0.53s] Loss: 0.001662 
2019-03-13 18:11:42,125 - ClusterTrainer - INFO -    > [16256/27436 (59%), 0.31s] Loss: 0.000450 
2019-03-13 18:11:44,746 - ClusterTrainer - INFO -    > [24320/27436 (88%), 0.09s] Loss: 0.000636 
2019-03-13 18:11:45,762 - ClusterTrainer - INFO -    > Total loss: 0.001082
