2019-03-13 00:43:38,720 - ClusterTrainer - INFO - |  Hyperparameter  | Value |
| :--------------- | :---- |
| lr               | 0.001 |
| latent_dimension | 2     |
| linear_size      | 1000  |
| dropout          | 0.5   |

2019-03-13 00:43:38,724 - ClusterTrainer - INFO - Train Epoch: 0
2019-03-13 00:43:39,316 - ClusterTrainer - INFO -    > [200/143300 (0%), 375.87s] Loss: 0.578440 
2019-03-13 00:43:52,228 - ClusterTrainer - INFO -    > [5400/143300 (4%), 292.42s] Loss: 0.032677 
2019-03-13 00:44:04,805 - ClusterTrainer - INFO -    > [10600/143300 (7%), 281.10s] Loss: 0.030822 
2019-03-13 00:44:17,366 - ClusterTrainer - INFO -    > [15800/143300 (11%), 270.37s] Loss: 0.032219 
2019-03-13 00:44:29,927 - ClusterTrainer - INFO -    > [21000/143300 (15%), 257.93s] Loss: 0.030861 
2019-03-13 00:44:42,514 - ClusterTrainer - INFO -    > [26200/143300 (18%), 251.43s] Loss: 0.025042 
2019-03-13 00:44:55,117 - ClusterTrainer - INFO -    > [31400/143300 (22%), 240.33s] Loss: 0.028250 
2019-03-13 00:45:07,710 - ClusterTrainer - INFO -    > [36600/143300 (25%), 229.19s] Loss: 0.026855 
2019-03-13 00:45:20,337 - ClusterTrainer - INFO -    > [41800/143300 (29%), 218.75s] Loss: 0.028913 
2019-03-13 00:45:32,951 - ClusterTrainer - INFO -    > [47000/143300 (33%), 206.30s] Loss: 0.028066 
2019-03-13 00:45:45,549 - ClusterTrainer - INFO -    > [52200/143300 (36%), 193.93s] Loss: 0.028767 
2019-03-13 00:45:58,148 - ClusterTrainer - INFO -    > [57400/143300 (40%), 183.20s] Loss: 0.024500 
2019-03-13 00:46:10,747 - ClusterTrainer - INFO -    > [62600/143300 (44%), 171.12s] Loss: 0.027633 
2019-03-13 00:46:23,344 - ClusterTrainer - INFO -    > [67800/143300 (47%), 160.83s] Loss: 0.025429 
2019-03-13 00:46:35,917 - ClusterTrainer - INFO -    > [73000/143300 (51%), 151.10s] Loss: 0.027976 
2019-03-13 00:46:48,512 - ClusterTrainer - INFO -    > [78200/143300 (54%), 139.62s] Loss: 0.024611 
2019-03-13 00:47:01,120 - ClusterTrainer - INFO -    > [83400/143300 (58%), 128.63s] Loss: 0.025253 
2019-03-13 00:47:13,755 - ClusterTrainer - INFO -    > [88600/143300 (62%), 117.20s] Loss: 0.028627 
2019-03-13 00:47:26,368 - ClusterTrainer - INFO -    > [93800/143300 (65%), 106.34s] Loss: 0.025965 
2019-03-13 00:47:39,008 - ClusterTrainer - INFO -    > [99000/143300 (69%), 94.71s] Loss: 0.028027 
2019-03-13 00:47:51,612 - ClusterTrainer - INFO -    > [104200/143300 (73%), 84.38s] Loss: 0.026898 
2019-03-13 00:48:04,215 - ClusterTrainer - INFO -    > [109400/143300 (76%), 72.48s] Loss: 0.025151 
2019-03-13 00:48:16,787 - ClusterTrainer - INFO -    > [114600/143300 (80%), 61.37s] Loss: 0.024106 
2019-03-13 00:48:29,401 - ClusterTrainer - INFO -    > [119800/143300 (83%), 50.51s] Loss: 0.024331 
2019-03-13 00:48:41,974 - ClusterTrainer - INFO -    > [125000/143300 (87%), 39.51s] Loss: 0.025903 
2019-03-13 00:48:54,584 - ClusterTrainer - INFO -    > [130200/143300 (91%), 28.53s] Loss: 0.026197 
2019-03-13 00:49:07,183 - ClusterTrainer - INFO -    > [135400/143300 (94%), 17.43s] Loss: 0.025128 
2019-03-13 00:49:19,800 - ClusterTrainer - INFO -    > [140600/143300 (98%), 6.41s] Loss: 0.025643 
2019-03-13 00:49:26,365 - ClusterTrainer - INFO -    > Total loss: 0.259253
2019-03-13 00:49:26,370 - ClusterTrainer - INFO - Valid Epoch: 0
2019-03-13 00:49:26,563 - ClusterTrainer - INFO -    > [200/7600 (0%), 5.07s] Loss: 0.027231 
2019-03-13 00:49:31,578 - ClusterTrainer - INFO -    > [5400/7600 (68%), 1.61s] Loss: 0.027598 
2019-03-13 00:49:33,707 - ClusterTrainer - INFO -    > Total loss: 0.027639
2019-03-13 00:51:36,464 - ClusterTrainer - INFO - Saving checkpoint: logs/variational_horoma_non_overlapped/0312_205116/13/last_checkpoint.pth ...
2019-03-13 00:51:48,798 - ClusterTrainer - INFO - Saving best checkpoint: logs/variational_horoma_non_overlapped/0312_205116/13/best_checkpoint.pth ...
2019-03-13 00:52:03,815 - ClusterTrainer - INFO - Saving best checkpoint: logs/variational_horoma_non_overlapped/0312_205116/13/best_checkpoint_kmeans20-F1.pth ...
2019-03-13 00:52:16,048 - ClusterTrainer - INFO - Saving best checkpoint: logs/variational_horoma_non_overlapped/0312_205116/13/best_checkpoint_kmeans20-accuracy.pth ...
2019-03-13 00:52:40,529 - ClusterTrainer - INFO - Saving best checkpoint: logs/variational_horoma_non_overlapped/0312_205116/13/best_checkpoint_kmeans100-F1.pth ...
2019-03-13 00:52:54,516 - ClusterTrainer - INFO - Saving best checkpoint: logs/variational_horoma_non_overlapped/0312_205116/13/best_checkpoint_kmeans100-accuracy.pth ...
2019-03-13 00:53:05,418 - ClusterTrainer - INFO - Saving best checkpoint: logs/variational_horoma_non_overlapped/0312_205116/13/best_checkpoint_kmeans300-F1.pth ...
2019-03-13 00:53:16,670 - ClusterTrainer - INFO - Saving best checkpoint: logs/variational_horoma_non_overlapped/0312_205116/13/best_checkpoint_kmeans300-accuracy.pth ...
2019-03-13 00:53:31,604 - ClusterTrainer - INFO - Saving best checkpoint: logs/variational_horoma_non_overlapped/0312_205116/13/best_checkpoint_gmm20-F1.pth ...
2019-03-13 00:53:43,911 - ClusterTrainer - INFO - Saving best checkpoint: logs/variational_horoma_non_overlapped/0312_205116/13/best_checkpoint_gmm20-accuracy.pth ...
2019-03-13 00:53:57,868 - ClusterTrainer - INFO - Saving best checkpoint: logs/variational_horoma_non_overlapped/0312_205116/13/best_checkpoint_gmm100-F1.pth ...
2019-03-13 00:54:11,061 - ClusterTrainer - INFO - Saving best checkpoint: logs/variational_horoma_non_overlapped/0312_205116/13/best_checkpoint_gmm100-accuracy.pth ...
2019-03-13 00:54:25,716 - ClusterTrainer - INFO - Saving best checkpoint: logs/variational_horoma_non_overlapped/0312_205116/13/best_checkpoint_gmm300-F1.pth ...
2019-03-13 00:54:43,505 - ClusterTrainer - INFO - Saving best checkpoint: logs/variational_horoma_non_overlapped/0312_205116/13/best_checkpoint_gmm300-accuracy.pth ...
2019-03-13 00:54:49,260 - ClusterTrainer - INFO - |  Hyperparameter  | Value |
| :--------------- | :---- |
| lr               | 0.001 |
| latent_dimension | 50    |
| linear_size      | 739   |
| dropout          | 0.5   |

2019-03-13 00:54:49,265 - ClusterTrainer - INFO - Train Epoch: 0
2019-03-13 00:54:49,876 - ClusterTrainer - INFO -    > [200/143300 (0%), 389.14s] Loss: 20.348635 
2019-03-13 00:55:02,515 - ClusterTrainer - INFO -    > [5400/143300 (4%), 285.70s] Loss: 0.097965 
2019-03-13 00:55:15,038 - ClusterTrainer - INFO -    > [10600/143300 (7%), 283.39s] Loss: 0.059286 
2019-03-13 00:55:27,572 - ClusterTrainer - INFO -    > [15800/143300 (11%), 265.53s] Loss: 0.047609 
2019-03-13 00:55:40,099 - ClusterTrainer - INFO -    > [21000/143300 (15%), 257.65s] Loss: 0.040193 
2019-03-13 00:55:52,639 - ClusterTrainer - INFO -    > [26200/143300 (18%), 244.67s] Loss: 0.037931 
2019-03-13 00:56:05,169 - ClusterTrainer - INFO -    > [31400/143300 (22%), 237.76s] Loss: 0.033525 
2019-03-13 00:56:19,870 - ClusterTrainer - INFO -    > [36600/143300 (25%), 222.15s] Loss: 0.032773 
2019-03-13 00:56:32,386 - ClusterTrainer - INFO -    > [41800/143300 (29%), 215.79s] Loss: 0.029885 
2019-03-13 00:56:44,917 - ClusterTrainer - INFO -    > [47000/143300 (33%), 200.87s] Loss: 0.028754 
2019-03-13 00:56:57,415 - ClusterTrainer - INFO -    > [52200/143300 (36%), 193.14s] Loss: 0.028660 
2019-03-13 00:57:09,940 - ClusterTrainer - INFO -    > [57400/143300 (40%), 178.54s] Loss: 0.024563 
2019-03-13 00:57:22,444 - ClusterTrainer - INFO -    > [62600/143300 (44%), 171.33s] Loss: 0.027466 
2019-03-13 00:57:34,969 - ClusterTrainer - INFO -    > [67800/143300 (47%), 157.66s] Loss: 0.025278 
2019-03-13 00:57:47,480 - ClusterTrainer - INFO -    > [73000/143300 (51%), 149.74s] Loss: 0.025363 
2019-03-13 00:57:59,993 - ClusterTrainer - INFO -    > [78200/143300 (54%), 135.89s] Loss: 0.026097 
2019-03-13 00:58:12,525 - ClusterTrainer - INFO -    > [83400/143300 (58%), 128.07s] Loss: 0.028470 
2019-03-13 00:58:25,059 - ClusterTrainer - INFO -    > [88600/143300 (62%), 114.42s] Loss: 0.026855 
2019-03-13 00:58:37,599 - ClusterTrainer - INFO -    > [93800/143300 (65%), 106.00s] Loss: 0.028106 
2019-03-13 00:58:50,135 - ClusterTrainer - INFO -    > [99000/143300 (69%), 92.89s] Loss: 0.025077 
2019-03-13 00:59:02,688 - ClusterTrainer - INFO -    > [104200/143300 (73%), 83.00s] Loss: 0.028551 
2019-03-13 00:59:15,233 - ClusterTrainer - INFO -    > [109400/143300 (76%), 71.30s] Loss: 0.027787 
2019-03-13 00:59:27,782 - ClusterTrainer - INFO -    > [114600/143300 (80%), 61.53s] Loss: 0.023025 
2019-03-13 00:59:40,308 - ClusterTrainer - INFO -    > [119800/143300 (83%), 49.54s] Loss: 0.025915 
2019-03-13 00:59:52,843 - ClusterTrainer - INFO -    > [125000/143300 (87%), 39.47s] Loss: 0.029998 
2019-03-13 01:00:05,371 - ClusterTrainer - INFO -    > [130200/143300 (91%), 27.87s] Loss: 0.027568 
2019-03-13 01:00:17,900 - ClusterTrainer - INFO -    > [135400/143300 (94%), 17.36s] Loss: 0.026467 
2019-03-13 01:00:30,407 - ClusterTrainer - INFO -    > [140600/143300 (98%), 6.23s] Loss: 0.028487 
2019-03-13 01:00:36,942 - ClusterTrainer - INFO -    > Total loss: 0.084789
2019-03-13 01:00:36,946 - ClusterTrainer - INFO - Valid Epoch: 0
2019-03-13 01:00:37,138 - ClusterTrainer - INFO -    > [200/7600 (0%), 5.03s] Loss: 0.017606 
2019-03-13 01:00:42,125 - ClusterTrainer - INFO -    > [5400/7600 (68%), 1.60s] Loss: 0.033217 
2019-03-13 01:00:44,236 - ClusterTrainer - INFO -    > Total loss: 0.027314
2019-03-13 01:09:37,578 - ClusterTrainer - INFO - Saving checkpoint: logs/variational_horoma_non_overlapped/0312_205116/14/last_checkpoint.pth ...
2019-03-13 01:09:49,541 - ClusterTrainer - INFO - Saving best checkpoint: logs/variational_horoma_non_overlapped/0312_205116/14/best_checkpoint.pth ...
2019-03-13 01:10:02,405 - ClusterTrainer - INFO - Saving best checkpoint: logs/variational_horoma_non_overlapped/0312_205116/14/best_checkpoint_kmeans20-F1.pth ...
2019-03-13 01:10:15,371 - ClusterTrainer - INFO - Saving best checkpoint: logs/variational_horoma_non_overlapped/0312_205116/14/best_checkpoint_kmeans20-accuracy.pth ...
2019-03-13 01:10:28,131 - ClusterTrainer - INFO - Saving best checkpoint: logs/variational_horoma_non_overlapped/0312_205116/14/best_checkpoint_kmeans100-F1.pth ...
2019-03-13 01:10:42,134 - ClusterTrainer - INFO - Saving best checkpoint: logs/variational_horoma_non_overlapped/0312_205116/14/best_checkpoint_kmeans100-accuracy.pth ...
2019-03-13 01:10:56,315 - ClusterTrainer - INFO - Saving best checkpoint: logs/variational_horoma_non_overlapped/0312_205116/14/best_checkpoint_kmeans300-F1.pth ...
2019-03-13 01:11:08,488 - ClusterTrainer - INFO - Saving best checkpoint: logs/variational_horoma_non_overlapped/0312_205116/14/best_checkpoint_kmeans300-accuracy.pth ...
2019-03-13 01:11:21,341 - ClusterTrainer - INFO - Saving best checkpoint: logs/variational_horoma_non_overlapped/0312_205116/14/best_checkpoint_gmm20-F1.pth ...
2019-03-13 01:11:55,065 - ClusterTrainer - INFO - Saving best checkpoint: logs/variational_horoma_non_overlapped/0312_205116/14/best_checkpoint_gmm20-accuracy.pth ...
2019-03-13 01:12:11,008 - ClusterTrainer - INFO - Saving best checkpoint: logs/variational_horoma_non_overlapped/0312_205116/14/best_checkpoint_gmm100-F1.pth ...
2019-03-13 01:12:24,174 - ClusterTrainer - INFO - Saving best checkpoint: logs/variational_horoma_non_overlapped/0312_205116/14/best_checkpoint_gmm100-accuracy.pth ...
2019-03-13 01:12:35,201 - ClusterTrainer - INFO - Saving best checkpoint: logs/variational_horoma_non_overlapped/0312_205116/14/best_checkpoint_gmm300-F1.pth ...
2019-03-13 01:12:50,467 - ClusterTrainer - INFO - Saving best checkpoint: logs/variational_horoma_non_overlapped/0312_205116/14/best_checkpoint_gmm300-accuracy.pth ...
2019-03-13 01:12:55,536 - ClusterTrainer - INFO - |  Hyperparameter  |         Value          |
| :--------------- | :--------------------- |
| lr               | 2.0890243686632605e-05 |
| latent_dimension | 50                     |
| linear_size      | 1000                   |
| dropout          | 0.5                    |

2019-03-13 01:12:55,541 - ClusterTrainer - INFO - Train Epoch: 0
2019-03-13 01:12:56,156 - ClusterTrainer - INFO -    > [200/143300 (0%), 392.52s] Loss: 22.448828 
2019-03-13 01:13:09,178 - ClusterTrainer - INFO -    > [5400/143300 (4%), 293.97s] Loss: 1.652629 
2019-03-13 01:13:21,843 - ClusterTrainer - INFO -    > [10600/143300 (7%), 285.07s] Loss: 1.019628 
2019-03-13 01:13:34,522 - ClusterTrainer - INFO -    > [15800/143300 (11%), 274.01s] Loss: 0.749817 
2019-03-13 01:13:47,231 - ClusterTrainer - INFO -    > [21000/143300 (15%), 263.54s] Loss: 0.617128 
2019-03-13 01:13:59,907 - ClusterTrainer - INFO -    > [26200/143300 (18%), 251.37s] Loss: 0.510605 
2019-03-13 01:14:12,592 - ClusterTrainer - INFO -    > [31400/143300 (22%), 241.83s] Loss: 0.439122 
2019-03-13 01:14:25,298 - ClusterTrainer - INFO -    > [36600/143300 (25%), 228.90s] Loss: 0.379501 
2019-03-13 01:14:37,997 - ClusterTrainer - INFO -    > [41800/143300 (29%), 221.94s] Loss: 0.338995 
2019-03-13 01:14:50,650 - ClusterTrainer - INFO -    > [47000/143300 (33%), 208.24s] Loss: 0.313587 
2019-03-13 01:15:03,386 - ClusterTrainer - INFO -    > [52200/143300 (36%), 199.17s] Loss: 0.285942 
2019-03-13 01:15:16,075 - ClusterTrainer - INFO -    > [57400/143300 (40%), 184.79s] Loss: 0.268698 
2019-03-13 01:15:28,767 - ClusterTrainer - INFO -    > [62600/143300 (44%), 174.83s] Loss: 0.246333 
2019-03-13 01:15:41,478 - ClusterTrainer - INFO -    > [67800/143300 (47%), 162.51s] Loss: 0.229319 
2019-03-13 01:15:54,182 - ClusterTrainer - INFO -    > [73000/143300 (51%), 153.51s] Loss: 0.219151 
2019-03-13 01:16:06,873 - ClusterTrainer - INFO -    > [78200/143300 (54%), 139.72s] Loss: 0.204568 
2019-03-13 01:16:19,601 - ClusterTrainer - INFO -    > [83400/143300 (58%), 131.41s] Loss: 0.190584 
2019-03-13 01:16:32,286 - ClusterTrainer - INFO -    > [88600/143300 (62%), 117.60s] Loss: 0.180963 
2019-03-13 01:16:45,010 - ClusterTrainer - INFO -    > [93800/143300 (65%), 108.57s] Loss: 0.171149 
2019-03-13 01:16:57,715 - ClusterTrainer - INFO -    > [99000/143300 (69%), 96.63s] Loss: 0.164815 
2019-03-13 01:17:10,437 - ClusterTrainer - INFO -    > [104200/143300 (73%), 85.04s] Loss: 0.156963 
2019-03-13 01:17:23,139 - ClusterTrainer - INFO -    > [109400/143300 (76%), 73.53s] Loss: 0.150065 
2019-03-13 01:17:35,845 - ClusterTrainer - INFO -    > [114600/143300 (80%), 63.22s] Loss: 0.150687 
2019-03-13 01:17:48,548 - ClusterTrainer - INFO -    > [119800/143300 (83%), 50.96s] Loss: 0.136041 
2019-03-13 01:18:01,245 - ClusterTrainer - INFO -    > [125000/143300 (87%), 39.95s] Loss: 0.129191 
2019-03-13 01:18:13,930 - ClusterTrainer - INFO -    > [130200/143300 (91%), 28.59s] Loss: 0.130465 
2019-03-13 01:18:26,672 - ClusterTrainer - INFO -    > [135400/143300 (94%), 17.79s] Loss: 0.115952 
2019-03-13 01:18:39,368 - ClusterTrainer - INFO -    > [140600/143300 (98%), 6.47s] Loss: 0.117054 
2019-03-13 01:18:45,971 - ClusterTrainer - INFO -    > Total loss: 0.511115
2019-03-13 01:18:45,975 - ClusterTrainer - INFO - Valid Epoch: 0
2019-03-13 01:18:46,169 - ClusterTrainer - INFO -    > [200/7600 (0%), 5.09s] Loss: 0.149311 
2019-03-13 01:18:51,185 - ClusterTrainer - INFO -    > [5400/7600 (68%), 1.61s] Loss: 0.145502 
2019-03-13 01:18:53,307 - ClusterTrainer - INFO -    > Total loss: 0.131248
2019-03-13 01:26:48,338 - ClusterTrainer - INFO - Saving checkpoint: logs/variational_horoma_non_overlapped/0312_205116/15/last_checkpoint.pth ...
2019-03-13 01:27:01,513 - ClusterTrainer - INFO - Saving best checkpoint: logs/variational_horoma_non_overlapped/0312_205116/15/best_checkpoint.pth ...
2019-03-13 01:27:14,106 - ClusterTrainer - INFO - Saving best checkpoint: logs/variational_horoma_non_overlapped/0312_205116/15/best_checkpoint_kmeans20-F1.pth ...
2019-03-13 01:27:48,333 - ClusterTrainer - INFO - Saving best checkpoint: logs/variational_horoma_non_overlapped/0312_205116/15/best_checkpoint_kmeans20-accuracy.pth ...
2019-03-13 01:28:02,575 - ClusterTrainer - INFO - Saving best checkpoint: logs/variational_horoma_non_overlapped/0312_205116/15/best_checkpoint_kmeans100-F1.pth ...
2019-03-13 01:28:16,006 - ClusterTrainer - INFO - Saving best checkpoint: logs/variational_horoma_non_overlapped/0312_205116/15/best_checkpoint_kmeans100-accuracy.pth ...
2019-03-13 01:28:32,787 - ClusterTrainer - INFO - Saving best checkpoint: logs/variational_horoma_non_overlapped/0312_205116/15/best_checkpoint_kmeans300-F1.pth ...
2019-03-13 01:28:49,479 - ClusterTrainer - INFO - Saving best checkpoint: logs/variational_horoma_non_overlapped/0312_205116/15/best_checkpoint_kmeans300-accuracy.pth ...
2019-03-13 01:29:04,844 - ClusterTrainer - INFO - Saving best checkpoint: logs/variational_horoma_non_overlapped/0312_205116/15/best_checkpoint_gmm20-F1.pth ...
2019-03-13 01:29:20,106 - ClusterTrainer - INFO - Saving best checkpoint: logs/variational_horoma_non_overlapped/0312_205116/15/best_checkpoint_gmm20-accuracy.pth ...
2019-03-13 01:29:32,179 - ClusterTrainer - INFO - Saving best checkpoint: logs/variational_horoma_non_overlapped/0312_205116/15/best_checkpoint_gmm100-F1.pth ...
2019-03-13 01:29:45,948 - ClusterTrainer - INFO - Saving best checkpoint: logs/variational_horoma_non_overlapped/0312_205116/15/best_checkpoint_gmm100-accuracy.pth ...
2019-03-13 01:29:57,518 - ClusterTrainer - INFO - Saving best checkpoint: logs/variational_horoma_non_overlapped/0312_205116/15/best_checkpoint_gmm300-F1.pth ...
2019-03-13 01:30:15,490 - ClusterTrainer - INFO - Saving best checkpoint: logs/variational_horoma_non_overlapped/0312_205116/15/best_checkpoint_gmm300-accuracy.pth ...
2019-03-13 01:30:21,937 - ClusterTrainer - INFO - |  Hyperparameter  |         Value          |
| :--------------- | :--------------------- |
| lr               | 0.00016210055183247325 |
| latent_dimension | 2                      |
| linear_size      | 813                    |
| dropout          | 0.1                    |

2019-03-13 01:30:21,942 - ClusterTrainer - INFO - Train Epoch: 0
2019-03-13 01:30:22,552 - ClusterTrainer - INFO -    > [200/143300 (0%), 387.10s] Loss: 0.288609 
2019-03-13 01:30:35,210 - ClusterTrainer - INFO -    > [5400/143300 (4%), 293.51s] Loss: 0.031714 
2019-03-13 01:30:47,845 - ClusterTrainer - INFO -    > [10600/143300 (7%), 283.57s] Loss: 0.027113 
2019-03-13 01:31:00,520 - ClusterTrainer - INFO -    > [15800/143300 (11%), 274.61s] Loss: 0.026514 
2019-03-13 01:31:13,168 - ClusterTrainer - INFO -    > [21000/143300 (15%), 262.55s] Loss: 0.026892 
2019-03-13 01:31:25,823 - ClusterTrainer - INFO -    > [26200/143300 (18%), 251.09s] Loss: 0.024976 
2019-03-13 01:31:38,456 - ClusterTrainer - INFO -    > [31400/143300 (22%), 238.33s] Loss: 0.022968 
2019-03-13 01:31:51,103 - ClusterTrainer - INFO -    > [36600/143300 (25%), 227.60s] Loss: 0.026342 
2019-03-13 01:32:03,774 - ClusterTrainer - INFO -    > [41800/143300 (29%), 219.08s] Loss: 0.025657 
2019-03-13 01:32:16,432 - ClusterTrainer - INFO -    > [47000/143300 (33%), 207.80s] Loss: 0.027324 
2019-03-13 01:32:29,055 - ClusterTrainer - INFO -    > [52200/143300 (36%), 194.10s] Loss: 0.026563 
2019-03-13 01:32:41,697 - ClusterTrainer - INFO -    > [57400/143300 (40%), 183.98s] Loss: 0.024466 
2019-03-13 01:32:54,372 - ClusterTrainer - INFO -    > [62600/143300 (44%), 172.21s] Loss: 0.030295 
2019-03-13 01:33:07,027 - ClusterTrainer - INFO -    > [67800/143300 (47%), 161.11s] Loss: 0.025903 
2019-03-13 01:33:19,688 - ClusterTrainer - INFO -    > [73000/143300 (51%), 150.64s] Loss: 0.026771 
2019-03-13 01:33:32,362 - ClusterTrainer - INFO -    > [78200/143300 (54%), 139.89s] Loss: 0.028875 
2019-03-13 01:33:45,032 - ClusterTrainer - INFO -    > [83400/143300 (58%), 127.61s] Loss: 0.024573 
2019-03-13 01:33:57,707 - ClusterTrainer - INFO -    > [88600/143300 (62%), 117.42s] Loss: 0.024148 
2019-03-13 01:34:10,373 - ClusterTrainer - INFO -    > [93800/143300 (65%), 105.48s] Loss: 0.027365 
2019-03-13 01:34:23,069 - ClusterTrainer - INFO -    > [99000/143300 (69%), 96.44s] Loss: 0.027109 
2019-03-13 01:34:35,736 - ClusterTrainer - INFO -    > [104200/143300 (73%), 84.04s] Loss: 0.021390 
2019-03-13 01:34:48,391 - ClusterTrainer - INFO -    > [109400/143300 (76%), 72.65s] Loss: 0.024323 
2019-03-13 01:35:01,063 - ClusterTrainer - INFO -    > [114600/143300 (80%), 61.74s] Loss: 0.026418 
2019-03-13 01:35:13,748 - ClusterTrainer - INFO -    > [119800/143300 (83%), 50.72s] Loss: 0.027841 
2019-03-13 01:35:26,406 - ClusterTrainer - INFO -    > [125000/143300 (87%), 39.82s] Loss: 0.030393 
2019-03-13 01:35:39,073 - ClusterTrainer - INFO -    > [130200/143300 (91%), 28.71s] Loss: 0.027855 
2019-03-13 01:35:51,775 - ClusterTrainer - INFO -    > [135400/143300 (94%), 17.42s] Loss: 0.025242 
2019-03-13 01:36:04,448 - ClusterTrainer - INFO -    > [140600/143300 (98%), 6.40s] Loss: 0.024610 
2019-03-13 01:36:11,047 - ClusterTrainer - INFO -    > Total loss: 0.027733
2019-03-13 01:36:11,051 - ClusterTrainer - INFO - Valid Epoch: 0
2019-03-13 01:36:11,249 - ClusterTrainer - INFO -    > [200/7600 (0%), 5.15s] Loss: 0.018815 
2019-03-13 01:36:16,252 - ClusterTrainer - INFO -    > [5400/7600 (68%), 1.60s] Loss: 0.048842 
2019-03-13 01:36:18,370 - ClusterTrainer - INFO -    > Total loss: 0.025609
2019-03-13 01:38:16,861 - ClusterTrainer - INFO - Saving checkpoint: logs/variational_horoma_non_overlapped/0312_205116/16/last_checkpoint.pth ...
2019-03-13 01:38:30,492 - ClusterTrainer - INFO - Saving best checkpoint: logs/variational_horoma_non_overlapped/0312_205116/16/best_checkpoint.pth ...
2019-03-13 01:38:43,539 - ClusterTrainer - INFO - Saving best checkpoint: logs/variational_horoma_non_overlapped/0312_205116/16/best_checkpoint_kmeans20-F1.pth ...
2019-03-13 01:39:00,127 - ClusterTrainer - INFO - Saving best checkpoint: logs/variational_horoma_non_overlapped/0312_205116/16/best_checkpoint_kmeans20-accuracy.pth ...
2019-03-13 01:39:12,114 - ClusterTrainer - INFO - Saving best checkpoint: logs/variational_horoma_non_overlapped/0312_205116/16/best_checkpoint_kmeans100-F1.pth ...
2019-03-13 01:39:24,523 - ClusterTrainer - INFO - Saving best checkpoint: logs/variational_horoma_non_overlapped/0312_205116/16/best_checkpoint_kmeans100-accuracy.pth ...
2019-03-13 01:39:36,108 - ClusterTrainer - INFO - Saving best checkpoint: logs/variational_horoma_non_overlapped/0312_205116/16/best_checkpoint_kmeans300-F1.pth ...
2019-03-13 01:39:47,300 - ClusterTrainer - INFO - Saving best checkpoint: logs/variational_horoma_non_overlapped/0312_205116/16/best_checkpoint_kmeans300-accuracy.pth ...
2019-03-13 01:40:00,296 - ClusterTrainer - INFO - Saving best checkpoint: logs/variational_horoma_non_overlapped/0312_205116/16/best_checkpoint_gmm20-F1.pth ...
2019-03-13 01:40:14,672 - ClusterTrainer - INFO - Saving best checkpoint: logs/variational_horoma_non_overlapped/0312_205116/16/best_checkpoint_gmm20-accuracy.pth ...
2019-03-13 01:40:27,521 - ClusterTrainer - INFO - Saving best checkpoint: logs/variational_horoma_non_overlapped/0312_205116/16/best_checkpoint_gmm100-F1.pth ...
2019-03-13 01:40:40,138 - ClusterTrainer - INFO - Saving best checkpoint: logs/variational_horoma_non_overlapped/0312_205116/16/best_checkpoint_gmm100-accuracy.pth ...
2019-03-13 01:40:51,415 - ClusterTrainer - INFO - Saving best checkpoint: logs/variational_horoma_non_overlapped/0312_205116/16/best_checkpoint_gmm300-F1.pth ...
2019-03-13 01:41:04,955 - ClusterTrainer - INFO - Saving best checkpoint: logs/variational_horoma_non_overlapped/0312_205116/16/best_checkpoint_gmm300-accuracy.pth ...
2019-03-13 01:41:10,279 - ClusterTrainer - INFO - |  Hyperparameter  | Value |
| :--------------- | :---- |
| lr               | 0.001 |
| latent_dimension | 50    |
| linear_size      | 1000  |
| dropout          | 0.1   |

2019-03-13 01:41:10,283 - ClusterTrainer - INFO - Train Epoch: 0
2019-03-13 01:41:10,901 - ClusterTrainer - INFO -    > [200/143300 (0%), 394.41s] Loss: 2.417907 
2019-03-13 01:41:23,495 - ClusterTrainer - INFO -    > [5400/143300 (4%), 290.85s] Loss: 0.052046 
2019-03-13 01:41:36,107 - ClusterTrainer - INFO -    > [10600/143300 (7%), 283.82s] Loss: 0.041395 
2019-03-13 01:41:48,650 - ClusterTrainer - INFO -    > [15800/143300 (11%), 270.23s] Loss: 0.037003 
2019-03-13 01:42:01,219 - ClusterTrainer - INFO -    > [21000/143300 (15%), 260.83s] Loss: 0.033140 
2019-03-13 01:42:13,795 - ClusterTrainer - INFO -    > [26200/143300 (18%), 248.33s] Loss: 0.031087 
2019-03-13 01:42:26,383 - ClusterTrainer - INFO -    > [31400/143300 (22%), 240.30s] Loss: 0.029496 
2019-03-13 01:42:38,955 - ClusterTrainer - INFO -    > [36600/143300 (25%), 227.27s] Loss: 0.032028 
2019-03-13 01:42:51,554 - ClusterTrainer - INFO -    > [41800/143300 (29%), 217.76s] Loss: 0.028657 
2019-03-13 01:43:04,145 - ClusterTrainer - INFO -    > [47000/143300 (33%), 204.96s] Loss: 0.028397 
2019-03-13 01:43:16,735 - ClusterTrainer - INFO -    > [52200/143300 (36%), 194.73s] Loss: 0.030295 
2019-03-13 01:43:29,319 - ClusterTrainer - INFO -    > [57400/143300 (40%), 183.11s] Loss: 0.027463 
2019-03-13 01:43:41,905 - ClusterTrainer - INFO -    > [62600/143300 (44%), 173.41s] Loss: 0.029568 
2019-03-13 01:43:54,476 - ClusterTrainer - INFO -    > [67800/143300 (47%), 159.89s] Loss: 0.026158 
2019-03-13 01:44:07,067 - ClusterTrainer - INFO -    > [73000/143300 (51%), 151.56s] Loss: 0.028854 
2019-03-13 01:44:19,645 - ClusterTrainer - INFO -    > [78200/143300 (54%), 139.33s] Loss: 0.025422 
2019-03-13 01:44:32,234 - ClusterTrainer - INFO -    > [83400/143300 (58%), 128.92s] Loss: 0.027135 
2019-03-13 01:44:44,838 - ClusterTrainer - INFO -    > [88600/143300 (62%), 116.70s] Loss: 0.028447 
2019-03-13 01:44:57,463 - ClusterTrainer - INFO -    > [93800/143300 (65%), 107.17s] Loss: 0.026892 
2019-03-13 01:45:10,063 - ClusterTrainer - INFO -    > [99000/143300 (69%), 95.01s] Loss: 0.025105 
2019-03-13 01:45:22,646 - ClusterTrainer - INFO -    > [104200/143300 (73%), 84.26s] Loss: 0.029032 
2019-03-13 01:45:35,230 - ClusterTrainer - INFO -    > [109400/143300 (76%), 72.89s] Loss: 0.024287 
2019-03-13 01:45:47,826 - ClusterTrainer - INFO -    > [114600/143300 (80%), 61.84s] Loss: 0.028488 
2019-03-13 01:46:00,391 - ClusterTrainer - INFO -    > [119800/143300 (83%), 50.35s] Loss: 0.027370 
2019-03-13 01:46:13,003 - ClusterTrainer - INFO -    > [125000/143300 (87%), 39.77s] Loss: 0.026413 
2019-03-13 01:46:25,581 - ClusterTrainer - INFO -    > [130200/143300 (91%), 28.35s] Loss: 0.027913 
2019-03-13 01:46:38,175 - ClusterTrainer - INFO -    > [135400/143300 (94%), 17.53s] Loss: 0.028483 
2019-03-13 01:46:50,774 - ClusterTrainer - INFO -    > [140600/143300 (98%), 6.37s] Loss: 0.027598 
2019-03-13 01:46:57,326 - ClusterTrainer - INFO -    > Total loss: 0.099306
2019-03-13 01:46:57,368 - ClusterTrainer - INFO - Valid Epoch: 0
2019-03-13 01:46:57,562 - ClusterTrainer - INFO -    > [200/7600 (0%), 5.08s] Loss: 0.018944 
2019-03-13 01:47:02,577 - ClusterTrainer - INFO -    > [5400/7600 (68%), 1.60s] Loss: 0.040049 
2019-03-13 01:47:04,699 - ClusterTrainer - INFO -    > Total loss: 0.021187
2019-03-13 01:55:00,202 - ClusterTrainer - INFO - Saving checkpoint: logs/variational_horoma_non_overlapped/0312_205116/17/last_checkpoint.pth ...
2019-03-13 01:55:12,774 - ClusterTrainer - INFO - Saving best checkpoint: logs/variational_horoma_non_overlapped/0312_205116/17/best_checkpoint.pth ...
2019-03-13 01:55:28,696 - ClusterTrainer - INFO - Saving best checkpoint: logs/variational_horoma_non_overlapped/0312_205116/17/best_checkpoint_kmeans20-F1.pth ...
2019-03-13 01:55:43,202 - ClusterTrainer - INFO - Saving best checkpoint: logs/variational_horoma_non_overlapped/0312_205116/17/best_checkpoint_kmeans20-accuracy.pth ...
2019-03-13 01:55:56,948 - ClusterTrainer - INFO - Saving best checkpoint: logs/variational_horoma_non_overlapped/0312_205116/17/best_checkpoint_kmeans100-F1.pth ...
2019-03-13 01:56:08,404 - ClusterTrainer - INFO - Saving best checkpoint: logs/variational_horoma_non_overlapped/0312_205116/17/best_checkpoint_kmeans100-accuracy.pth ...
2019-03-13 01:56:21,521 - ClusterTrainer - INFO - Saving best checkpoint: logs/variational_horoma_non_overlapped/0312_205116/17/best_checkpoint_kmeans300-F1.pth ...
2019-03-13 01:56:36,732 - ClusterTrainer - INFO - Saving best checkpoint: logs/variational_horoma_non_overlapped/0312_205116/17/best_checkpoint_kmeans300-accuracy.pth ...
2019-03-13 01:56:50,932 - ClusterTrainer - INFO - Saving best checkpoint: logs/variational_horoma_non_overlapped/0312_205116/17/best_checkpoint_gmm20-F1.pth ...
2019-03-13 01:57:03,214 - ClusterTrainer - INFO - Saving best checkpoint: logs/variational_horoma_non_overlapped/0312_205116/17/best_checkpoint_gmm20-accuracy.pth ...
2019-03-13 01:57:19,929 - ClusterTrainer - INFO - Saving best checkpoint: logs/variational_horoma_non_overlapped/0312_205116/17/best_checkpoint_gmm100-F1.pth ...
2019-03-13 01:57:34,474 - ClusterTrainer - INFO - Saving best checkpoint: logs/variational_horoma_non_overlapped/0312_205116/17/best_checkpoint_gmm100-accuracy.pth ...
2019-03-13 01:57:47,190 - ClusterTrainer - INFO - Saving best checkpoint: logs/variational_horoma_non_overlapped/0312_205116/17/best_checkpoint_gmm300-F1.pth ...
2019-03-13 01:58:02,028 - ClusterTrainer - INFO - Saving best checkpoint: logs/variational_horoma_non_overlapped/0312_205116/17/best_checkpoint_gmm300-accuracy.pth ...
2019-03-13 01:58:08,216 - ClusterTrainer - INFO - |  Hyperparameter  | Value |
| :--------------- | :---- |
| lr               | 0.001 |
| latent_dimension | 2     |
| linear_size      | 408   |
| dropout          | 0.5   |

2019-03-13 01:58:08,222 - ClusterTrainer - INFO - Train Epoch: 0
2019-03-13 01:58:08,816 - ClusterTrainer - INFO -    > [200/143300 (0%), 376.87s] Loss: 0.913207 
2019-03-13 01:58:21,223 - ClusterTrainer - INFO -    > [5400/143300 (4%), 287.70s] Loss: 0.050832 
2019-03-13 01:58:33,589 - ClusterTrainer - INFO -    > [10600/143300 (7%), 277.05s] Loss: 0.041835 
2019-03-13 01:58:45,957 - ClusterTrainer - INFO -    > [15800/143300 (11%), 268.57s] Loss: 0.038278 
2019-03-13 01:58:58,359 - ClusterTrainer - INFO -    > [21000/143300 (15%), 254.59s] Loss: 0.035802 
2019-03-13 01:59:10,730 - ClusterTrainer - INFO -    > [26200/143300 (18%), 243.77s] Loss: 0.037068 
2019-03-13 01:59:23,107 - ClusterTrainer - INFO -    > [31400/143300 (22%), 233.43s] Loss: 0.033196 
2019-03-13 01:59:35,512 - ClusterTrainer - INFO -    > [36600/143300 (25%), 222.80s] Loss: 0.032514 
2019-03-13 01:59:47,901 - ClusterTrainer - INFO -    > [41800/143300 (29%), 211.80s] Loss: 0.034303 
2019-03-13 02:00:00,294 - ClusterTrainer - INFO -    > [47000/143300 (33%), 201.19s] Loss: 0.029736 
2019-03-13 02:00:12,673 - ClusterTrainer - INFO -    > [52200/143300 (36%), 190.02s] Loss: 0.032822 
2019-03-13 02:00:25,096 - ClusterTrainer - INFO -    > [57400/143300 (40%), 181.69s] Loss: 0.030951 
2019-03-13 02:00:38,208 - ClusterTrainer - INFO -    > [62600/143300 (44%), 168.88s] Loss: 0.031263 
2019-03-13 02:00:50,615 - ClusterTrainer - INFO -    > [67800/143300 (47%), 159.69s] Loss: 0.032816 
2019-03-13 02:01:03,030 - ClusterTrainer - INFO -    > [73000/143300 (51%), 147.35s] Loss: 0.029763 
2019-03-13 02:01:15,430 - ClusterTrainer - INFO -    > [78200/143300 (54%), 136.90s] Loss: 0.033577 
2019-03-13 02:01:27,817 - ClusterTrainer - INFO -    > [83400/143300 (58%), 126.18s] Loss: 0.031474 
2019-03-13 02:01:40,237 - ClusterTrainer - INFO -    > [88600/143300 (62%), 116.23s] Loss: 0.028538 
2019-03-13 02:01:52,673 - ClusterTrainer - INFO -    > [93800/143300 (65%), 103.58s] Loss: 0.034436 
2019-03-13 02:02:05,078 - ClusterTrainer - INFO -    > [99000/143300 (69%), 92.98s] Loss: 0.032316 
2019-03-13 02:02:17,473 - ClusterTrainer - INFO -    > [104200/143300 (73%), 82.28s] Loss: 0.030333 
2019-03-13 02:02:29,897 - ClusterTrainer - INFO -    > [109400/143300 (76%), 71.32s] Loss: 0.028054 
2019-03-13 02:02:42,315 - ClusterTrainer - INFO -    > [114600/143300 (80%), 60.48s] Loss: 0.029473 
2019-03-13 02:02:54,716 - ClusterTrainer - INFO -    > [119800/143300 (83%), 49.67s] Loss: 0.030162 
2019-03-13 02:03:07,116 - ClusterTrainer - INFO -    > [125000/143300 (87%), 38.88s] Loss: 0.030284 
2019-03-13 02:03:19,522 - ClusterTrainer - INFO -    > [130200/143300 (91%), 27.91s] Loss: 0.025218 
2019-03-13 02:03:31,953 - ClusterTrainer - INFO -    > [135400/143300 (94%), 17.16s] Loss: 0.028080 
2019-03-13 02:03:44,396 - ClusterTrainer - INFO -    > [140600/143300 (98%), 6.31s] Loss: 0.026728 
2019-03-13 02:03:50,856 - ClusterTrainer - INFO -    > Total loss: 0.230634
2019-03-13 02:03:50,860 - ClusterTrainer - INFO - Valid Epoch: 0
2019-03-13 02:03:51,052 - ClusterTrainer - INFO -    > [200/7600 (0%), 5.01s] Loss: 0.022492 
2019-03-13 02:03:56,009 - ClusterTrainer - INFO -    > [5400/7600 (68%), 1.58s] Loss: 0.070875 
2019-03-13 02:03:58,110 - ClusterTrainer - INFO -    > Total loss: 0.031940
2019-03-13 02:05:58,890 - ClusterTrainer - INFO - Saving checkpoint: logs/variational_horoma_non_overlapped/0312_205116/18/last_checkpoint.pth ...
2019-03-13 02:06:18,255 - ClusterTrainer - INFO - Saving best checkpoint: logs/variational_horoma_non_overlapped/0312_205116/18/best_checkpoint.pth ...
2019-03-13 02:06:28,445 - ClusterTrainer - INFO - Saving best checkpoint: logs/variational_horoma_non_overlapped/0312_205116/18/best_checkpoint_kmeans20-F1.pth ...
2019-03-13 02:06:39,824 - ClusterTrainer - INFO - Saving best checkpoint: logs/variational_horoma_non_overlapped/0312_205116/18/best_checkpoint_kmeans20-accuracy.pth ...
2019-03-13 02:06:51,785 - ClusterTrainer - INFO - Saving best checkpoint: logs/variational_horoma_non_overlapped/0312_205116/18/best_checkpoint_kmeans100-F1.pth ...
2019-03-13 02:07:04,089 - ClusterTrainer - INFO - Saving best checkpoint: logs/variational_horoma_non_overlapped/0312_205116/18/best_checkpoint_kmeans100-accuracy.pth ...
2019-03-13 02:07:13,680 - ClusterTrainer - INFO - Saving best checkpoint: logs/variational_horoma_non_overlapped/0312_205116/18/best_checkpoint_kmeans300-F1.pth ...
2019-03-13 02:07:26,826 - ClusterTrainer - INFO - Saving best checkpoint: logs/variational_horoma_non_overlapped/0312_205116/18/best_checkpoint_kmeans300-accuracy.pth ...
2019-03-13 02:07:40,728 - ClusterTrainer - INFO - Saving best checkpoint: logs/variational_horoma_non_overlapped/0312_205116/18/best_checkpoint_gmm20-F1.pth ...
2019-03-13 02:07:53,621 - ClusterTrainer - INFO - Saving best checkpoint: logs/variational_horoma_non_overlapped/0312_205116/18/best_checkpoint_gmm20-accuracy.pth ...
2019-03-13 02:08:05,465 - ClusterTrainer - INFO - Saving best checkpoint: logs/variational_horoma_non_overlapped/0312_205116/18/best_checkpoint_gmm100-F1.pth ...
2019-03-13 02:08:16,882 - ClusterTrainer - INFO - Saving best checkpoint: logs/variational_horoma_non_overlapped/0312_205116/18/best_checkpoint_gmm100-accuracy.pth ...
2019-03-13 02:08:29,939 - ClusterTrainer - INFO - Saving best checkpoint: logs/variational_horoma_non_overlapped/0312_205116/18/best_checkpoint_gmm300-F1.pth ...
2019-03-13 02:08:43,138 - ClusterTrainer - INFO - Saving best checkpoint: logs/variational_horoma_non_overlapped/0312_205116/18/best_checkpoint_gmm300-accuracy.pth ...
2019-03-13 02:08:49,270 - ClusterTrainer - INFO - |  Hyperparameter  | Value |
| :--------------- | :---- |
| lr               | 0.001 |
| latent_dimension | 50    |
| linear_size      | 722   |
| dropout          | 0.1   |

2019-03-13 02:08:49,275 - ClusterTrainer - INFO - Train Epoch: 0
2019-03-13 02:08:49,890 - ClusterTrainer - INFO -    > [200/143300 (0%), 391.48s] Loss: 4.278145 
2019-03-13 02:09:02,444 - ClusterTrainer - INFO -    > [5400/143300 (4%), 297.96s] Loss: 0.076212 
2019-03-13 02:09:14,924 - ClusterTrainer - INFO -    > [10600/143300 (7%), 282.78s] Loss: 0.048946 
2019-03-13 02:09:27,380 - ClusterTrainer - INFO -    > [15800/143300 (11%), 268.96s] Loss: 0.040932 
2019-03-13 02:09:39,899 - ClusterTrainer - INFO -    > [21000/143300 (15%), 263.64s] Loss: 0.038577 
2019-03-13 02:09:52,428 - ClusterTrainer - INFO -    > [26200/143300 (18%), 245.88s] Loss: 0.037714 
2019-03-13 02:10:04,962 - ClusterTrainer - INFO -    > [31400/143300 (22%), 238.68s] Loss: 0.038810 
2019-03-13 02:10:17,495 - ClusterTrainer - INFO -    > [36600/143300 (25%), 229.05s] Loss: 0.035930 
2019-03-13 02:10:30,036 - ClusterTrainer - INFO -    > [41800/143300 (29%), 219.09s] Loss: 0.030837 
2019-03-13 02:10:42,538 - ClusterTrainer - INFO -    > [47000/143300 (33%), 202.07s] Loss: 0.033406 
2019-03-13 02:10:55,076 - ClusterTrainer - INFO -    > [52200/143300 (36%), 193.82s] Loss: 0.033741 
2019-03-13 02:11:07,604 - ClusterTrainer - INFO -    > [57400/143300 (40%), 184.78s] Loss: 0.030536 
2019-03-13 02:11:20,111 - ClusterTrainer - INFO -    > [62600/143300 (44%), 173.85s] Loss: 0.028673 
2019-03-13 02:11:32,650 - ClusterTrainer - INFO -    > [67800/143300 (47%), 160.07s] Loss: 0.031050 
2019-03-13 02:11:45,157 - ClusterTrainer - INFO -    > [73000/143300 (51%), 153.25s] Loss: 0.034223 
2019-03-13 02:11:57,675 - ClusterTrainer - INFO -    > [78200/143300 (54%), 136.79s] Loss: 0.027350 
2019-03-13 02:12:10,180 - ClusterTrainer - INFO -    > [83400/143300 (58%), 129.12s] Loss: 0.026590 
2019-03-13 02:12:22,678 - ClusterTrainer - INFO -    > [88600/143300 (62%), 115.72s] Loss: 0.031541 
2019-03-13 02:12:35,181 - ClusterTrainer - INFO -    > [93800/143300 (65%), 106.76s] Loss: 0.031702 
2019-03-13 02:12:47,659 - ClusterTrainer - INFO -    > [99000/143300 (69%), 94.16s] Loss: 0.028968 
2019-03-13 02:13:00,172 - ClusterTrainer - INFO -    > [104200/143300 (73%), 83.65s] Loss: 0.031584 
2019-03-13 02:13:12,667 - ClusterTrainer - INFO -    > [109400/143300 (76%), 72.24s] Loss: 0.027808 
2019-03-13 02:13:25,176 - ClusterTrainer - INFO -    > [114600/143300 (80%), 61.62s] Loss: 0.026626 
2019-03-13 02:13:37,885 - ClusterTrainer - INFO -    > [119800/143300 (83%), 50.01s] Loss: 0.026888 
2019-03-13 02:13:50,394 - ClusterTrainer - INFO -    > [125000/143300 (87%), 39.44s] Loss: 0.032203 
2019-03-13 02:14:02,884 - ClusterTrainer - INFO -    > [130200/143300 (91%), 28.32s] Loss: 0.030721 
2019-03-13 02:14:15,396 - ClusterTrainer - INFO -    > [135400/143300 (94%), 17.39s] Loss: 0.026746 
2019-03-13 02:14:27,878 - ClusterTrainer - INFO -    > [140600/143300 (98%), 6.33s] Loss: 0.029560 
2019-03-13 02:14:34,385 - ClusterTrainer - INFO -    > Total loss: 0.102317
2019-03-13 02:14:34,390 - ClusterTrainer - INFO - Valid Epoch: 0
2019-03-13 02:14:34,584 - ClusterTrainer - INFO -    > [200/7600 (0%), 5.11s] Loss: 0.051808 
2019-03-13 02:14:39,536 - ClusterTrainer - INFO -    > [5400/7600 (68%), 1.60s] Loss: 0.020272 
2019-03-13 02:14:41,634 - ClusterTrainer - INFO -    > Total loss: 0.024605
2019-03-13 02:22:30,388 - ClusterTrainer - INFO - Saving checkpoint: logs/variational_horoma_non_overlapped/0312_205116/19/last_checkpoint.pth ...
2019-03-13 02:22:45,620 - ClusterTrainer - INFO - Saving best checkpoint: logs/variational_horoma_non_overlapped/0312_205116/19/best_checkpoint.pth ...
2019-03-13 02:22:58,322 - ClusterTrainer - INFO - Saving best checkpoint: logs/variational_horoma_non_overlapped/0312_205116/19/best_checkpoint_kmeans20-F1.pth ...
2019-03-13 02:23:09,113 - ClusterTrainer - INFO - Saving best checkpoint: logs/variational_horoma_non_overlapped/0312_205116/19/best_checkpoint_kmeans20-accuracy.pth ...
2019-03-13 02:23:23,092 - ClusterTrainer - INFO - Saving best checkpoint: logs/variational_horoma_non_overlapped/0312_205116/19/best_checkpoint_kmeans100-F1.pth ...
2019-03-13 02:23:35,611 - ClusterTrainer - INFO - Saving best checkpoint: logs/variational_horoma_non_overlapped/0312_205116/19/best_checkpoint_kmeans100-accuracy.pth ...
2019-03-13 02:23:47,761 - ClusterTrainer - INFO - Saving best checkpoint: logs/variational_horoma_non_overlapped/0312_205116/19/best_checkpoint_kmeans300-F1.pth ...
2019-03-13 02:24:00,289 - ClusterTrainer - INFO - Saving best checkpoint: logs/variational_horoma_non_overlapped/0312_205116/19/best_checkpoint_kmeans300-accuracy.pth ...
2019-03-13 02:24:13,876 - ClusterTrainer - INFO - Saving best checkpoint: logs/variational_horoma_non_overlapped/0312_205116/19/best_checkpoint_gmm20-F1.pth ...
2019-03-13 02:24:27,616 - ClusterTrainer - INFO - Saving best checkpoint: logs/variational_horoma_non_overlapped/0312_205116/19/best_checkpoint_gmm20-accuracy.pth ...
2019-03-13 02:24:38,171 - ClusterTrainer - INFO - Saving best checkpoint: logs/variational_horoma_non_overlapped/0312_205116/19/best_checkpoint_gmm100-F1.pth ...
2019-03-13 02:24:53,107 - ClusterTrainer - INFO - Saving best checkpoint: logs/variational_horoma_non_overlapped/0312_205116/19/best_checkpoint_gmm100-accuracy.pth ...
2019-03-13 02:25:05,210 - ClusterTrainer - INFO - Saving best checkpoint: logs/variational_horoma_non_overlapped/0312_205116/19/best_checkpoint_gmm300-F1.pth ...
2019-03-13 02:25:20,804 - ClusterTrainer - INFO - Saving best checkpoint: logs/variational_horoma_non_overlapped/0312_205116/19/best_checkpoint_gmm300-accuracy.pth ...
