2019-03-14 20:19:37,711 - ClusterTrainer - INFO - |  Hyperparameter  |         Value         |
| :--------------- | :-------------------- |
| lr               | 0.0009986282736502486 |
| code_size        | 66                    |
| lin2_in_channels | 54                    |
| dropout          | 0.12263153113010447   |

2019-03-14 20:19:37,714 - ClusterTrainer - INFO - Train Epoch: 0
2019-03-14 20:19:37,796 - ClusterTrainer - INFO -    > [128/517313 (0%), 38.83s] Loss: 0.076986 
2019-03-14 20:19:40,790 - ClusterTrainer - INFO -    > [8192/517313 (2%), 38.12s] Loss: 0.008930 
2019-03-14 20:19:43,782 - ClusterTrainer - INFO -    > [16256/517313 (3%), 36.89s] Loss: 0.006597 
2019-03-14 20:19:46,793 - ClusterTrainer - INFO -    > [24320/517313 (5%), 36.78s] Loss: 0.006080 
2019-03-14 20:19:49,801 - ClusterTrainer - INFO -    > [32384/517313 (6%), 36.13s] Loss: 0.005166 
2019-03-14 20:19:52,842 - ClusterTrainer - INFO -    > [40448/517313 (8%), 36.24s] Loss: 0.004727 
2019-03-14 20:19:55,854 - ClusterTrainer - INFO -    > [48512/517313 (9%), 35.58s] Loss: 0.003959 
2019-03-14 20:19:58,868 - ClusterTrainer - INFO -    > [56576/517313 (11%), 34.43s] Loss: 0.003942 
2019-03-14 20:20:01,883 - ClusterTrainer - INFO -    > [64640/517313 (12%), 35.53s] Loss: 0.003605 
2019-03-14 20:20:04,888 - ClusterTrainer - INFO -    > [72704/517313 (14%), 33.05s] Loss: 0.003459 
2019-03-14 20:20:07,883 - ClusterTrainer - INFO -    > [80768/517313 (16%), 31.88s] Loss: 0.003036 
2019-03-14 20:20:10,882 - ClusterTrainer - INFO -    > [88832/517313 (17%), 31.63s] Loss: 0.003321 
2019-03-14 20:20:13,877 - ClusterTrainer - INFO -    > [96896/517313 (19%), 31.04s] Loss: 0.002988 
2019-03-14 20:20:16,869 - ClusterTrainer - INFO -    > [104960/517313 (20%), 30.88s] Loss: 0.002709 
2019-03-14 20:20:19,863 - ClusterTrainer - INFO -    > [113024/517313 (22%), 30.20s] Loss: 0.002840 
2019-03-14 20:20:22,862 - ClusterTrainer - INFO -    > [121088/517313 (23%), 29.31s] Loss: 0.002762 
2019-03-14 20:20:25,858 - ClusterTrainer - INFO -    > [129152/517313 (25%), 28.74s] Loss: 0.002803 
2019-03-14 20:20:28,850 - ClusterTrainer - INFO -    > [137216/517313 (26%), 28.10s] Loss: 0.002759 
2019-03-14 20:20:31,840 - ClusterTrainer - INFO -    > [145280/517313 (28%), 27.94s] Loss: 0.002457 
2019-03-14 20:20:34,836 - ClusterTrainer - INFO -    > [153344/517313 (30%), 26.82s] Loss: 0.002540 
2019-03-14 20:20:37,833 - ClusterTrainer - INFO -    > [161408/517313 (31%), 26.32s] Loss: 0.002383 
2019-03-14 20:20:40,825 - ClusterTrainer - INFO -    > [169472/517313 (33%), 25.69s] Loss: 0.002558 
2019-03-14 20:20:45,056 - ClusterTrainer - INFO -    > [177536/517313 (34%), 25.46s] Loss: 0.002300 
2019-03-14 20:20:48,047 - ClusterTrainer - INFO -    > [185600/517313 (36%), 25.57s] Loss: 0.002414 
2019-03-14 20:20:51,037 - ClusterTrainer - INFO -    > [193664/517313 (37%), 24.10s] Loss: 0.002261 
2019-03-14 20:20:54,027 - ClusterTrainer - INFO -    > [201728/517313 (39%), 23.57s] Loss: 0.002236 
2019-03-14 20:20:57,014 - ClusterTrainer - INFO -    > [209792/517313 (41%), 22.85s] Loss: 0.002230 
2019-03-14 20:21:00,005 - ClusterTrainer - INFO -    > [217856/517313 (42%), 22.20s] Loss: 0.002353 
2019-03-14 20:21:02,992 - ClusterTrainer - INFO -    > [225920/517313 (44%), 21.80s] Loss: 0.002135 
2019-03-14 20:21:05,981 - ClusterTrainer - INFO -    > [233984/517313 (45%), 20.96s] Loss: 0.002187 
2019-03-14 20:21:08,968 - ClusterTrainer - INFO -    > [242048/517313 (47%), 20.49s] Loss: 0.002260 
2019-03-14 20:21:11,955 - ClusterTrainer - INFO -    > [250112/517313 (48%), 19.64s] Loss: 0.002194 
2019-03-14 20:21:14,946 - ClusterTrainer - INFO -    > [258176/517313 (50%), 19.89s] Loss: 0.002053 
2019-03-14 20:21:17,936 - ClusterTrainer - INFO -    > [266240/517313 (51%), 18.43s] Loss: 0.002050 
2019-03-14 20:21:20,923 - ClusterTrainer - INFO -    > [274304/517313 (53%), 18.03s] Loss: 0.002002 
2019-03-14 20:21:23,912 - ClusterTrainer - INFO -    > [282368/517313 (55%), 17.54s] Loss: 0.001924 
2019-03-14 20:21:26,897 - ClusterTrainer - INFO -    > [290432/517313 (56%), 16.79s] Loss: 0.001923 
2019-03-14 20:21:29,886 - ClusterTrainer - INFO -    > [298496/517313 (58%), 16.27s] Loss: 0.002059 
2019-03-14 20:21:32,877 - ClusterTrainer - INFO -    > [306560/517313 (59%), 15.75s] Loss: 0.002111 
2019-03-14 20:21:35,867 - ClusterTrainer - INFO -    > [314624/517313 (61%), 15.02s] Loss: 0.001930 
2019-03-14 20:21:38,855 - ClusterTrainer - INFO -    > [322688/517313 (62%), 14.51s] Loss: 0.002061 
2019-03-14 20:21:41,845 - ClusterTrainer - INFO -    > [330752/517313 (64%), 13.73s] Loss: 0.002036 
2019-03-14 20:21:44,849 - ClusterTrainer - INFO -    > [338816/517313 (65%), 13.35s] Loss: 0.001949 
2019-03-14 20:21:47,853 - ClusterTrainer - INFO -    > [346880/517313 (67%), 12.60s] Loss: 0.001939 
2019-03-14 20:21:50,893 - ClusterTrainer - INFO -    > [354944/517313 (69%), 12.33s] Loss: 0.002006 
2019-03-14 20:21:53,898 - ClusterTrainer - INFO -    > [363008/517313 (70%), 11.69s] Loss: 0.002020 
2019-03-14 20:21:56,908 - ClusterTrainer - INFO -    > [371072/517313 (72%), 11.00s] Loss: 0.001997 
2019-03-14 20:21:59,926 - ClusterTrainer - INFO -    > [379136/517313 (73%), 10.69s] Loss: 0.001911 
2019-03-14 20:22:02,929 - ClusterTrainer - INFO -    > [387200/517313 (75%), 9.61s] Loss: 0.001761 
2019-03-14 20:22:05,924 - ClusterTrainer - INFO -    > [395264/517313 (76%), 8.97s] Loss: 0.001721 
2019-03-14 20:22:08,919 - ClusterTrainer - INFO -    > [403328/517313 (78%), 8.48s] Loss: 0.001790 
2019-03-14 20:22:11,913 - ClusterTrainer - INFO -    > [411392/517313 (79%), 7.92s] Loss: 0.001938 
2019-03-14 20:22:14,910 - ClusterTrainer - INFO -    > [419456/517313 (81%), 7.28s] Loss: 0.001755 
2019-03-14 20:22:17,902 - ClusterTrainer - INFO -    > [427520/517313 (83%), 6.68s] Loss: 0.001837 
2019-03-14 20:22:20,897 - ClusterTrainer - INFO -    > [435584/517313 (84%), 6.06s] Loss: 0.001727 
2019-03-14 20:22:23,894 - ClusterTrainer - INFO -    > [443648/517313 (86%), 5.48s] Loss: 0.001774 
2019-03-14 20:22:26,891 - ClusterTrainer - INFO -    > [451712/517313 (87%), 4.89s] Loss: 0.001762 
2019-03-14 20:22:29,888 - ClusterTrainer - INFO -    > [459776/517313 (89%), 4.33s] Loss: 0.001785 
2019-03-14 20:22:32,888 - ClusterTrainer - INFO -    > [467840/517313 (90%), 3.72s] Loss: 0.001677 
2019-03-14 20:22:35,882 - ClusterTrainer - INFO -    > [475904/517313 (92%), 3.10s] Loss: 0.001719 
2019-03-14 20:22:38,878 - ClusterTrainer - INFO -    > [483968/517313 (94%), 2.50s] Loss: 0.001921 
2019-03-14 20:22:41,871 - ClusterTrainer - INFO -    > [492032/517313 (95%), 1.89s] Loss: 0.002009 
2019-03-14 20:22:44,865 - ClusterTrainer - INFO -    > [500096/517313 (97%), 1.29s] Loss: 0.001713 
2019-03-14 20:22:47,859 - ClusterTrainer - INFO -    > [508160/517313 (98%), 0.69s] Loss: 0.001727 
2019-03-14 20:22:50,856 - ClusterTrainer - INFO -    > [516224/517313 (100%), 0.09s] Loss: 0.001786 
2019-03-14 20:22:51,270 - ClusterTrainer - INFO -    > Total loss: 0.002822
2019-03-14 20:22:51,272 - ClusterTrainer - INFO - Valid Epoch: 0
2019-03-14 20:22:51,315 - ClusterTrainer - INFO -    > [128/27436 (0%), 0.68s] Loss: 0.002055 
2019-03-14 20:22:53,900 - ClusterTrainer - INFO -    > [8192/27436 (29%), 0.49s] Loss: 0.001146 
2019-03-14 20:22:56,485 - ClusterTrainer - INFO -    > [16256/27436 (59%), 0.28s] Loss: 0.001537 
2019-03-14 20:22:59,077 - ClusterTrainer - INFO -    > [24320/27436 (88%), 0.09s] Loss: 0.000914 
2019-03-14 20:23:00,080 - ClusterTrainer - INFO -    > Total loss: 0.001561
2019-03-14 20:26:34,931 - ClusterTrainer - INFO - Saving checkpoint: logs/conv_ae_horoma/0314_172853/14/last_checkpoint.pth ...
2019-03-14 20:27:12,981 - ClusterTrainer - INFO - Saving best checkpoint: logs/conv_ae_horoma/0314_172853/14/best_checkpoint.pth ...
2019-03-14 20:27:49,352 - ClusterTrainer - INFO - Saving best checkpoint: logs/conv_ae_horoma/0314_172853/14/best_checkpoint_kmeans100-F1.pth ...
2019-03-14 20:28:27,083 - ClusterTrainer - INFO - Saving best checkpoint: logs/conv_ae_horoma/0314_172853/14/best_checkpoint_kmeans100-accuracy.pth ...
2019-03-14 20:28:30,227 - ClusterTrainer - INFO - |  Hyperparameter  |         Value          |
| :--------------- | :--------------------- |
| lr               | 1.0407300065182424e-05 |
| code_size        | 30                     |
| lin2_in_channels | 114                    |
| dropout          | 0.10616777869523882    |

2019-03-14 20:28:30,232 - ClusterTrainer - INFO - Train Epoch: 0
2019-03-14 20:28:30,313 - ClusterTrainer - INFO -    > [128/517313 (0%), 38.75s] Loss: 0.072714 
2019-03-14 20:28:33,307 - ClusterTrainer - INFO -    > [8192/517313 (2%), 37.91s] Loss: 0.076034 
2019-03-14 20:28:36,308 - ClusterTrainer - INFO -    > [16256/517313 (3%), 37.21s] Loss: 0.061155 
2019-03-14 20:28:39,307 - ClusterTrainer - INFO -    > [24320/517313 (5%), 37.85s] Loss: 0.040967 
2019-03-14 20:28:42,300 - ClusterTrainer - INFO -    > [32384/517313 (6%), 36.17s] Loss: 0.033570 
2019-03-14 20:28:45,287 - ClusterTrainer - INFO -    > [40448/517313 (8%), 35.40s] Loss: 0.029754 
2019-03-14 20:28:48,289 - ClusterTrainer - INFO -    > [48512/517313 (9%), 35.00s] Loss: 0.027691 
2019-03-14 20:28:51,330 - ClusterTrainer - INFO -    > [56576/517313 (11%), 34.76s] Loss: 0.027826 
2019-03-14 20:28:54,340 - ClusterTrainer - INFO -    > [64640/517313 (12%), 33.97s] Loss: 0.026466 
2019-03-14 20:28:57,352 - ClusterTrainer - INFO -    > [72704/517313 (14%), 33.71s] Loss: 0.024749 
2019-03-14 20:29:00,365 - ClusterTrainer - INFO -    > [80768/517313 (16%), 32.79s] Loss: 0.022058 
2019-03-14 20:29:03,381 - ClusterTrainer - INFO -    > [88832/517313 (17%), 31.97s] Loss: 0.018731 
2019-03-14 20:29:06,373 - ClusterTrainer - INFO -    > [96896/517313 (19%), 31.49s] Loss: 0.016662 
2019-03-14 20:29:09,367 - ClusterTrainer - INFO -    > [104960/517313 (20%), 30.57s] Loss: 0.014459 
2019-03-14 20:29:12,353 - ClusterTrainer - INFO -    > [113024/517313 (22%), 30.86s] Loss: 0.014678 
2019-03-14 20:29:15,342 - ClusterTrainer - INFO -    > [121088/517313 (23%), 29.20s] Loss: 0.011883 
2019-03-14 20:29:18,331 - ClusterTrainer - INFO -    > [129152/517313 (25%), 28.70s] Loss: 0.013135 
2019-03-14 20:29:21,320 - ClusterTrainer - INFO -    > [137216/517313 (26%), 28.31s] Loss: 0.012131 
2019-03-14 20:29:24,311 - ClusterTrainer - INFO -    > [145280/517313 (28%), 27.74s] Loss: 0.009912 
2019-03-14 20:29:27,304 - ClusterTrainer - INFO -    > [153344/517313 (30%), 27.27s] Loss: 0.009717 
2019-03-14 20:29:30,295 - ClusterTrainer - INFO -    > [161408/517313 (31%), 26.20s] Loss: 0.011699 
2019-03-14 20:29:33,287 - ClusterTrainer - INFO -    > [169472/517313 (33%), 26.31s] Loss: 0.010977 
2019-03-14 20:29:36,279 - ClusterTrainer - INFO -    > [177536/517313 (34%), 25.29s] Loss: 0.009931 
2019-03-14 20:29:39,271 - ClusterTrainer - INFO -    > [185600/517313 (36%), 24.34s] Loss: 0.011050 
2019-03-14 20:29:42,430 - ClusterTrainer - INFO -    > [193664/517313 (37%), 24.15s] Loss: 0.009723 
2019-03-14 20:29:45,421 - ClusterTrainer - INFO -    > [201728/517313 (39%), 23.18s] Loss: 0.009366 
2019-03-14 20:29:48,409 - ClusterTrainer - INFO -    > [209792/517313 (41%), 22.97s] Loss: 0.010333 
2019-03-14 20:29:51,399 - ClusterTrainer - INFO -    > [217856/517313 (42%), 22.43s] Loss: 0.011313 
2019-03-14 20:29:54,390 - ClusterTrainer - INFO -    > [225920/517313 (44%), 21.42s] Loss: 0.011188 
2019-03-14 20:29:57,377 - ClusterTrainer - INFO -    > [233984/517313 (45%), 21.21s] Loss: 0.010960 
2019-03-14 20:30:00,368 - ClusterTrainer - INFO -    > [242048/517313 (47%), 20.19s] Loss: 0.010571 
2019-03-14 20:30:03,360 - ClusterTrainer - INFO -    > [250112/517313 (48%), 20.53s] Loss: 0.012029 
2019-03-14 20:30:06,348 - ClusterTrainer - INFO -    > [258176/517313 (50%), 19.23s] Loss: 0.011843 
2019-03-14 20:30:09,356 - ClusterTrainer - INFO -    > [266240/517313 (51%), 18.81s] Loss: 0.009790 
2019-03-14 20:30:12,363 - ClusterTrainer - INFO -    > [274304/517313 (53%), 18.37s] Loss: 0.010011 
2019-03-14 20:30:15,406 - ClusterTrainer - INFO -    > [282368/517313 (55%), 18.06s] Loss: 0.011115 
2019-03-14 20:30:18,417 - ClusterTrainer - INFO -    > [290432/517313 (56%), 17.35s] Loss: 0.009363 
2019-03-14 20:30:21,429 - ClusterTrainer - INFO -    > [298496/517313 (58%), 16.67s] Loss: 0.009699 
2019-03-14 20:30:24,445 - ClusterTrainer - INFO -    > [306560/517313 (59%), 16.13s] Loss: 0.009638 
2019-03-14 20:30:27,453 - ClusterTrainer - INFO -    > [314624/517313 (61%), 15.14s] Loss: 0.010909 
2019-03-14 20:30:30,455 - ClusterTrainer - INFO -    > [322688/517313 (62%), 14.38s] Loss: 0.009735 
2019-03-14 20:30:33,449 - ClusterTrainer - INFO -    > [330752/517313 (64%), 13.84s] Loss: 0.009182 
2019-03-14 20:30:36,447 - ClusterTrainer - INFO -    > [338816/517313 (65%), 13.23s] Loss: 0.008611 
2019-03-14 20:30:39,443 - ClusterTrainer - INFO -    > [346880/517313 (67%), 12.74s] Loss: 0.009119 
2019-03-14 20:30:42,444 - ClusterTrainer - INFO -    > [354944/517313 (69%), 12.12s] Loss: 0.009818 
2019-03-14 20:30:45,438 - ClusterTrainer - INFO -    > [363008/517313 (70%), 11.54s] Loss: 0.010297 
2019-03-14 20:30:48,434 - ClusterTrainer - INFO -    > [371072/517313 (72%), 11.00s] Loss: 0.009717 
2019-03-14 20:30:51,430 - ClusterTrainer - INFO -    > [379136/517313 (73%), 10.59s] Loss: 0.008830 
2019-03-14 20:30:54,424 - ClusterTrainer - INFO -    > [387200/517313 (75%), 9.71s] Loss: 0.008998 
2019-03-14 20:30:57,422 - ClusterTrainer - INFO -    > [395264/517313 (76%), 9.14s] Loss: 0.009518 
2019-03-14 20:31:00,421 - ClusterTrainer - INFO -    > [403328/517313 (78%), 8.52s] Loss: 0.009617 
2019-03-14 20:31:03,413 - ClusterTrainer - INFO -    > [411392/517313 (79%), 8.10s] Loss: 0.009149 
2019-03-14 20:31:06,408 - ClusterTrainer - INFO -    > [419456/517313 (81%), 7.43s] Loss: 0.008357 
2019-03-14 20:31:09,403 - ClusterTrainer - INFO -    > [427520/517313 (83%), 6.83s] Loss: 0.009035 
2019-03-14 20:31:12,400 - ClusterTrainer - INFO -    > [435584/517313 (84%), 6.14s] Loss: 0.008517 
2019-03-14 20:31:15,398 - ClusterTrainer - INFO -    > [443648/517313 (86%), 5.45s] Loss: 0.008784 
2019-03-14 20:31:18,392 - ClusterTrainer - INFO -    > [451712/517313 (87%), 4.92s] Loss: 0.007679 
2019-03-14 20:31:21,387 - ClusterTrainer - INFO -    > [459776/517313 (89%), 4.26s] Loss: 0.006965 
2019-03-14 20:31:24,385 - ClusterTrainer - INFO -    > [467840/517313 (90%), 3.69s] Loss: 0.007437 
2019-03-14 20:31:27,379 - ClusterTrainer - INFO -    > [475904/517313 (92%), 3.07s] Loss: 0.007071 
2019-03-14 20:31:30,378 - ClusterTrainer - INFO -    > [483968/517313 (94%), 2.46s] Loss: 0.007308 
2019-03-14 20:31:33,375 - ClusterTrainer - INFO -    > [492032/517313 (95%), 1.88s] Loss: 0.007354 
2019-03-14 20:31:36,373 - ClusterTrainer - INFO -    > [500096/517313 (97%), 1.30s] Loss: 0.007678 
2019-03-14 20:31:39,368 - ClusterTrainer - INFO -    > [508160/517313 (98%), 0.69s] Loss: 0.007054 
2019-03-14 20:31:42,362 - ClusterTrainer - INFO -    > [516224/517313 (100%), 0.10s] Loss: 0.007353 
2019-03-14 20:31:42,777 - ClusterTrainer - INFO -    > Total loss: 0.014812
2019-03-14 20:31:42,778 - ClusterTrainer - INFO - Valid Epoch: 0
2019-03-14 20:31:42,821 - ClusterTrainer - INFO -    > [128/27436 (0%), 0.67s] Loss: 0.008619 
2019-03-14 20:31:45,406 - ClusterTrainer - INFO -    > [8192/27436 (29%), 0.49s] Loss: 0.011038 
2019-03-14 20:31:47,994 - ClusterTrainer - INFO -    > [16256/27436 (59%), 0.28s] Loss: 0.007570 
2019-03-14 20:31:50,578 - ClusterTrainer - INFO -    > [24320/27436 (88%), 0.08s] Loss: 0.008713 
2019-03-14 20:31:51,581 - ClusterTrainer - INFO -    > Total loss: 0.007500
2019-03-14 20:35:47,723 - ClusterTrainer - INFO - Saving checkpoint: logs/conv_ae_horoma/0314_172853/15/last_checkpoint.pth ...
2019-03-14 20:36:31,585 - ClusterTrainer - INFO - Saving best checkpoint: logs/conv_ae_horoma/0314_172853/15/best_checkpoint.pth ...
2019-03-14 20:37:09,447 - ClusterTrainer - INFO - Saving best checkpoint: logs/conv_ae_horoma/0314_172853/15/best_checkpoint_kmeans100-F1.pth ...
2019-03-14 20:37:52,764 - ClusterTrainer - INFO - Saving best checkpoint: logs/conv_ae_horoma/0314_172853/15/best_checkpoint_kmeans100-accuracy.pth ...
2019-03-14 20:37:55,930 - ClusterTrainer - INFO - |  Hyperparameter  |        Value         |
| :--------------- | :------------------- |
| lr               | 0.000992290590222059 |
| code_size        | 34                   |
| lin2_in_channels | 51                   |
| dropout          | 0.4428684905463708   |

2019-03-14 20:37:55,933 - ClusterTrainer - INFO - Train Epoch: 0
2019-03-14 20:37:56,015 - ClusterTrainer - INFO -    > [128/517313 (0%), 38.71s] Loss: 0.074147 
2019-03-14 20:37:59,013 - ClusterTrainer - INFO -    > [8192/517313 (2%), 37.61s] Loss: 0.008839 
2019-03-14 20:38:02,009 - ClusterTrainer - INFO -    > [16256/517313 (3%), 36.98s] Loss: 0.007599 
2019-03-14 20:38:05,008 - ClusterTrainer - INFO -    > [24320/517313 (5%), 37.76s] Loss: 0.006183 
2019-03-14 20:38:08,010 - ClusterTrainer - INFO -    > [32384/517313 (6%), 35.59s] Loss: 0.005667 
2019-03-14 20:38:11,005 - ClusterTrainer - INFO -    > [40448/517313 (8%), 35.14s] Loss: 0.005411 
2019-03-14 20:38:13,998 - ClusterTrainer - INFO -    > [48512/517313 (9%), 34.57s] Loss: 0.004668 
2019-03-14 20:38:16,987 - ClusterTrainer - INFO -    > [56576/517313 (11%), 33.84s] Loss: 0.004357 
2019-03-14 20:38:19,978 - ClusterTrainer - INFO -    > [64640/517313 (12%), 33.23s] Loss: 0.004600 
2019-03-14 20:38:22,969 - ClusterTrainer - INFO -    > [72704/517313 (14%), 33.35s] Loss: 0.004120 
2019-03-14 20:38:25,961 - ClusterTrainer - INFO -    > [80768/517313 (16%), 32.09s] Loss: 0.003974 
2019-03-14 20:38:28,955 - ClusterTrainer - INFO -    > [88832/517313 (17%), 31.64s] Loss: 0.004010 
2019-03-14 20:38:31,948 - ClusterTrainer - INFO -    > [96896/517313 (19%), 31.14s] Loss: 0.004112 
2019-03-14 20:38:34,939 - ClusterTrainer - INFO -    > [104960/517313 (20%), 30.36s] Loss: 0.003833 
2019-03-14 20:38:37,928 - ClusterTrainer - INFO -    > [113024/517313 (22%), 30.89s] Loss: 0.003863 
2019-03-14 20:38:40,919 - ClusterTrainer - INFO -    > [121088/517313 (23%), 29.32s] Loss: 0.003695 
2019-03-14 20:38:43,913 - ClusterTrainer - INFO -    > [129152/517313 (25%), 28.44s] Loss: 0.003528 
2019-03-14 20:38:46,906 - ClusterTrainer - INFO -    > [137216/517313 (26%), 28.33s] Loss: 0.003602 
2019-03-14 20:38:49,896 - ClusterTrainer - INFO -    > [145280/517313 (28%), 27.68s] Loss: 0.003480 
2019-03-14 20:38:52,888 - ClusterTrainer - INFO -    > [153344/517313 (30%), 27.06s] Loss: 0.003375 
2019-03-14 20:38:55,881 - ClusterTrainer - INFO -    > [161408/517313 (31%), 26.48s] Loss: 0.003169 
2019-03-14 20:38:58,872 - ClusterTrainer - INFO -    > [169472/517313 (33%), 25.58s] Loss: 0.003186 
2019-03-14 20:39:01,863 - ClusterTrainer - INFO -    > [177536/517313 (34%), 25.46s] Loss: 0.003550 
2019-03-14 20:39:04,854 - ClusterTrainer - INFO -    > [185600/517313 (36%), 24.52s] Loss: 0.003326 
2019-03-14 20:39:07,846 - ClusterTrainer - INFO -    > [193664/517313 (37%), 23.87s] Loss: 0.003117 
2019-03-14 20:39:10,837 - ClusterTrainer - INFO -    > [201728/517313 (39%), 23.38s] Loss: 0.003003 
2019-03-14 20:39:13,826 - ClusterTrainer - INFO -    > [209792/517313 (41%), 22.58s] Loss: 0.003285 
2019-03-14 20:39:16,817 - ClusterTrainer - INFO -    > [217856/517313 (42%), 22.50s] Loss: 0.003199 
2019-03-14 20:39:19,811 - ClusterTrainer - INFO -    > [225920/517313 (44%), 21.87s] Loss: 0.003266 
2019-03-14 20:39:22,801 - ClusterTrainer - INFO -    > [233984/517313 (45%), 20.69s] Loss: 0.003074 
2019-03-14 20:39:25,796 - ClusterTrainer - INFO -    > [242048/517313 (47%), 20.43s] Loss: 0.003155 
2019-03-14 20:39:28,792 - ClusterTrainer - INFO -    > [250112/517313 (48%), 19.74s] Loss: 0.003074 
2019-03-14 20:39:31,785 - ClusterTrainer - INFO -    > [258176/517313 (50%), 19.41s] Loss: 0.003029 
2019-03-14 20:39:34,777 - ClusterTrainer - INFO -    > [266240/517313 (51%), 18.41s] Loss: 0.002914 
2019-03-14 20:39:37,780 - ClusterTrainer - INFO -    > [274304/517313 (53%), 18.49s] Loss: 0.002978 
2019-03-14 20:39:41,666 - ClusterTrainer - INFO -    > [282368/517313 (55%), 17.72s] Loss: 0.002926 
2019-03-14 20:39:44,659 - ClusterTrainer - INFO -    > [290432/517313 (56%), 16.71s] Loss: 0.002952 
2019-03-14 20:39:47,648 - ClusterTrainer - INFO -    > [298496/517313 (58%), 16.15s] Loss: 0.003032 
2019-03-14 20:39:50,643 - ClusterTrainer - INFO -    > [306560/517313 (59%), 15.61s] Loss: 0.003041 
2019-03-14 20:39:53,635 - ClusterTrainer - INFO -    > [314624/517313 (61%), 15.03s] Loss: 0.002859 
2019-03-14 20:39:56,624 - ClusterTrainer - INFO -    > [322688/517313 (62%), 14.36s] Loss: 0.002908 
2019-03-14 20:39:59,618 - ClusterTrainer - INFO -    > [330752/517313 (64%), 13.70s] Loss: 0.002875 
2019-03-14 20:40:02,608 - ClusterTrainer - INFO -    > [338816/517313 (65%), 13.26s] Loss: 0.002772 
2019-03-14 20:40:05,602 - ClusterTrainer - INFO -    > [346880/517313 (67%), 12.63s] Loss: 0.003160 
2019-03-14 20:40:08,593 - ClusterTrainer - INFO -    > [354944/517313 (69%), 11.99s] Loss: 0.003009 
2019-03-14 20:40:11,583 - ClusterTrainer - INFO -    > [363008/517313 (70%), 11.46s] Loss: 0.002917 
2019-03-14 20:40:14,575 - ClusterTrainer - INFO -    > [371072/517313 (72%), 10.76s] Loss: 0.003077 
2019-03-14 20:40:17,570 - ClusterTrainer - INFO -    > [379136/517313 (73%), 10.18s] Loss: 0.002948 
2019-03-14 20:40:20,562 - ClusterTrainer - INFO -    > [387200/517313 (75%), 9.59s] Loss: 0.002744 
2019-03-14 20:40:23,551 - ClusterTrainer - INFO -    > [395264/517313 (76%), 9.09s] Loss: 0.003115 
2019-03-14 20:40:26,542 - ClusterTrainer - INFO -    > [403328/517313 (78%), 8.50s] Loss: 0.002875 
2019-03-14 20:40:29,534 - ClusterTrainer - INFO -    > [411392/517313 (79%), 7.75s] Loss: 0.002920 
2019-03-14 20:40:32,529 - ClusterTrainer - INFO -    > [419456/517313 (81%), 7.20s] Loss: 0.002893 
2019-03-14 20:40:35,517 - ClusterTrainer - INFO -    > [427520/517313 (83%), 6.70s] Loss: 0.002786 
2019-03-14 20:40:38,513 - ClusterTrainer - INFO -    > [435584/517313 (84%), 6.17s] Loss: 0.002759 
2019-03-14 20:40:41,518 - ClusterTrainer - INFO -    > [443648/517313 (86%), 5.47s] Loss: 0.002716 
2019-03-14 20:40:44,564 - ClusterTrainer - INFO -    > [451712/517313 (87%), 4.85s] Loss: 0.003029 
2019-03-14 20:40:47,579 - ClusterTrainer - INFO -    > [459776/517313 (89%), 4.35s] Loss: 0.002654 
2019-03-14 20:40:50,586 - ClusterTrainer - INFO -    > [467840/517313 (90%), 3.73s] Loss: 0.002773 
2019-03-14 20:40:53,599 - ClusterTrainer - INFO -    > [475904/517313 (92%), 3.15s] Loss: 0.002619 
2019-03-14 20:40:56,607 - ClusterTrainer - INFO -    > [483968/517313 (94%), 2.48s] Loss: 0.002809 
2019-03-14 20:40:59,616 - ClusterTrainer - INFO -    > [492032/517313 (95%), 1.91s] Loss: 0.002774 
2019-03-14 20:41:02,627 - ClusterTrainer - INFO -    > [500096/517313 (97%), 1.29s] Loss: 0.002754 
2019-03-14 20:41:05,632 - ClusterTrainer - INFO -    > [508160/517313 (98%), 0.70s] Loss: 0.002876 
2019-03-14 20:41:08,642 - ClusterTrainer - INFO -    > [516224/517313 (100%), 0.10s] Loss: 0.002887 
2019-03-14 20:41:09,058 - ClusterTrainer - INFO -    > Total loss: 0.003705
2019-03-14 20:41:09,060 - ClusterTrainer - INFO - Valid Epoch: 0
2019-03-14 20:41:09,102 - ClusterTrainer - INFO -    > [128/27436 (0%), 0.70s] Loss: 0.003529 
2019-03-14 20:41:11,700 - ClusterTrainer - INFO -    > [8192/27436 (29%), 0.48s] Loss: 0.003202 
2019-03-14 20:41:14,293 - ClusterTrainer - INFO -    > [16256/27436 (59%), 0.28s] Loss: 0.001014 
2019-03-14 20:41:16,891 - ClusterTrainer - INFO -    > [24320/27436 (88%), 0.08s] Loss: 0.001760 
2019-03-14 20:41:17,897 - ClusterTrainer - INFO -    > Total loss: 0.002007
2019-03-14 20:45:18,467 - ClusterTrainer - INFO - Saving checkpoint: logs/conv_ae_horoma/0314_172853/16/last_checkpoint.pth ...
2019-03-14 20:45:59,372 - ClusterTrainer - INFO - Saving best checkpoint: logs/conv_ae_horoma/0314_172853/16/best_checkpoint.pth ...
2019-03-14 20:46:39,295 - ClusterTrainer - INFO - Saving best checkpoint: logs/conv_ae_horoma/0314_172853/16/best_checkpoint_kmeans100-F1.pth ...
2019-03-14 20:47:30,248 - ClusterTrainer - INFO - Saving best checkpoint: logs/conv_ae_horoma/0314_172853/16/best_checkpoint_kmeans100-accuracy.pth ...
2019-03-14 20:47:33,714 - ClusterTrainer - INFO - |  Hyperparameter  |         Value         |
| :--------------- | :-------------------- |
| lr               | 0.0009881816240096086 |
| code_size        | 74                    |
| lin2_in_channels | 117                   |
| dropout          | 0.22496288436006429   |

2019-03-14 20:47:33,718 - ClusterTrainer - INFO - Train Epoch: 0
2019-03-14 20:47:33,800 - ClusterTrainer - INFO -    > [128/517313 (0%), 39.03s] Loss: 0.076645 
2019-03-14 20:47:36,852 - ClusterTrainer - INFO -    > [8192/517313 (2%), 39.11s] Loss: 0.009435 
2019-03-14 20:47:39,917 - ClusterTrainer - INFO -    > [16256/517313 (3%), 38.83s] Loss: 0.006901 
2019-03-14 20:47:42,973 - ClusterTrainer - INFO -    > [24320/517313 (5%), 36.86s] Loss: 0.005542 
2019-03-14 20:47:46,014 - ClusterTrainer - INFO -    > [32384/517313 (6%), 36.93s] Loss: 0.005000 
2019-03-14 20:47:49,058 - ClusterTrainer - INFO -    > [40448/517313 (8%), 36.81s] Loss: 0.004704 
2019-03-14 20:47:52,104 - ClusterTrainer - INFO -    > [48512/517313 (9%), 36.10s] Loss: 0.004049 
2019-03-14 20:47:55,148 - ClusterTrainer - INFO -    > [56576/517313 (11%), 35.50s] Loss: 0.003803 
2019-03-14 20:47:58,193 - ClusterTrainer - INFO -    > [64640/517313 (12%), 34.88s] Loss: 0.003514 
2019-03-14 20:48:01,240 - ClusterTrainer - INFO -    > [72704/517313 (14%), 34.40s] Loss: 0.003474 
2019-03-14 20:48:04,287 - ClusterTrainer - INFO -    > [80768/517313 (16%), 33.53s] Loss: 0.003354 
2019-03-14 20:48:07,332 - ClusterTrainer - INFO -    > [88832/517313 (17%), 32.61s] Loss: 0.003002 
2019-03-14 20:48:10,378 - ClusterTrainer - INFO -    > [96896/517313 (19%), 32.24s] Loss: 0.003046 
2019-03-14 20:48:13,425 - ClusterTrainer - INFO -    > [104960/517313 (20%), 32.49s] Loss: 0.003396 
2019-03-14 20:48:16,472 - ClusterTrainer - INFO -    > [113024/517313 (22%), 30.74s] Loss: 0.003069 
2019-03-14 20:48:19,516 - ClusterTrainer - INFO -    > [121088/517313 (23%), 30.42s] Loss: 0.002907 
2019-03-14 20:48:22,562 - ClusterTrainer - INFO -    > [129152/517313 (25%), 29.42s] Loss: 0.002655 
2019-03-14 20:48:25,603 - ClusterTrainer - INFO -    > [137216/517313 (26%), 29.09s] Loss: 0.002773 
2019-03-14 20:48:28,647 - ClusterTrainer - INFO -    > [145280/517313 (28%), 28.90s] Loss: 0.002913 
2019-03-14 20:48:31,691 - ClusterTrainer - INFO -    > [153344/517313 (30%), 28.32s] Loss: 0.002393 
2019-03-14 20:48:34,745 - ClusterTrainer - INFO -    > [161408/517313 (31%), 27.36s] Loss: 0.002669 
2019-03-14 20:48:37,777 - ClusterTrainer - INFO -    > [169472/517313 (33%), 26.95s] Loss: 0.002385 
2019-03-14 20:48:40,822 - ClusterTrainer - INFO -    > [177536/517313 (34%), 26.40s] Loss: 0.002305 
2019-03-14 20:48:43,868 - ClusterTrainer - INFO -    > [185600/517313 (36%), 26.37s] Loss: 0.002628 
2019-03-14 20:48:46,910 - ClusterTrainer - INFO -    > [193664/517313 (37%), 25.68s] Loss: 0.002403 
2019-03-14 20:48:49,955 - ClusterTrainer - INFO -    > [201728/517313 (39%), 24.49s] Loss: 0.002571 
2019-03-14 20:48:53,002 - ClusterTrainer - INFO -    > [209792/517313 (41%), 23.44s] Loss: 0.002343 
2019-03-14 20:48:56,045 - ClusterTrainer - INFO -    > [217856/517313 (42%), 23.12s] Loss: 0.002283 
2019-03-14 20:48:59,096 - ClusterTrainer - INFO -    > [225920/517313 (44%), 22.80s] Loss: 0.002365 
2019-03-14 20:49:02,146 - ClusterTrainer - INFO -    > [233984/517313 (45%), 21.89s] Loss: 0.002322 
2019-03-14 20:49:05,195 - ClusterTrainer - INFO -    > [242048/517313 (47%), 21.31s] Loss: 0.002276 
2019-03-14 20:49:08,248 - ClusterTrainer - INFO -    > [250112/517313 (48%), 20.42s] Loss: 0.002295 
2019-03-14 20:49:11,298 - ClusterTrainer - INFO -    > [258176/517313 (50%), 20.03s] Loss: 0.002028 
2019-03-14 20:49:14,351 - ClusterTrainer - INFO -    > [266240/517313 (51%), 19.28s] Loss: 0.002141 
2019-03-14 20:49:17,400 - ClusterTrainer - INFO -    > [274304/517313 (53%), 18.81s] Loss: 0.002081 
2019-03-14 20:49:20,449 - ClusterTrainer - INFO -    > [282368/517313 (55%), 18.08s] Loss: 0.002151 
2019-03-14 20:49:23,496 - ClusterTrainer - INFO -    > [290432/517313 (56%), 17.44s] Loss: 0.002069 
2019-03-14 20:49:26,546 - ClusterTrainer - INFO -    > [298496/517313 (58%), 17.01s] Loss: 0.001998 
2019-03-14 20:49:29,617 - ClusterTrainer - INFO -    > [306560/517313 (59%), 15.80s] Loss: 0.002012 
2019-03-14 20:49:32,643 - ClusterTrainer - INFO -    > [314624/517313 (61%), 15.43s] Loss: 0.002054 
2019-03-14 20:49:35,662 - ClusterTrainer - INFO -    > [322688/517313 (62%), 15.06s] Loss: 0.001998 
2019-03-14 20:49:38,681 - ClusterTrainer - INFO -    > [330752/517313 (64%), 13.71s] Loss: 0.002129 
2019-03-14 20:49:41,698 - ClusterTrainer - INFO -    > [338816/517313 (65%), 13.32s] Loss: 0.002052 
2019-03-14 20:49:44,714 - ClusterTrainer - INFO -    > [346880/517313 (67%), 13.16s] Loss: 0.002077 
2019-03-14 20:49:47,732 - ClusterTrainer - INFO -    > [354944/517313 (69%), 12.31s] Loss: 0.002082 
2019-03-14 20:49:50,747 - ClusterTrainer - INFO -    > [363008/517313 (70%), 11.42s] Loss: 0.001944 
2019-03-14 20:49:53,769 - ClusterTrainer - INFO -    > [371072/517313 (72%), 11.16s] Loss: 0.001972 
2019-03-14 20:49:56,787 - ClusterTrainer - INFO -    > [379136/517313 (73%), 10.64s] Loss: 0.001927 
2019-03-14 20:49:59,801 - ClusterTrainer - INFO -    > [387200/517313 (75%), 9.64s] Loss: 0.001910 
2019-03-14 20:50:02,820 - ClusterTrainer - INFO -    > [395264/517313 (76%), 9.08s] Loss: 0.001963 
2019-03-14 20:50:05,837 - ClusterTrainer - INFO -    > [403328/517313 (78%), 8.75s] Loss: 0.001820 
2019-03-14 20:50:08,856 - ClusterTrainer - INFO -    > [411392/517313 (79%), 8.02s] Loss: 0.002067 
2019-03-14 20:50:11,872 - ClusterTrainer - INFO -    > [419456/517313 (81%), 7.27s] Loss: 0.002013 
2019-03-14 20:50:14,889 - ClusterTrainer - INFO -    > [427520/517313 (83%), 6.76s] Loss: 0.001894 
2019-03-14 20:50:17,902 - ClusterTrainer - INFO -    > [435584/517313 (84%), 6.26s] Loss: 0.001930 
2019-03-14 20:50:20,918 - ClusterTrainer - INFO -    > [443648/517313 (86%), 5.69s] Loss: 0.001853 
2019-03-14 20:50:23,937 - ClusterTrainer - INFO -    > [451712/517313 (87%), 4.86s] Loss: 0.001884 
2019-03-14 20:50:26,953 - ClusterTrainer - INFO -    > [459776/517313 (89%), 4.33s] Loss: 0.001953 
2019-03-14 20:50:29,977 - ClusterTrainer - INFO -    > [467840/517313 (90%), 3.81s] Loss: 0.001944 
2019-03-14 20:50:32,988 - ClusterTrainer - INFO -    > [475904/517313 (92%), 3.13s] Loss: 0.001765 
2019-03-14 20:50:36,000 - ClusterTrainer - INFO -    > [483968/517313 (94%), 2.62s] Loss: 0.001758 
2019-03-14 20:50:39,038 - ClusterTrainer - INFO -    > [492032/517313 (95%), 1.96s] Loss: 0.001972 
2019-03-14 20:50:42,075 - ClusterTrainer - INFO -    > [500096/517313 (97%), 1.31s] Loss: 0.002038 
2019-03-14 20:50:45,109 - ClusterTrainer - INFO -    > [508160/517313 (98%), 0.71s] Loss: 0.001830 
2019-03-14 20:50:48,146 - ClusterTrainer - INFO -    > [516224/517313 (100%), 0.10s] Loss: 0.001902 
2019-03-14 20:50:48,567 - ClusterTrainer - INFO -    > Total loss: 0.002858
2019-03-14 20:50:48,569 - ClusterTrainer - INFO - Valid Epoch: 0
2019-03-14 20:50:48,612 - ClusterTrainer - INFO -    > [128/27436 (0%), 0.73s] Loss: 0.002066 
2019-03-14 20:50:51,238 - ClusterTrainer - INFO -    > [8192/27436 (29%), 0.53s] Loss: 0.001821 
2019-03-14 20:50:53,865 - ClusterTrainer - INFO -    > [16256/27436 (59%), 0.31s] Loss: 0.001568 
2019-03-14 20:50:56,490 - ClusterTrainer - INFO -    > [24320/27436 (88%), 0.09s] Loss: 0.000255 
2019-03-14 20:50:57,507 - ClusterTrainer - INFO -    > Total loss: 0.001502
2019-03-14 20:54:46,630 - ClusterTrainer - INFO - Saving checkpoint: logs/conv_ae_horoma/0314_172853/17/last_checkpoint.pth ...
2019-03-14 20:55:20,260 - ClusterTrainer - INFO - Saving best checkpoint: logs/conv_ae_horoma/0314_172853/17/best_checkpoint.pth ...
2019-03-14 20:56:02,655 - ClusterTrainer - INFO - Saving best checkpoint: logs/conv_ae_horoma/0314_172853/17/best_checkpoint_kmeans100-F1.pth ...
2019-03-14 20:56:48,262 - ClusterTrainer - INFO - Saving best checkpoint: logs/conv_ae_horoma/0314_172853/17/best_checkpoint_kmeans100-accuracy.pth ...
2019-03-14 20:56:51,929 - ClusterTrainer - INFO - |  Hyperparameter  |        Value         |
| :--------------- | :------------------- |
| lr               | 0.000967528798346777 |
| code_size        | 32                   |
| lin2_in_channels | 116                  |
| dropout          | 0.11095174808637008  |

2019-03-14 20:56:51,932 - ClusterTrainer - INFO - Train Epoch: 0
2019-03-14 20:56:52,014 - ClusterTrainer - INFO -    > [128/517313 (0%), 39.52s] Loss: 0.077914 
2019-03-14 20:56:55,044 - ClusterTrainer - INFO -    > [8192/517313 (2%), 38.54s] Loss: 0.009367 
2019-03-14 20:56:58,063 - ClusterTrainer - INFO -    > [16256/517313 (3%), 37.35s] Loss: 0.006789 
2019-03-14 20:57:01,078 - ClusterTrainer - INFO -    > [24320/517313 (5%), 37.10s] Loss: 0.005311 
2019-03-14 20:57:04,100 - ClusterTrainer - INFO -    > [32384/517313 (6%), 36.77s] Loss: 0.004663 
2019-03-14 20:57:07,113 - ClusterTrainer - INFO -    > [40448/517313 (8%), 36.62s] Loss: 0.004473 
2019-03-14 20:57:10,128 - ClusterTrainer - INFO -    > [48512/517313 (9%), 34.77s] Loss: 0.003958 
2019-03-14 20:57:13,144 - ClusterTrainer - INFO -    > [56576/517313 (11%), 34.65s] Loss: 0.003545 
2019-03-14 20:57:16,157 - ClusterTrainer - INFO -    > [64640/517313 (12%), 34.34s] Loss: 0.003549 
2019-03-14 20:57:19,171 - ClusterTrainer - INFO -    > [72704/517313 (14%), 32.88s] Loss: 0.003280 
2019-03-14 20:57:22,185 - ClusterTrainer - INFO -    > [80768/517313 (16%), 32.32s] Loss: 0.002822 
2019-03-14 20:57:27,758 - ClusterTrainer - INFO -    > [88832/517313 (17%), 33.20s] Loss: 0.002999 
2019-03-14 20:57:30,774 - ClusterTrainer - INFO -    > [96896/517313 (19%), 31.88s] Loss: 0.003125 
2019-03-14 20:57:33,786 - ClusterTrainer - INFO -    > [104960/517313 (20%), 30.29s] Loss: 0.002831 
2019-03-14 20:57:36,800 - ClusterTrainer - INFO -    > [113024/517313 (22%), 29.99s] Loss: 0.002769 
2019-03-14 20:57:39,814 - ClusterTrainer - INFO -    > [121088/517313 (23%), 29.86s] Loss: 0.002628 
2019-03-14 20:57:42,829 - ClusterTrainer - INFO -    > [129152/517313 (25%), 30.03s] Loss: 0.002490 
2019-03-14 20:57:45,846 - ClusterTrainer - INFO -    > [137216/517313 (26%), 28.65s] Loss: 0.002666 
2019-03-14 20:57:48,858 - ClusterTrainer - INFO -    > [145280/517313 (28%), 27.69s] Loss: 0.002502 
2019-03-14 20:57:51,873 - ClusterTrainer - INFO -    > [153344/517313 (30%), 26.99s] Loss: 0.002725 
2019-03-14 20:57:54,887 - ClusterTrainer - INFO -    > [161408/517313 (31%), 26.74s] Loss: 0.002470 
2019-03-14 20:57:57,888 - ClusterTrainer - INFO -    > [169472/517313 (33%), 25.99s] Loss: 0.002325 
2019-03-14 20:58:00,930 - ClusterTrainer - INFO -    > [177536/517313 (34%), 26.15s] Loss: 0.002425 
2019-03-14 20:58:03,967 - ClusterTrainer - INFO -    > [185600/517313 (36%), 25.31s] Loss: 0.002347 
2019-03-14 20:58:07,002 - ClusterTrainer - INFO -    > [193664/517313 (37%), 24.54s] Loss: 0.002508 
2019-03-14 20:58:10,042 - ClusterTrainer - INFO -    > [201728/517313 (39%), 24.15s] Loss: 0.002302 
2019-03-14 20:58:13,076 - ClusterTrainer - INFO -    > [209792/517313 (41%), 23.73s] Loss: 0.002212 
2019-03-14 20:58:16,109 - ClusterTrainer - INFO -    > [217856/517313 (42%), 22.22s] Loss: 0.002197 
2019-03-14 20:58:19,140 - ClusterTrainer - INFO -    > [225920/517313 (44%), 22.13s] Loss: 0.002301 
2019-03-14 20:58:22,181 - ClusterTrainer - INFO -    > [233984/517313 (45%), 21.69s] Loss: 0.002228 
2019-03-14 20:58:25,217 - ClusterTrainer - INFO -    > [242048/517313 (47%), 21.35s] Loss: 0.002107 
2019-03-14 20:58:28,280 - ClusterTrainer - INFO -    > [250112/517313 (48%), 20.31s] Loss: 0.002038 
2019-03-14 20:58:31,309 - ClusterTrainer - INFO -    > [258176/517313 (50%), 19.74s] Loss: 0.002436 
2019-03-14 20:58:34,344 - ClusterTrainer - INFO -    > [266240/517313 (51%), 19.20s] Loss: 0.002045 
2019-03-14 20:58:37,386 - ClusterTrainer - INFO -    > [274304/517313 (53%), 18.66s] Loss: 0.002294 
2019-03-14 20:58:40,430 - ClusterTrainer - INFO -    > [282368/517313 (55%), 18.09s] Loss: 0.002113 
2019-03-14 20:58:43,470 - ClusterTrainer - INFO -    > [290432/517313 (56%), 17.32s] Loss: 0.002323 
2019-03-14 20:58:46,514 - ClusterTrainer - INFO -    > [298496/517313 (58%), 16.77s] Loss: 0.002192 
2019-03-14 20:58:49,557 - ClusterTrainer - INFO -    > [306560/517313 (59%), 16.45s] Loss: 0.002279 
2019-03-14 20:58:52,599 - ClusterTrainer - INFO -    > [314624/517313 (61%), 15.49s] Loss: 0.002061 
2019-03-14 20:58:55,643 - ClusterTrainer - INFO -    > [322688/517313 (62%), 15.16s] Loss: 0.002198 
2019-03-14 20:58:58,695 - ClusterTrainer - INFO -    > [330752/517313 (64%), 14.24s] Loss: 0.002129 
2019-03-14 20:59:01,741 - ClusterTrainer - INFO -    > [338816/517313 (65%), 13.62s] Loss: 0.002052 
2019-03-14 20:59:04,786 - ClusterTrainer - INFO -    > [346880/517313 (67%), 12.84s] Loss: 0.002288 
2019-03-14 20:59:07,841 - ClusterTrainer - INFO -    > [354944/517313 (69%), 12.47s] Loss: 0.002183 
2019-03-14 20:59:10,877 - ClusterTrainer - INFO -    > [363008/517313 (70%), 11.76s] Loss: 0.002150 
2019-03-14 20:59:13,908 - ClusterTrainer - INFO -    > [371072/517313 (72%), 11.38s] Loss: 0.002084 
2019-03-14 20:59:16,944 - ClusterTrainer - INFO -    > [379136/517313 (73%), 10.61s] Loss: 0.002230 
2019-03-14 20:59:19,988 - ClusterTrainer - INFO -    > [387200/517313 (75%), 10.02s] Loss: 0.002328 
2019-03-14 20:59:23,029 - ClusterTrainer - INFO -    > [395264/517313 (76%), 9.39s] Loss: 0.002156 
2019-03-14 20:59:26,073 - ClusterTrainer - INFO -    > [403328/517313 (78%), 8.72s] Loss: 0.002161 
2019-03-14 20:59:29,115 - ClusterTrainer - INFO -    > [411392/517313 (79%), 8.08s] Loss: 0.002368 
2019-03-14 20:59:32,159 - ClusterTrainer - INFO -    > [419456/517313 (81%), 7.44s] Loss: 0.001999 
2019-03-14 20:59:35,208 - ClusterTrainer - INFO -    > [427520/517313 (83%), 6.97s] Loss: 0.002281 
2019-03-14 20:59:38,254 - ClusterTrainer - INFO -    > [435584/517313 (84%), 6.40s] Loss: 0.002168 
2019-03-14 20:59:41,300 - ClusterTrainer - INFO -    > [443648/517313 (86%), 5.69s] Loss: 0.001981 
2019-03-14 20:59:44,352 - ClusterTrainer - INFO -    > [451712/517313 (87%), 5.05s] Loss: 0.002167 
2019-03-14 20:59:47,402 - ClusterTrainer - INFO -    > [459776/517313 (89%), 4.46s] Loss: 0.002276 
2019-03-14 20:59:50,447 - ClusterTrainer - INFO -    > [467840/517313 (90%), 3.83s] Loss: 0.001875 
2019-03-14 20:59:53,494 - ClusterTrainer - INFO -    > [475904/517313 (92%), 3.16s] Loss: 0.002168 
2019-03-14 20:59:56,543 - ClusterTrainer - INFO -    > [483968/517313 (94%), 2.58s] Loss: 0.002078 
2019-03-14 20:59:59,592 - ClusterTrainer - INFO -    > [492032/517313 (95%), 1.97s] Loss: 0.002124 
2019-03-14 21:00:02,642 - ClusterTrainer - INFO -    > [500096/517313 (97%), 1.32s] Loss: 0.001949 
2019-03-14 21:00:05,687 - ClusterTrainer - INFO -    > [508160/517313 (98%), 0.72s] Loss: 0.002123 
2019-03-14 21:00:08,736 - ClusterTrainer - INFO -    > [516224/517313 (100%), 0.10s] Loss: 0.002225 
2019-03-14 21:00:09,156 - ClusterTrainer - INFO -    > Total loss: 0.002876
2019-03-14 21:00:09,158 - ClusterTrainer - INFO - Valid Epoch: 0
2019-03-14 21:00:09,202 - ClusterTrainer - INFO -    > [128/27436 (0%), 0.75s] Loss: 0.001906 
2019-03-14 21:00:11,834 - ClusterTrainer - INFO -    > [8192/27436 (29%), 0.53s] Loss: 0.003114 
2019-03-14 21:00:14,454 - ClusterTrainer - INFO -    > [16256/27436 (59%), 0.31s] Loss: 0.002639 
2019-03-14 21:00:17,099 - ClusterTrainer - INFO -    > [24320/27436 (88%), 0.09s] Loss: 0.000868 
2019-03-14 21:00:18,123 - ClusterTrainer - INFO -    > Total loss: 0.002018
2019-03-14 21:03:53,211 - ClusterTrainer - INFO - Saving checkpoint: logs/conv_ae_horoma/0314_172853/18/last_checkpoint.pth ...
2019-03-14 21:07:16,297 - ClusterTrainer - INFO - Saving best checkpoint: logs/conv_ae_horoma/0314_172853/18/best_checkpoint.pth ...
2019-03-14 21:07:59,150 - ClusterTrainer - INFO - Saving best checkpoint: logs/conv_ae_horoma/0314_172853/18/best_checkpoint_kmeans100-F1.pth ...
2019-03-14 21:08:42,863 - ClusterTrainer - INFO - Saving best checkpoint: logs/conv_ae_horoma/0314_172853/18/best_checkpoint_kmeans100-accuracy.pth ...
2019-03-14 21:08:46,863 - ClusterTrainer - INFO - |  Hyperparameter  | Value |
| :--------------- | :---- |
| lr               | 0.001 |
| code_size        | 75    |
| lin2_in_channels | 120   |
| dropout          | 0.1   |

2019-03-14 21:08:46,866 - ClusterTrainer - INFO - Train Epoch: 0
2019-03-14 21:08:46,949 - ClusterTrainer - INFO -    > [128/517313 (0%), 39.33s] Loss: 0.074586 
2019-03-14 21:08:50,006 - ClusterTrainer - INFO -    > [8192/517313 (2%), 39.56s] Loss: 0.008464 
2019-03-14 21:08:53,066 - ClusterTrainer - INFO -    > [16256/517313 (3%), 38.69s] Loss: 0.007256 
2019-03-14 21:08:56,122 - ClusterTrainer - INFO -    > [24320/517313 (5%), 38.20s] Loss: 0.006162 
2019-03-14 21:08:59,161 - ClusterTrainer - INFO -    > [32384/517313 (6%), 37.16s] Loss: 0.005367 
2019-03-14 21:09:02,185 - ClusterTrainer - INFO -    > [40448/517313 (8%), 35.88s] Loss: 0.004448 
2019-03-14 21:09:05,203 - ClusterTrainer - INFO -    > [48512/517313 (9%), 35.91s] Loss: 0.003794 
2019-03-14 21:09:08,217 - ClusterTrainer - INFO -    > [56576/517313 (11%), 34.49s] Loss: 0.003512 
2019-03-14 21:09:11,237 - ClusterTrainer - INFO -    > [64640/517313 (12%), 34.15s] Loss: 0.003453 
2019-03-14 21:09:14,254 - ClusterTrainer - INFO -    > [72704/517313 (14%), 33.38s] Loss: 0.003325 
2019-03-14 21:09:17,273 - ClusterTrainer - INFO -    > [80768/517313 (16%), 33.71s] Loss: 0.002910 
2019-03-14 21:09:20,291 - ClusterTrainer - INFO -    > [88832/517313 (17%), 32.07s] Loss: 0.002943 
2019-03-14 21:09:23,314 - ClusterTrainer - INFO -    > [96896/517313 (19%), 31.74s] Loss: 0.002457 
2019-03-14 21:09:26,333 - ClusterTrainer - INFO -    > [104960/517313 (20%), 31.53s] Loss: 0.002887 
2019-03-14 21:09:29,354 - ClusterTrainer - INFO -    > [113024/517313 (22%), 31.12s] Loss: 0.002310 
2019-03-14 21:09:32,371 - ClusterTrainer - INFO -    > [121088/517313 (23%), 29.44s] Loss: 0.002528 
2019-03-14 21:09:35,389 - ClusterTrainer - INFO -    > [129152/517313 (25%), 29.79s] Loss: 0.002507 
2019-03-14 21:09:38,405 - ClusterTrainer - INFO -    > [137216/517313 (26%), 28.58s] Loss: 0.002350 
2019-03-14 21:09:41,431 - ClusterTrainer - INFO -    > [145280/517313 (28%), 27.55s] Loss: 0.002332 
2019-03-14 21:09:44,448 - ClusterTrainer - INFO -    > [153344/517313 (30%), 27.95s] Loss: 0.002336 
2019-03-14 21:09:47,465 - ClusterTrainer - INFO -    > [161408/517313 (31%), 27.60s] Loss: 0.002421 
2019-03-14 21:09:50,480 - ClusterTrainer - INFO -    > [169472/517313 (33%), 27.26s] Loss: 0.002210 
2019-03-14 21:09:53,499 - ClusterTrainer - INFO -    > [177536/517313 (34%), 25.33s] Loss: 0.002235 
2019-03-14 21:09:56,515 - ClusterTrainer - INFO -    > [185600/517313 (36%), 24.94s] Loss: 0.002120 
2019-03-14 21:09:59,536 - ClusterTrainer - INFO -    > [193664/517313 (37%), 25.00s] Loss: 0.002048 
2019-03-14 21:10:02,555 - ClusterTrainer - INFO -    > [201728/517313 (39%), 23.36s] Loss: 0.002171 
2019-03-14 21:10:05,566 - ClusterTrainer - INFO -    > [209792/517313 (41%), 23.75s] Loss: 0.002005 
2019-03-14 21:10:08,605 - ClusterTrainer - INFO -    > [217856/517313 (42%), 23.01s] Loss: 0.002021 
2019-03-14 21:10:11,641 - ClusterTrainer - INFO -    > [225920/517313 (44%), 22.33s] Loss: 0.001992 
2019-03-14 21:10:14,678 - ClusterTrainer - INFO -    > [233984/517313 (45%), 21.25s] Loss: 0.002167 
2019-03-14 21:10:17,717 - ClusterTrainer - INFO -    > [242048/517313 (47%), 21.03s] Loss: 0.001929 
2019-03-14 21:10:20,752 - ClusterTrainer - INFO -    > [250112/517313 (48%), 20.18s] Loss: 0.001799 
2019-03-14 21:10:23,791 - ClusterTrainer - INFO -    > [258176/517313 (50%), 19.72s] Loss: 0.001941 
2019-03-14 21:10:26,832 - ClusterTrainer - INFO -    > [266240/517313 (51%), 18.94s] Loss: 0.001810 
2019-03-14 21:10:31,106 - ClusterTrainer - INFO -    > [274304/517313 (53%), 18.68s] Loss: 0.001803 
2019-03-14 21:10:34,163 - ClusterTrainer - INFO -    > [282368/517313 (55%), 18.18s] Loss: 0.001684 
2019-03-14 21:10:37,213 - ClusterTrainer - INFO -    > [290432/517313 (56%), 17.51s] Loss: 0.001753 
2019-03-14 21:10:40,243 - ClusterTrainer - INFO -    > [298496/517313 (58%), 17.20s] Loss: 0.001649 
2019-03-14 21:10:43,291 - ClusterTrainer - INFO -    > [306560/517313 (59%), 16.03s] Loss: 0.001755 
2019-03-14 21:10:46,335 - ClusterTrainer - INFO -    > [314624/517313 (61%), 15.77s] Loss: 0.001728 
2019-03-14 21:10:49,381 - ClusterTrainer - INFO -    > [322688/517313 (62%), 14.96s] Loss: 0.001817 
2019-03-14 21:10:52,429 - ClusterTrainer - INFO -    > [330752/517313 (64%), 14.61s] Loss: 0.001816 
2019-03-14 21:10:55,481 - ClusterTrainer - INFO -    > [338816/517313 (65%), 13.87s] Loss: 0.001788 
2019-03-14 21:10:58,530 - ClusterTrainer - INFO -    > [346880/517313 (67%), 13.08s] Loss: 0.001677 
2019-03-14 21:11:01,588 - ClusterTrainer - INFO -    > [354944/517313 (69%), 12.53s] Loss: 0.001664 
2019-03-14 21:11:05,104 - ClusterTrainer - INFO -    > [363008/517313 (70%), 12.22s] Loss: 0.001817 
2019-03-14 21:11:08,159 - ClusterTrainer - INFO -    > [371072/517313 (72%), 11.33s] Loss: 0.001737 
2019-03-14 21:11:11,214 - ClusterTrainer - INFO -    > [379136/517313 (73%), 10.65s] Loss: 0.001667 
2019-03-14 21:11:14,269 - ClusterTrainer - INFO -    > [387200/517313 (75%), 10.08s] Loss: 0.001672 
2019-03-14 21:11:17,319 - ClusterTrainer - INFO -    > [395264/517313 (76%), 9.44s] Loss: 0.001748 
2019-03-14 21:11:20,375 - ClusterTrainer - INFO -    > [403328/517313 (78%), 8.85s] Loss: 0.001707 
2019-03-14 21:11:23,426 - ClusterTrainer - INFO -    > [411392/517313 (79%), 8.21s] Loss: 0.001651 
2019-03-14 21:11:26,479 - ClusterTrainer - INFO -    > [419456/517313 (81%), 7.62s] Loss: 0.001636 
2019-03-14 21:11:29,532 - ClusterTrainer - INFO -    > [427520/517313 (83%), 6.99s] Loss: 0.001703 
2019-03-14 21:11:32,587 - ClusterTrainer - INFO -    > [435584/517313 (84%), 6.50s] Loss: 0.001612 
2019-03-14 21:11:35,631 - ClusterTrainer - INFO -    > [443648/517313 (86%), 5.76s] Loss: 0.001740 
2019-03-14 21:11:38,685 - ClusterTrainer - INFO -    > [451712/517313 (87%), 4.92s] Loss: 0.001632 
2019-03-14 21:11:41,715 - ClusterTrainer - INFO -    > [459776/517313 (89%), 4.44s] Loss: 0.001656 
2019-03-14 21:11:44,760 - ClusterTrainer - INFO -    > [467840/517313 (90%), 3.84s] Loss: 0.001623 
2019-03-14 21:11:47,805 - ClusterTrainer - INFO -    > [475904/517313 (92%), 3.21s] Loss: 0.001691 
2019-03-14 21:11:50,854 - ClusterTrainer - INFO -    > [483968/517313 (94%), 2.58s] Loss: 0.001584 
2019-03-14 21:11:53,903 - ClusterTrainer - INFO -    > [492032/517313 (95%), 1.98s] Loss: 0.001536 
2019-03-14 21:11:56,954 - ClusterTrainer - INFO -    > [500096/517313 (97%), 1.39s] Loss: 0.001634 
2019-03-14 21:12:00,006 - ClusterTrainer - INFO -    > [508160/517313 (98%), 0.73s] Loss: 0.001635 
2019-03-14 21:12:03,060 - ClusterTrainer - INFO -    > [516224/517313 (100%), 0.10s] Loss: 0.001628 
2019-03-14 21:12:03,483 - ClusterTrainer - INFO -    > Total loss: 0.002630
2019-03-14 21:12:03,485 - ClusterTrainer - INFO - Valid Epoch: 0
2019-03-14 21:12:03,529 - ClusterTrainer - INFO -    > [128/27436 (0%), 0.76s] Loss: 0.001868 
2019-03-14 21:12:06,174 - ClusterTrainer - INFO -    > [8192/27436 (29%), 0.53s] Loss: 0.001880 
2019-03-14 21:12:08,819 - ClusterTrainer - INFO -    > [16256/27436 (59%), 0.32s] Loss: 0.001474 
2019-03-14 21:12:11,462 - ClusterTrainer - INFO -    > [24320/27436 (88%), 0.09s] Loss: 0.001022 
2019-03-14 21:12:12,486 - ClusterTrainer - INFO -    > Total loss: 0.001399
2019-03-14 21:16:07,235 - ClusterTrainer - INFO - Saving checkpoint: logs/conv_ae_horoma/0314_172853/19/last_checkpoint.pth ...
2019-03-14 21:16:46,798 - ClusterTrainer - INFO - Saving best checkpoint: logs/conv_ae_horoma/0314_172853/19/best_checkpoint.pth ...
2019-03-14 21:17:38,589 - ClusterTrainer - INFO - Saving best checkpoint: logs/conv_ae_horoma/0314_172853/19/best_checkpoint_kmeans100-F1.pth ...
2019-03-14 21:18:21,899 - ClusterTrainer - INFO - Saving best checkpoint: logs/conv_ae_horoma/0314_172853/19/best_checkpoint_kmeans100-accuracy.pth ...
